[ 2015-07-18T09:27:40+08:00 ] 127.0.0.1 /badouwang/index.php/Space/Question
INFO: [ route_check ] --START--
INFO: Run CheckRoute Behavior [ RunTime:0.031250s ]
INFO: [ route_check ] --END-- [ RunTime:0.062500s ]
INFO: [ app_begin ] --START--
INFO: Run ReadHtmlCache Behavior [ RunTime:-0.078125s ]
INFO: [ app_begin ] --END-- [ RunTime:0.031250s ]
NOTIC: [8] Undefined index: city E:\wamp\wamp\www\badouwang\home\Lib\Action\CommonAction.class.php 第 27 行.
NOTIC: [8] Undefined offset: 3 E:\wamp\wamp\www\badouwang\home\Lib\Action\CommonAction.class.php 第 33 行.
SQL: SHOW COLUMNS FROM `bd_city` [ RunTime:0.156250s ]
SQL: select city.id,city.name,pro.name pname from bd_city city left join bd_province pro on city.provincei_d=pro.id where city.isopen=1 [ RunTime:0.000000s ]
NOTIC: [8] Undefined index: 北京 E:\wamp\wamp\www\badouwang\core\Extend\Library\Com\ArrayHelper.class.php 第 11 行.
NOTIC: [8] Undefined index: 上海 E:\wamp\wamp\www\badouwang\core\Extend\Library\Com\ArrayHelper.class.php 第 11 行.
NOTIC: [8] Undefined index: 广东 E:\wamp\wamp\www\badouwang\core\Extend\Library\Com\ArrayHelper.class.php 第 11 行.
SQL: SHOW COLUMNS FROM `bd_memberfields` [ RunTime:0.015625s ]
SQL: SELECT `address` FROM `bd_memberfields` WHERE uid='' LIMIT 1   [ RunTime:0.000000s ]
SQL: SHOW COLUMNS FROM `bd_city` [ RunTime:0.015625s ]
NOTIC: [8] Undefined offset: 1 E:\wamp\wamp\www\badouwang\home\Lib\Action\CommonAction.class.php 第 115 行.
SQL: SELECT `id`,`isopen` FROM `bd_city` WHERE name='' and isopen=1 LIMIT 1   [ RunTime:0.000000s ]
SQL: SELECT `id`,`isopen` FROM `bd_city` WHERE name='深圳市' and isopen=1 LIMIT 1   [ RunTime:0.015625s ]
SQL: SHOW COLUMNS FROM `bd_classfiy` [ RunTime:0.000000s ]
NOTIC: [2] Missing argument 4 for ClassfiyHelper::getClassesByName(), called in E:\wamp\wamp\www\badouwang\home\Lib\Action\Space\QuestionAction.class.php on line 11 and defined E:\wamp\wamp\www\badouwang\core\Extend\Library\Com\ClassfiyHelper.class.php 第 59 行.
SQL: SELECT `id`,`lrf`,`rft`,`lev` FROM `bd_classfiy` WHERE name='学问分类' LIMIT 1   [ RunTime:0.000000s ]
NOTIC: [8] Undefined variable: fields E:\wamp\wamp\www\badouwang\core\Extend\Library\Com\ClassfiyHelper.class.php 第 69 行.
SQL: select id,name,cimg,ctextbrand from bd_classfiy where lrf>'180' and rft<'189]' and lev-2=1 [ RunTime:0.015625s ]
SQL: SELECT q.id,q.content,a.content asw FROM bd_question q JOIN (SELECT * FROM bd_answer GROUP BY tid) a ON q.id=a.tid LIMIT 10 [ RunTime:0.000000s ]
SQL: SHOW COLUMNS FROM `bd_question` [ RunTime:0.015625s ]
SQL: SELECT * FROM `bd_question` WHERE aswnum=0 LIMIT 10   [ RunTime:0.015625s ]
INFO: [ view_template ] --START--
INFO: Run LocationTemplate Behavior [ RunTime:-1.875000s ]
INFO: [ view_template ] --END-- [ RunTime:0.234375s ]
INFO: [ view_parse ] --START--
NOTIC: [8] Undefined index: uname E:\wamp\wamp\www\badouwang\home\Runtime\Cache\Space\fe6de2b859a14f1606bd54d5e919df75.php 第 33 行.
NOTIC: [8] Undefined index: uname E:\wamp\wamp\www\badouwang\home\Runtime\Cache\Space\fe6de2b859a14f1606bd54d5e919df75.php 第 43 行.
INFO: Run ParseTemplate Behavior [ RunTime:-2.109375s ]
INFO: [ view_parse ] --END-- [ RunTime:0.187500s ]
INFO: [ view_filter ] --START--
INFO: Run ContentReplace Behavior [ RunTime:-2.296875s ]
INFO: Run TokenBuild Behavior [ RunTime:-2.296875s ]
INFO: Run WriteHtmlCache Behavior [ RunTime:-2.296875s ]
INFO: Run ShowRuntime Behavior [ RunTime:-2.296875s ]
INFO: [ view_filter ] --END-- [ RunTime:0.000000s ]
INFO: [ view_end ] --START--
INFO: Run ShowPageTrace Behavior [ RunTime:-2.296875s ]
INFO: [ view_end ] --END-- [ RunTime:0.000000s ]

[ 2015-07-18T10:45:16+08:00 ] 127.0.0.1 /badouwang/index.php
INFO: [ app_begin ] --START--
INFO: Run ReadHtmlCache Behavior [ RunTime:0.000000s ]
INFO: [ app_begin ] --END-- [ RunTime:0.000000s ]
NOTIC: [8] Undefined index: city E:\wamp\wamp\www\badouwang\home\Lib\Action\CommonAction.class.php 第 27 行.
NOTIC: [8] Use of undefined constant __INFO__ - assumed '__INFO__' E:\wamp\wamp\www\badouwang\home\Lib\Action\CommonAction.class.php 第 29 行.
NOTIC: [8] Undefined offset: 2 E:\wamp\wamp\www\badouwang\home\Lib\Action\CommonAction.class.php 第 30 行.
SQL: SHOW COLUMNS FROM `bd_city` [ RunTime:0.015625s ]
SQL: select city.id,city.name,pro.name pname from bd_city city left join bd_province pro on city.provincei_d=pro.id where city.isopen=1 [ RunTime:0.015625s ]
NOTIC: [8] Undefined index: 北京 E:\wamp\wamp\www\badouwang\core\Extend\Library\Com\ArrayHelper.class.php 第 11 行.
NOTIC: [8] Undefined index: 上海 E:\wamp\wamp\www\badouwang\core\Extend\Library\Com\ArrayHelper.class.php 第 11 行.
NOTIC: [8] Undefined index: 广东 E:\wamp\wamp\www\badouwang\core\Extend\Library\Com\ArrayHelper.class.php 第 11 行.
SQL: SHOW COLUMNS FROM `bd_memberfields` [ RunTime:0.062500s ]
SQL: SELECT `address` FROM `bd_memberfields` WHERE uid='' LIMIT 1   [ RunTime:0.000000s ]
SQL: SHOW COLUMNS FROM `bd_city` [ RunTime:0.015625s ]
NOTIC: [8] Undefined offset: 1 E:\wamp\wamp\www\badouwang\home\Lib\Action\CommonAction.class.php 第 115 行.
SQL: SELECT `id`,`isopen` FROM `bd_city` WHERE name='' and isopen=1 LIMIT 1   [ RunTime:0.015625s ]
SQL: SELECT `id`,`isopen` FROM `bd_city` WHERE name='深圳市' and isopen=1 LIMIT 1   [ RunTime:0.015625s ]
SQL: SELECT a.uid,a.real_name,a.id_front,m.visitednumber,c.name cname,d.name dname FROM bd_authentication a JOIN bd_memberfields m ON a.uid=m.uid JOIN bd_classfiy c ON a.cid=c.id JOIN bd_classfiy d ON a.grade=d.id WHERE a.type=1 ORDER BY m.visitednumber DESC LIMIT 4 [ RunTime:0.015625s ]
SQL: SHOW COLUMNS FROM `bd_user` [ RunTime:0.015625s ]
SQL: SELECT COUNT(*) AS tp_count FROM `bd_user` LIMIT 1   [ RunTime:0.015625s ]
SQL: SHOW COLUMNS FROM `bd_organ_spred` [ RunTime:0.015625s ]
SQL: select spred.id,spred.price,spred.d_price,course.cname aname,course.timg,spred.number from bd_organ_spred spred left join  bd_proxyermanage course on spred.cid=course.id where d_price>0 and d_price<spred.price and spred.type=2 limit 0,5 [ RunTime:0.000000s ]
SQL: SELECT q.id,q.content,q.lnumber FROM bd_question q  order by q.lnumber desc LIMIT 10  [ RunTime:0.000000s ]
SQL: SHOW COLUMNS FROM `bd_classfiy` [ RunTime:0.015625s ]
SQL: SELECT `id` FROM `bd_classfiy` WHERE name='焦点新闻' LIMIT 1   [ RunTime:0.015625s ]
SQL: SHOW COLUMNS FROM `bd_article` [ RunTime:0.015625s ]
SQL: SELECT * FROM `bd_article` WHERE gid=165 LIMIT 11   [ RunTime:0.015625s ]
SQL: SHOW COLUMNS FROM `bd_authentication` [ RunTime:0.015625s ]
SQL: SELECT `uid`,`real_name`,`lincence`,`address` FROM `bd_authentication` WHERE type=3 LIMIT 3   [ RunTime:0.015625s ]
SQL: SELECT COUNT(*) AS tp_count FROM `bd_authentication` WHERE uid=30 and type=4 LIMIT 1   [ RunTime:0.000000s ]
SQL: SHOW COLUMNS FROM `bd_jjbm` [ RunTime:0.015625s ]
SQL: SELECT COUNT(*) AS tp_count FROM `bd_jjbm` WHERE tuid=30 LIMIT 1   [ RunTime:0.000000s ]
SQL: SELECT COUNT(*) AS tp_count FROM `bd_authentication` WHERE uid=34 and type=4 LIMIT 1   [ RunTime:0.015625s ]
SQL: SELECT COUNT(*) AS tp_count FROM `bd_jjbm` WHERE tuid=34 LIMIT 1   [ RunTime:0.000000s ]
SQL: SELECT COUNT(*) AS tp_count FROM `bd_authentication` WHERE uid=39 and type=4 LIMIT 1   [ RunTime:0.015625s ]
SQL: SELECT COUNT(*) AS tp_count FROM `bd_jjbm` WHERE tuid=39 LIMIT 1   [ RunTime:0.000000s ]
SQL: SELECT * FROM `bd_memberfields` LIMIT 5   [ RunTime:0.000000s ]
NOTIC: [2] Missing argument 4 for ClassfiyHelper::getClassesByName(), called in E:\wamp\wamp\www\badouwang\home\Lib\Action\Index\IndexAction.class.php on line 45 and defined E:\wamp\wamp\www\badouwang\core\Extend\Library\Com\ClassfiyHelper.class.php 第 59 行.
SQL: SELECT `id`,`lrf`,`rft`,`lev` FROM `bd_classfiy` WHERE name='在线考试' LIMIT 1   [ RunTime:0.015625s ]
NOTIC: [8] Undefined variable: fields E:\wamp\wamp\www\badouwang\core\Extend\Library\Com\ClassfiyHelper.class.php 第 69 行.
SQL: select id,name,cimg,ctextbrand from bd_classfiy where lrf>'104' and rft<'153]' and lev-2=1 [ RunTime:0.000000s ]
SQL: SELECT `lrf`,`rft` FROM `bd_classfiy` WHERE id=71 LIMIT 1   [ RunTime:0.000000s ]
SQL: SELECT `id` FROM `bd_classfiy` WHERE lrf>105 and rft<112  [ RunTime:0.000000s ]
SQL: SHOW COLUMNS FROM `bd_ex_paper` [ RunTime:0.031250s ]
SQL: SELECT * FROM `bd_ex_paper` WHERE sid in (72,73,74) LIMIT 10   [ RunTime:0.015625s ]
INFO: [ view_template ] --START--
INFO: Run LocationTemplate Behavior [ RunTime:-1.046875s ]
INFO: [ view_template ] --END-- [ RunTime:0.000000s ]
INFO: [ view_parse ] --START--
NOTIC: [8] Undefined index: uname E:\wamp\wamp\www\badouwang\home\Runtime\Cache\Index\b0cfccd32a8aecbbf5895237c16bc75a.php 第 33 行.
NOTIC: [8] Undefined index: uname E:\wamp\wamp\www\badouwang\home\Runtime\Cache\Index\b0cfccd32a8aecbbf5895237c16bc75a.php 第 43 行.
INFO: Run ParseTemplate Behavior [ RunTime:-1.046875s ]
INFO: [ view_parse ] --END-- [ RunTime:0.093750s ]
INFO: [ view_filter ] --START--
INFO: Run ContentReplace Behavior [ RunTime:-1.140625s ]
INFO: Run TokenBuild Behavior [ RunTime:-1.140625s ]
INFO: Run WriteHtmlCache Behavior [ RunTime:-1.140625s ]
INFO: Run ShowRuntime Behavior [ RunTime:-1.140625s ]
INFO: [ view_filter ] --END-- [ RunTime:0.000000s ]
INFO: [ view_end ] --START--
INFO: Run ShowPageTrace Behavior [ RunTime:-1.140625s ]
INFO: [ view_end ] --END-- [ RunTime:0.000000s ]

[ 2015-07-18T10:45:18+08:00 ] 127.0.0.1 /badouwang/
INFO: [ app_begin ] --START--
INFO: Run ReadHtmlCache Behavior [ RunTime:0.000000s ]
INFO: [ app_begin ] --END-- [ RunTime:0.000000s ]
NOTIC: [8] Undefined index: city E:\wamp\wamp\www\badouwang\home\Lib\Action\CommonAction.class.php 第 27 行.
NOTIC: [8] Use of undefined constant __INFO__ - assumed '__INFO__' E:\wamp\wamp\www\badouwang\home\Lib\Action\CommonAction.class.php 第 29 行.
NOTIC: [8] Undefined offset: 2 E:\wamp\wamp\www\badouwang\home\Lib\Action\CommonAction.class.php 第 30 行.
SQL: SHOW COLUMNS FROM `bd_city` [ RunTime:0.015625s ]
SQL: select city.id,city.name,pro.name pname from bd_city city left join bd_province pro on city.provincei_d=pro.id where city.isopen=1 [ RunTime:0.015625s ]
NOTIC: [8] Undefined index: 北京 E:\wamp\wamp\www\badouwang\core\Extend\Library\Com\ArrayHelper.class.php 第 11 行.
NOTIC: [8] Undefined index: 上海 E:\wamp\wamp\www\badouwang\core\Extend\Library\Com\ArrayHelper.class.php 第 11 行.
NOTIC: [8] Undefined index: 广东 E:\wamp\wamp\www\badouwang\core\Extend\Library\Com\ArrayHelper.class.php 第 11 行.
SQL: SELECT a.uid,a.real_name,a.id_front,m.visitednumber,c.name cname,d.name dname FROM bd_authentication a JOIN bd_memberfields m ON a.uid=m.uid JOIN bd_classfiy c ON a.cid=c.id JOIN bd_classfiy d ON a.grade=d.id WHERE a.type=1 ORDER BY m.visitednumber DESC LIMIT 4 [ RunTime:0.000000s ]
SQL: SHOW COLUMNS FROM `bd_user` [ RunTime:0.281250s ]
SQL: SELECT COUNT(*) AS tp_count FROM `bd_user` LIMIT 1   [ RunTime:0.093750s ]
SQL: SHOW COLUMNS FROM `bd_organ_spred` [ RunTime:0.015625s ]
SQL: select spred.id,spred.price,spred.d_price,course.cname aname,course.timg,spred.number from bd_organ_spred spred left join  bd_proxyermanage course on spred.cid=course.id where d_price>0 and d_price<spred.price and spred.type=2 limit 0,5 [ RunTime:0.015625s ]
SQL: SELECT q.id,q.content,q.lnumber FROM bd_question q  order by q.lnumber desc LIMIT 10  [ RunTime:0.015625s ]
SQL: SHOW COLUMNS FROM `bd_classfiy` [ RunTime:0.015625s ]
SQL: SELECT `id` FROM `bd_classfiy` WHERE name='焦点新闻' LIMIT 1   [ RunTime:0.031250s ]
SQL: SHOW COLUMNS FROM `bd_article` [ RunTime:0.031250s ]
SQL: SELECT * FROM `bd_article` WHERE gid=165 LIMIT 11   [ RunTime:0.015625s ]
SQL: SHOW COLUMNS FROM `bd_authentication` [ RunTime:0.015625s ]
SQL: SELECT `uid`,`real_name`,`lincence`,`address` FROM `bd_authentication` WHERE type=3 LIMIT 3   [ RunTime:0.000000s ]
SQL: SELECT COUNT(*) AS tp_count FROM `bd_authentication` WHERE uid=30 and type=4 LIMIT 1   [ RunTime:0.015625s ]
SQL: SHOW COLUMNS FROM `bd_jjbm` [ RunTime:0.031250s ]
SQL: SELECT COUNT(*) AS tp_count FROM `bd_jjbm` WHERE tuid=30 LIMIT 1   [ RunTime:0.015625s ]
SQL: SELECT COUNT(*) AS tp_count FROM `bd_authentication` WHERE uid=34 and type=4 LIMIT 1   [ RunTime:0.015625s ]
SQL: SELECT COUNT(*) AS tp_count FROM `bd_jjbm` WHERE tuid=34 LIMIT 1   [ RunTime:0.000000s ]
SQL: SELECT COUNT(*) AS tp_count FROM `bd_authentication` WHERE uid=39 and type=4 LIMIT 1   [ RunTime:0.000000s ]
SQL: SELECT COUNT(*) AS tp_count FROM `bd_jjbm` WHERE tuid=39 LIMIT 1   [ RunTime:0.015625s ]
SQL: SHOW COLUMNS FROM `bd_memberfields` [ RunTime:0.000000s ]
SQL: SELECT * FROM `bd_memberfields` LIMIT 5   [ RunTime:0.046875s ]
NOTIC: [2] Missing argument 4 for ClassfiyHelper::getClassesByName(), called in E:\wamp\wamp\www\badouwang\home\Lib\Action\Index\IndexAction.class.php on line 45 and defined E:\wamp\wamp\www\badouwang\core\Extend\Library\Com\ClassfiyHelper.class.php 第 59 行.
SQL: SELECT `id`,`lrf`,`rft`,`lev` FROM `bd_classfiy` WHERE name='在线考试' LIMIT 1   [ RunTime:0.000000s ]
NOTIC: [8] Undefined variable: fields E:\wamp\wamp\www\badouwang\core\Extend\Library\Com\ClassfiyHelper.class.php 第 69 行.
SQL: select id,name,cimg,ctextbrand from bd_classfiy where lrf>'104' and rft<'153]' and lev-2=1 [ RunTime:0.000000s ]
SQL: SELECT `lrf`,`rft` FROM `bd_classfiy` WHERE id=71 LIMIT 1   [ RunTime:0.015625s ]
SQL: SELECT `id` FROM `bd_classfiy` WHERE lrf>105 and rft<112  [ RunTime:0.015625s ]
SQL: SHOW COLUMNS FROM `bd_ex_paper` [ RunTime:0.015625s ]
SQL: SELECT * FROM `bd_ex_paper` WHERE sid in (72,73,74) LIMIT 10   [ RunTime:0.000000s ]
INFO: [ view_template ] --START--
INFO: Run LocationTemplate Behavior [ RunTime:-0.953125s ]
INFO: [ view_template ] --END-- [ RunTime:0.000000s ]
INFO: [ view_parse ] --START--
NOTIC: [8] Undefined variable: cityid E:\wamp\wamp\www\badouwang\home\Runtime\Cache\Index\b0cfccd32a8aecbbf5895237c16bc75a.php 第 19 行.
NOTIC: [8] Undefined variable: cityid E:\wamp\wamp\www\badouwang\home\Runtime\Cache\Index\b0cfccd32a8aecbbf5895237c16bc75a.php 第 19 行.
NOTIC: [8] Undefined variable: cityid E:\wamp\wamp\www\badouwang\home\Runtime\Cache\Index\b0cfccd32a8aecbbf5895237c16bc75a.php 第 19 行.
NOTIC: [8] Undefined variable: cityid E:\wamp\wamp\www\badouwang\home\Runtime\Cache\Index\b0cfccd32a8aecbbf5895237c16bc75a.php 第 19 行.
NOTIC: [8] Undefined index: uname E:\wamp\wamp\www\badouwang\home\Runtime\Cache\Index\b0cfccd32a8aecbbf5895237c16bc75a.php 第 33 行.
NOTIC: [8] Undefined index: uname E:\wamp\wamp\www\badouwang\home\Runtime\Cache\Index\b0cfccd32a8aecbbf5895237c16bc75a.php 第 43 行.
INFO: Run ParseTemplate Behavior [ RunTime:-0.953125s ]
INFO: [ view_parse ] --END-- [ RunTime:0.078125s ]
INFO: [ view_filter ] --START--
INFO: Run ContentReplace Behavior [ RunTime:-1.031250s ]
INFO: Run TokenBuild Behavior [ RunTime:-1.031250s ]
INFO: Run WriteHtmlCache Behavior [ RunTime:-1.031250s ]
INFO: Run ShowRuntime Behavior [ RunTime:-1.031250s ]
INFO: [ view_filter ] --END-- [ RunTime:0.000000s ]
INFO: [ view_end ] --START--
INFO: Run ShowPageTrace Behavior [ RunTime:-1.031250s ]
INFO: [ view_end ] --END-- [ RunTime:0.000000s ]

[ 2015-07-18T10:45:19+08:00 ] 127.0.0.1 /badouwang/index.php/User/User/login
INFO: [ route_check ] --START--
INFO: Run CheckRoute Behavior [ RunTime:0.000000s ]
INFO: [ route_check ] --END-- [ RunTime:0.000000s ]
INFO: [ app_begin ] --START--
INFO: Run ReadHtmlCache Behavior [ RunTime:0.000000s ]
INFO: [ app_begin ] --END-- [ RunTime:0.000000s ]
SQL: SHOW COLUMNS FROM `bd_user` [ RunTime:0.015625s ]
NOTIC: [8] Undefined index: city E:\wamp\wamp\www\badouwang\home\Lib\Action\CommonAction.class.php 第 27 行.
SQL: SHOW COLUMNS FROM `bd_city` [ RunTime:0.015625s ]
SQL: select city.id,city.name,pro.name pname from bd_city city left join bd_province pro on city.provincei_d=pro.id where city.isopen=1 [ RunTime:0.000000s ]
NOTIC: [8] Undefined index: 北京 E:\wamp\wamp\www\badouwang\core\Extend\Library\Com\ArrayHelper.class.php 第 11 行.
NOTIC: [8] Undefined index: 上海 E:\wamp\wamp\www\badouwang\core\Extend\Library\Com\ArrayHelper.class.php 第 11 行.
NOTIC: [8] Undefined index: 广东 E:\wamp\wamp\www\badouwang\core\Extend\Library\Com\ArrayHelper.class.php 第 11 行.
INFO: [ view_template ] --START--
INFO: Run LocationTemplate Behavior [ RunTime:-0.578125s ]
INFO: [ view_template ] --END-- [ RunTime:0.000000s ]
INFO: [ view_parse ] --START--
INFO: Run ParseTemplate Behavior [ RunTime:-0.578125s ]
INFO: [ view_parse ] --END-- [ RunTime:0.312500s ]
INFO: [ view_filter ] --START--
INFO: Run ContentReplace Behavior [ RunTime:-0.890625s ]
INFO: Run TokenBuild Behavior [ RunTime:-0.890625s ]
INFO: Run WriteHtmlCache Behavior [ RunTime:-0.890625s ]
INFO: Run ShowRuntime Behavior [ RunTime:-0.890625s ]
INFO: [ view_filter ] --END-- [ RunTime:0.000000s ]
INFO: [ view_end ] --START--
INFO: Run ShowPageTrace Behavior [ RunTime:-0.906250s ]
INFO: [ view_end ] --END-- [ RunTime:0.000000s ]

[ 2015-07-18T10:45:25+08:00 ] 127.0.0.1 /badouwang/index.php/Ajax/AjaxUser/vpass
INFO: [ route_check ] --START--
INFO: Run CheckRoute Behavior [ RunTime:0.000000s ]
INFO: [ route_check ] --END-- [ RunTime:0.000000s ]
INFO: [ app_begin ] --START--
INFO: Run ReadHtmlCache Behavior [ RunTime:0.000000s ]
INFO: [ app_begin ] --END-- [ RunTime:0.000000s ]
NOTIC: [8] Undefined index: city E:\wamp\wamp\www\badouwang\home\Lib\Action\CommonAction.class.php 第 27 行.
SQL: SHOW COLUMNS FROM `bd_city` [ RunTime:0.015625s ]
SQL: select city.id,city.name,pro.name pname from bd_city city left join bd_province pro on city.provincei_d=pro.id where city.isopen=1 [ RunTime:0.015625s ]
NOTIC: [8] Undefined index: 北京 E:\wamp\wamp\www\badouwang\core\Extend\Library\Com\ArrayHelper.class.php 第 11 行.
NOTIC: [8] Undefined index: 上海 E:\wamp\wamp\www\badouwang\core\Extend\Library\Com\ArrayHelper.class.php 第 11 行.
NOTIC: [8] Undefined index: 广东 E:\wamp\wamp\www\badouwang\core\Extend\Library\Com\ArrayHelper.class.php 第 11 行.
SQL: SHOW COLUMNS FROM `bd_user` [ RunTime:0.031250s ]
NOTIC: [2] md5() expects parameter 1 to be string, array given E:\wamp\wamp\www\badouwang\core\Extend\Library\Com\PasswordHelper.class.php 第 66 行.
NOTIC: [8] Undefined variable: char E:\wamp\wamp\www\badouwang\core\Extend\Library\Com\PasswordHelper.class.php 第 77 行.
NOTIC: [8] Undefined variable: str E:\wamp\wamp\www\badouwang\core\Extend\Library\Com\PasswordHelper.class.php 第 88 行.
SQL: SELECT * FROM `bd_user` WHERE uname='qiyunfanbo@126.com' LIMIT 1   [ RunTime:0.000000s ]
SQL: UPDATE `bd_user` SET `err_login`=0 WHERE uname='qiyunfanbo@126.com' [ RunTime:0.031250s ]
SQL: SELECT * FROM `bd_user` WHERE uname='qiyunfanbo@126.com' and password='13d986e951294e328b607007337f17e6' LIMIT 1   [ RunTime:0.000000s ]

[ 2015-07-18T10:45:26+08:00 ] 127.0.0.1 /badouwang/index.php/User/User/doLogin
INFO: [ route_check ] --START--
INFO: Run CheckRoute Behavior [ RunTime:0.000000s ]
INFO: [ route_check ] --END-- [ RunTime:0.000000s ]
INFO: [ app_begin ] --START--
INFO: Run ReadHtmlCache Behavior [ RunTime:0.000000s ]
INFO: [ app_begin ] --END-- [ RunTime:0.000000s ]
SQL: SHOW COLUMNS FROM `bd_user` [ RunTime:0.015625s ]
NOTIC: [8] Undefined index: city E:\wamp\wamp\www\badouwang\home\Lib\Action\CommonAction.class.php 第 27 行.
SQL: SHOW COLUMNS FROM `bd_city` [ RunTime:0.031250s ]
SQL: select city.id,city.name,pro.name pname from bd_city city left join bd_province pro on city.provincei_d=pro.id where city.isopen=1 [ RunTime:0.000000s ]
NOTIC: [8] Undefined index: 北京 E:\wamp\wamp\www\badouwang\core\Extend\Library\Com\ArrayHelper.class.php 第 11 行.
NOTIC: [8] Undefined index: 上海 E:\wamp\wamp\www\badouwang\core\Extend\Library\Com\ArrayHelper.class.php 第 11 行.
NOTIC: [8] Undefined index: 广东 E:\wamp\wamp\www\badouwang\core\Extend\Library\Com\ArrayHelper.class.php 第 11 行.
NOTIC: [2] md5() expects parameter 1 to be string, array given E:\wamp\wamp\www\badouwang\core\Extend\Library\Com\PasswordHelper.class.php 第 66 行.
NOTIC: [8] Undefined variable: char E:\wamp\wamp\www\badouwang\core\Extend\Library\Com\PasswordHelper.class.php 第 77 行.
NOTIC: [8] Undefined variable: str E:\wamp\wamp\www\badouwang\core\Extend\Library\Com\PasswordHelper.class.php 第 88 行.
SQL: SHOW COLUMNS FROM `bd_user` [ RunTime:0.015625s ]
SQL: SELECT * FROM `bd_user` WHERE uname='qiyunfanbo@126.com' and password='13d986e951294e328b607007337f17e6' LIMIT 1   [ RunTime:0.015625s ]
SQL: SHOW COLUMNS FROM `bd_memberfields` [ RunTime:0.015625s ]
SQL: SELECT `rname` FROM `bd_memberfields` WHERE uid='11' LIMIT 1   [ RunTime:0.000000s ]
SQL: SHOW COLUMNS FROM `bd_config` [ RunTime:0.015625s ]
SQL: SELECT `c_value`,`c_info` FROM `bd_config` WHERE c_name='经验' and c_key='login' LIMIT 1   [ RunTime:0.015625s ]
SQL: UPDATE `bd_user` SET `err_time`=1437187526 WHERE uid=11 [ RunTime:0.000000s ]
INFO: [ view_template ] --START--
INFO: Run LocationTemplate Behavior [ RunTime:-0.296875s ]
INFO: [ view_template ] --END-- [ RunTime:0.000000s ]
INFO: [ view_parse ] --START--
INFO: Run ParseTemplate Behavior [ RunTime:-0.296875s ]
INFO: [ view_parse ] --END-- [ RunTime:0.031250s ]
INFO: [ view_filter ] --START--
INFO: Run ContentReplace Behavior [ RunTime:-0.328125s ]
INFO: Run TokenBuild Behavior [ RunTime:-0.328125s ]
INFO: Run WriteHtmlCache Behavior [ RunTime:-0.328125s ]
INFO: Run ShowRuntime Behavior [ RunTime:-0.328125s ]
INFO: [ view_filter ] --END-- [ RunTime:0.000000s ]
INFO: [ view_end ] --START--
INFO: Run ShowPageTrace Behavior [ RunTime:-0.328125s ]
INFO: [ view_end ] --END-- [ RunTime:0.015625s ]

[ 2015-07-18T10:45:27+08:00 ] 127.0.0.1 /badouwang/index.php
INFO: [ app_begin ] --START--
INFO: Run ReadHtmlCache Behavior [ RunTime:0.000000s ]
INFO: [ app_begin ] --END-- [ RunTime:0.000000s ]
NOTIC: [8] Undefined index: city E:\wamp\wamp\www\badouwang\home\Lib\Action\CommonAction.class.php 第 27 行.
NOTIC: [8] Use of undefined constant __INFO__ - assumed '__INFO__' E:\wamp\wamp\www\badouwang\home\Lib\Action\CommonAction.class.php 第 29 行.
NOTIC: [8] Undefined offset: 2 E:\wamp\wamp\www\badouwang\home\Lib\Action\CommonAction.class.php 第 30 行.
SQL: SHOW COLUMNS FROM `bd_city` [ RunTime:0.015625s ]
SQL: select city.id,city.name,pro.name pname from bd_city city left join bd_province pro on city.provincei_d=pro.id where city.isopen=1 [ RunTime:0.000000s ]
NOTIC: [8] Undefined index: 北京 E:\wamp\wamp\www\badouwang\core\Extend\Library\Com\ArrayHelper.class.php 第 11 行.
NOTIC: [8] Undefined index: 上海 E:\wamp\wamp\www\badouwang\core\Extend\Library\Com\ArrayHelper.class.php 第 11 行.
NOTIC: [8] Undefined index: 广东 E:\wamp\wamp\www\badouwang\core\Extend\Library\Com\ArrayHelper.class.php 第 11 行.
SQL: SHOW COLUMNS FROM `bd_user` [ RunTime:0.015625s ]
SQL: SELECT `type` FROM `bd_user` WHERE uid='11' LIMIT 1   [ RunTime:0.015625s ]
SQL: SHOW COLUMNS FROM `bd_message` [ RunTime:0.000000s ]
SQL: SELECT COUNT(*) AS tp_count FROM `bd_message` WHERE to_uid=11 and is_read=0 and type=1 LIMIT 1   [ RunTime:0.000000s ]
SQL: SELECT COUNT(*) AS tp_count FROM `bd_message` WHERE to_uid=11 and is_read=0 and type=3 LIMIT 1   [ RunTime:0.000000s ]
SQL: SELECT COUNT(*) AS tp_count FROM `bd_message` WHERE to_uid=11 and is_read=0 and type=2 LIMIT 1   [ RunTime:0.015625s ]
SQL: SELECT COUNT(*) AS tp_count FROM `bd_message` WHERE to_uid=11 and is_read=0 and type=4 LIMIT 1   [ RunTime:0.015625s ]
NOTIC: [8] Undefined variable: sCount E:\wamp\wamp\www\badouwang\home\Lib\Action\CommonAction.class.php 第 103 行.
SQL: SELECT a.uid,a.real_name,a.id_front,m.visitednumber,c.name cname,d.name dname FROM bd_authentication a JOIN bd_memberfields m ON a.uid=m.uid JOIN bd_classfiy c ON a.cid=c.id JOIN bd_classfiy d ON a.grade=d.id WHERE a.type=1 ORDER BY m.visitednumber DESC LIMIT 4 [ RunTime:0.000000s ]
SQL: SELECT COUNT(*) AS tp_count FROM `bd_user` LIMIT 1   [ RunTime:0.000000s ]
SQL: SHOW COLUMNS FROM `bd_organ_spred` [ RunTime:0.015625s ]
SQL: select spred.id,spred.price,spred.d_price,course.cname aname,course.timg,spred.number from bd_organ_spred spred left join  bd_proxyermanage course on spred.cid=course.id where d_price>0 and d_price<spred.price and spred.type=2 limit 0,5 [ RunTime:0.015625s ]
SQL: SELECT q.id,q.content,q.lnumber FROM bd_question q  order by q.lnumber desc LIMIT 10  [ RunTime:0.000000s ]
SQL: SHOW COLUMNS FROM `bd_classfiy` [ RunTime:0.015625s ]
SQL: SELECT `id` FROM `bd_classfiy` WHERE name='焦点新闻' LIMIT 1   [ RunTime:0.000000s ]
SQL: SHOW COLUMNS FROM `bd_article` [ RunTime:0.015625s ]
SQL: SELECT * FROM `bd_article` WHERE gid=165 LIMIT 11   [ RunTime:0.031250s ]
SQL: SHOW COLUMNS FROM `bd_authentication` [ RunTime:0.015625s ]
SQL: SELECT `uid`,`real_name`,`lincence`,`address` FROM `bd_authentication` WHERE type=3 LIMIT 3   [ RunTime:0.000000s ]
SQL: SELECT COUNT(*) AS tp_count FROM `bd_authentication` WHERE uid=30 and type=4 LIMIT 1   [ RunTime:0.000000s ]
SQL: SHOW COLUMNS FROM `bd_jjbm` [ RunTime:0.015625s ]
SQL: SELECT COUNT(*) AS tp_count FROM `bd_jjbm` WHERE tuid=30 LIMIT 1   [ RunTime:0.015625s ]
SQL: SELECT COUNT(*) AS tp_count FROM `bd_authentication` WHERE uid=34 and type=4 LIMIT 1   [ RunTime:0.000000s ]
SQL: SELECT COUNT(*) AS tp_count FROM `bd_jjbm` WHERE tuid=34 LIMIT 1   [ RunTime:0.000000s ]
SQL: SELECT COUNT(*) AS tp_count FROM `bd_authentication` WHERE uid=39 and type=4 LIMIT 1   [ RunTime:0.015625s ]
SQL: SELECT COUNT(*) AS tp_count FROM `bd_jjbm` WHERE tuid=39 LIMIT 1   [ RunTime:0.000000s ]
SQL: SHOW COLUMNS FROM `bd_memberfields` [ RunTime:0.015625s ]
SQL: SELECT * FROM `bd_memberfields` LIMIT 5   [ RunTime:0.000000s ]
NOTIC: [2] Missing argument 4 for ClassfiyHelper::getClassesByName(), called in E:\wamp\wamp\www\badouwang\home\Lib\Action\Index\IndexAction.class.php on line 45 and defined E:\wamp\wamp\www\badouwang\core\Extend\Library\Com\ClassfiyHelper.class.php 第 59 行.
SQL: SELECT `id`,`lrf`,`rft`,`lev` FROM `bd_classfiy` WHERE name='在线考试' LIMIT 1   [ RunTime:0.000000s ]
NOTIC: [8] Undefined variable: fields E:\wamp\wamp\www\badouwang\core\Extend\Library\Com\ClassfiyHelper.class.php 第 69 行.
SQL: select id,name,cimg,ctextbrand from bd_classfiy where lrf>'104' and rft<'153]' and lev-2=1 [ RunTime:0.015625s ]
SQL: SELECT `lrf`,`rft` FROM `bd_classfiy` WHERE id=71 LIMIT 1   [ RunTime:0.000000s ]
SQL: SELECT `id` FROM `bd_classfiy` WHERE lrf>105 and rft<112  [ RunTime:0.015625s ]
SQL: SHOW COLUMNS FROM `bd_ex_paper` [ RunTime:0.000000s ]
SQL: SELECT * FROM `bd_ex_paper` WHERE sid in (72,73,74) LIMIT 10   [ RunTime:0.015625s ]
INFO: [ view_template ] --START--
INFO: Run LocationTemplate Behavior [ RunTime:-0.437500s ]
INFO: [ view_template ] --END-- [ RunTime:0.000000s ]
INFO: [ view_parse ] --START--
NOTIC: [8] Undefined variable: cityid E:\wamp\wamp\www\badouwang\home\Runtime\Cache\Index\b0cfccd32a8aecbbf5895237c16bc75a.php 第 19 行.
NOTIC: [8] Undefined variable: cityid E:\wamp\wamp\www\badouwang\home\Runtime\Cache\Index\b0cfccd32a8aecbbf5895237c16bc75a.php 第 19 行.
NOTIC: [8] Undefined variable: cityid E:\wamp\wamp\www\badouwang\home\Runtime\Cache\Index\b0cfccd32a8aecbbf5895237c16bc75a.php 第 19 行.
NOTIC: [8] Undefined variable: cityid E:\wamp\wamp\www\badouwang\home\Runtime\Cache\Index\b0cfccd32a8aecbbf5895237c16bc75a.php 第 19 行.
NOTIC: [8] Undefined variable: dCount E:\wamp\wamp\www\badouwang\home\Runtime\Cache\Index\b0cfccd32a8aecbbf5895237c16bc75a.php 第 46 行.
INFO: Run ParseTemplate Behavior [ RunTime:-0.437500s ]
INFO: [ view_parse ] --END-- [ RunTime:0.046875s ]
INFO: [ view_filter ] --START--
INFO: Run ContentReplace Behavior [ RunTime:-0.484375s ]
INFO: Run TokenBuild Behavior [ RunTime:-0.484375s ]
INFO: Run WriteHtmlCache Behavior [ RunTime:-0.484375s ]
INFO: Run ShowRuntime Behavior [ RunTime:-0.484375s ]
INFO: [ view_filter ] --END-- [ RunTime:0.000000s ]
INFO: [ view_end ] --START--
INFO: Run ShowPageTrace Behavior [ RunTime:-0.484375s ]
INFO: [ view_end ] --END-- [ RunTime:0.000000s ]

[ 2015-07-18T10:45:28+08:00 ] 127.0.0.1 /badouwang/
INFO: [ app_begin ] --START--
INFO: Run ReadHtmlCache Behavior [ RunTime:0.000000s ]
INFO: [ app_begin ] --END-- [ RunTime:0.000000s ]
NOTIC: [8] Undefined index: city E:\wamp\wamp\www\badouwang\home\Lib\Action\CommonAction.class.php 第 27 行.
NOTIC: [8] Use of undefined constant __INFO__ - assumed '__INFO__' E:\wamp\wamp\www\badouwang\home\Lib\Action\CommonAction.class.php 第 29 行.
NOTIC: [8] Undefined offset: 2 E:\wamp\wamp\www\badouwang\home\Lib\Action\CommonAction.class.php 第 30 行.
SQL: SHOW COLUMNS FROM `bd_city` [ RunTime:0.015625s ]
SQL: select city.id,city.name,pro.name pname from bd_city city left join bd_province pro on city.provincei_d=pro.id where city.isopen=1 [ RunTime:0.015625s ]
NOTIC: [8] Undefined index: 北京 E:\wamp\wamp\www\badouwang\core\Extend\Library\Com\ArrayHelper.class.php 第 11 行.
NOTIC: [8] Undefined index: 上海 E:\wamp\wamp\www\badouwang\core\Extend\Library\Com\ArrayHelper.class.php 第 11 行.
NOTIC: [8] Undefined index: 广东 E:\wamp\wamp\www\badouwang\core\Extend\Library\Com\ArrayHelper.class.php 第 11 行.
SQL: SHOW COLUMNS FROM `bd_user` [ RunTime:0.015625s ]
SQL: SELECT `type` FROM `bd_user` WHERE uid='11' LIMIT 1   [ RunTime:0.000000s ]
SQL: SHOW COLUMNS FROM `bd_message` [ RunTime:0.031250s ]
SQL: SELECT COUNT(*) AS tp_count FROM `bd_message` WHERE to_uid=11 and is_read=0 and type=1 LIMIT 1   [ RunTime:0.000000s ]
SQL: SELECT COUNT(*) AS tp_count FROM `bd_message` WHERE to_uid=11 and is_read=0 and type=3 LIMIT 1   [ RunTime:0.015625s ]
SQL: SELECT COUNT(*) AS tp_count FROM `bd_message` WHERE to_uid=11 and is_read=0 and type=2 LIMIT 1   [ RunTime:0.000000s ]
SQL: SELECT COUNT(*) AS tp_count FROM `bd_message` WHERE to_uid=11 and is_read=0 and type=4 LIMIT 1   [ RunTime:0.000000s ]
NOTIC: [8] Undefined variable: sCount E:\wamp\wamp\www\badouwang\home\Lib\Action\CommonAction.class.php 第 103 行.
SQL: SELECT a.uid,a.real_name,a.id_front,m.visitednumber,c.name cname,d.name dname FROM bd_authentication a JOIN bd_memberfields m ON a.uid=m.uid JOIN bd_classfiy c ON a.cid=c.id JOIN bd_classfiy d ON a.grade=d.id WHERE a.type=1 ORDER BY m.visitednumber DESC LIMIT 4 [ RunTime:0.015625s ]
SQL: SELECT COUNT(*) AS tp_count FROM `bd_user` LIMIT 1   [ RunTime:0.000000s ]
SQL: SHOW COLUMNS FROM `bd_organ_spred` [ RunTime:0.015625s ]
SQL: select spred.id,spred.price,spred.d_price,course.cname aname,course.timg,spred.number from bd_organ_spred spred left join  bd_proxyermanage course on spred.cid=course.id where d_price>0 and d_price<spred.price and spred.type=2 limit 0,5 [ RunTime:0.000000s ]
SQL: SELECT q.id,q.content,q.lnumber FROM bd_question q  order by q.lnumber desc LIMIT 10  [ RunTime:0.015625s ]
SQL: SHOW COLUMNS FROM `bd_classfiy` [ RunTime:0.015625s ]
SQL: SELECT `id` FROM `bd_classfiy` WHERE name='焦点新闻' LIMIT 1   [ RunTime:0.000000s ]
SQL: SHOW COLUMNS FROM `bd_article` [ RunTime:0.015625s ]
SQL: SELECT * FROM `bd_article` WHERE gid=165 LIMIT 11   [ RunTime:0.031250s ]
SQL: SHOW COLUMNS FROM `bd_authentication` [ RunTime:0.046875s ]
SQL: SELECT `uid`,`real_name`,`lincence`,`address` FROM `bd_authentication` WHERE type=3 LIMIT 3   [ RunTime:0.000000s ]
SQL: SELECT COUNT(*) AS tp_count FROM `bd_authentication` WHERE uid=30 and type=4 LIMIT 1   [ RunTime:0.000000s ]
SQL: SHOW COLUMNS FROM `bd_jjbm` [ RunTime:0.015625s ]
SQL: SELECT COUNT(*) AS tp_count FROM `bd_jjbm` WHERE tuid=30 LIMIT 1   [ RunTime:0.000000s ]
SQL: SELECT COUNT(*) AS tp_count FROM `bd_authentication` WHERE uid=34 and type=4 LIMIT 1   [ RunTime:0.000000s ]
SQL: SELECT COUNT(*) AS tp_count FROM `bd_jjbm` WHERE tuid=34 LIMIT 1   [ RunTime:0.000000s ]
SQL: SELECT COUNT(*) AS tp_count FROM `bd_authentication` WHERE uid=39 and type=4 LIMIT 1   [ RunTime:0.015625s ]
SQL: SELECT COUNT(*) AS tp_count FROM `bd_jjbm` WHERE tuid=39 LIMIT 1   [ RunTime:0.000000s ]
SQL: SHOW COLUMNS FROM `bd_memberfields` [ RunTime:0.031250s ]
SQL: SELECT * FROM `bd_memberfields` LIMIT 5   [ RunTime:0.015625s ]
NOTIC: [2] Missing argument 4 for ClassfiyHelper::getClassesByName(), called in E:\wamp\wamp\www\badouwang\home\Lib\Action\Index\IndexAction.class.php on line 45 and defined E:\wamp\wamp\www\badouwang\core\Extend\Library\Com\ClassfiyHelper.class.php 第 59 行.
SQL: SELECT `id`,`lrf`,`rft`,`lev` FROM `bd_classfiy` WHERE name='在线考试' LIMIT 1   [ RunTime:0.000000s ]
NOTIC: [8] Undefined variable: fields E:\wamp\wamp\www\badouwang\core\Extend\Library\Com\ClassfiyHelper.class.php 第 69 行.
SQL: select id,name,cimg,ctextbrand from bd_classfiy where lrf>'104' and rft<'153]' and lev-2=1 [ RunTime:0.015625s ]
SQL: SELECT `lrf`,`rft` FROM `bd_classfiy` WHERE id=71 LIMIT 1   [ RunTime:0.000000s ]
SQL: SELECT `id` FROM `bd_classfiy` WHERE lrf>105 and rft<112  [ RunTime:0.000000s ]
SQL: SHOW COLUMNS FROM `bd_ex_paper` [ RunTime:0.015625s ]
SQL: SELECT * FROM `bd_ex_paper` WHERE sid in (72,73,74) LIMIT 10   [ RunTime:0.015625s ]
INFO: [ view_template ] --START--
INFO: Run LocationTemplate Behavior [ RunTime:-0.515625s ]
INFO: [ view_template ] --END-- [ RunTime:0.000000s ]
INFO: [ view_parse ] --START--
NOTIC: [8] Undefined variable: cityid E:\wamp\wamp\www\badouwang\home\Runtime\Cache\Index\b0cfccd32a8aecbbf5895237c16bc75a.php 第 19 行.
NOTIC: [8] Undefined variable: cityid E:\wamp\wamp\www\badouwang\home\Runtime\Cache\Index\b0cfccd32a8aecbbf5895237c16bc75a.php 第 19 行.
NOTIC: [8] Undefined variable: cityid E:\wamp\wamp\www\badouwang\home\Runtime\Cache\Index\b0cfccd32a8aecbbf5895237c16bc75a.php 第 19 行.
NOTIC: [8] Undefined variable: cityid E:\wamp\wamp\www\badouwang\home\Runtime\Cache\Index\b0cfccd32a8aecbbf5895237c16bc75a.php 第 19 行.
NOTIC: [8] Undefined variable: dCount E:\wamp\wamp\www\badouwang\home\Runtime\Cache\Index\b0cfccd32a8aecbbf5895237c16bc75a.php 第 46 行.
INFO: Run ParseTemplate Behavior [ RunTime:-0.515625s ]
INFO: [ view_parse ] --END-- [ RunTime:0.046875s ]
INFO: [ view_filter ] --START--
INFO: Run ContentReplace Behavior [ RunTime:-0.562500s ]
INFO: Run TokenBuild Behavior [ RunTime:-0.562500s ]
INFO: Run WriteHtmlCache Behavior [ RunTime:-0.562500s ]
INFO: Run ShowRuntime Behavior [ RunTime:-0.562500s ]
INFO: [ view_filter ] --END-- [ RunTime:0.000000s ]
INFO: [ view_end ] --START--
INFO: Run ShowPageTrace Behavior [ RunTime:-0.562500s ]
INFO: [ view_end ] --END-- [ RunTime:0.000000s ]

[ 2015-07-18T10:47:03+08:00 ] 127.0.0.1 /badouwang/index.php/Organ/Organ/
INFO: [ route_check ] --START--
INFO: Run CheckRoute Behavior [ RunTime:0.000000s ]
INFO: [ route_check ] --END-- [ RunTime:0.000000s ]
INFO: [ app_begin ] --START--
INFO: Run ReadHtmlCache Behavior [ RunTime:0.000000s ]
INFO: [ app_begin ] --END-- [ RunTime:0.000000s ]
NOTIC: [8] Undefined index: city E:\wamp\wamp\www\badouwang\home\Lib\Action\CommonAction.class.php 第 27 行.
SQL: SHOW COLUMNS FROM `bd_city` [ RunTime:0.312500s ]
SQL: select city.id,city.name,pro.name pname from bd_city city left join bd_province pro on city.provincei_d=pro.id where city.isopen=1 [ RunTime:0.218750s ]
NOTIC: [8] Undefined index: 北京 E:\wamp\wamp\www\badouwang\core\Extend\Library\Com\ArrayHelper.class.php 第 11 行.
NOTIC: [8] Undefined index: 上海 E:\wamp\wamp\www\badouwang\core\Extend\Library\Com\ArrayHelper.class.php 第 11 行.
NOTIC: [8] Undefined index: 广东 E:\wamp\wamp\www\badouwang\core\Extend\Library\Com\ArrayHelper.class.php 第 11 行.
SQL: SHOW COLUMNS FROM `bd_user` [ RunTime:0.453125s ]
SQL: SELECT `type` FROM `bd_user` WHERE uid='11' LIMIT 1   [ RunTime:0.531250s ]
SQL: SHOW COLUMNS FROM `bd_message` [ RunTime:0.062500s ]
SQL: SELECT COUNT(*) AS tp_count FROM `bd_message` WHERE to_uid=11 and is_read=0 and type=1 LIMIT 1   [ RunTime:0.015625s ]
SQL: SELECT COUNT(*) AS tp_count FROM `bd_message` WHERE to_uid=11 and is_read=0 and type=3 LIMIT 1   [ RunTime:0.046875s ]
SQL: SELECT COUNT(*) AS tp_count FROM `bd_message` WHERE to_uid=11 and is_read=0 and type=2 LIMIT 1   [ RunTime:0.000000s ]
SQL: SELECT COUNT(*) AS tp_count FROM `bd_message` WHERE to_uid=11 and is_read=0 and type=4 LIMIT 1   [ RunTime:0.015625s ]
NOTIC: [8] Undefined variable: sCount E:\wamp\wamp\www\badouwang\home\Lib\Action\CommonAction.class.php 第 103 行.
SQL: SHOW COLUMNS FROM `bd_classfiy` [ RunTime:0.031250s ]
SQL: SELECT `id`,`lrf`,`rft`,`lev` FROM `bd_classfiy` WHERE name='培训分类' LIMIT 1   [ RunTime:0.234375s ]
SQL: select name from bd_classfiy where lrf>'154' and rft<'179]' and lev-2=1 [ RunTime:0.031250s ]
SQL: SHOW COLUMNS FROM `bd_organ_spred` [ RunTime:0.046875s ]
SQL: SELECT COUNT(*) AS tp_count FROM `bd_organ_spred` WHERE blnumber>0 LIMIT 1   [ RunTime:0.156250s ]
SQL: select course.aname,spred.timestamp,mna.cname,spred.number from bd_organ_spred spred left join bd_course course on spred.cid=course.id left join bd_proxyermanage mna on spred.cid = mna.id order by spred.timestamp limit 0,6 [ RunTime:0.062500s ]
SQL: select spred.id,course.cname aname,course.timg,spred.number from bd_organ_spred spred left join  bd_proxyermanage course on spred.cid=course.id where d_price>0 and d_price<price and spred.type=2 limit 0,5 [ RunTime:0.093750s ]
SQL: SHOW COLUMNS FROM `bd_friendlink` [ RunTime:0.093750s ]
SQL: SELECT `url`,`logo`,`descrip`,`name` FROM `bd_friendlink` WHERE type=3 LIMIT 0,6   [ RunTime:0.031250s ]
INFO: [ view_template ] --START--
INFO: Run LocationTemplate Behavior [ RunTime:-9.843750s ]
INFO: [ view_template ] --END-- [ RunTime:0.000000s ]
INFO: [ view_parse ] --START--
NOTIC: [8] Undefined variable: cityid E:\wamp\wamp\www\badouwang\home\Runtime\Cache\Organ\8bc3c4a8d54fa6ad5066672ca116fa7c.php 第 19 行.
NOTIC: [8] Undefined variable: cityid E:\wamp\wamp\www\badouwang\home\Runtime\Cache\Organ\8bc3c4a8d54fa6ad5066672ca116fa7c.php 第 19 行.
NOTIC: [8] Undefined variable: cityid E:\wamp\wamp\www\badouwang\home\Runtime\Cache\Organ\8bc3c4a8d54fa6ad5066672ca116fa7c.php 第 19 行.
NOTIC: [8] Undefined variable: cityid E:\wamp\wamp\www\badouwang\home\Runtime\Cache\Organ\8bc3c4a8d54fa6ad5066672ca116fa7c.php 第 19 行.
NOTIC: [8] Undefined variable: dCount E:\wamp\wamp\www\badouwang\home\Runtime\Cache\Organ\8bc3c4a8d54fa6ad5066672ca116fa7c.php 第 46 行.
NOTIC: [8] Undefined index: timg E:\wamp\wamp\www\badouwang\home\Runtime\Cache\Organ\8bc3c4a8d54fa6ad5066672ca116fa7c.php 第 477 行.
NOTIC: [8] Undefined index: aname E:\wamp\wamp\www\badouwang\home\Runtime\Cache\Organ\8bc3c4a8d54fa6ad5066672ca116fa7c.php 第 478 行.
NOTIC: [8] Undefined index: id E:\wamp\wamp\www\badouwang\home\Runtime\Cache\Organ\8bc3c4a8d54fa6ad5066672ca116fa7c.php 第 480 行.
INFO: Run ParseTemplate Behavior [ RunTime:-9.843750s ]
INFO: [ view_parse ] --END-- [ RunTime:0.187500s ]
INFO: [ view_filter ] --START--
INFO: Run ContentReplace Behavior [ RunTime:-10.031250s ]
INFO: Run TokenBuild Behavior [ RunTime:-10.031250s ]
INFO: Run WriteHtmlCache Behavior [ RunTime:-10.031250s ]
INFO: Run ShowRuntime Behavior [ RunTime:-10.031250s ]
INFO: [ view_filter ] --END-- [ RunTime:0.015625s ]
INFO: [ view_end ] --START--
INFO: Run ShowPageTrace Behavior [ RunTime:-10.046875s ]
INFO: [ view_end ] --END-- [ RunTime:0.000000s ]

[ 2015-07-18T10:47:05+08:00 ] 127.0.0.1 /badouwang/index.php/Organ/Organ/
INFO: [ route_check ] --START--
INFO: Run CheckRoute Behavior [ RunTime:0.000000s ]
INFO: [ route_check ] --END-- [ RunTime:0.000000s ]
INFO: [ app_begin ] --START--
INFO: Run ReadHtmlCache Behavior [ RunTime:0.000000s ]
INFO: [ app_begin ] --END-- [ RunTime:0.000000s ]
NOTIC: [8] Undefined index: city E:\wamp\wamp\www\badouwang\home\Lib\Action\CommonAction.class.php 第 27 行.
SQL: SHOW COLUMNS FROM `bd_city` [ RunTime:0.015625s ]
SQL: select city.id,city.name,pro.name pname from bd_city city left join bd_province pro on city.provincei_d=pro.id where city.isopen=1 [ RunTime:0.015625s ]
NOTIC: [8] Undefined index: 北京 E:\wamp\wamp\www\badouwang\core\Extend\Library\Com\ArrayHelper.class.php 第 11 行.
NOTIC: [8] Undefined index: 上海 E:\wamp\wamp\www\badouwang\core\Extend\Library\Com\ArrayHelper.class.php 第 11 行.
NOTIC: [8] Undefined index: 广东 E:\wamp\wamp\www\badouwang\core\Extend\Library\Com\ArrayHelper.class.php 第 11 行.
SQL: SHOW COLUMNS FROM `bd_user` [ RunTime:0.031250s ]
SQL: SELECT `type` FROM `bd_user` WHERE uid='11' LIMIT 1   [ RunTime:0.015625s ]
SQL: SHOW COLUMNS FROM `bd_message` [ RunTime:0.171875s ]
SQL: SELECT COUNT(*) AS tp_count FROM `bd_message` WHERE to_uid=11 and is_read=0 and type=1 LIMIT 1   [ RunTime:0.375000s ]
SQL: SELECT COUNT(*) AS tp_count FROM `bd_message` WHERE to_uid=11 and is_read=0 and type=3 LIMIT 1   [ RunTime:0.062500s ]
SQL: SELECT COUNT(*) AS tp_count FROM `bd_message` WHERE to_uid=11 and is_read=0 and type=2 LIMIT 1   [ RunTime:0.031250s ]
SQL: SELECT COUNT(*) AS tp_count FROM `bd_message` WHERE to_uid=11 and is_read=0 and type=4 LIMIT 1   [ RunTime:0.046875s ]
NOTIC: [8] Undefined variable: sCount E:\wamp\wamp\www\badouwang\home\Lib\Action\CommonAction.class.php 第 103 行.
SQL: SHOW COLUMNS FROM `bd_classfiy` [ RunTime:0.046875s ]
SQL: SELECT `id`,`lrf`,`rft`,`lev` FROM `bd_classfiy` WHERE name='培训分类' LIMIT 1   [ RunTime:0.031250s ]
SQL: select name from bd_classfiy where lrf>'154' and rft<'179]' and lev-2=1 [ RunTime:0.062500s ]
SQL: SHOW COLUMNS FROM `bd_organ_spred` [ RunTime:0.062500s ]
SQL: SELECT COUNT(*) AS tp_count FROM `bd_organ_spred` WHERE blnumber>0 LIMIT 1   [ RunTime:0.031250s ]
SQL: select course.aname,spred.timestamp,mna.cname,spred.number from bd_organ_spred spred left join bd_course course on spred.cid=course.id left join bd_proxyermanage mna on spred.cid = mna.id order by spred.timestamp limit 0,6 [ RunTime:0.015625s ]
SQL: select spred.id,course.cname aname,course.timg,spred.number from bd_organ_spred spred left join  bd_proxyermanage course on spred.cid=course.id where d_price>0 and d_price<price and spred.type=2 limit 0,5 [ RunTime:0.015625s ]
SQL: SHOW COLUMNS FROM `bd_friendlink` [ RunTime:0.031250s ]
SQL: SELECT `url`,`logo`,`descrip`,`name` FROM `bd_friendlink` WHERE type=3 LIMIT 0,6   [ RunTime:0.046875s ]
INFO: [ view_template ] --START--
INFO: Run LocationTemplate Behavior [ RunTime:-5.734375s ]
INFO: [ view_template ] --END-- [ RunTime:0.000000s ]
INFO: [ view_parse ] --START--
NOTIC: [8] Undefined variable: cityid E:\wamp\wamp\www\badouwang\home\Runtime\Cache\Organ\8bc3c4a8d54fa6ad5066672ca116fa7c.php 第 19 行.
NOTIC: [8] Undefined variable: cityid E:\wamp\wamp\www\badouwang\home\Runtime\Cache\Organ\8bc3c4a8d54fa6ad5066672ca116fa7c.php 第 19 行.
NOTIC: [8] Undefined variable: cityid E:\wamp\wamp\www\badouwang\home\Runtime\Cache\Organ\8bc3c4a8d54fa6ad5066672ca116fa7c.php 第 19 行.
NOTIC: [8] Undefined variable: cityid E:\wamp\wamp\www\badouwang\home\Runtime\Cache\Organ\8bc3c4a8d54fa6ad5066672ca116fa7c.php 第 19 行.
NOTIC: [8] Undefined variable: dCount E:\wamp\wamp\www\badouwang\home\Runtime\Cache\Organ\8bc3c4a8d54fa6ad5066672ca116fa7c.php 第 46 行.
NOTIC: [8] Undefined index: timg E:\wamp\wamp\www\badouwang\home\Runtime\Cache\Organ\8bc3c4a8d54fa6ad5066672ca116fa7c.php 第 477 行.
NOTIC: [8] Undefined index: aname E:\wamp\wamp\www\badouwang\home\Runtime\Cache\Organ\8bc3c4a8d54fa6ad5066672ca116fa7c.php 第 478 行.
NOTIC: [8] Undefined index: id E:\wamp\wamp\www\badouwang\home\Runtime\Cache\Organ\8bc3c4a8d54fa6ad5066672ca116fa7c.php 第 480 行.
INFO: Run ParseTemplate Behavior [ RunTime:-5.734375s ]
INFO: [ view_parse ] --END-- [ RunTime:0.062500s ]
INFO: [ view_filter ] --START--
INFO: Run ContentReplace Behavior [ RunTime:-5.796875s ]
INFO: Run TokenBuild Behavior [ RunTime:-5.796875s ]
INFO: Run WriteHtmlCache Behavior [ RunTime:-5.796875s ]
INFO: Run ShowRuntime Behavior [ RunTime:-5.796875s ]
INFO: [ view_filter ] --END-- [ RunTime:0.000000s ]
INFO: [ view_end ] --START--
INFO: Run ShowPageTrace Behavior [ RunTime:-5.796875s ]
INFO: [ view_end ] --END-- [ RunTime:0.000000s ]

[ 2015-07-18T10:47:06+08:00 ] 127.0.0.1 /badouwang/index.php/Organ/Organ/
INFO: [ route_check ] --START--
INFO: Run CheckRoute Behavior [ RunTime:0.000000s ]
INFO: [ route_check ] --END-- [ RunTime:0.000000s ]
INFO: [ app_begin ] --START--
INFO: Run ReadHtmlCache Behavior [ RunTime:0.000000s ]
INFO: [ app_begin ] --END-- [ RunTime:0.000000s ]
NOTIC: [8] Undefined index: city E:\wamp\wamp\www\badouwang\home\Lib\Action\CommonAction.class.php 第 27 行.
SQL: SHOW COLUMNS FROM `bd_city` [ RunTime:0.015625s ]
SQL: select city.id,city.name,pro.name pname from bd_city city left join bd_province pro on city.provincei_d=pro.id where city.isopen=1 [ RunTime:0.015625s ]
NOTIC: [8] Undefined index: 北京 E:\wamp\wamp\www\badouwang\core\Extend\Library\Com\ArrayHelper.class.php 第 11 行.
NOTIC: [8] Undefined index: 上海 E:\wamp\wamp\www\badouwang\core\Extend\Library\Com\ArrayHelper.class.php 第 11 行.
NOTIC: [8] Undefined index: 广东 E:\wamp\wamp\www\badouwang\core\Extend\Library\Com\ArrayHelper.class.php 第 11 行.
SQL: SHOW COLUMNS FROM `bd_user` [ RunTime:0.031250s ]
SQL: SELECT `type` FROM `bd_user` WHERE uid='11' LIMIT 1   [ RunTime:0.031250s ]
SQL: SHOW COLUMNS FROM `bd_message` [ RunTime:0.031250s ]
SQL: SELECT COUNT(*) AS tp_count FROM `bd_message` WHERE to_uid=11 and is_read=0 and type=1 LIMIT 1   [ RunTime:0.015625s ]
SQL: SELECT COUNT(*) AS tp_count FROM `bd_message` WHERE to_uid=11 and is_read=0 and type=3 LIMIT 1   [ RunTime:0.015625s ]
SQL: SELECT COUNT(*) AS tp_count FROM `bd_message` WHERE to_uid=11 and is_read=0 and type=2 LIMIT 1   [ RunTime:0.031250s ]
SQL: SELECT COUNT(*) AS tp_count FROM `bd_message` WHERE to_uid=11 and is_read=0 and type=4 LIMIT 1   [ RunTime:0.109375s ]
NOTIC: [8] Undefined variable: sCount E:\wamp\wamp\www\badouwang\home\Lib\Action\CommonAction.class.php 第 103 行.
SQL: SHOW COLUMNS FROM `bd_classfiy` [ RunTime:0.031250s ]
SQL: SELECT `id`,`lrf`,`rft`,`lev` FROM `bd_classfiy` WHERE name='培训分类' LIMIT 1   [ RunTime:0.015625s ]
SQL: select name from bd_classfiy where lrf>'154' and rft<'179]' and lev-2=1 [ RunTime:0.000000s ]
SQL: SHOW COLUMNS FROM `bd_organ_spred` [ RunTime:0.062500s ]
SQL: SELECT COUNT(*) AS tp_count FROM `bd_organ_spred` WHERE blnumber>0 LIMIT 1   [ RunTime:0.015625s ]
SQL: select course.aname,spred.timestamp,mna.cname,spred.number from bd_organ_spred spred left join bd_course course on spred.cid=course.id left join bd_proxyermanage mna on spred.cid = mna.id order by spred.timestamp limit 0,6 [ RunTime:0.046875s ]
SQL: select spred.id,course.cname aname,course.timg,spred.number from bd_organ_spred spred left join  bd_proxyermanage course on spred.cid=course.id where d_price>0 and d_price<price and spred.type=2 limit 0,5 [ RunTime:0.015625s ]
SQL: SHOW COLUMNS FROM `bd_friendlink` [ RunTime:0.031250s ]
SQL: SELECT `url`,`logo`,`descrip`,`name` FROM `bd_friendlink` WHERE type=3 LIMIT 0,6   [ RunTime:0.031250s ]
INFO: [ view_template ] --START--
INFO: Run LocationTemplate Behavior [ RunTime:-0.765625s ]
INFO: [ view_template ] --END-- [ RunTime:0.000000s ]
INFO: [ view_parse ] --START--
NOTIC: [8] Undefined variable: cityid E:\wamp\wamp\www\badouwang\home\Runtime\Cache\Organ\8bc3c4a8d54fa6ad5066672ca116fa7c.php 第 19 行.
NOTIC: [8] Undefined variable: cityid E:\wamp\wamp\www\badouwang\home\Runtime\Cache\Organ\8bc3c4a8d54fa6ad5066672ca116fa7c.php 第 19 行.
NOTIC: [8] Undefined variable: cityid E:\wamp\wamp\www\badouwang\home\Runtime\Cache\Organ\8bc3c4a8d54fa6ad5066672ca116fa7c.php 第 19 行.
NOTIC: [8] Undefined variable: cityid E:\wamp\wamp\www\badouwang\home\Runtime\Cache\Organ\8bc3c4a8d54fa6ad5066672ca116fa7c.php 第 19 行.
NOTIC: [8] Undefined variable: dCount E:\wamp\wamp\www\badouwang\home\Runtime\Cache\Organ\8bc3c4a8d54fa6ad5066672ca116fa7c.php 第 46 行.
NOTIC: [8] Undefined index: timg E:\wamp\wamp\www\badouwang\home\Runtime\Cache\Organ\8bc3c4a8d54fa6ad5066672ca116fa7c.php 第 477 行.
NOTIC: [8] Undefined index: aname E:\wamp\wamp\www\badouwang\home\Runtime\Cache\Organ\8bc3c4a8d54fa6ad5066672ca116fa7c.php 第 478 行.
NOTIC: [8] Undefined index: id E:\wamp\wamp\www\badouwang\home\Runtime\Cache\Organ\8bc3c4a8d54fa6ad5066672ca116fa7c.php 第 480 行.
INFO: Run ParseTemplate Behavior [ RunTime:-0.765625s ]
INFO: [ view_parse ] --END-- [ RunTime:0.046875s ]
INFO: [ view_filter ] --START--
INFO: Run ContentReplace Behavior [ RunTime:-0.812500s ]
INFO: Run TokenBuild Behavior [ RunTime:-0.812500s ]
INFO: Run WriteHtmlCache Behavior [ RunTime:-0.812500s ]
INFO: Run ShowRuntime Behavior [ RunTime:-0.812500s ]
INFO: [ view_filter ] --END-- [ RunTime:0.000000s ]
INFO: [ view_end ] --START--
INFO: Run ShowPageTrace Behavior [ RunTime:-0.812500s ]
INFO: [ view_end ] --END-- [ RunTime:0.000000s ]

[ 2015-07-18T10:47:07+08:00 ] 127.0.0.1 /badouwang/index.php/Ajax/AjaxClassfiy/getChild?cname=%E5%AD%A6%E4%B9%A0%E8%BE%85%E5%AF%BC&ishot=1
INFO: [ route_check ] --START--
INFO: Run CheckRoute Behavior [ RunTime:0.000000s ]
INFO: [ route_check ] --END-- [ RunTime:0.000000s ]
INFO: [ app_begin ] --START--
INFO: Run ReadHtmlCache Behavior [ RunTime:0.000000s ]
INFO: [ app_begin ] --END-- [ RunTime:0.000000s ]
NOTIC: [8] Undefined index: city E:\wamp\wamp\www\badouwang\home\Lib\Action\CommonAction.class.php 第 27 行.
SQL: SHOW COLUMNS FROM `bd_city` [ RunTime:0.046875s ]
SQL: select city.id,city.name,pro.name pname from bd_city city left join bd_province pro on city.provincei_d=pro.id where city.isopen=1 [ RunTime:0.015625s ]
NOTIC: [8] Undefined index: 北京 E:\wamp\wamp\www\badouwang\core\Extend\Library\Com\ArrayHelper.class.php 第 11 行.
NOTIC: [8] Undefined index: 上海 E:\wamp\wamp\www\badouwang\core\Extend\Library\Com\ArrayHelper.class.php 第 11 行.
NOTIC: [8] Undefined index: 广东 E:\wamp\wamp\www\badouwang\core\Extend\Library\Com\ArrayHelper.class.php 第 11 行.
SQL: SHOW COLUMNS FROM `bd_user` [ RunTime:0.046875s ]
SQL: SELECT `type` FROM `bd_user` WHERE uid='11' LIMIT 1   [ RunTime:0.031250s ]
SQL: SHOW COLUMNS FROM `bd_message` [ RunTime:0.046875s ]
SQL: SELECT COUNT(*) AS tp_count FROM `bd_message` WHERE to_uid=11 and is_read=0 and type=1 LIMIT 1   [ RunTime:0.000000s ]
SQL: SELECT COUNT(*) AS tp_count FROM `bd_message` WHERE to_uid=11 and is_read=0 and type=3 LIMIT 1   [ RunTime:0.015625s ]
SQL: SELECT COUNT(*) AS tp_count FROM `bd_message` WHERE to_uid=11 and is_read=0 and type=2 LIMIT 1   [ RunTime:0.000000s ]
SQL: SELECT COUNT(*) AS tp_count FROM `bd_message` WHERE to_uid=11 and is_read=0 and type=4 LIMIT 1   [ RunTime:0.031250s ]
NOTIC: [8] Undefined variable: sCount E:\wamp\wamp\www\badouwang\home\Lib\Action\CommonAction.class.php 第 103 行.
NOTIC: [8] Undefined index: lev E:\wamp\wamp\www\badouwang\home\Lib\Action\CommonAction.class.php 第 184 行.
NOTIC: [8] Undefined index: pname E:\wamp\wamp\www\badouwang\home\Lib\Action\CommonAction.class.php 第 184 行.
SQL: SHOW COLUMNS FROM `bd_classfiy` [ RunTime:0.062500s ]
SQL: SELECT `id`,`lrf`,`rft`,`lev` FROM `bd_classfiy` WHERE name='学习辅导' LIMIT 1   [ RunTime:0.015625s ]
SQL: select name,id from bd_classfiy where lrf>'155' and rft<'172]' and lev-3=1 and ishot=1 [ RunTime:0.015625s ]

[ 2015-07-18T10:47:08+08:00 ] 127.0.0.1 /badouwang/index.php/Ajax/AjaxCourse/getChildCourse?type=%E5%AD%A6%E4%B9%A0%E8%BE%85%E5%AF%BC
INFO: [ route_check ] --START--
INFO: Run CheckRoute Behavior [ RunTime:0.000000s ]
INFO: [ route_check ] --END-- [ RunTime:0.000000s ]
INFO: [ app_begin ] --START--
INFO: Run ReadHtmlCache Behavior [ RunTime:0.000000s ]
INFO: [ app_begin ] --END-- [ RunTime:0.031250s ]
NOTIC: [8] Undefined index: city E:\wamp\wamp\www\badouwang\home\Lib\Action\CommonAction.class.php 第 27 行.
SQL: SHOW COLUMNS FROM `bd_city` [ RunTime:0.046875s ]
SQL: select city.id,city.name,pro.name pname from bd_city city left join bd_province pro on city.provincei_d=pro.id where city.isopen=1 [ RunTime:0.062500s ]
NOTIC: [8] Undefined index: 北京 E:\wamp\wamp\www\badouwang\core\Extend\Library\Com\ArrayHelper.class.php 第 11 行.
NOTIC: [8] Undefined index: 上海 E:\wamp\wamp\www\badouwang\core\Extend\Library\Com\ArrayHelper.class.php 第 11 行.
NOTIC: [8] Undefined index: 广东 E:\wamp\wamp\www\badouwang\core\Extend\Library\Com\ArrayHelper.class.php 第 11 行.
SQL: SHOW COLUMNS FROM `bd_user` [ RunTime:0.031250s ]
SQL: SELECT `type` FROM `bd_user` WHERE uid='11' LIMIT 1   [ RunTime:0.031250s ]
SQL: SHOW COLUMNS FROM `bd_message` [ RunTime:0.031250s ]
SQL: SELECT COUNT(*) AS tp_count FROM `bd_message` WHERE to_uid=11 and is_read=0 and type=1 LIMIT 1   [ RunTime:0.000000s ]
SQL: SELECT COUNT(*) AS tp_count FROM `bd_message` WHERE to_uid=11 and is_read=0 and type=3 LIMIT 1   [ RunTime:0.031250s ]
SQL: SELECT COUNT(*) AS tp_count FROM `bd_message` WHERE to_uid=11 and is_read=0 and type=2 LIMIT 1   [ RunTime:0.000000s ]
SQL: SELECT COUNT(*) AS tp_count FROM `bd_message` WHERE to_uid=11 and is_read=0 and type=4 LIMIT 1   [ RunTime:0.046875s ]
NOTIC: [8] Undefined variable: sCount E:\wamp\wamp\www\badouwang\home\Lib\Action\CommonAction.class.php 第 103 行.
SQL: SHOW COLUMNS FROM `bd_classfiy` [ RunTime:0.015625s ]
SQL: SELECT `id`,`lrf`,`rft`,`lev` FROM `bd_classfiy` WHERE name='学习辅导' LIMIT 1   [ RunTime:0.015625s ]
SQL: select id from bd_classfiy where lrf>'155' and rft<'172]'  [ RunTime:0.015625s ]
SQL: SHOW COLUMNS FROM `bd_organ_spred` [ RunTime:0.015625s ]
SQL: select * from(select spred.s_time,spred.price,spred.id,spred.d_price,spred.type,course.cid cuid,course.cname,course.timg aname,course.city p_address,ifnull(course.o_address,spred.address)address from bd_organ_spred spred left join bd_proxyermanage course on spred.cid=course.id left join bd_classfiy type on type.id=course.cid ) sp where sp.cuid in(102,103,104,105,106,107,108,167) and sp.type=2 limit 0,8 [ RunTime:0.015625s ]
SQL: select * from(select spred.s_time,spred.id,spred.type,spred.price,spred.d_price,course.cid cuid,course.aname,auth.p_address,ifnull(auth.address,spred.address)address,course.c_img timg from bd_organ_spred spred left join bd_course course on spred.cid=course.id left join bd_classfiy type on type.id=course.cid left join bd_authentication auth on course.aid=auth.id) sp where sp.cuid in(102,103,104,105,106,107,108,167) and sp.type=1 limit 0,8 [ RunTime:0.000000s ]
NOTIC: [8] Undefined offset: 2 E:\wamp\wamp\www\badouwang\home\Lib\Action\Ajax\AjaxCourseAction.class.php 第 48 行.
NOTIC: [8] Undefined offset: 2 E:\wamp\wamp\www\badouwang\home\Lib\Action\Ajax\AjaxCourseAction.class.php 第 48 行.

[ 2015-07-18T10:47:11+08:00 ] 127.0.0.1 /badouwang/index.php/Organ/Organ/odetail?type=1&id=6
INFO: [ route_check ] --START--
INFO: Run CheckRoute Behavior [ RunTime:0.000000s ]
INFO: [ route_check ] --END-- [ RunTime:0.000000s ]
INFO: [ app_begin ] --START--
INFO: Run ReadHtmlCache Behavior [ RunTime:0.000000s ]
INFO: [ app_begin ] --END-- [ RunTime:0.000000s ]
NOTIC: [8] Undefined index: city E:\wamp\wamp\www\badouwang\home\Lib\Action\CommonAction.class.php 第 27 行.
SQL: SHOW COLUMNS FROM `bd_city` [ RunTime:0.015625s ]
SQL: select city.id,city.name,pro.name pname from bd_city city left join bd_province pro on city.provincei_d=pro.id where city.isopen=1 [ RunTime:0.000000s ]
NOTIC: [8] Undefined index: 北京 E:\wamp\wamp\www\badouwang\core\Extend\Library\Com\ArrayHelper.class.php 第 11 行.
NOTIC: [8] Undefined index: 上海 E:\wamp\wamp\www\badouwang\core\Extend\Library\Com\ArrayHelper.class.php 第 11 行.
NOTIC: [8] Undefined index: 广东 E:\wamp\wamp\www\badouwang\core\Extend\Library\Com\ArrayHelper.class.php 第 11 行.
SQL: SHOW COLUMNS FROM `bd_user` [ RunTime:0.015625s ]
SQL: SELECT `type` FROM `bd_user` WHERE uid='11' LIMIT 1   [ RunTime:0.000000s ]
SQL: SHOW COLUMNS FROM `bd_message` [ RunTime:0.015625s ]
SQL: SELECT COUNT(*) AS tp_count FROM `bd_message` WHERE to_uid=11 and is_read=0 and type=1 LIMIT 1   [ RunTime:0.015625s ]
SQL: SELECT COUNT(*) AS tp_count FROM `bd_message` WHERE to_uid=11 and is_read=0 and type=3 LIMIT 1   [ RunTime:0.000000s ]
SQL: SELECT COUNT(*) AS tp_count FROM `bd_message` WHERE to_uid=11 and is_read=0 and type=2 LIMIT 1   [ RunTime:0.000000s ]
SQL: SELECT COUNT(*) AS tp_count FROM `bd_message` WHERE to_uid=11 and is_read=0 and type=4 LIMIT 1   [ RunTime:0.015625s ]
NOTIC: [8] Undefined variable: sCount E:\wamp\wamp\www\badouwang\home\Lib\Action\CommonAction.class.php 第 103 行.
SQL: SHOW COLUMNS FROM `bd_organ_spred` [ RunTime:0.015625s ]
SQL: SELECT `cid`,`type`,`aid` FROM `bd_organ_spred` WHERE id='6' LIMIT 1   [ RunTime:0.015625s ]
NOTIC: [8] Undefined index: page E:\wamp\wamp\www\badouwang\home\Lib\Action\CommonAction.class.php 第 184 行.
SQL: SHOW COLUMNS FROM `bd_course` [ RunTime:0.031250s ]
SQL: select count(id) sum from(select comment.id from bd_proxyermanage course left join (select * from bd_comment where type=3) comment on comment.aid=course.id where course.id='6') com [ RunTime:0.015625s ]
SQL: select spred.*,course.aname,course.aid, course.introduce,course.c_img img,comment.id ctid,comment.content,comment.com_timestamp,auth.address from bd_organ_spred spred left join bd_course course on spred.cid=course.id left join bd_authentication auth on course.aid=auth.id left join (select * from bd_comment where type=3) comment on comment.aid=course.id where spred.id='6' limit 0,10 [ RunTime:0.015625s ]
SQL: SHOW COLUMNS FROM `bd_jjbm` [ RunTime:0.031250s ]
SQL: SELECT COUNT(*) AS tp_count FROM `bd_jjbm` WHERE course='6' and suid='11' LIMIT 1   [ RunTime:0.000000s ]
SQL: SHOW COLUMNS FROM `bd_authentication` [ RunTime:0.015625s ]
SQL: SELECT * FROM `bd_authentication` WHERE id='12' LIMIT 1   [ RunTime:0.031250s ]
SQL: SELECT COUNT(*) AS tp_count FROM `bd_jjbm` WHERE course='6' and suid='11' LIMIT 1   [ RunTime:0.000000s ]
SQL: select ifnull(pcourse.cname,course.aname) aname,ifnull(pcourse.timg,course.c_img) timg,spred.id,pcourse.oid,course.aid  from bd_organ_spred spred left join bd_proxyermanage pcourse on pcourse.id=spred.cid  left join bd_course course on spred.cid=course.id where oid='12' or course.aid='12' [ RunTime:0.000000s ]
INFO: [ view_template ] --START--
INFO: Run LocationTemplate Behavior [ RunTime:-0.484375s ]
INFO: [ view_template ] --END-- [ RunTime:0.000000s ]
INFO: [ view_parse ] --START--
NOTIC: [8] Undefined variable: cityid E:\wamp\wamp\www\badouwang\home\Runtime\Cache\Organ\41cd915456d14a5661ee9adae3765c9e.php 第 19 行.
NOTIC: [8] Undefined variable: cityid E:\wamp\wamp\www\badouwang\home\Runtime\Cache\Organ\41cd915456d14a5661ee9adae3765c9e.php 第 19 行.
NOTIC: [8] Undefined variable: cityid E:\wamp\wamp\www\badouwang\home\Runtime\Cache\Organ\41cd915456d14a5661ee9adae3765c9e.php 第 19 行.
NOTIC: [8] Undefined variable: cityid E:\wamp\wamp\www\badouwang\home\Runtime\Cache\Organ\41cd915456d14a5661ee9adae3765c9e.php 第 19 行.
NOTIC: [8] Undefined variable: dCount E:\wamp\wamp\www\badouwang\home\Runtime\Cache\Organ\41cd915456d14a5661ee9adae3765c9e.php 第 46 行.
NOTIC: [8] Undefined index: timg E:\wamp\wamp\www\badouwang\home\Runtime\Cache\Organ\41cd915456d14a5661ee9adae3765c9e.php 第 332 行.
INFO: Run ParseTemplate Behavior [ RunTime:-0.484375s ]
INFO: [ view_parse ] --END-- [ RunTime:0.046875s ]
INFO: [ view_filter ] --START--
INFO: Run ContentReplace Behavior [ RunTime:-0.531250s ]
INFO: Run TokenBuild Behavior [ RunTime:-0.531250s ]
INFO: Run WriteHtmlCache Behavior [ RunTime:-0.531250s ]
INFO: Run ShowRuntime Behavior [ RunTime:-0.531250s ]
INFO: [ view_filter ] --END-- [ RunTime:0.000000s ]
INFO: [ view_end ] --START--
INFO: Run ShowPageTrace Behavior [ RunTime:-0.531250s ]
INFO: [ view_end ] --END-- [ RunTime:0.000000s ]

[ 2015-07-18T10:47:14+08:00 ] 127.0.0.1 /badouwang/index.php/Ajax/AjaxCourse/getChildCourse?type=%E5%AD%A6%E4%B9%A0%E8%BE%85%E5%AF%BC
INFO: [ route_check ] --START--
INFO: Run CheckRoute Behavior [ RunTime:0.000000s ]
INFO: [ route_check ] --END-- [ RunTime:0.000000s ]
INFO: [ app_begin ] --START--
INFO: Run ReadHtmlCache Behavior [ RunTime:0.000000s ]
INFO: [ app_begin ] --END-- [ RunTime:0.000000s ]
NOTIC: [8] Undefined index: city E:\wamp\wamp\www\badouwang\home\Lib\Action\CommonAction.class.php 第 27 行.
SQL: SHOW COLUMNS FROM `bd_city` [ RunTime:0.015625s ]
SQL: select city.id,city.name,pro.name pname from bd_city city left join bd_province pro on city.provincei_d=pro.id where city.isopen=1 [ RunTime:0.000000s ]
NOTIC: [8] Undefined index: 北京 E:\wamp\wamp\www\badouwang\core\Extend\Library\Com\ArrayHelper.class.php 第 11 行.
NOTIC: [8] Undefined index: 上海 E:\wamp\wamp\www\badouwang\core\Extend\Library\Com\ArrayHelper.class.php 第 11 行.
NOTIC: [8] Undefined index: 广东 E:\wamp\wamp\www\badouwang\core\Extend\Library\Com\ArrayHelper.class.php 第 11 行.
SQL: SHOW COLUMNS FROM `bd_user` [ RunTime:0.015625s ]
SQL: SELECT `type` FROM `bd_user` WHERE uid='11' LIMIT 1   [ RunTime:0.000000s ]
SQL: SHOW COLUMNS FROM `bd_message` [ RunTime:0.015625s ]
SQL: SELECT COUNT(*) AS tp_count FROM `bd_message` WHERE to_uid=11 and is_read=0 and type=1 LIMIT 1   [ RunTime:0.000000s ]
SQL: SELECT COUNT(*) AS tp_count FROM `bd_message` WHERE to_uid=11 and is_read=0 and type=3 LIMIT 1   [ RunTime:0.015625s ]
SQL: SELECT COUNT(*) AS tp_count FROM `bd_message` WHERE to_uid=11 and is_read=0 and type=2 LIMIT 1   [ RunTime:0.000000s ]
SQL: SELECT COUNT(*) AS tp_count FROM `bd_message` WHERE to_uid=11 and is_read=0 and type=4 LIMIT 1   [ RunTime:0.000000s ]
NOTIC: [8] Undefined variable: sCount E:\wamp\wamp\www\badouwang\home\Lib\Action\CommonAction.class.php 第 103 行.
SQL: SHOW COLUMNS FROM `bd_classfiy` [ RunTime:0.015625s ]
SQL: SELECT `id`,`lrf`,`rft`,`lev` FROM `bd_classfiy` WHERE name='学习辅导' LIMIT 1   [ RunTime:0.000000s ]
SQL: select id from bd_classfiy where lrf>'155' and rft<'172]'  [ RunTime:0.000000s ]
SQL: SHOW COLUMNS FROM `bd_organ_spred` [ RunTime:0.015625s ]
SQL: select * from(select spred.s_time,spred.price,spred.id,spred.d_price,spred.type,course.cid cuid,course.cname,course.timg aname,course.city p_address,ifnull(course.o_address,spred.address)address from bd_organ_spred spred left join bd_proxyermanage course on spred.cid=course.id left join bd_classfiy type on type.id=course.cid ) sp where sp.cuid in(102,103,104,105,106,107,108,167) and sp.type=2 limit 0,8 [ RunTime:0.015625s ]
SQL: select * from(select spred.s_time,spred.id,spred.type,spred.price,spred.d_price,course.cid cuid,course.aname,auth.p_address,ifnull(auth.address,spred.address)address,course.c_img timg from bd_organ_spred spred left join bd_course course on spred.cid=course.id left join bd_classfiy type on type.id=course.cid left join bd_authentication auth on course.aid=auth.id) sp where sp.cuid in(102,103,104,105,106,107,108,167) and sp.type=1 limit 0,8 [ RunTime:0.000000s ]
NOTIC: [8] Undefined offset: 2 E:\wamp\wamp\www\badouwang\home\Lib\Action\Ajax\AjaxCourseAction.class.php 第 48 行.
NOTIC: [8] Undefined offset: 2 E:\wamp\wamp\www\badouwang\home\Lib\Action\Ajax\AjaxCourseAction.class.php 第 48 行.

[ 2015-07-18T10:47:15+08:00 ] 127.0.0.1 /badouwang/index.php/Ajax/AjaxClassfiy/getChild?cname=%E5%AD%A6%E4%B9%A0%E8%BE%85%E5%AF%BC&ishot=1
INFO: [ route_check ] --START--
INFO: Run CheckRoute Behavior [ RunTime:0.000000s ]
INFO: [ route_check ] --END-- [ RunTime:0.000000s ]
INFO: [ app_begin ] --START--
INFO: Run ReadHtmlCache Behavior [ RunTime:0.000000s ]
INFO: [ app_begin ] --END-- [ RunTime:0.000000s ]
NOTIC: [8] Undefined index: city E:\wamp\wamp\www\badouwang\home\Lib\Action\CommonAction.class.php 第 27 行.
SQL: SHOW COLUMNS FROM `bd_city` [ RunTime:0.031250s ]
SQL: select city.id,city.name,pro.name pname from bd_city city left join bd_province pro on city.provincei_d=pro.id where city.isopen=1 [ RunTime:0.000000s ]
NOTIC: [8] Undefined index: 北京 E:\wamp\wamp\www\badouwang\core\Extend\Library\Com\ArrayHelper.class.php 第 11 行.
NOTIC: [8] Undefined index: 上海 E:\wamp\wamp\www\badouwang\core\Extend\Library\Com\ArrayHelper.class.php 第 11 行.
NOTIC: [8] Undefined index: 广东 E:\wamp\wamp\www\badouwang\core\Extend\Library\Com\ArrayHelper.class.php 第 11 行.
SQL: SHOW COLUMNS FROM `bd_user` [ RunTime:0.015625s ]
SQL: SELECT `type` FROM `bd_user` WHERE uid='11' LIMIT 1   [ RunTime:0.000000s ]
SQL: SHOW COLUMNS FROM `bd_message` [ RunTime:0.015625s ]
SQL: SELECT COUNT(*) AS tp_count FROM `bd_message` WHERE to_uid=11 and is_read=0 and type=1 LIMIT 1   [ RunTime:0.000000s ]
SQL: SELECT COUNT(*) AS tp_count FROM `bd_message` WHERE to_uid=11 and is_read=0 and type=3 LIMIT 1   [ RunTime:0.015625s ]
SQL: SELECT COUNT(*) AS tp_count FROM `bd_message` WHERE to_uid=11 and is_read=0 and type=2 LIMIT 1   [ RunTime:0.000000s ]
SQL: SELECT COUNT(*) AS tp_count FROM `bd_message` WHERE to_uid=11 and is_read=0 and type=4 LIMIT 1   [ RunTime:0.000000s ]
NOTIC: [8] Undefined variable: sCount E:\wamp\wamp\www\badouwang\home\Lib\Action\CommonAction.class.php 第 103 行.
NOTIC: [8] Undefined index: lev E:\wamp\wamp\www\badouwang\home\Lib\Action\CommonAction.class.php 第 184 行.
NOTIC: [8] Undefined index: pname E:\wamp\wamp\www\badouwang\home\Lib\Action\CommonAction.class.php 第 184 行.
SQL: SHOW COLUMNS FROM `bd_classfiy` [ RunTime:0.015625s ]
SQL: SELECT `id`,`lrf`,`rft`,`lev` FROM `bd_classfiy` WHERE name='学习辅导' LIMIT 1   [ RunTime:0.015625s ]
SQL: select name,id from bd_classfiy where lrf>'155' and rft<'172]' and lev-3=1 and ishot=1 [ RunTime:0.000000s ]

[ 2015-07-18T10:47:25+08:00 ] 127.0.0.1 /badouwang/index.php/Organ/Organ/odetail?type=1&id=9
INFO: [ route_check ] --START--
INFO: Run CheckRoute Behavior [ RunTime:0.000000s ]
INFO: [ route_check ] --END-- [ RunTime:0.000000s ]
INFO: [ app_begin ] --START--
INFO: Run ReadHtmlCache Behavior [ RunTime:0.000000s ]
INFO: [ app_begin ] --END-- [ RunTime:0.000000s ]
NOTIC: [8] Undefined index: city E:\wamp\wamp\www\badouwang\home\Lib\Action\CommonAction.class.php 第 27 行.
SQL: SHOW COLUMNS FROM `bd_city` [ RunTime:0.015625s ]
SQL: select city.id,city.name,pro.name pname from bd_city city left join bd_province pro on city.provincei_d=pro.id where city.isopen=1 [ RunTime:0.000000s ]
NOTIC: [8] Undefined index: 北京 E:\wamp\wamp\www\badouwang\core\Extend\Library\Com\ArrayHelper.class.php 第 11 行.
NOTIC: [8] Undefined index: 上海 E:\wamp\wamp\www\badouwang\core\Extend\Library\Com\ArrayHelper.class.php 第 11 行.
NOTIC: [8] Undefined index: 广东 E:\wamp\wamp\www\badouwang\core\Extend\Library\Com\ArrayHelper.class.php 第 11 行.
SQL: SHOW COLUMNS FROM `bd_user` [ RunTime:0.015625s ]
SQL: SELECT `type` FROM `bd_user` WHERE uid='11' LIMIT 1   [ RunTime:0.000000s ]
SQL: SHOW COLUMNS FROM `bd_message` [ RunTime:0.015625s ]
SQL: SELECT COUNT(*) AS tp_count FROM `bd_message` WHERE to_uid=11 and is_read=0 and type=1 LIMIT 1   [ RunTime:0.015625s ]
SQL: SELECT COUNT(*) AS tp_count FROM `bd_message` WHERE to_uid=11 and is_read=0 and type=3 LIMIT 1   [ RunTime:0.000000s ]
SQL: SELECT COUNT(*) AS tp_count FROM `bd_message` WHERE to_uid=11 and is_read=0 and type=2 LIMIT 1   [ RunTime:0.000000s ]
SQL: SELECT COUNT(*) AS tp_count FROM `bd_message` WHERE to_uid=11 and is_read=0 and type=4 LIMIT 1   [ RunTime:0.015625s ]
NOTIC: [8] Undefined variable: sCount E:\wamp\wamp\www\badouwang\home\Lib\Action\CommonAction.class.php 第 103 行.
SQL: SHOW COLUMNS FROM `bd_organ_spred` [ RunTime:0.015625s ]
SQL: SELECT `cid`,`type`,`aid` FROM `bd_organ_spred` WHERE id='9' LIMIT 1   [ RunTime:0.015625s ]
NOTIC: [8] Undefined index: page E:\wamp\wamp\www\badouwang\home\Lib\Action\CommonAction.class.php 第 184 行.
SQL: SHOW COLUMNS FROM `bd_course` [ RunTime:0.015625s ]
SQL: select count(id) sum from(select comment.id from bd_proxyermanage course left join (select * from bd_comment where type=3) comment on comment.aid=course.id where course.id='9') com [ RunTime:0.000000s ]
SQL: select spred.*,course.aname,course.aid, course.introduce,course.c_img img,comment.id ctid,comment.content,comment.com_timestamp,auth.address from bd_organ_spred spred left join bd_course course on spred.cid=course.id left join bd_authentication auth on course.aid=auth.id left join (select * from bd_comment where type=3) comment on comment.aid=course.id where spred.id='9' limit 0,10 [ RunTime:0.015625s ]
SQL: SHOW COLUMNS FROM `bd_jjbm` [ RunTime:0.015625s ]
SQL: SELECT COUNT(*) AS tp_count FROM `bd_jjbm` WHERE course='9' and suid='11' LIMIT 1   [ RunTime:0.000000s ]
SQL: SHOW COLUMNS FROM `bd_authentication` [ RunTime:0.031250s ]
SQL: SELECT * FROM `bd_authentication` WHERE id='0' LIMIT 1   [ RunTime:0.000000s ]
SQL: SELECT COUNT(*) AS tp_count FROM `bd_jjbm` WHERE course='9' and suid='11' LIMIT 1   [ RunTime:0.031250s ]
SQL: select ifnull(pcourse.cname,course.aname) aname,ifnull(pcourse.timg,course.c_img) timg,spred.id,pcourse.oid,course.aid  from bd_organ_spred spred left join bd_proxyermanage pcourse on pcourse.id=spred.cid  left join bd_course course on spred.cid=course.id where oid='' or course.aid='' [ RunTime:0.015625s ]
INFO: [ view_template ] --START--
INFO: Run LocationTemplate Behavior [ RunTime:-0.343750s ]
INFO: [ view_template ] --END-- [ RunTime:0.000000s ]
INFO: [ view_parse ] --START--
NOTIC: [8] Undefined variable: cityid E:\wamp\wamp\www\badouwang\home\Runtime\Cache\Organ\41cd915456d14a5661ee9adae3765c9e.php 第 19 行.
NOTIC: [8] Undefined variable: cityid E:\wamp\wamp\www\badouwang\home\Runtime\Cache\Organ\41cd915456d14a5661ee9adae3765c9e.php 第 19 行.
NOTIC: [8] Undefined variable: cityid E:\wamp\wamp\www\badouwang\home\Runtime\Cache\Organ\41cd915456d14a5661ee9adae3765c9e.php 第 19 行.
NOTIC: [8] Undefined variable: cityid E:\wamp\wamp\www\badouwang\home\Runtime\Cache\Organ\41cd915456d14a5661ee9adae3765c9e.php 第 19 行.
NOTIC: [8] Undefined variable: dCount E:\wamp\wamp\www\badouwang\home\Runtime\Cache\Organ\41cd915456d14a5661ee9adae3765c9e.php 第 46 行.
NOTIC: [8] Undefined index: timg E:\wamp\wamp\www\badouwang\home\Runtime\Cache\Organ\41cd915456d14a5661ee9adae3765c9e.php 第 332 行.
INFO: Run ParseTemplate Behavior [ RunTime:-0.343750s ]
INFO: [ view_parse ] --END-- [ RunTime:0.031250s ]
INFO: [ view_filter ] --START--
INFO: Run ContentReplace Behavior [ RunTime:-0.375000s ]
INFO: Run TokenBuild Behavior [ RunTime:-0.390625s ]
INFO: Run WriteHtmlCache Behavior [ RunTime:-0.390625s ]
INFO: Run ShowRuntime Behavior [ RunTime:-0.390625s ]
INFO: [ view_filter ] --END-- [ RunTime:0.015625s ]
INFO: [ view_end ] --START--
INFO: Run ShowPageTrace Behavior [ RunTime:-0.390625s ]
INFO: [ view_end ] --END-- [ RunTime:0.000000s ]

[ 2015-07-18T10:48:04+08:00 ] 127.0.0.1 /badouwang/index.php/Ajax/AjaxCourse/getChildCourse?type=%E5%AD%A6%E4%B9%A0%E8%BE%85%E5%AF%BC
INFO: [ route_check ] --START--
INFO: Run CheckRoute Behavior [ RunTime:0.015625s ]
INFO: [ route_check ] --END-- [ RunTime:0.015625s ]
INFO: [ app_begin ] --START--
INFO: Run ReadHtmlCache Behavior [ RunTime:0.000000s ]
INFO: [ app_begin ] --END-- [ RunTime:0.000000s ]
NOTIC: [8] Undefined index: city E:\wamp\wamp\www\badouwang\home\Lib\Action\CommonAction.class.php 第 27 行.
SQL: SHOW COLUMNS FROM `bd_city` [ RunTime:0.406250s ]
SQL: select city.id,city.name,pro.name pname from bd_city city left join bd_province pro on city.provincei_d=pro.id where city.isopen=1 [ RunTime:0.562500s ]
NOTIC: [8] Undefined index: 北京 E:\wamp\wamp\www\badouwang\core\Extend\Library\Com\ArrayHelper.class.php 第 11 行.
NOTIC: [8] Undefined index: 上海 E:\wamp\wamp\www\badouwang\core\Extend\Library\Com\ArrayHelper.class.php 第 11 行.
NOTIC: [8] Undefined index: 广东 E:\wamp\wamp\www\badouwang\core\Extend\Library\Com\ArrayHelper.class.php 第 11 行.
SQL: SHOW COLUMNS FROM `bd_user` [ RunTime:0.343750s ]
SQL: SELECT `type` FROM `bd_user` WHERE uid='11' LIMIT 1   [ RunTime:0.250000s ]
SQL: SHOW COLUMNS FROM `bd_message` [ RunTime:0.171875s ]
SQL: SELECT COUNT(*) AS tp_count FROM `bd_message` WHERE to_uid=11 and is_read=0 and type=1 LIMIT 1   [ RunTime:0.109375s ]
SQL: SELECT COUNT(*) AS tp_count FROM `bd_message` WHERE to_uid=11 and is_read=0 and type=3 LIMIT 1   [ RunTime:0.093750s ]
SQL: SELECT COUNT(*) AS tp_count FROM `bd_message` WHERE to_uid=11 and is_read=0 and type=2 LIMIT 1   [ RunTime:0.109375s ]
SQL: SELECT COUNT(*) AS tp_count FROM `bd_message` WHERE to_uid=11 and is_read=0 and type=4 LIMIT 1   [ RunTime:0.078125s ]
NOTIC: [8] Undefined variable: sCount E:\wamp\wamp\www\badouwang\home\Lib\Action\CommonAction.class.php 第 103 行.
SQL: SHOW COLUMNS FROM `bd_classfiy` [ RunTime:0.031250s ]
SQL: SELECT `id`,`lrf`,`rft`,`lev` FROM `bd_classfiy` WHERE name='学习辅导' LIMIT 1   [ RunTime:0.015625s ]
SQL: select id from bd_classfiy where lrf>'155' and rft<'172]'  [ RunTime:0.000000s ]
SQL: SHOW COLUMNS FROM `bd_organ_spred` [ RunTime:0.015625s ]
SQL: select * from(select spred.s_time,spred.price,spred.id,spred.d_price,spred.type,course.cid cuid,course.cname,course.timg aname,course.city p_address,ifnull(course.o_address,spred.address)address from bd_organ_spred spred left join bd_proxyermanage course on spred.cid=course.id left join bd_classfiy type on type.id=course.cid ) sp where sp.cuid in(102,103,104,105,106,107,108,167) and sp.type=2 limit 0,8 [ RunTime:0.046875s ]
SQL: select * from(select spred.s_time,spred.id,spred.type,spred.price,spred.d_price,course.cid cuid,course.aname,auth.p_address,ifnull(auth.address,spred.address)address,course.c_img timg from bd_organ_spred spred left join bd_course course on spred.cid=course.id left join bd_classfiy type on type.id=course.cid left join bd_authentication auth on course.aid=auth.id) sp where sp.cuid in(102,103,104,105,106,107,108,167) and sp.type=1 limit 0,8 [ RunTime:0.000000s ]
NOTIC: [8] Undefined offset: 2 E:\wamp\wamp\www\badouwang\home\Lib\Action\Ajax\AjaxCourseAction.class.php 第 48 行.
NOTIC: [8] Undefined offset: 2 E:\wamp\wamp\www\badouwang\home\Lib\Action\Ajax\AjaxCourseAction.class.php 第 48 行.

[ 2015-07-18T10:48:05+08:00 ] 127.0.0.1 /badouwang/index.php/Ajax/AjaxClassfiy/getChild?cname=%E5%AD%A6%E4%B9%A0%E8%BE%85%E5%AF%BC&ishot=1
INFO: [ route_check ] --START--
INFO: Run CheckRoute Behavior [ RunTime:0.015625s ]
INFO: [ route_check ] --END-- [ RunTime:0.015625s ]
INFO: [ app_begin ] --START--
INFO: Run ReadHtmlCache Behavior [ RunTime:0.000000s ]
INFO: [ app_begin ] --END-- [ RunTime:0.000000s ]
NOTIC: [8] Undefined index: city E:\wamp\wamp\www\badouwang\home\Lib\Action\CommonAction.class.php 第 27 行.
SQL: SHOW COLUMNS FROM `bd_city` [ RunTime:0.015625s ]
SQL: select city.id,city.name,pro.name pname from bd_city city left join bd_province pro on city.provincei_d=pro.id where city.isopen=1 [ RunTime:0.015625s ]
NOTIC: [8] Undefined index: 北京 E:\wamp\wamp\www\badouwang\core\Extend\Library\Com\ArrayHelper.class.php 第 11 行.
NOTIC: [8] Undefined index: 上海 E:\wamp\wamp\www\badouwang\core\Extend\Library\Com\ArrayHelper.class.php 第 11 行.
NOTIC: [8] Undefined index: 广东 E:\wamp\wamp\www\badouwang\core\Extend\Library\Com\ArrayHelper.class.php 第 11 行.
SQL: SHOW COLUMNS FROM `bd_user` [ RunTime:0.015625s ]
SQL: SELECT `type` FROM `bd_user` WHERE uid='11' LIMIT 1   [ RunTime:0.000000s ]
SQL: SHOW COLUMNS FROM `bd_message` [ RunTime:0.015625s ]
SQL: SELECT COUNT(*) AS tp_count FROM `bd_message` WHERE to_uid=11 and is_read=0 and type=1 LIMIT 1   [ RunTime:0.015625s ]
SQL: SELECT COUNT(*) AS tp_count FROM `bd_message` WHERE to_uid=11 and is_read=0 and type=3 LIMIT 1   [ RunTime:0.000000s ]
SQL: SELECT COUNT(*) AS tp_count FROM `bd_message` WHERE to_uid=11 and is_read=0 and type=2 LIMIT 1   [ RunTime:0.015625s ]
SQL: SELECT COUNT(*) AS tp_count FROM `bd_message` WHERE to_uid=11 and is_read=0 and type=4 LIMIT 1   [ RunTime:0.000000s ]
NOTIC: [8] Undefined variable: sCount E:\wamp\wamp\www\badouwang\home\Lib\Action\CommonAction.class.php 第 103 行.
NOTIC: [8] Undefined index: lev E:\wamp\wamp\www\badouwang\home\Lib\Action\CommonAction.class.php 第 184 行.
NOTIC: [8] Undefined index: pname E:\wamp\wamp\www\badouwang\home\Lib\Action\CommonAction.class.php 第 184 行.
SQL: SHOW COLUMNS FROM `bd_classfiy` [ RunTime:0.015625s ]
SQL: SELECT `id`,`lrf`,`rft`,`lev` FROM `bd_classfiy` WHERE name='学习辅导' LIMIT 1   [ RunTime:0.000000s ]
SQL: select name,id from bd_classfiy where lrf>'155' and rft<'172]' and lev-3=1 and ishot=1 [ RunTime:0.015625s ]

[ 2015-07-18T10:48:05+08:00 ] 127.0.0.1 /badouwang/index.php/Teach/Teach/index
INFO: [ route_check ] --START--
INFO: Run CheckRoute Behavior [ RunTime:0.000000s ]
INFO: [ route_check ] --END-- [ RunTime:0.000000s ]
INFO: [ app_begin ] --START--
INFO: Run ReadHtmlCache Behavior [ RunTime:0.000000s ]
INFO: [ app_begin ] --END-- [ RunTime:0.000000s ]
NOTIC: [8] Undefined index: city E:\wamp\wamp\www\badouwang\home\Lib\Action\CommonAction.class.php 第 27 行.
SQL: SHOW COLUMNS FROM `bd_city` [ RunTime:0.015625s ]
SQL: select city.id,city.name,pro.name pname from bd_city city left join bd_province pro on city.provincei_d=pro.id where city.isopen=1 [ RunTime:0.000000s ]
NOTIC: [8] Undefined index: 北京 E:\wamp\wamp\www\badouwang\core\Extend\Library\Com\ArrayHelper.class.php 第 11 行.
NOTIC: [8] Undefined index: 上海 E:\wamp\wamp\www\badouwang\core\Extend\Library\Com\ArrayHelper.class.php 第 11 行.
NOTIC: [8] Undefined index: 广东 E:\wamp\wamp\www\badouwang\core\Extend\Library\Com\ArrayHelper.class.php 第 11 行.
SQL: SHOW COLUMNS FROM `bd_user` [ RunTime:0.015625s ]
SQL: SELECT `type` FROM `bd_user` WHERE uid='11' LIMIT 1   [ RunTime:0.000000s ]
SQL: SHOW COLUMNS FROM `bd_message` [ RunTime:0.015625s ]
SQL: SELECT COUNT(*) AS tp_count FROM `bd_message` WHERE to_uid=11 and is_read=0 and type=1 LIMIT 1   [ RunTime:0.015625s ]
SQL: SELECT COUNT(*) AS tp_count FROM `bd_message` WHERE to_uid=11 and is_read=0 and type=3 LIMIT 1   [ RunTime:0.000000s ]
SQL: SELECT COUNT(*) AS tp_count FROM `bd_message` WHERE to_uid=11 and is_read=0 and type=2 LIMIT 1   [ RunTime:0.000000s ]
SQL: SELECT COUNT(*) AS tp_count FROM `bd_message` WHERE to_uid=11 and is_read=0 and type=4 LIMIT 1   [ RunTime:0.015625s ]
NOTIC: [8] Undefined variable: sCount E:\wamp\wamp\www\badouwang\home\Lib\Action\CommonAction.class.php 第 103 行.
SQL: SHOW COLUMNS FROM `bd_classfiy` [ RunTime:0.015625s ]
SQL: SELECT * FROM `bd_classfiy` WHERE name = '小学'  [ RunTime:0.015625s ]
SQL: SELECT t.title,t.id,t.uid,t.c_img,t.price,t.content,a.real_name,a.school,a.self_info,a.address,c.name FROM bd_teach t JOIN bd_authentication a ON t.teacher_id=a.id JOIN bd_classfiy c ON c.id=t.fid WHERE t.gid in(103,117,120,123,147) and t.type=1 ORDER BY atime DESC LIMIT 12 [ RunTime:0.000000s ]
SQL: SELECT * FROM `bd_classfiy` WHERE name = '初中'  [ RunTime:0.015625s ]
SQL: SELECT t.title,t.id,t.uid,t.c_img,t.price,t.content,a.real_name,a.school,a.self_info,a.address,c.name FROM bd_teach t JOIN bd_authentication a ON t.teacher_id=a.id JOIN bd_classfiy c ON c.id=t.fid WHERE t.gid in(104,118,121,124,126,128,131,145,148) and t.type=1 ORDER BY atime DESC LIMIT 12 [ RunTime:0.031250s ]
SQL: SELECT * FROM `bd_classfiy` WHERE name = '高中'  [ RunTime:0.015625s ]
SQL: SELECT t.title,t.id,t.uid,t.c_img,t.price,t.content,a.real_name,a.school,a.self_info,a.address,c.name FROM bd_teach t JOIN bd_authentication a ON t.teacher_id=a.id JOIN bd_classfiy c ON c.id=t.fid WHERE t.gid in(105,119,122,125,127,129,130,132,146,149) and t.type=1 ORDER BY atime DESC LIMIT 12 [ RunTime:0.015625s ]
SQL: SELECT * FROM `bd_classfiy` WHERE name = '文艺'  [ RunTime:0.031250s ]
SQL: SELECT t.title,t.id,t.uid,t.c_img,t.price,t.content,a.real_name,a.school,a.self_info,a.address,c.name FROM bd_teach t JOIN bd_authentication a ON t.teacher_id=a.id JOIN bd_classfiy c ON c.id=t.fid WHERE t.fid in(144) and t.type=1 ORDER BY atime DESC LIMIT 12 [ RunTime:0.000000s ]
SQL: SHOW COLUMNS FROM `bd_authentication` [ RunTime:0.015625s ]
SQL: SELECT COUNT(*) AS tp_count FROM `bd_authentication` WHERE city=200 and type=4 LIMIT 1   [ RunTime:0.015625s ]
SQL: SELECT * FROM `bd_classfiy` WHERE name = '英语' LIMIT 1   [ RunTime:0.000000s ]
SQL: SHOW COLUMNS FROM `bd_teach` [ RunTime:0.031250s ]
SQL: SELECT t.*,a.real_name,a.address FROM bd_teach t JOIN bd_authentication a ON t.teacher_id=a.id WHERE t.fid = 110 and t.type = 2 limit 4 [ RunTime:0.000000s ]
SQL: SELECT h.*,m.user_pic,m.rname FROM bd_teacher_hunt h LEFT JOIN bd_memberfields m ON h.uid=m.uid ORDER BY ctime DESC LIMIT 4 [ RunTime:0.046875s ]
SQL: SELECT `id` FROM `bd_classfiy` WHERE name='公告信息' LIMIT 1   [ RunTime:0.000000s ]
SQL: SHOW COLUMNS FROM `bd_article` [ RunTime:0.031250s ]
SQL: SELECT `id`,`title`,`mtime` FROM `bd_article` WHERE gid=166  [ RunTime:0.000000s ]
SQL: SHOW COLUMNS FROM `bd_friendlink` [ RunTime:0.015625s ]
SQL: SELECT * FROM `bd_friendlink` WHERE type=2 ORDER BY posttime desc LIMIT 4   [ RunTime:0.000000s ]
NOTIC: [8] Undefined variable: res E:\wamp\wamp\www\badouwang\home\Lib\Action\Teach\TeachAction.class.php 第 50 行.
INFO: [ view_template ] --START--
INFO: Run LocationTemplate Behavior [ RunTime:-4.718750s ]
INFO: [ view_template ] --END-- [ RunTime:0.000000s ]
INFO: [ view_parse ] --START--
NOTIC: [8] Undefined variable: cityid E:\wamp\wamp\www\badouwang\home\Runtime\Cache\Teach\d3f857edb7da8af2f3efc118fef52929.php 第 19 行.
NOTIC: [8] Undefined variable: cityid E:\wamp\wamp\www\badouwang\home\Runtime\Cache\Teach\d3f857edb7da8af2f3efc118fef52929.php 第 19 行.
NOTIC: [8] Undefined variable: cityid E:\wamp\wamp\www\badouwang\home\Runtime\Cache\Teach\d3f857edb7da8af2f3efc118fef52929.php 第 19 行.
NOTIC: [8] Undefined variable: cityid E:\wamp\wamp\www\badouwang\home\Runtime\Cache\Teach\d3f857edb7da8af2f3efc118fef52929.php 第 19 行.
NOTIC: [8] Undefined variable: dCount E:\wamp\wamp\www\badouwang\home\Runtime\Cache\Teach\d3f857edb7da8af2f3efc118fef52929.php 第 46 行.
INFO: Run ParseTemplate Behavior [ RunTime:-4.718750s ]
INFO: [ view_parse ] --END-- [ RunTime:0.093750s ]
INFO: [ view_filter ] --START--
INFO: Run ContentReplace Behavior [ RunTime:-4.812500s ]
INFO: Run TokenBuild Behavior [ RunTime:-4.812500s ]
INFO: Run WriteHtmlCache Behavior [ RunTime:-4.812500s ]
INFO: Run ShowRuntime Behavior [ RunTime:-4.812500s ]
INFO: [ view_filter ] --END-- [ RunTime:0.000000s ]
INFO: [ view_end ] --START--
INFO: Run ShowPageTrace Behavior [ RunTime:-4.812500s ]
INFO: [ view_end ] --END-- [ RunTime:0.000000s ]

