[ 2015-05-12T09:14:33+08:00 ] 127.0.0.1 /badouwang/index.php/
INFO: [ route_check ] --START--
INFO: Run CheckRoute Behavior [ RunTime:0.046875s ]
INFO: [ route_check ] --END-- [ RunTime:0.062500s ]
INFO: [ app_begin ] --START--
INFO: Run ReadHtmlCache Behavior [ RunTime:-0.046875s ]
INFO: [ app_begin ] --END-- [ RunTime:0.015625s ]
INFO: [ view_template ] --START--
INFO: Run LocationTemplate Behavior [ RunTime:-0.125000s ]
INFO: [ view_template ] --END-- [ RunTime:0.000000s ]
INFO: [ view_parse ] --START--
NOTIC: [8] Undefined index: uname E:\wamp\wamp\www\badouwang\home\Runtime\Cache\Index\b0cfccd32a8aecbbf5895237c16bc75a.php 第 15 行.
INFO: Run ParseTemplate Behavior [ RunTime:-0.140625s ]
INFO: [ view_parse ] --END-- [ RunTime:0.062500s ]
INFO: [ view_filter ] --START--
INFO: Run ContentReplace Behavior [ RunTime:-0.203125s ]
INFO: Run TokenBuild Behavior [ RunTime:-0.203125s ]
INFO: Run WriteHtmlCache Behavior [ RunTime:-0.203125s ]
INFO: Run ShowRuntime Behavior [ RunTime:-0.203125s ]
INFO: [ view_filter ] --END-- [ RunTime:0.000000s ]
INFO: [ view_end ] --START--
INFO: Run ShowPageTrace Behavior [ RunTime:-0.203125s ]
INFO: [ view_end ] --END-- [ RunTime:0.000000s ]

[ 2015-05-12T09:14:37+08:00 ] 127.0.0.1 /badouwang/index.php/User/User/login
INFO: [ route_check ] --START--
INFO: Run CheckRoute Behavior [ RunTime:0.000000s ]
INFO: [ route_check ] --END-- [ RunTime:0.000000s ]
INFO: [ app_begin ] --START--
INFO: Run ReadHtmlCache Behavior [ RunTime:0.000000s ]
INFO: [ app_begin ] --END-- [ RunTime:0.000000s ]
SQL: SHOW COLUMNS FROM `bd_user` [ RunTime:0.031250s ]
INFO: [ view_template ] --START--
INFO: Run LocationTemplate Behavior [ RunTime:-1.953125s ]
INFO: [ view_template ] --END-- [ RunTime:0.000000s ]
INFO: [ view_parse ] --START--
INFO: Run ParseTemplate Behavior [ RunTime:-1.953125s ]
INFO: [ view_parse ] --END-- [ RunTime:0.062500s ]
INFO: [ view_filter ] --START--
INFO: Run ContentReplace Behavior [ RunTime:-2.015625s ]
INFO: Run TokenBuild Behavior [ RunTime:-2.015625s ]
INFO: Run WriteHtmlCache Behavior [ RunTime:-2.015625s ]
INFO: Run ShowRuntime Behavior [ RunTime:-2.015625s ]
INFO: [ view_filter ] --END-- [ RunTime:0.000000s ]
INFO: [ view_end ] --START--
INFO: Run ShowPageTrace Behavior [ RunTime:-2.015625s ]
INFO: [ view_end ] --END-- [ RunTime:0.000000s ]

[ 2015-05-12T09:14:49+08:00 ] 127.0.0.1 /badouwang/index.php/Ajax/AjaxUser/vuser?uname=qiyunfanbo%40126.com
INFO: [ route_check ] --START--
INFO: Run CheckRoute Behavior [ RunTime:0.000000s ]
INFO: [ route_check ] --END-- [ RunTime:0.000000s ]
INFO: [ app_begin ] --START--
INFO: Run ReadHtmlCache Behavior [ RunTime:0.000000s ]
INFO: [ app_begin ] --END-- [ RunTime:0.000000s ]
SQL: SHOW COLUMNS FROM `bd_user` [ RunTime:0.296875s ]
SQL: SELECT * FROM `bd_user` WHERE uname='qiyunfanbo@126.com' LIMIT 1   [ RunTime:1.984375s ]

[ 2015-05-12T09:14:51+08:00 ] 127.0.0.1 /badouwang/index.php/Ajax/AjaxUser/vpass?uname=qiyunfanbo%40126.com&password=654321
INFO: [ route_check ] --START--
INFO: Run CheckRoute Behavior [ RunTime:0.000000s ]
INFO: [ route_check ] --END-- [ RunTime:0.000000s ]
INFO: [ app_begin ] --START--
INFO: Run ReadHtmlCache Behavior [ RunTime:0.000000s ]
INFO: [ app_begin ] --END-- [ RunTime:0.000000s ]
SQL: SHOW COLUMNS FROM `bd_user` [ RunTime:0.109375s ]
NOTIC: [2] md5() expects parameter 1 to be string, array given E:\wamp\wamp\www\badouwang\core\Extend\Library\Com\PasswordHelper.class.php 第 66 行.
NOTIC: [8] Undefined variable: char E:\wamp\wamp\www\badouwang\core\Extend\Library\Com\PasswordHelper.class.php 第 77 行.
NOTIC: [8] Undefined variable: str E:\wamp\wamp\www\badouwang\core\Extend\Library\Com\PasswordHelper.class.php 第 88 行.
SQL: SELECT * FROM `bd_user` WHERE uname='qiyunfanbo@126.com' and password='13d986e951294e328b607007337f17e6' LIMIT 1   [ RunTime:0.203125s ]

[ 2015-05-12T09:14:53+08:00 ] 127.0.0.1 /badouwang/index.php/Ajax/AjaxUser/vuser?uname=qiyunfanbo%40126.com
INFO: [ route_check ] --START--
INFO: Run CheckRoute Behavior [ RunTime:0.000000s ]
INFO: [ route_check ] --END-- [ RunTime:0.000000s ]
INFO: [ app_begin ] --START--
INFO: Run ReadHtmlCache Behavior [ RunTime:0.000000s ]
INFO: [ app_begin ] --END-- [ RunTime:0.000000s ]
SQL: SHOW COLUMNS FROM `bd_user` [ RunTime:0.000000s ]
SQL: SELECT * FROM `bd_user` WHERE uname='qiyunfanbo@126.com' LIMIT 1   [ RunTime:0.015625s ]

[ 2015-05-12T09:14:53+08:00 ] 127.0.0.1 /badouwang/index.php/Ajax/AjaxUser/vpass?uname=qiyunfanbo%40126.com&password=654321
INFO: [ route_check ] --START--
INFO: Run CheckRoute Behavior [ RunTime:0.000000s ]
INFO: [ route_check ] --END-- [ RunTime:0.000000s ]
INFO: [ app_begin ] --START--
INFO: Run ReadHtmlCache Behavior [ RunTime:0.000000s ]
INFO: [ app_begin ] --END-- [ RunTime:0.000000s ]
SQL: SHOW COLUMNS FROM `bd_user` [ RunTime:0.000000s ]
NOTIC: [2] md5() expects parameter 1 to be string, array given E:\wamp\wamp\www\badouwang\core\Extend\Library\Com\PasswordHelper.class.php 第 66 行.
NOTIC: [8] Undefined variable: char E:\wamp\wamp\www\badouwang\core\Extend\Library\Com\PasswordHelper.class.php 第 77 行.
NOTIC: [8] Undefined variable: str E:\wamp\wamp\www\badouwang\core\Extend\Library\Com\PasswordHelper.class.php 第 88 行.
SQL: SELECT * FROM `bd_user` WHERE uname='qiyunfanbo@126.com' and password='13d986e951294e328b607007337f17e6' LIMIT 1   [ RunTime:0.000000s ]

[ 2015-05-12T09:14:53+08:00 ] 127.0.0.1 /badouwang/index.php/index/index/index
INFO: [ route_check ] --START--
INFO: Run CheckRoute Behavior [ RunTime:0.000000s ]
INFO: [ route_check ] --END-- [ RunTime:0.000000s ]
INFO: [ app_begin ] --START--
INFO: Run ReadHtmlCache Behavior [ RunTime:0.000000s ]
INFO: [ app_begin ] --END-- [ RunTime:0.000000s ]
INFO: [ view_template ] --START--
INFO: Run LocationTemplate Behavior [ RunTime:0.000000s ]
INFO: [ view_template ] --END-- [ RunTime:0.000000s ]
INFO: [ view_parse ] --START--
INFO: Run ParseTemplate Behavior [ RunTime:0.000000s ]
INFO: [ view_parse ] --END-- [ RunTime:0.015625s ]
INFO: [ view_filter ] --START--
INFO: Run ContentReplace Behavior [ RunTime:-0.015625s ]
INFO: Run TokenBuild Behavior [ RunTime:-0.015625s ]
INFO: Run WriteHtmlCache Behavior [ RunTime:-0.015625s ]
INFO: Run ShowRuntime Behavior [ RunTime:-0.015625s ]
INFO: [ view_filter ] --END-- [ RunTime:0.000000s ]
INFO: [ view_end ] --START--
INFO: Run ShowPageTrace Behavior [ RunTime:-0.015625s ]
INFO: [ view_end ] --END-- [ RunTime:0.015625s ]

[ 2015-05-12T09:14:56+08:00 ] 127.0.0.1 /badouwang/index.php/Teach/Teach/index
INFO: [ route_check ] --START--
INFO: Run CheckRoute Behavior [ RunTime:0.000000s ]
INFO: [ route_check ] --END-- [ RunTime:0.000000s ]
INFO: [ app_begin ] --START--
INFO: Run ReadHtmlCache Behavior [ RunTime:-0.015625s ]
INFO: [ app_begin ] --END-- [ RunTime:0.000000s ]
SQL: select a.real_name rname,a.telephone phone,a.cid,a.address,c.name course,t.title,t.id,t.c_img,t.price,t.hit,t.pay from bd_teach t join bd_authentication a on a.uid=t.uid join bd_classfiy c on c.id=a.cid order by atime desc limit 4 [ RunTime:0.000000s ]
SQL: SHOW COLUMNS FROM `bd_classfiy` [ RunTime:0.015625s ]
NOTIC: [2] Missing argument 4 for ClassfiyHelper::getClassesByName(), called in E:\wamp\wamp\www\badouwang\home\Lib\Action\Teach\TeachAction.class.php on line 18 and defined E:\wamp\wamp\www\badouwang\core\Extend\Library\Com\ClassfiyHelper.class.php 第 47 行.
SQL: SELECT `id`,`lrf`,`rft`,`lev` FROM `bd_classfiy` WHERE name='家教分类' LIMIT 1   [ RunTime:0.015625s ]
NOTIC: [8] Undefined variable: fields E:\wamp\wamp\www\badouwang\core\Extend\Library\Com\ClassfiyHelper.class.php 第 51 行.
SQL: select id,name,cimg,ctextbrand from bd_classfiy where lrf>'2' and rft<'7]' and lev-2=1 [ RunTime:0.000000s ]
SQL: SHOW COLUMNS FROM `bd_authentication` [ RunTime:0.015625s ]
SQL: SELECT * FROM `bd_authentication` WHERE type=1 LIMIT 10   [ RunTime:0.031250s ]
SQL: SHOW COLUMNS FROM `bd_teach` [ RunTime:0.015625s ]
SQL: SELECT * FROM `bd_teach`  [ RunTime:0.000000s ]
INFO: [ view_template ] --START--
INFO: Run LocationTemplate Behavior [ RunTime:-0.343750s ]
INFO: [ view_template ] --END-- [ RunTime:0.000000s ]
INFO: [ view_parse ] --START--
INFO: Run ParseTemplate Behavior [ RunTime:-0.343750s ]
INFO: [ view_parse ] --END-- [ RunTime:0.234375s ]
INFO: [ view_filter ] --START--
INFO: Run ContentReplace Behavior [ RunTime:-0.578125s ]
INFO: Run TokenBuild Behavior [ RunTime:-0.578125s ]
INFO: Run WriteHtmlCache Behavior [ RunTime:-0.578125s ]
INFO: Run ShowRuntime Behavior [ RunTime:-0.578125s ]
INFO: [ view_filter ] --END-- [ RunTime:0.000000s ]
INFO: [ view_end ] --START--
INFO: Run ShowPageTrace Behavior [ RunTime:-0.578125s ]
INFO: [ view_end ] --END-- [ RunTime:0.000000s ]

[ 2015-05-12T09:15:04+08:00 ] 127.0.0.1 /badouwang/index.php/Organ/Organ/
INFO: [ route_check ] --START--
INFO: Run CheckRoute Behavior [ RunTime:0.000000s ]
INFO: [ route_check ] --END-- [ RunTime:0.000000s ]
INFO: [ app_begin ] --START--
INFO: Run ReadHtmlCache Behavior [ RunTime:0.000000s ]
INFO: [ app_begin ] --END-- [ RunTime:0.000000s ]
SQL: SHOW COLUMNS FROM `bd_classfiy` [ RunTime:0.000000s ]
SQL: SELECT `id`,`lrf`,`rft`,`lev` FROM `bd_classfiy` WHERE name='培训分类' LIMIT 1   [ RunTime:0.015625s ]
SQL: select name from bd_classfiy where lrf>'12' and rft<'71]' and lev-2=1 [ RunTime:0.000000s ]
SQL: SHOW COLUMNS FROM `bd_organ_spred` [ RunTime:0.015625s ]
SQL: select course.aname,spred.timestamp from bd_organ_spred spred left join bd_course course on spred.cid=course.id order by spred.timestamp limit 0,6 [ RunTime:0.000000s ]
INFO: [ view_template ] --START--
INFO: Run LocationTemplate Behavior [ RunTime:-0.203125s ]
INFO: [ view_template ] --END-- [ RunTime:0.015625s ]
INFO: [ view_parse ] --START--
INFO: Run ParseTemplate Behavior [ RunTime:-0.203125s ]
INFO: [ view_parse ] --END-- [ RunTime:0.093750s ]
INFO: [ view_filter ] --START--
INFO: Run ContentReplace Behavior [ RunTime:-0.296875s ]
INFO: Run TokenBuild Behavior [ RunTime:-0.296875s ]
INFO: Run WriteHtmlCache Behavior [ RunTime:-0.296875s ]
INFO: Run ShowRuntime Behavior [ RunTime:-0.296875s ]
INFO: [ view_filter ] --END-- [ RunTime:0.000000s ]
INFO: [ view_end ] --START--
INFO: Run ShowPageTrace Behavior [ RunTime:-0.296875s ]
INFO: [ view_end ] --END-- [ RunTime:0.000000s ]

[ 2015-05-12T09:15:05+08:00 ] 127.0.0.1 /badouwang/index.php/Ajax/AjaxClassfiy/getChild?cname=%E4%B8%93%E4%B8%9A%E8%80%83%E8%AF%81&ishot=1
INFO: [ route_check ] --START--
INFO: Run CheckRoute Behavior [ RunTime:0.000000s ]
INFO: [ route_check ] --END-- [ RunTime:0.000000s ]
INFO: [ app_begin ] --START--
INFO: Run ReadHtmlCache Behavior [ RunTime:0.000000s ]
INFO: [ app_begin ] --END-- [ RunTime:0.000000s ]
NOTIC: [8] Undefined index: lev E:\wamp\wamp\www\badouwang\home\Lib\Action\CommonAction.class.php 第 66 行.
SQL: SHOW COLUMNS FROM `bd_classfiy` [ RunTime:0.015625s ]
SQL: SELECT `id`,`lrf`,`rft`,`lev` FROM `bd_classfiy` WHERE name='专业考证' LIMIT 1   [ RunTime:0.015625s ]
SQL: select name from bd_classfiy where lrf>'13' and rft<'42]' and lev-3=1 and ishot=1 [ RunTime:0.000000s ]

[ 2015-05-12T10:11:50+08:00 ] 127.0.0.1 /badouwang/index.php/Ajax/AjaxClassfiy/getChild?cname=%E8%81%8C%E4%B8%9A%E5%9F%B9%E8%AE%AD&ishot=1
INFO: [ route_check ] --START--
INFO: Run CheckRoute Behavior [ RunTime:0.000000s ]
INFO: [ route_check ] --END-- [ RunTime:0.000000s ]
INFO: [ app_begin ] --START--
INFO: Run ReadHtmlCache Behavior [ RunTime:0.000000s ]
INFO: [ app_begin ] --END-- [ RunTime:0.000000s ]
NOTIC: [8] Undefined index: lev E:\wamp\wamp\www\badouwang\home\Lib\Action\CommonAction.class.php 第 66 行.
SQL: SHOW COLUMNS FROM `bd_classfiy` [ RunTime:0.015625s ]
SQL: SELECT `id`,`lrf`,`rft`,`lev` FROM `bd_classfiy` WHERE name='职业培训' LIMIT 1   [ RunTime:0.000000s ]
SQL: select name from bd_classfiy where lrf>'43' and rft<'44]' and lev-3=1 and ishot=1 [ RunTime:0.015625s ]

[ 2015-05-12T10:11:51+08:00 ] 127.0.0.1 /badouwang/index.php/Ajax/AjaxClassfiy/getChild?cname=%E5%87%BA%E5%9B%BD%E7%95%99%E5%AD%A6&ishot=1
INFO: [ route_check ] --START--
INFO: Run CheckRoute Behavior [ RunTime:0.000000s ]
INFO: [ route_check ] --END-- [ RunTime:0.000000s ]
INFO: [ app_begin ] --START--
INFO: Run ReadHtmlCache Behavior [ RunTime:0.000000s ]
INFO: [ app_begin ] --END-- [ RunTime:0.000000s ]
NOTIC: [8] Undefined index: lev E:\wamp\wamp\www\badouwang\home\Lib\Action\CommonAction.class.php 第 66 行.
SQL: SHOW COLUMNS FROM `bd_classfiy` [ RunTime:0.000000s ]
SQL: SELECT `id`,`lrf`,`rft`,`lev` FROM `bd_classfiy` WHERE name='出国留学' LIMIT 1   [ RunTime:0.031250s ]
SQL: select name from bd_classfiy where lrf>'45' and rft<'46]' and lev-3=1 and ishot=1 [ RunTime:0.015625s ]

[ 2015-05-12T10:11:52+08:00 ] 127.0.0.1 /badouwang/index.php/Ajax/AjaxClassfiy/getChild?cname=%E5%AD%A6%E4%B9%A0%E8%BE%85%E5%AF%BC&ishot=1
INFO: [ route_check ] --START--
INFO: Run CheckRoute Behavior [ RunTime:0.000000s ]
INFO: [ route_check ] --END-- [ RunTime:0.000000s ]
INFO: [ app_begin ] --START--
INFO: Run ReadHtmlCache Behavior [ RunTime:0.000000s ]
INFO: [ app_begin ] --END-- [ RunTime:0.000000s ]
NOTIC: [8] Undefined index: lev E:\wamp\wamp\www\badouwang\home\Lib\Action\CommonAction.class.php 第 66 行.
SQL: SHOW COLUMNS FROM `bd_classfiy` [ RunTime:0.015625s ]
SQL: SELECT `id`,`lrf`,`rft`,`lev` FROM `bd_classfiy` WHERE name='学习辅导' LIMIT 1   [ RunTime:0.000000s ]
SQL: select name from bd_classfiy where lrf>'47' and rft<'70]' and lev-3=1 and ishot=1 [ RunTime:0.015625s ]

[ 2015-05-12T10:12:01+08:00 ] 127.0.0.1 /badouwang/index.php/Index/Index/index
INFO: [ route_check ] --START--
INFO: Run CheckRoute Behavior [ RunTime:0.000000s ]
INFO: [ route_check ] --END-- [ RunTime:0.000000s ]
INFO: [ app_begin ] --START--
INFO: Run ReadHtmlCache Behavior [ RunTime:-0.015625s ]
INFO: [ app_begin ] --END-- [ RunTime:0.000000s ]
INFO: [ view_template ] --START--
INFO: Run LocationTemplate Behavior [ RunTime:-0.015625s ]
INFO: [ view_template ] --END-- [ RunTime:0.000000s ]
INFO: [ view_parse ] --START--
INFO: Run ParseTemplate Behavior [ RunTime:-0.015625s ]
INFO: [ view_parse ] --END-- [ RunTime:0.015625s ]
INFO: [ view_filter ] --START--
INFO: Run ContentReplace Behavior [ RunTime:-0.031250s ]
INFO: Run TokenBuild Behavior [ RunTime:-0.031250s ]
INFO: Run WriteHtmlCache Behavior [ RunTime:-0.031250s ]
INFO: Run ShowRuntime Behavior [ RunTime:-0.031250s ]
INFO: [ view_filter ] --END-- [ RunTime:0.000000s ]
INFO: [ view_end ] --START--
INFO: Run ShowPageTrace Behavior [ RunTime:-0.031250s ]
INFO: [ view_end ] --END-- [ RunTime:0.000000s ]

[ 2015-05-12T10:12:12+08:00 ] 127.0.0.1 /badouwang/index.php/Teach/Teach/index
INFO: [ route_check ] --START--
INFO: Run CheckRoute Behavior [ RunTime:0.000000s ]
INFO: [ route_check ] --END-- [ RunTime:0.000000s ]
INFO: [ app_begin ] --START--
INFO: Run ReadHtmlCache Behavior [ RunTime:0.000000s ]
INFO: [ app_begin ] --END-- [ RunTime:0.000000s ]
SQL: select a.real_name rname,a.telephone phone,a.cid,a.address,c.name course,t.title,t.id,t.c_img,t.price,t.hit,t.pay from bd_teach t join bd_authentication a on a.uid=t.uid join bd_classfiy c on c.id=a.cid order by atime desc limit 4 [ RunTime:0.000000s ]
SQL: SHOW COLUMNS FROM `bd_classfiy` [ RunTime:0.031250s ]
NOTIC: [2] Missing argument 4 for ClassfiyHelper::getClassesByName(), called in E:\wamp\wamp\www\badouwang\home\Lib\Action\Teach\TeachAction.class.php on line 18 and defined E:\wamp\wamp\www\badouwang\core\Extend\Library\Com\ClassfiyHelper.class.php 第 47 行.
SQL: SELECT `id`,`lrf`,`rft`,`lev` FROM `bd_classfiy` WHERE name='家教分类' LIMIT 1   [ RunTime:0.015625s ]
NOTIC: [8] Undefined variable: fields E:\wamp\wamp\www\badouwang\core\Extend\Library\Com\ClassfiyHelper.class.php 第 51 行.
SQL: select id,name,cimg,ctextbrand from bd_classfiy where lrf>'2' and rft<'7]' and lev-2=1 [ RunTime:0.000000s ]
SQL: SHOW COLUMNS FROM `bd_authentication` [ RunTime:0.031250s ]
SQL: SELECT * FROM `bd_authentication` WHERE type=1 LIMIT 10   [ RunTime:0.015625s ]
SQL: SHOW COLUMNS FROM `bd_teach` [ RunTime:0.015625s ]
SQL: SELECT * FROM `bd_teach`  [ RunTime:0.015625s ]
INFO: [ view_template ] --START--
INFO: Run LocationTemplate Behavior [ RunTime:-0.265625s ]
INFO: [ view_template ] --END-- [ RunTime:0.000000s ]
INFO: [ view_parse ] --START--
INFO: Run ParseTemplate Behavior [ RunTime:-0.265625s ]
INFO: [ view_parse ] --END-- [ RunTime:0.015625s ]
INFO: [ view_filter ] --START--
INFO: Run ContentReplace Behavior [ RunTime:-0.281250s ]
INFO: Run TokenBuild Behavior [ RunTime:-0.281250s ]
INFO: Run WriteHtmlCache Behavior [ RunTime:-0.281250s ]
INFO: Run ShowRuntime Behavior [ RunTime:-0.281250s ]
INFO: [ view_filter ] --END-- [ RunTime:0.000000s ]
INFO: [ view_end ] --START--
INFO: Run ShowPageTrace Behavior [ RunTime:-0.281250s ]
INFO: [ view_end ] --END-- [ RunTime:0.000000s ]

[ 2015-05-12T10:12:17+08:00 ] 127.0.0.1 /badouwang/index.php/Organ/Organ/
INFO: [ route_check ] --START--
INFO: Run CheckRoute Behavior [ RunTime:0.000000s ]
INFO: [ route_check ] --END-- [ RunTime:0.000000s ]
INFO: [ app_begin ] --START--
INFO: Run ReadHtmlCache Behavior [ RunTime:0.000000s ]
INFO: [ app_begin ] --END-- [ RunTime:0.000000s ]
SQL: SHOW COLUMNS FROM `bd_classfiy` [ RunTime:0.015625s ]
SQL: SELECT `id`,`lrf`,`rft`,`lev` FROM `bd_classfiy` WHERE name='培训分类' LIMIT 1   [ RunTime:0.000000s ]
SQL: select name from bd_classfiy where lrf>'12' and rft<'71]' and lev-2=1 [ RunTime:0.015625s ]
SQL: SHOW COLUMNS FROM `bd_organ_spred` [ RunTime:0.015625s ]
SQL: select course.aname,spred.timestamp from bd_organ_spred spred left join bd_course course on spred.cid=course.id order by spred.timestamp limit 0,6 [ RunTime:0.000000s ]
INFO: [ view_template ] --START--
INFO: Run LocationTemplate Behavior [ RunTime:-0.187500s ]
INFO: [ view_template ] --END-- [ RunTime:0.000000s ]
INFO: [ view_parse ] --START--
INFO: Run ParseTemplate Behavior [ RunTime:-0.187500s ]
INFO: [ view_parse ] --END-- [ RunTime:0.015625s ]
INFO: [ view_filter ] --START--
INFO: Run ContentReplace Behavior [ RunTime:-0.203125s ]
INFO: Run TokenBuild Behavior [ RunTime:-0.203125s ]
INFO: Run WriteHtmlCache Behavior [ RunTime:-0.203125s ]
INFO: Run ShowRuntime Behavior [ RunTime:-0.203125s ]
INFO: [ view_filter ] --END-- [ RunTime:0.000000s ]
INFO: [ view_end ] --START--
INFO: Run ShowPageTrace Behavior [ RunTime:-0.203125s ]
INFO: [ view_end ] --END-- [ RunTime:0.015625s ]

[ 2015-05-12T10:12:17+08:00 ] 127.0.0.1 /badouwang/index.php/Ajax/AjaxClassfiy/getChild?cname=%E4%B8%93%E4%B8%9A%E8%80%83%E8%AF%81&ishot=1
INFO: [ route_check ] --START--
INFO: Run CheckRoute Behavior [ RunTime:0.000000s ]
INFO: [ route_check ] --END-- [ RunTime:0.000000s ]
INFO: [ app_begin ] --START--
INFO: Run ReadHtmlCache Behavior [ RunTime:0.000000s ]
INFO: [ app_begin ] --END-- [ RunTime:0.000000s ]
NOTIC: [8] Undefined index: lev E:\wamp\wamp\www\badouwang\home\Lib\Action\CommonAction.class.php 第 66 行.
SQL: SHOW COLUMNS FROM `bd_classfiy` [ RunTime:0.015625s ]
SQL: SELECT `id`,`lrf`,`rft`,`lev` FROM `bd_classfiy` WHERE name='专业考证' LIMIT 1   [ RunTime:0.015625s ]
SQL: select name from bd_classfiy where lrf>'13' and rft<'42]' and lev-3=1 and ishot=1 [ RunTime:0.015625s ]

[ 2015-05-12T10:12:24+08:00 ] 127.0.0.1 /badouwang/index.php/Exam/Exam/exam
INFO: [ route_check ] --START--
INFO: Run CheckRoute Behavior [ RunTime:0.000000s ]
INFO: [ route_check ] --END-- [ RunTime:0.000000s ]
INFO: [ app_begin ] --START--
INFO: Run ReadHtmlCache Behavior [ RunTime:0.000000s ]
INFO: [ app_begin ] --END-- [ RunTime:0.000000s ]
SQL: SELECT type,COUNT(id) total FROM bd_ex_question GROUP BY type [ RunTime:0.093750s ]
SQL: SELECT COUNT(id) total,COUNT(DISTINCT sid) sid FROM bd_ex_question [ RunTime:0.000000s ]
INFO: [ view_template ] --START--
INFO: Run LocationTemplate Behavior [ RunTime:-0.453125s ]
INFO: [ view_template ] --END-- [ RunTime:0.000000s ]
INFO: [ view_parse ] --START--
NOTIC: [8] Undefined offset: 0 E:\wamp\wamp\www\badouwang\home\Runtime\Cache\Exam\92678cffffbcc1abcad076bf77f640b5.php 第 25 行.
NOTIC: [8] Undefined offset: 1 E:\wamp\wamp\www\badouwang\home\Runtime\Cache\Exam\92678cffffbcc1abcad076bf77f640b5.php 第 26 行.
INFO: Run ParseTemplate Behavior [ RunTime:-0.453125s ]
INFO: [ view_parse ] --END-- [ RunTime:0.046875s ]
INFO: [ view_filter ] --START--
INFO: Run ContentReplace Behavior [ RunTime:-0.500000s ]
INFO: Run TokenBuild Behavior [ RunTime:-0.500000s ]
INFO: Run WriteHtmlCache Behavior [ RunTime:-0.500000s ]
INFO: Run ShowRuntime Behavior [ RunTime:-0.500000s ]
INFO: [ view_filter ] --END-- [ RunTime:0.000000s ]
INFO: [ view_end ] --START--
INFO: Run ShowPageTrace Behavior [ RunTime:-0.500000s ]
INFO: [ view_end ] --END-- [ RunTime:0.000000s ]

[ 2015-05-12T10:12:27+08:00 ] 127.0.0.1 /badouwang/index.php/Ajax/AjaxClassfiy/getChild?cname=%E4%B8%93%E4%B8%9A%E8%80%83%E8%AF%81&ishot=1
INFO: [ route_check ] --START--
INFO: Run CheckRoute Behavior [ RunTime:0.000000s ]
INFO: [ route_check ] --END-- [ RunTime:0.000000s ]
INFO: [ app_begin ] --START--
INFO: Run ReadHtmlCache Behavior [ RunTime:0.000000s ]
INFO: [ app_begin ] --END-- [ RunTime:0.000000s ]
NOTIC: [8] Undefined index: lev E:\wamp\wamp\www\badouwang\home\Lib\Action\CommonAction.class.php 第 66 行.
SQL: SHOW COLUMNS FROM `bd_classfiy` [ RunTime:0.031250s ]
SQL: SELECT `id`,`lrf`,`rft`,`lev` FROM `bd_classfiy` WHERE name='专业考证' LIMIT 1   [ RunTime:0.015625s ]
SQL: select name from bd_classfiy where lrf>'13' and rft<'42]' and lev-3=1 and ishot=1 [ RunTime:0.000000s ]

[ 2015-05-12T10:17:18+08:00 ] 127.0.0.1 /badouwang/index.php/Index/Index/index
INFO: [ route_check ] --START--
INFO: Run CheckRoute Behavior [ RunTime:0.000000s ]
INFO: [ route_check ] --END-- [ RunTime:0.000000s ]
INFO: [ app_begin ] --START--
INFO: Run ReadHtmlCache Behavior [ RunTime:0.000000s ]
INFO: [ app_begin ] --END-- [ RunTime:0.000000s ]
INFO: [ view_template ] --START--
INFO: Run LocationTemplate Behavior [ RunTime:0.000000s ]
INFO: [ view_template ] --END-- [ RunTime:0.000000s ]
INFO: [ view_parse ] --START--
INFO: Run ParseTemplate Behavior [ RunTime:0.000000s ]
INFO: [ view_parse ] --END-- [ RunTime:0.015625s ]
INFO: [ view_filter ] --START--
INFO: Run ContentReplace Behavior [ RunTime:-0.015625s ]
INFO: Run TokenBuild Behavior [ RunTime:-0.015625s ]
INFO: Run WriteHtmlCache Behavior [ RunTime:-0.031250s ]
INFO: Run ShowRuntime Behavior [ RunTime:-0.031250s ]
INFO: [ view_filter ] --END-- [ RunTime:0.015625s ]
INFO: [ view_end ] --START--
INFO: Run ShowPageTrace Behavior [ RunTime:-0.031250s ]
INFO: [ view_end ] --END-- [ RunTime:0.000000s ]

[ 2015-05-12T10:27:45+08:00 ] 127.0.0.1 /badouwang/index.php/Space/Space/space
INFO: [ route_check ] --START--
INFO: Run CheckRoute Behavior [ RunTime:0.000000s ]
INFO: [ route_check ] --END-- [ RunTime:0.000000s ]
INFO: [ app_begin ] --START--
INFO: Run ReadHtmlCache Behavior [ RunTime:0.000000s ]
INFO: [ app_begin ] --END-- [ RunTime:0.000000s ]
NOTIC: [8] Undefined index: page E:\wamp\wamp\www\badouwang\home\Lib\Action\CommonAction.class.php 第 66 行.
SQL: SHOW COLUMNS FROM `bd_dynamic` [ RunTime:0.031250s ]
SQL: SELECT COUNT(*) AS tp_count FROM `bd_dynamic` WHERE uid='11' LIMIT 1   [ RunTime:0.000000s ]
SQL: SHOW COLUMNS FROM `bd_user` [ RunTime:0.015625s ]
SQL: select user.uname,fields.rname,user.type,fields.address,fields.visitnumber,fields.visitednumber,fields.comstomer from bd_user user left join bd_memberfields fields on fields.uid=user.uid [ RunTime:0.015625s ]
SQL: select c.com_timestamp,c.content ccontent,d.* from bd_comment c right join (select * from bd_dynamic where uid='11' order by publisttime desc limit 0,10 ) d on d.id=c.aid and d.uid=11 order by com_timestamp desc [ RunTime:0.015625s ]
SQL: SELECT COUNT(*) AS tp_count FROM `bd_dynamic` WHERE uid='11' LIMIT 1   [ RunTime:0.000000s ]
SQL: SELECT COUNT(*) AS tp_count FROM `bd_dynamic` WHERE uid='11' LIMIT 1   [ RunTime:0.015625s ]
INFO: [ view_template ] --START--
INFO: Run LocationTemplate Behavior [ RunTime:-0.906250s ]
INFO: [ view_template ] --END-- [ RunTime:0.000000s ]
INFO: [ view_parse ] --START--
NOTIC: [8] Undefined index: contentpic E:\wamp\wamp\www\badouwang\home\Runtime\Cache\Space\55678784f0ca7c11e2183c92d4e3e928.php 第 284 行.
NOTIC: [8] Undefined variable: nickname E:\wamp\wamp\www\badouwang\home\Runtime\Cache\Space\55678784f0ca7c11e2183c92d4e3e928.php 第 295 行.
NOTIC: [8] Undefined index: contentpic E:\wamp\wamp\www\badouwang\home\Runtime\Cache\Space\55678784f0ca7c11e2183c92d4e3e928.php 第 284 行.
NOTIC: [8] Undefined variable: nickname E:\wamp\wamp\www\badouwang\home\Runtime\Cache\Space\55678784f0ca7c11e2183c92d4e3e928.php 第 295 行.
NOTIC: [8] Undefined index: contentpic E:\wamp\wamp\www\badouwang\home\Runtime\Cache\Space\55678784f0ca7c11e2183c92d4e3e928.php 第 284 行.
NOTIC: [8] Undefined variable: nickname E:\wamp\wamp\www\badouwang\home\Runtime\Cache\Space\55678784f0ca7c11e2183c92d4e3e928.php 第 295 行.
NOTIC: [8] Undefined index: comment E:\wamp\wamp\www\badouwang\home\Runtime\Cache\Space\55678784f0ca7c11e2183c92d4e3e928.php 第 317 行.
NOTIC: [8] Undefined index: contentpic E:\wamp\wamp\www\badouwang\home\Runtime\Cache\Space\55678784f0ca7c11e2183c92d4e3e928.php 第 284 行.
NOTIC: [8] Undefined variable: nickname E:\wamp\wamp\www\badouwang\home\Runtime\Cache\Space\55678784f0ca7c11e2183c92d4e3e928.php 第 295 行.
NOTIC: [8] Undefined index: comment E:\wamp\wamp\www\badouwang\home\Runtime\Cache\Space\55678784f0ca7c11e2183c92d4e3e928.php 第 317 行.
NOTIC: [8] Undefined index: contentpic E:\wamp\wamp\www\badouwang\home\Runtime\Cache\Space\55678784f0ca7c11e2183c92d4e3e928.php 第 284 行.
NOTIC: [8] Undefined variable: nickname E:\wamp\wamp\www\badouwang\home\Runtime\Cache\Space\55678784f0ca7c11e2183c92d4e3e928.php 第 295 行.
NOTIC: [8] Undefined index: comment E:\wamp\wamp\www\badouwang\home\Runtime\Cache\Space\55678784f0ca7c11e2183c92d4e3e928.php 第 317 行.
NOTIC: [8] Undefined index: contentpic E:\wamp\wamp\www\badouwang\home\Runtime\Cache\Space\55678784f0ca7c11e2183c92d4e3e928.php 第 284 行.
NOTIC: [8] Undefined variable: nickname E:\wamp\wamp\www\badouwang\home\Runtime\Cache\Space\55678784f0ca7c11e2183c92d4e3e928.php 第 295 行.
NOTIC: [8] Undefined index: comment E:\wamp\wamp\www\badouwang\home\Runtime\Cache\Space\55678784f0ca7c11e2183c92d4e3e928.php 第 317 行.
NOTIC: [8] Undefined index: contentpic E:\wamp\wamp\www\badouwang\home\Runtime\Cache\Space\55678784f0ca7c11e2183c92d4e3e928.php 第 284 行.
NOTIC: [8] Undefined variable: nickname E:\wamp\wamp\www\badouwang\home\Runtime\Cache\Space\55678784f0ca7c11e2183c92d4e3e928.php 第 295 行.
NOTIC: [8] Undefined index: comment E:\wamp\wamp\www\badouwang\home\Runtime\Cache\Space\55678784f0ca7c11e2183c92d4e3e928.php 第 317 行.
NOTIC: [8] Undefined index: contentpic E:\wamp\wamp\www\badouwang\home\Runtime\Cache\Space\55678784f0ca7c11e2183c92d4e3e928.php 第 284 行.
NOTIC: [8] Undefined variable: nickname E:\wamp\wamp\www\badouwang\home\Runtime\Cache\Space\55678784f0ca7c11e2183c92d4e3e928.php 第 295 行.
NOTIC: [8] Undefined index: comment E:\wamp\wamp\www\badouwang\home\Runtime\Cache\Space\55678784f0ca7c11e2183c92d4e3e928.php 第 317 行.
NOTIC: [8] Undefined index: contentpic E:\wamp\wamp\www\badouwang\home\Runtime\Cache\Space\55678784f0ca7c11e2183c92d4e3e928.php 第 284 行.
NOTIC: [8] Undefined variable: nickname E:\wamp\wamp\www\badouwang\home\Runtime\Cache\Space\55678784f0ca7c11e2183c92d4e3e928.php 第 295 行.
NOTIC: [8] Undefined index: comment E:\wamp\wamp\www\badouwang\home\Runtime\Cache\Space\55678784f0ca7c11e2183c92d4e3e928.php 第 317 行.
NOTIC: [8] Undefined index: contentpic E:\wamp\wamp\www\badouwang\home\Runtime\Cache\Space\55678784f0ca7c11e2183c92d4e3e928.php 第 284 行.
NOTIC: [8] Undefined variable: nickname E:\wamp\wamp\www\badouwang\home\Runtime\Cache\Space\55678784f0ca7c11e2183c92d4e3e928.php 第 295 行.
NOTIC: [8] Undefined index: comment E:\wamp\wamp\www\badouwang\home\Runtime\Cache\Space\55678784f0ca7c11e2183c92d4e3e928.php 第 317 行.
INFO: Run ParseTemplate Behavior [ RunTime:-0.906250s ]
INFO: [ view_parse ] --END-- [ RunTime:0.546875s ]
INFO: [ view_filter ] --START--
INFO: Run ContentReplace Behavior [ RunTime:-1.453125s ]
INFO: Run TokenBuild Behavior [ RunTime:-1.453125s ]
INFO: Run WriteHtmlCache Behavior [ RunTime:-1.453125s ]
INFO: Run ShowRuntime Behavior [ RunTime:-1.453125s ]
INFO: [ view_filter ] --END-- [ RunTime:0.000000s ]
INFO: [ view_end ] --START--
INFO: Run ShowPageTrace Behavior [ RunTime:-1.453125s ]
INFO: [ view_end ] --END-- [ RunTime:0.000000s ]

[ 2015-05-12T10:28:03+08:00 ] 127.0.0.1 /badouwang/index.php/Space/Space/qcenter
INFO: [ route_check ] --START--
INFO: Run CheckRoute Behavior [ RunTime:0.000000s ]
INFO: [ route_check ] --END-- [ RunTime:0.000000s ]
INFO: [ app_begin ] --START--
INFO: Run ReadHtmlCache Behavior [ RunTime:0.000000s ]
INFO: [ app_begin ] --END-- [ RunTime:0.000000s ]
INFO: [ view_template ] --START--
INFO: Run LocationTemplate Behavior [ RunTime:0.000000s ]
INFO: [ view_template ] --END-- [ RunTime:0.000000s ]
INFO: [ view_parse ] --START--
NOTIC: [8] Undefined variable: user E:\wamp\wamp\www\badouwang\home\Runtime\Cache\Space\0ea21b57bf1915eea3588c0929ced425.php 第 132 行.
NOTIC: [8] Undefined variable: user E:\wamp\wamp\www\badouwang\home\Runtime\Cache\Space\0ea21b57bf1915eea3588c0929ced425.php 第 132 行.
NOTIC: [8] Undefined variable: user E:\wamp\wamp\www\badouwang\home\Runtime\Cache\Space\0ea21b57bf1915eea3588c0929ced425.php 第 132 行.
NOTIC: [8] Undefined variable: user E:\wamp\wamp\www\badouwang\home\Runtime\Cache\Space\0ea21b57bf1915eea3588c0929ced425.php 第 132 行.
NOTIC: [8] Undefined variable: user E:\wamp\wamp\www\badouwang\home\Runtime\Cache\Space\0ea21b57bf1915eea3588c0929ced425.php 第 137 行.
NOTIC: [8] Undefined variable: user E:\wamp\wamp\www\badouwang\home\Runtime\Cache\Space\0ea21b57bf1915eea3588c0929ced425.php 第 137 行.
NOTIC: [8] Undefined variable: user E:\wamp\wamp\www\badouwang\home\Runtime\Cache\Space\0ea21b57bf1915eea3588c0929ced425.php 第 137 行.
NOTIC: [8] Undefined variable: user E:\wamp\wamp\www\badouwang\home\Runtime\Cache\Space\0ea21b57bf1915eea3588c0929ced425.php 第 137 行.
NOTIC: [8] Undefined variable: user E:\wamp\wamp\www\badouwang\home\Runtime\Cache\Space\0ea21b57bf1915eea3588c0929ced425.php 第 144 行.
NOTIC: [8] Undefined variable: user E:\wamp\wamp\www\badouwang\home\Runtime\Cache\Space\0ea21b57bf1915eea3588c0929ced425.php 第 148 行.
NOTIC: [8] Undefined variable: user E:\wamp\wamp\www\badouwang\home\Runtime\Cache\Space\0ea21b57bf1915eea3588c0929ced425.php 第 148 行.
NOTIC: [8] Undefined variable: user E:\wamp\wamp\www\badouwang\home\Runtime\Cache\Space\0ea21b57bf1915eea3588c0929ced425.php 第 153 行.
INFO: Run ParseTemplate Behavior [ RunTime:0.000000s ]
INFO: [ view_parse ] --END-- [ RunTime:0.046875s ]
INFO: [ view_filter ] --START--
INFO: Run ContentReplace Behavior [ RunTime:-0.062500s ]
INFO: Run TokenBuild Behavior [ RunTime:-0.062500s ]
INFO: Run WriteHtmlCache Behavior [ RunTime:-0.062500s ]
INFO: Run ShowRuntime Behavior [ RunTime:-0.062500s ]
INFO: [ view_filter ] --END-- [ RunTime:0.000000s ]
INFO: [ view_end ] --START--
INFO: Run ShowPageTrace Behavior [ RunTime:-0.062500s ]
INFO: [ view_end ] --END-- [ RunTime:0.000000s ]

[ 2015-05-12T10:28:07+08:00 ] 127.0.0.1 /badouwang/index.php/Space/Space/teach
INFO: [ route_check ] --START--
INFO: Run CheckRoute Behavior [ RunTime:0.000000s ]
INFO: [ route_check ] --END-- [ RunTime:0.000000s ]
INFO: [ app_begin ] --START--
INFO: Run ReadHtmlCache Behavior [ RunTime:0.000000s ]
INFO: [ app_begin ] --END-- [ RunTime:0.000000s ]
SQL: SHOW COLUMNS FROM `bd_teach` [ RunTime:0.015625s ]
NOTIC: [8] Undefined index: page E:\wamp\wamp\www\badouwang\home\Lib\Action\CommonAction.class.php 第 66 行.
SQL: SELECT COUNT(*) AS tp_count FROM `bd_teach` WHERE uid='11' LIMIT 1   [ RunTime:0.015625s ]
SQL: SELECT * FROM `bd_teach` WHERE uid='11' ORDER BY atime desc LIMIT 0,10   [ RunTime:0.000000s ]
SQL: SELECT * FROM `bd_teach` WHERE ishot=1 ORDER BY atime desc LIMIT 0,5   [ RunTime:0.015625s ]
INFO: [ view_template ] --START--
INFO: Run LocationTemplate Behavior [ RunTime:-0.203125s ]
INFO: [ view_template ] --END-- [ RunTime:0.000000s ]
INFO: [ view_parse ] --START--
NOTIC: [8] Undefined variable: user E:\wamp\wamp\www\badouwang\home\Runtime\Cache\Space\8c9d108ba3761282557e7c5a3485e3e1.php 第 132 行.
NOTIC: [8] Undefined variable: user E:\wamp\wamp\www\badouwang\home\Runtime\Cache\Space\8c9d108ba3761282557e7c5a3485e3e1.php 第 132 行.
NOTIC: [8] Undefined variable: user E:\wamp\wamp\www\badouwang\home\Runtime\Cache\Space\8c9d108ba3761282557e7c5a3485e3e1.php 第 132 行.
NOTIC: [8] Undefined variable: user E:\wamp\wamp\www\badouwang\home\Runtime\Cache\Space\8c9d108ba3761282557e7c5a3485e3e1.php 第 132 行.
NOTIC: [8] Undefined variable: user E:\wamp\wamp\www\badouwang\home\Runtime\Cache\Space\8c9d108ba3761282557e7c5a3485e3e1.php 第 137 行.
NOTIC: [8] Undefined variable: user E:\wamp\wamp\www\badouwang\home\Runtime\Cache\Space\8c9d108ba3761282557e7c5a3485e3e1.php 第 137 行.
NOTIC: [8] Undefined variable: user E:\wamp\wamp\www\badouwang\home\Runtime\Cache\Space\8c9d108ba3761282557e7c5a3485e3e1.php 第 137 行.
NOTIC: [8] Undefined variable: user E:\wamp\wamp\www\badouwang\home\Runtime\Cache\Space\8c9d108ba3761282557e7c5a3485e3e1.php 第 137 行.
NOTIC: [8] Undefined variable: user E:\wamp\wamp\www\badouwang\home\Runtime\Cache\Space\8c9d108ba3761282557e7c5a3485e3e1.php 第 144 行.
NOTIC: [8] Undefined variable: user E:\wamp\wamp\www\badouwang\home\Runtime\Cache\Space\8c9d108ba3761282557e7c5a3485e3e1.php 第 148 行.
NOTIC: [8] Undefined variable: user E:\wamp\wamp\www\badouwang\home\Runtime\Cache\Space\8c9d108ba3761282557e7c5a3485e3e1.php 第 148 行.
NOTIC: [8] Undefined variable: user E:\wamp\wamp\www\badouwang\home\Runtime\Cache\Space\8c9d108ba3761282557e7c5a3485e3e1.php 第 153 行.
NOTIC: [8] Undefined index: img E:\wamp\wamp\www\badouwang\home\Runtime\Cache\Space\8c9d108ba3761282557e7c5a3485e3e1.php 第 285 行.
INFO: Run ParseTemplate Behavior [ RunTime:-0.203125s ]
INFO: [ view_parse ] --END-- [ RunTime:0.031250s ]
INFO: [ view_filter ] --START--
INFO: Run ContentReplace Behavior [ RunTime:-0.234375s ]
INFO: Run TokenBuild Behavior [ RunTime:-0.234375s ]
INFO: Run WriteHtmlCache Behavior [ RunTime:-0.250000s ]
INFO: Run ShowRuntime Behavior [ RunTime:-0.250000s ]
INFO: [ view_filter ] --END-- [ RunTime:0.015625s ]
INFO: [ view_end ] --START--
INFO: Run ShowPageTrace Behavior [ RunTime:-0.250000s ]
INFO: [ view_end ] --END-- [ RunTime:0.000000s ]

[ 2015-05-12T10:28:08+08:00 ] 127.0.0.1 /badouwang/
INFO: [ app_begin ] --START--
INFO: Run ReadHtmlCache Behavior [ RunTime:0.000000s ]
INFO: [ app_begin ] --END-- [ RunTime:0.000000s ]
INFO: [ view_template ] --START--
INFO: Run LocationTemplate Behavior [ RunTime:0.000000s ]
INFO: [ view_template ] --END-- [ RunTime:0.000000s ]
INFO: [ view_parse ] --START--
INFO: Run ParseTemplate Behavior [ RunTime:0.000000s ]
INFO: [ view_parse ] --END-- [ RunTime:0.015625s ]
INFO: [ view_filter ] --START--
INFO: Run ContentReplace Behavior [ RunTime:-0.015625s ]
INFO: Run TokenBuild Behavior [ RunTime:-0.015625s ]
INFO: Run WriteHtmlCache Behavior [ RunTime:-0.031250s ]
INFO: Run ShowRuntime Behavior [ RunTime:-0.031250s ]
INFO: [ view_filter ] --END-- [ RunTime:0.015625s ]
INFO: [ view_end ] --START--
INFO: Run ShowPageTrace Behavior [ RunTime:-0.031250s ]
INFO: [ view_end ] --END-- [ RunTime:0.000000s ]

[ 2015-05-12T10:28:11+08:00 ] 127.0.0.1 /badouwang/index.php/Space/Space/course
INFO: [ route_check ] --START--
INFO: Run CheckRoute Behavior [ RunTime:0.000000s ]
INFO: [ route_check ] --END-- [ RunTime:0.000000s ]
INFO: [ app_begin ] --START--
INFO: Run ReadHtmlCache Behavior [ RunTime:0.000000s ]
INFO: [ app_begin ] --END-- [ RunTime:0.000000s ]
SQL: SHOW COLUMNS FROM `bd_organ_spred` [ RunTime:0.000000s ]
NOTIC: [8] Undefined index: page E:\wamp\wamp\www\badouwang\home\Lib\Action\CommonAction.class.php 第 66 行.
SQL: SELECT COUNT(*) AS tp_count FROM `bd_organ_spred` WHERE uid='11' LIMIT 1   [ RunTime:0.015625s ]
SQL: select spred.*,course.aname,course.c_img from bd_organ_spred spred left join bd_course course on spred.cid=course.id where spred.uid='11' order by spred.timestamp desc limit 0,10 [ RunTime:0.000000s ]
SQL: select spred.*,course.aname,course.c_img from bd_organ_spred spred left join bd_course course on spred.cid=course.id where spred.ishot=1 order by spred.timestamp desc limit 0,10 [ RunTime:0.000000s ]
INFO: [ view_template ] --START--
INFO: Run LocationTemplate Behavior [ RunTime:-0.218750s ]
INFO: [ view_template ] --END-- [ RunTime:0.000000s ]
INFO: [ view_parse ] --START--
NOTIC: [8] Undefined variable: user E:\wamp\wamp\www\badouwang\home\Runtime\Cache\Space\fd355ab11203d769341ffd6315b65a2e.php 第 133 行.
NOTIC: [8] Undefined variable: user E:\wamp\wamp\www\badouwang\home\Runtime\Cache\Space\fd355ab11203d769341ffd6315b65a2e.php 第 133 行.
NOTIC: [8] Undefined variable: user E:\wamp\wamp\www\badouwang\home\Runtime\Cache\Space\fd355ab11203d769341ffd6315b65a2e.php 第 133 行.
NOTIC: [8] Undefined variable: user E:\wamp\wamp\www\badouwang\home\Runtime\Cache\Space\fd355ab11203d769341ffd6315b65a2e.php 第 133 行.
NOTIC: [8] Undefined variable: user E:\wamp\wamp\www\badouwang\home\Runtime\Cache\Space\fd355ab11203d769341ffd6315b65a2e.php 第 138 行.
NOTIC: [8] Undefined variable: user E:\wamp\wamp\www\badouwang\home\Runtime\Cache\Space\fd355ab11203d769341ffd6315b65a2e.php 第 138 行.
NOTIC: [8] Undefined variable: user E:\wamp\wamp\www\badouwang\home\Runtime\Cache\Space\fd355ab11203d769341ffd6315b65a2e.php 第 138 行.
NOTIC: [8] Undefined variable: user E:\wamp\wamp\www\badouwang\home\Runtime\Cache\Space\fd355ab11203d769341ffd6315b65a2e.php 第 138 行.
NOTIC: [8] Undefined variable: user E:\wamp\wamp\www\badouwang\home\Runtime\Cache\Space\fd355ab11203d769341ffd6315b65a2e.php 第 145 行.
NOTIC: [8] Undefined variable: user E:\wamp\wamp\www\badouwang\home\Runtime\Cache\Space\fd355ab11203d769341ffd6315b65a2e.php 第 149 行.
NOTIC: [8] Undefined variable: user E:\wamp\wamp\www\badouwang\home\Runtime\Cache\Space\fd355ab11203d769341ffd6315b65a2e.php 第 149 行.
NOTIC: [8] Undefined variable: user E:\wamp\wamp\www\badouwang\home\Runtime\Cache\Space\fd355ab11203d769341ffd6315b65a2e.php 第 154 行.
NOTIC: [8] Use of undefined constant course - assumed 'course' E:\wamp\wamp\www\badouwang\home\Runtime\Cache\Space\fd355ab11203d769341ffd6315b65a2e.php 第 287 行.
NOTIC: [8] Use of undefined constant c_img - assumed 'c_img' E:\wamp\wamp\www\badouwang\home\Runtime\Cache\Space\fd355ab11203d769341ffd6315b65a2e.php 第 287 行.
NOTIC: [8] Use of undefined constant course - assumed 'course' E:\wamp\wamp\www\badouwang\home\Runtime\Cache\Space\fd355ab11203d769341ffd6315b65a2e.php 第 287 行.
NOTIC: [8] Use of undefined constant c_img - assumed 'c_img' E:\wamp\wamp\www\badouwang\home\Runtime\Cache\Space\fd355ab11203d769341ffd6315b65a2e.php 第 287 行.
NOTIC: [8] Use of undefined constant course - assumed 'course' E:\wamp\wamp\www\badouwang\home\Runtime\Cache\Space\fd355ab11203d769341ffd6315b65a2e.php 第 287 行.
NOTIC: [8] Use of undefined constant c_img - assumed 'c_img' E:\wamp\wamp\www\badouwang\home\Runtime\Cache\Space\fd355ab11203d769341ffd6315b65a2e.php 第 287 行.
INFO: Run ParseTemplate Behavior [ RunTime:-0.218750s ]
INFO: [ view_parse ] --END-- [ RunTime:0.031250s ]
INFO: [ view_filter ] --START--
INFO: Run ContentReplace Behavior [ RunTime:-0.250000s ]
INFO: Run TokenBuild Behavior [ RunTime:-0.250000s ]
INFO: Run WriteHtmlCache Behavior [ RunTime:-0.250000s ]
INFO: Run ShowRuntime Behavior [ RunTime:-0.250000s ]
INFO: [ view_filter ] --END-- [ RunTime:0.000000s ]
INFO: [ view_end ] --START--
INFO: Run ShowPageTrace Behavior [ RunTime:-0.250000s ]
INFO: [ view_end ] --END-- [ RunTime:0.000000s ]

[ 2015-05-12T10:29:10+08:00 ] 127.0.0.1 /badouwang/index.php/Space/Space/teach
INFO: [ route_check ] --START--
INFO: Run CheckRoute Behavior [ RunTime:0.000000s ]
INFO: [ route_check ] --END-- [ RunTime:0.000000s ]
INFO: [ app_begin ] --START--
INFO: Run ReadHtmlCache Behavior [ RunTime:0.000000s ]
INFO: [ app_begin ] --END-- [ RunTime:0.000000s ]
SQL: SHOW COLUMNS FROM `bd_teach` [ RunTime:0.015625s ]
NOTIC: [8] Undefined index: page E:\wamp\wamp\www\badouwang\home\Lib\Action\CommonAction.class.php 第 66 行.
SQL: SELECT COUNT(*) AS tp_count FROM `bd_teach` WHERE uid='11' LIMIT 1   [ RunTime:0.015625s ]
SQL: SELECT * FROM `bd_teach` WHERE uid='11' ORDER BY atime desc LIMIT 0,10   [ RunTime:0.000000s ]
SQL: SELECT * FROM `bd_teach` WHERE ishot=1 ORDER BY atime desc LIMIT 0,5   [ RunTime:0.000000s ]
INFO: [ view_template ] --START--
INFO: Run LocationTemplate Behavior [ RunTime:-0.187500s ]
INFO: [ view_template ] --END-- [ RunTime:0.000000s ]
INFO: [ view_parse ] --START--
NOTIC: [8] Undefined variable: user E:\wamp\wamp\www\badouwang\home\Runtime\Cache\Space\8c9d108ba3761282557e7c5a3485e3e1.php 第 132 行.
NOTIC: [8] Undefined variable: user E:\wamp\wamp\www\badouwang\home\Runtime\Cache\Space\8c9d108ba3761282557e7c5a3485e3e1.php 第 132 行.
NOTIC: [8] Undefined variable: user E:\wamp\wamp\www\badouwang\home\Runtime\Cache\Space\8c9d108ba3761282557e7c5a3485e3e1.php 第 132 行.
NOTIC: [8] Undefined variable: user E:\wamp\wamp\www\badouwang\home\Runtime\Cache\Space\8c9d108ba3761282557e7c5a3485e3e1.php 第 132 行.
NOTIC: [8] Undefined variable: user E:\wamp\wamp\www\badouwang\home\Runtime\Cache\Space\8c9d108ba3761282557e7c5a3485e3e1.php 第 137 行.
NOTIC: [8] Undefined variable: user E:\wamp\wamp\www\badouwang\home\Runtime\Cache\Space\8c9d108ba3761282557e7c5a3485e3e1.php 第 137 行.
NOTIC: [8] Undefined variable: user E:\wamp\wamp\www\badouwang\home\Runtime\Cache\Space\8c9d108ba3761282557e7c5a3485e3e1.php 第 137 行.
NOTIC: [8] Undefined variable: user E:\wamp\wamp\www\badouwang\home\Runtime\Cache\Space\8c9d108ba3761282557e7c5a3485e3e1.php 第 137 行.
NOTIC: [8] Undefined variable: user E:\wamp\wamp\www\badouwang\home\Runtime\Cache\Space\8c9d108ba3761282557e7c5a3485e3e1.php 第 144 行.
NOTIC: [8] Undefined variable: user E:\wamp\wamp\www\badouwang\home\Runtime\Cache\Space\8c9d108ba3761282557e7c5a3485e3e1.php 第 148 行.
NOTIC: [8] Undefined variable: user E:\wamp\wamp\www\badouwang\home\Runtime\Cache\Space\8c9d108ba3761282557e7c5a3485e3e1.php 第 148 行.
NOTIC: [8] Undefined variable: user E:\wamp\wamp\www\badouwang\home\Runtime\Cache\Space\8c9d108ba3761282557e7c5a3485e3e1.php 第 153 行.
NOTIC: [8] Undefined index: img E:\wamp\wamp\www\badouwang\home\Runtime\Cache\Space\8c9d108ba3761282557e7c5a3485e3e1.php 第 285 行.
INFO: Run ParseTemplate Behavior [ RunTime:-0.203125s ]
INFO: [ view_parse ] --END-- [ RunTime:0.031250s ]
INFO: [ view_filter ] --START--
INFO: Run ContentReplace Behavior [ RunTime:-0.218750s ]
INFO: Run TokenBuild Behavior [ RunTime:-0.218750s ]
INFO: Run WriteHtmlCache Behavior [ RunTime:-0.218750s ]
INFO: Run ShowRuntime Behavior [ RunTime:-0.218750s ]
INFO: [ view_filter ] --END-- [ RunTime:0.000000s ]
INFO: [ view_end ] --START--
INFO: Run ShowPageTrace Behavior [ RunTime:-0.218750s ]
INFO: [ view_end ] --END-- [ RunTime:0.000000s ]

[ 2015-05-12T10:29:10+08:00 ] 127.0.0.1 /badouwang/
INFO: [ app_begin ] --START--
INFO: Run ReadHtmlCache Behavior [ RunTime:0.000000s ]
INFO: [ app_begin ] --END-- [ RunTime:0.000000s ]
INFO: [ view_template ] --START--
INFO: Run LocationTemplate Behavior [ RunTime:0.000000s ]
INFO: [ view_template ] --END-- [ RunTime:0.000000s ]
INFO: [ view_parse ] --START--
INFO: Run ParseTemplate Behavior [ RunTime:0.000000s ]
INFO: [ view_parse ] --END-- [ RunTime:0.015625s ]
INFO: [ view_filter ] --START--
INFO: Run ContentReplace Behavior [ RunTime:-0.015625s ]
INFO: Run TokenBuild Behavior [ RunTime:-0.015625s ]
INFO: Run WriteHtmlCache Behavior [ RunTime:-0.015625s ]
INFO: Run ShowRuntime Behavior [ RunTime:-0.015625s ]
INFO: [ view_filter ] --END-- [ RunTime:0.000000s ]
INFO: [ view_end ] --START--
INFO: Run ShowPageTrace Behavior [ RunTime:-0.015625s ]
INFO: [ view_end ] --END-- [ RunTime:0.000000s ]

[ 2015-05-12T10:29:19+08:00 ] 127.0.0.1 /badouwang/index.php/Space/Space/qcenter
INFO: [ route_check ] --START--
INFO: Run CheckRoute Behavior [ RunTime:0.000000s ]
INFO: [ route_check ] --END-- [ RunTime:0.000000s ]
INFO: [ app_begin ] --START--
INFO: Run ReadHtmlCache Behavior [ RunTime:0.000000s ]
INFO: [ app_begin ] --END-- [ RunTime:0.000000s ]
INFO: [ view_template ] --START--
INFO: Run LocationTemplate Behavior [ RunTime:0.000000s ]
INFO: [ view_template ] --END-- [ RunTime:0.000000s ]
INFO: [ view_parse ] --START--
NOTIC: [8] Undefined variable: user E:\wamp\wamp\www\badouwang\home\Runtime\Cache\Space\0ea21b57bf1915eea3588c0929ced425.php 第 132 行.
NOTIC: [8] Undefined variable: user E:\wamp\wamp\www\badouwang\home\Runtime\Cache\Space\0ea21b57bf1915eea3588c0929ced425.php 第 132 行.
NOTIC: [8] Undefined variable: user E:\wamp\wamp\www\badouwang\home\Runtime\Cache\Space\0ea21b57bf1915eea3588c0929ced425.php 第 132 行.
NOTIC: [8] Undefined variable: user E:\wamp\wamp\www\badouwang\home\Runtime\Cache\Space\0ea21b57bf1915eea3588c0929ced425.php 第 132 行.
NOTIC: [8] Undefined variable: user E:\wamp\wamp\www\badouwang\home\Runtime\Cache\Space\0ea21b57bf1915eea3588c0929ced425.php 第 137 行.
NOTIC: [8] Undefined variable: user E:\wamp\wamp\www\badouwang\home\Runtime\Cache\Space\0ea21b57bf1915eea3588c0929ced425.php 第 137 行.
NOTIC: [8] Undefined variable: user E:\wamp\wamp\www\badouwang\home\Runtime\Cache\Space\0ea21b57bf1915eea3588c0929ced425.php 第 137 行.
NOTIC: [8] Undefined variable: user E:\wamp\wamp\www\badouwang\home\Runtime\Cache\Space\0ea21b57bf1915eea3588c0929ced425.php 第 137 行.
NOTIC: [8] Undefined variable: user E:\wamp\wamp\www\badouwang\home\Runtime\Cache\Space\0ea21b57bf1915eea3588c0929ced425.php 第 144 行.
NOTIC: [8] Undefined variable: user E:\wamp\wamp\www\badouwang\home\Runtime\Cache\Space\0ea21b57bf1915eea3588c0929ced425.php 第 148 行.
NOTIC: [8] Undefined variable: user E:\wamp\wamp\www\badouwang\home\Runtime\Cache\Space\0ea21b57bf1915eea3588c0929ced425.php 第 148 行.
NOTIC: [8] Undefined variable: user E:\wamp\wamp\www\badouwang\home\Runtime\Cache\Space\0ea21b57bf1915eea3588c0929ced425.php 第 153 行.
INFO: Run ParseTemplate Behavior [ RunTime:0.000000s ]
INFO: [ view_parse ] --END-- [ RunTime:0.015625s ]
INFO: [ view_filter ] --START--
INFO: Run ContentReplace Behavior [ RunTime:-0.015625s ]
INFO: Run TokenBuild Behavior [ RunTime:-0.015625s ]
INFO: Run WriteHtmlCache Behavior [ RunTime:-0.015625s ]
INFO: Run ShowRuntime Behavior [ RunTime:-0.015625s ]
INFO: [ view_filter ] --END-- [ RunTime:0.000000s ]
INFO: [ view_end ] --START--
INFO: Run ShowPageTrace Behavior [ RunTime:-0.015625s ]
INFO: [ view_end ] --END-- [ RunTime:0.015625s ]

[ 2015-05-12T10:29:24+08:00 ] 127.0.0.1 /badouwang/index.php/Space/Space/space
INFO: [ route_check ] --START--
INFO: Run CheckRoute Behavior [ RunTime:0.000000s ]
INFO: [ route_check ] --END-- [ RunTime:0.000000s ]
INFO: [ app_begin ] --START--
INFO: Run ReadHtmlCache Behavior [ RunTime:-0.015625s ]
INFO: [ app_begin ] --END-- [ RunTime:0.000000s ]
NOTIC: [8] Undefined index: page E:\wamp\wamp\www\badouwang\home\Lib\Action\CommonAction.class.php 第 66 行.
SQL: SHOW COLUMNS FROM `bd_dynamic` [ RunTime:0.015625s ]
SQL: SELECT COUNT(*) AS tp_count FROM `bd_dynamic` WHERE uid='11' LIMIT 1   [ RunTime:0.000000s ]
SQL: SHOW COLUMNS FROM `bd_user` [ RunTime:0.015625s ]
SQL: select user.uname,fields.rname,user.type,fields.address,fields.visitnumber,fields.visitednumber,fields.comstomer from bd_user user left join bd_memberfields fields on fields.uid=user.uid [ RunTime:0.000000s ]
SQL: select c.com_timestamp,c.content ccontent,d.* from bd_comment c right join (select * from bd_dynamic where uid='11' order by publisttime desc limit 0,10 ) d on d.id=c.aid and d.uid=11 order by com_timestamp desc [ RunTime:0.000000s ]
SQL: SELECT COUNT(*) AS tp_count FROM `bd_dynamic` WHERE uid='11' LIMIT 1   [ RunTime:0.015625s ]
SQL: SELECT COUNT(*) AS tp_count FROM `bd_dynamic` WHERE uid='11' LIMIT 1   [ RunTime:0.000000s ]
INFO: [ view_template ] --START--
INFO: Run LocationTemplate Behavior [ RunTime:-0.187500s ]
INFO: [ view_template ] --END-- [ RunTime:0.000000s ]
INFO: [ view_parse ] --START--
NOTIC: [8] Undefined index: contentpic E:\wamp\wamp\www\badouwang\home\Runtime\Cache\Space\55678784f0ca7c11e2183c92d4e3e928.php 第 284 行.
NOTIC: [8] Undefined variable: nickname E:\wamp\wamp\www\badouwang\home\Runtime\Cache\Space\55678784f0ca7c11e2183c92d4e3e928.php 第 295 行.
NOTIC: [8] Undefined index: contentpic E:\wamp\wamp\www\badouwang\home\Runtime\Cache\Space\55678784f0ca7c11e2183c92d4e3e928.php 第 284 行.
NOTIC: [8] Undefined variable: nickname E:\wamp\wamp\www\badouwang\home\Runtime\Cache\Space\55678784f0ca7c11e2183c92d4e3e928.php 第 295 行.
NOTIC: [8] Undefined index: contentpic E:\wamp\wamp\www\badouwang\home\Runtime\Cache\Space\55678784f0ca7c11e2183c92d4e3e928.php 第 284 行.
NOTIC: [8] Undefined variable: nickname E:\wamp\wamp\www\badouwang\home\Runtime\Cache\Space\55678784f0ca7c11e2183c92d4e3e928.php 第 295 行.
NOTIC: [8] Undefined index: comment E:\wamp\wamp\www\badouwang\home\Runtime\Cache\Space\55678784f0ca7c11e2183c92d4e3e928.php 第 317 行.
NOTIC: [8] Undefined index: contentpic E:\wamp\wamp\www\badouwang\home\Runtime\Cache\Space\55678784f0ca7c11e2183c92d4e3e928.php 第 284 行.
NOTIC: [8] Undefined variable: nickname E:\wamp\wamp\www\badouwang\home\Runtime\Cache\Space\55678784f0ca7c11e2183c92d4e3e928.php 第 295 行.
NOTIC: [8] Undefined index: comment E:\wamp\wamp\www\badouwang\home\Runtime\Cache\Space\55678784f0ca7c11e2183c92d4e3e928.php 第 317 行.
NOTIC: [8] Undefined index: contentpic E:\wamp\wamp\www\badouwang\home\Runtime\Cache\Space\55678784f0ca7c11e2183c92d4e3e928.php 第 284 行.
NOTIC: [8] Undefined variable: nickname E:\wamp\wamp\www\badouwang\home\Runtime\Cache\Space\55678784f0ca7c11e2183c92d4e3e928.php 第 295 行.
NOTIC: [8] Undefined index: comment E:\wamp\wamp\www\badouwang\home\Runtime\Cache\Space\55678784f0ca7c11e2183c92d4e3e928.php 第 317 行.
NOTIC: [8] Undefined index: contentpic E:\wamp\wamp\www\badouwang\home\Runtime\Cache\Space\55678784f0ca7c11e2183c92d4e3e928.php 第 284 行.
NOTIC: [8] Undefined variable: nickname E:\wamp\wamp\www\badouwang\home\Runtime\Cache\Space\55678784f0ca7c11e2183c92d4e3e928.php 第 295 行.
NOTIC: [8] Undefined index: comment E:\wamp\wamp\www\badouwang\home\Runtime\Cache\Space\55678784f0ca7c11e2183c92d4e3e928.php 第 317 行.
NOTIC: [8] Undefined index: contentpic E:\wamp\wamp\www\badouwang\home\Runtime\Cache\Space\55678784f0ca7c11e2183c92d4e3e928.php 第 284 行.
NOTIC: [8] Undefined variable: nickname E:\wamp\wamp\www\badouwang\home\Runtime\Cache\Space\55678784f0ca7c11e2183c92d4e3e928.php 第 295 行.
NOTIC: [8] Undefined index: comment E:\wamp\wamp\www\badouwang\home\Runtime\Cache\Space\55678784f0ca7c11e2183c92d4e3e928.php 第 317 行.
NOTIC: [8] Undefined index: contentpic E:\wamp\wamp\www\badouwang\home\Runtime\Cache\Space\55678784f0ca7c11e2183c92d4e3e928.php 第 284 行.
NOTIC: [8] Undefined variable: nickname E:\wamp\wamp\www\badouwang\home\Runtime\Cache\Space\55678784f0ca7c11e2183c92d4e3e928.php 第 295 行.
NOTIC: [8] Undefined index: comment E:\wamp\wamp\www\badouwang\home\Runtime\Cache\Space\55678784f0ca7c11e2183c92d4e3e928.php 第 317 行.
NOTIC: [8] Undefined index: contentpic E:\wamp\wamp\www\badouwang\home\Runtime\Cache\Space\55678784f0ca7c11e2183c92d4e3e928.php 第 284 行.
NOTIC: [8] Undefined variable: nickname E:\wamp\wamp\www\badouwang\home\Runtime\Cache\Space\55678784f0ca7c11e2183c92d4e3e928.php 第 295 行.
NOTIC: [8] Undefined index: comment E:\wamp\wamp\www\badouwang\home\Runtime\Cache\Space\55678784f0ca7c11e2183c92d4e3e928.php 第 317 行.
NOTIC: [8] Undefined index: contentpic E:\wamp\wamp\www\badouwang\home\Runtime\Cache\Space\55678784f0ca7c11e2183c92d4e3e928.php 第 284 行.
NOTIC: [8] Undefined variable: nickname E:\wamp\wamp\www\badouwang\home\Runtime\Cache\Space\55678784f0ca7c11e2183c92d4e3e928.php 第 295 行.
NOTIC: [8] Undefined index: comment E:\wamp\wamp\www\badouwang\home\Runtime\Cache\Space\55678784f0ca7c11e2183c92d4e3e928.php 第 317 行.
INFO: Run ParseTemplate Behavior [ RunTime:-0.187500s ]
INFO: [ view_parse ] --END-- [ RunTime:0.031250s ]
INFO: [ view_filter ] --START--
INFO: Run ContentReplace Behavior [ RunTime:-0.218750s ]
INFO: Run TokenBuild Behavior [ RunTime:-0.218750s ]
INFO: Run WriteHtmlCache Behavior [ RunTime:-0.218750s ]
INFO: Run ShowRuntime Behavior [ RunTime:-0.218750s ]
INFO: [ view_filter ] --END-- [ RunTime:0.000000s ]
INFO: [ view_end ] --START--
INFO: Run ShowPageTrace Behavior [ RunTime:-0.218750s ]
INFO: [ view_end ] --END-- [ RunTime:0.000000s ]

