[ 2015-08-13T09:17:30+08:00 ] 127.0.0.1 /badouwang/index.php/User/User/login
INFO: [ route_check ] --START--
INFO: Run CheckRoute Behavior [ RunTime:0.000000s ]
INFO: [ route_check ] --END-- [ RunTime:0.031250s ]
INFO: [ app_begin ] --START--
INFO: Run ReadHtmlCache Behavior [ RunTime:-0.109375s ]
INFO: [ app_begin ] --END-- [ RunTime:0.015625s ]
SQL: SHOW COLUMNS FROM `bd_user` [ RunTime:1.421875s ]
NOTIC: [8] Undefined index: city E:\wamp\wamp\www\badouwang\home\Lib\Action\CommonAction.class.php 第 27 行.
SQL: SHOW COLUMNS FROM `bd_city` [ RunTime:2.109375s ]
SQL: select city.id,city.name,pro.name pname from bd_city city left join bd_province pro on city.provincei_d=pro.id where city.isopen=1 [ RunTime:1.203125s ]
NOTIC: [8] Undefined index: 北京 E:\wamp\wamp\www\badouwang\core\Extend\Library\Com\ArrayHelper.class.php 第 11 行.
NOTIC: [8] Undefined index: 上海 E:\wamp\wamp\www\badouwang\core\Extend\Library\Com\ArrayHelper.class.php 第 11 行.
NOTIC: [8] Undefined index: 广东 E:\wamp\wamp\www\badouwang\core\Extend\Library\Com\ArrayHelper.class.php 第 11 行.
SQL: SHOW COLUMNS FROM `bd_memberfields` [ RunTime:1.500000s ]
SQL: SELECT `address` FROM `bd_memberfields` WHERE uid='' LIMIT 1   [ RunTime:1.296875s ]
SQL: SHOW COLUMNS FROM `bd_city` [ RunTime:0.765625s ]
NOTIC: [8] Undefined offset: 1 E:\wamp\wamp\www\badouwang\home\Lib\Action\CommonAction.class.php 第 128 行.
SQL: SELECT `id`,`isopen` FROM `bd_city` WHERE name='' and isopen=1 LIMIT 1   [ RunTime:1.140625s ]
SQL: SELECT `id`,`isopen` FROM `bd_city` WHERE name='深圳市' and isopen=1 LIMIT 1   [ RunTime:0.953125s ]
NOTIC: [8] Undefined index: HTTP_REFERER E:\wamp\wamp\www\badouwang\home\Lib\Action\User\UserAction.class.php 第 41 行.
INFO: [ view_template ] --START--
INFO: Run LocationTemplate Behavior [ RunTime:-24.171875s ]
INFO: [ view_template ] --END-- [ RunTime:0.015625s ]
INFO: [ view_parse ] --START--
INFO: Run ParseTemplate Behavior [ RunTime:-24.187500s ]
INFO: [ view_parse ] --END-- [ RunTime:0.031250s ]
INFO: [ view_filter ] --START--
INFO: Run ContentReplace Behavior [ RunTime:-24.218750s ]
INFO: Run TokenBuild Behavior [ RunTime:-24.218750s ]
INFO: Run WriteHtmlCache Behavior [ RunTime:-24.218750s ]
INFO: Run ShowRuntime Behavior [ RunTime:-24.218750s ]
INFO: [ view_filter ] --END-- [ RunTime:0.000000s ]
INFO: [ view_end ] --START--
INFO: Run ShowPageTrace Behavior [ RunTime:-24.218750s ]
INFO: [ view_end ] --END-- [ RunTime:0.000000s ]

[ 2015-08-13T09:17:53+08:00 ] 127.0.0.1 /badouwang/index.php/Ajax/AjaxUser/vpass
INFO: [ route_check ] --START--
INFO: Run CheckRoute Behavior [ RunTime:0.000000s ]
INFO: [ route_check ] --END-- [ RunTime:0.000000s ]
INFO: [ app_begin ] --START--
INFO: Run ReadHtmlCache Behavior [ RunTime:0.000000s ]
INFO: [ app_begin ] --END-- [ RunTime:0.000000s ]
NOTIC: [8] Undefined index: city E:\wamp\wamp\www\badouwang\home\Lib\Action\CommonAction.class.php 第 27 行.
SQL: SHOW COLUMNS FROM `bd_city` [ RunTime:0.000000s ]
SQL: select city.id,city.name,pro.name pname from bd_city city left join bd_province pro on city.provincei_d=pro.id where city.isopen=1 [ RunTime:0.015625s ]
NOTIC: [8] Undefined index: 北京 E:\wamp\wamp\www\badouwang\core\Extend\Library\Com\ArrayHelper.class.php 第 11 行.
NOTIC: [8] Undefined index: 上海 E:\wamp\wamp\www\badouwang\core\Extend\Library\Com\ArrayHelper.class.php 第 11 行.
NOTIC: [8] Undefined index: 广东 E:\wamp\wamp\www\badouwang\core\Extend\Library\Com\ArrayHelper.class.php 第 11 行.
SQL: SHOW COLUMNS FROM `bd_user` [ RunTime:0.015625s ]
NOTIC: [2] md5() expects parameter 1 to be string, array given E:\wamp\wamp\www\badouwang\core\Extend\Library\Com\PasswordHelper.class.php 第 66 行.
NOTIC: [8] Undefined variable: char E:\wamp\wamp\www\badouwang\core\Extend\Library\Com\PasswordHelper.class.php 第 77 行.
NOTIC: [8] Undefined variable: str E:\wamp\wamp\www\badouwang\core\Extend\Library\Com\PasswordHelper.class.php 第 88 行.
SQL: SELECT * FROM `bd_user` WHERE uname='qiyunfanbo@126.com' LIMIT 1   [ RunTime:0.015625s ]
SQL: UPDATE `bd_user` SET `err_login`=0 WHERE uname='qiyunfanbo@126.com' [ RunTime:0.000000s ]
SQL: SELECT * FROM `bd_user` WHERE uname='qiyunfanbo@126.com' and password='13d986e951294e328b607007337f17e6' LIMIT 1   [ RunTime:0.015625s ]

[ 2015-08-13T09:17:54+08:00 ] 127.0.0.1 /badouwang/index.php/User/User/doLogin
INFO: [ route_check ] --START--
INFO: Run CheckRoute Behavior [ RunTime:0.000000s ]
INFO: [ route_check ] --END-- [ RunTime:0.000000s ]
INFO: [ app_begin ] --START--
INFO: Run ReadHtmlCache Behavior [ RunTime:0.000000s ]
INFO: [ app_begin ] --END-- [ RunTime:0.000000s ]
SQL: SHOW COLUMNS FROM `bd_user` [ RunTime:0.031250s ]
NOTIC: [8] Undefined index: city E:\wamp\wamp\www\badouwang\home\Lib\Action\CommonAction.class.php 第 27 行.
SQL: SHOW COLUMNS FROM `bd_city` [ RunTime:0.015625s ]
SQL: select city.id,city.name,pro.name pname from bd_city city left join bd_province pro on city.provincei_d=pro.id where city.isopen=1 [ RunTime:0.000000s ]
NOTIC: [8] Undefined index: 北京 E:\wamp\wamp\www\badouwang\core\Extend\Library\Com\ArrayHelper.class.php 第 11 行.
NOTIC: [8] Undefined index: 上海 E:\wamp\wamp\www\badouwang\core\Extend\Library\Com\ArrayHelper.class.php 第 11 行.
NOTIC: [8] Undefined index: 广东 E:\wamp\wamp\www\badouwang\core\Extend\Library\Com\ArrayHelper.class.php 第 11 行.
NOTIC: [2] md5() expects parameter 1 to be string, array given E:\wamp\wamp\www\badouwang\core\Extend\Library\Com\PasswordHelper.class.php 第 66 行.
NOTIC: [8] Undefined variable: char E:\wamp\wamp\www\badouwang\core\Extend\Library\Com\PasswordHelper.class.php 第 77 行.
NOTIC: [8] Undefined variable: str E:\wamp\wamp\www\badouwang\core\Extend\Library\Com\PasswordHelper.class.php 第 88 行.
SQL: SHOW COLUMNS FROM `bd_user` [ RunTime:0.015625s ]
SQL: SELECT * FROM `bd_user` WHERE uname='qiyunfanbo@126.com' and password='13d986e951294e328b607007337f17e6' LIMIT 1   [ RunTime:0.015625s ]
SQL: SHOW COLUMNS FROM `bd_memberfields` [ RunTime:0.031250s ]
SQL: SELECT `rname` FROM `bd_memberfields` WHERE uid='11' LIMIT 1   [ RunTime:0.000000s ]
SQL: SHOW COLUMNS FROM `bd_config` [ RunTime:0.015625s ]
SQL: SELECT `c_value`,`c_info` FROM `bd_config` WHERE c_name='经验' and c_key='login' LIMIT 1   [ RunTime:0.000000s ]
SQL: UPDATE `bd_memberfields` SET `u_credit`=u_credit+10 WHERE uid=11 [ RunTime:0.015625s ]
SQL: SHOW COLUMNS FROM `bd_credit_log` [ RunTime:0.015625s ]
SQL: INSERT INTO `bd_credit_log` (`uid`,`type`,`name`,`val`,`ctime`) VALUES (11,'经验','每日登录赠送积分',10,1439428673) [ RunTime:0.062500s ]
SQL: UPDATE `bd_user` SET `err_time`=1439428674 WHERE uid=11 [ RunTime:0.015625s ]
INFO: [ view_template ] --START--
INFO: Run LocationTemplate Behavior [ RunTime:-0.453125s ]
INFO: [ view_template ] --END-- [ RunTime:0.000000s ]
INFO: [ view_parse ] --START--
INFO: Run ParseTemplate Behavior [ RunTime:-0.453125s ]
INFO: [ view_parse ] --END-- [ RunTime:0.031250s ]
INFO: [ view_filter ] --START--
INFO: Run ContentReplace Behavior [ RunTime:-0.484375s ]
INFO: Run TokenBuild Behavior [ RunTime:-0.484375s ]
INFO: Run WriteHtmlCache Behavior [ RunTime:-0.484375s ]
INFO: Run ShowRuntime Behavior [ RunTime:-0.484375s ]
INFO: [ view_filter ] --END-- [ RunTime:0.000000s ]
INFO: [ view_end ] --START--
INFO: Run ShowPageTrace Behavior [ RunTime:-0.484375s ]
INFO: [ view_end ] --END-- [ RunTime:0.000000s ]

[ 2015-08-13T09:17:55+08:00 ] 127.0.0.1 /badouwang/index.php/User/User/login
INFO: [ route_check ] --START--
INFO: Run CheckRoute Behavior [ RunTime:0.000000s ]
INFO: [ route_check ] --END-- [ RunTime:0.000000s ]
INFO: [ app_begin ] --START--
INFO: Run ReadHtmlCache Behavior [ RunTime:0.000000s ]
INFO: [ app_begin ] --END-- [ RunTime:0.000000s ]
SQL: SHOW COLUMNS FROM `bd_user` [ RunTime:0.015625s ]
NOTIC: [8] Undefined index: city E:\wamp\wamp\www\badouwang\home\Lib\Action\CommonAction.class.php 第 27 行.
SQL: SHOW COLUMNS FROM `bd_memberfields` [ RunTime:0.031250s ]
SQL: SELECT `user_pic`,`lab`,`rname` FROM `bd_memberfields` WHERE uid='11' LIMIT 1   [ RunTime:0.000000s ]
SQL: SHOW COLUMNS FROM `bd_city` [ RunTime:0.015625s ]
SQL: select city.id,city.name,pro.name pname from bd_city city left join bd_province pro on city.provincei_d=pro.id where city.isopen=1 [ RunTime:0.000000s ]
NOTIC: [8] Undefined index: 北京 E:\wamp\wamp\www\badouwang\core\Extend\Library\Com\ArrayHelper.class.php 第 11 行.
NOTIC: [8] Undefined index: 上海 E:\wamp\wamp\www\badouwang\core\Extend\Library\Com\ArrayHelper.class.php 第 11 行.
NOTIC: [8] Undefined index: 广东 E:\wamp\wamp\www\badouwang\core\Extend\Library\Com\ArrayHelper.class.php 第 11 行.
SQL: SHOW COLUMNS FROM `bd_user` [ RunTime:0.015625s ]
SQL: SELECT `type` FROM `bd_user` WHERE uid='11' LIMIT 1   [ RunTime:0.015625s ]
SQL: SHOW COLUMNS FROM `bd_message` [ RunTime:0.015625s ]
SQL: SELECT COUNT(*) AS tp_count FROM `bd_message` WHERE to_uid=11 and is_read=0 and type=1 LIMIT 1   [ RunTime:0.015625s ]
SQL: SELECT COUNT(*) AS tp_count FROM `bd_message` WHERE to_uid=11 and is_read=0 and type=3 LIMIT 1   [ RunTime:0.000000s ]
SQL: SELECT COUNT(*) AS tp_count FROM `bd_message` WHERE to_uid=11 and is_read=0 and type=2 LIMIT 1   [ RunTime:0.000000s ]
SQL: SELECT COUNT(*) AS tp_count FROM `bd_message` WHERE to_uid=11 and is_read=0 and type=4 LIMIT 1   [ RunTime:0.015625s ]
NOTIC: [8] Undefined variable: sCount E:\wamp\wamp\www\badouwang\home\Lib\Action\CommonAction.class.php 第 118 行.
INFO: [ view_template ] --START--
INFO: Run LocationTemplate Behavior [ RunTime:-0.328125s ]
INFO: [ view_template ] --END-- [ RunTime:0.000000s ]
INFO: [ view_parse ] --START--
INFO: Run ParseTemplate Behavior [ RunTime:-0.328125s ]
INFO: [ view_parse ] --END-- [ RunTime:0.000000s ]
INFO: [ view_filter ] --START--
INFO: Run ContentReplace Behavior [ RunTime:-0.328125s ]
INFO: Run TokenBuild Behavior [ RunTime:-0.328125s ]
INFO: Run WriteHtmlCache Behavior [ RunTime:-0.328125s ]
INFO: Run ShowRuntime Behavior [ RunTime:-0.343750s ]
INFO: [ view_filter ] --END-- [ RunTime:0.015625s ]
INFO: [ view_end ] --START--
INFO: Run ShowPageTrace Behavior [ RunTime:-0.343750s ]
INFO: [ view_end ] --END-- [ RunTime:0.000000s ]

[ 2015-08-13T09:18:00+08:00 ] 127.0.0.1 /badouwang/index.php/Ajax/AjaxUser/vpass
INFO: [ route_check ] --START--
INFO: Run CheckRoute Behavior [ RunTime:0.000000s ]
INFO: [ route_check ] --END-- [ RunTime:0.000000s ]
INFO: [ app_begin ] --START--
INFO: Run ReadHtmlCache Behavior [ RunTime:0.000000s ]
INFO: [ app_begin ] --END-- [ RunTime:0.000000s ]
NOTIC: [8] Undefined index: city E:\wamp\wamp\www\badouwang\home\Lib\Action\CommonAction.class.php 第 27 行.
SQL: SHOW COLUMNS FROM `bd_memberfields` [ RunTime:0.015625s ]
SQL: SELECT `user_pic`,`lab`,`rname` FROM `bd_memberfields` WHERE uid='11' LIMIT 1   [ RunTime:0.015625s ]
SQL: SHOW COLUMNS FROM `bd_city` [ RunTime:0.015625s ]
SQL: select city.id,city.name,pro.name pname from bd_city city left join bd_province pro on city.provincei_d=pro.id where city.isopen=1 [ RunTime:0.015625s ]
NOTIC: [8] Undefined index: 北京 E:\wamp\wamp\www\badouwang\core\Extend\Library\Com\ArrayHelper.class.php 第 11 行.
NOTIC: [8] Undefined index: 上海 E:\wamp\wamp\www\badouwang\core\Extend\Library\Com\ArrayHelper.class.php 第 11 行.
NOTIC: [8] Undefined index: 广东 E:\wamp\wamp\www\badouwang\core\Extend\Library\Com\ArrayHelper.class.php 第 11 行.
SQL: SHOW COLUMNS FROM `bd_user` [ RunTime:0.015625s ]
SQL: SELECT `type` FROM `bd_user` WHERE uid='11' LIMIT 1   [ RunTime:0.000000s ]
SQL: SHOW COLUMNS FROM `bd_message` [ RunTime:0.015625s ]
SQL: SELECT COUNT(*) AS tp_count FROM `bd_message` WHERE to_uid=11 and is_read=0 and type=1 LIMIT 1   [ RunTime:0.015625s ]
SQL: SELECT COUNT(*) AS tp_count FROM `bd_message` WHERE to_uid=11 and is_read=0 and type=3 LIMIT 1   [ RunTime:0.000000s ]
SQL: SELECT COUNT(*) AS tp_count FROM `bd_message` WHERE to_uid=11 and is_read=0 and type=2 LIMIT 1   [ RunTime:0.015625s ]
SQL: SELECT COUNT(*) AS tp_count FROM `bd_message` WHERE to_uid=11 and is_read=0 and type=4 LIMIT 1   [ RunTime:0.000000s ]
NOTIC: [8] Undefined variable: sCount E:\wamp\wamp\www\badouwang\home\Lib\Action\CommonAction.class.php 第 118 行.
NOTIC: [2] md5() expects parameter 1 to be string, array given E:\wamp\wamp\www\badouwang\core\Extend\Library\Com\PasswordHelper.class.php 第 66 行.
NOTIC: [8] Undefined variable: char E:\wamp\wamp\www\badouwang\core\Extend\Library\Com\PasswordHelper.class.php 第 77 行.
NOTIC: [8] Undefined variable: str E:\wamp\wamp\www\badouwang\core\Extend\Library\Com\PasswordHelper.class.php 第 88 行.
SQL: SELECT * FROM `bd_user` WHERE uname='qiyunfanbo@126.com' LIMIT 1   [ RunTime:0.000000s ]
SQL: SELECT * FROM `bd_user` WHERE uname='qiyunfanbo@126.com' and password='13d986e951294e328b607007337f17e6' LIMIT 1   [ RunTime:0.015625s ]
SQL: UPDATE `bd_user` SET `err_login`=0 WHERE uname='qiyunfanbo@126.com' [ RunTime:0.015625s ]

[ 2015-08-13T09:18:01+08:00 ] 127.0.0.1 /badouwang/index.php/User/User/doLogin
INFO: [ route_check ] --START--
INFO: Run CheckRoute Behavior [ RunTime:0.000000s ]
INFO: [ route_check ] --END-- [ RunTime:0.000000s ]
INFO: [ app_begin ] --START--
INFO: Run ReadHtmlCache Behavior [ RunTime:0.000000s ]
INFO: [ app_begin ] --END-- [ RunTime:0.000000s ]
SQL: SHOW COLUMNS FROM `bd_user` [ RunTime:0.015625s ]
NOTIC: [8] Undefined index: city E:\wamp\wamp\www\badouwang\home\Lib\Action\CommonAction.class.php 第 27 行.
SQL: SHOW COLUMNS FROM `bd_memberfields` [ RunTime:0.015625s ]
SQL: SELECT `user_pic`,`lab`,`rname` FROM `bd_memberfields` WHERE uid='11' LIMIT 1   [ RunTime:0.015625s ]
SQL: SHOW COLUMNS FROM `bd_city` [ RunTime:0.015625s ]
SQL: select city.id,city.name,pro.name pname from bd_city city left join bd_province pro on city.provincei_d=pro.id where city.isopen=1 [ RunTime:0.000000s ]
NOTIC: [8] Undefined index: 北京 E:\wamp\wamp\www\badouwang\core\Extend\Library\Com\ArrayHelper.class.php 第 11 行.
NOTIC: [8] Undefined index: 上海 E:\wamp\wamp\www\badouwang\core\Extend\Library\Com\ArrayHelper.class.php 第 11 行.
NOTIC: [8] Undefined index: 广东 E:\wamp\wamp\www\badouwang\core\Extend\Library\Com\ArrayHelper.class.php 第 11 行.
SQL: SHOW COLUMNS FROM `bd_user` [ RunTime:0.031250s ]
SQL: SELECT `type` FROM `bd_user` WHERE uid='11' LIMIT 1   [ RunTime:0.000000s ]
SQL: SHOW COLUMNS FROM `bd_message` [ RunTime:0.015625s ]
SQL: SELECT COUNT(*) AS tp_count FROM `bd_message` WHERE to_uid=11 and is_read=0 and type=1 LIMIT 1   [ RunTime:0.015625s ]
SQL: SELECT COUNT(*) AS tp_count FROM `bd_message` WHERE to_uid=11 and is_read=0 and type=3 LIMIT 1   [ RunTime:0.000000s ]
SQL: SELECT COUNT(*) AS tp_count FROM `bd_message` WHERE to_uid=11 and is_read=0 and type=2 LIMIT 1   [ RunTime:0.015625s ]
SQL: SELECT COUNT(*) AS tp_count FROM `bd_message` WHERE to_uid=11 and is_read=0 and type=4 LIMIT 1   [ RunTime:0.000000s ]
NOTIC: [8] Undefined variable: sCount E:\wamp\wamp\www\badouwang\home\Lib\Action\CommonAction.class.php 第 118 行.
NOTIC: [2] md5() expects parameter 1 to be string, array given E:\wamp\wamp\www\badouwang\core\Extend\Library\Com\PasswordHelper.class.php 第 66 行.
NOTIC: [8] Undefined variable: char E:\wamp\wamp\www\badouwang\core\Extend\Library\Com\PasswordHelper.class.php 第 77 行.
NOTIC: [8] Undefined variable: str E:\wamp\wamp\www\badouwang\core\Extend\Library\Com\PasswordHelper.class.php 第 88 行.
SQL: SELECT * FROM `bd_user` WHERE uname='qiyunfanbo@126.com' and password='13d986e951294e328b607007337f17e6' LIMIT 1   [ RunTime:0.000000s ]
SQL: SELECT `rname` FROM `bd_memberfields` WHERE uid='11' LIMIT 1   [ RunTime:0.015625s ]
NOTIC: [8] Undefined variable: msg E:\wamp\wamp\www\badouwang\home\Lib\Action\User\UserAction.class.php 第 71 行.
INFO: [ view_template ] --START--
INFO: Run LocationTemplate Behavior [ RunTime:-0.312500s ]
INFO: [ view_template ] --END-- [ RunTime:0.000000s ]
INFO: [ view_parse ] --START--
INFO: Run ParseTemplate Behavior [ RunTime:-0.312500s ]
INFO: [ view_parse ] --END-- [ RunTime:0.000000s ]
INFO: [ view_filter ] --START--
INFO: Run ContentReplace Behavior [ RunTime:-0.312500s ]
INFO: Run TokenBuild Behavior [ RunTime:-0.312500s ]
INFO: Run WriteHtmlCache Behavior [ RunTime:-0.312500s ]
INFO: Run ShowRuntime Behavior [ RunTime:-0.312500s ]
INFO: [ view_filter ] --END-- [ RunTime:0.000000s ]
INFO: [ view_end ] --START--
INFO: Run ShowPageTrace Behavior [ RunTime:-0.312500s ]
INFO: [ view_end ] --END-- [ RunTime:0.000000s ]

[ 2015-08-13T09:18:03+08:00 ] 127.0.0.1 /badouwang/index.php
INFO: [ app_begin ] --START--
INFO: Run ReadHtmlCache Behavior [ RunTime:0.000000s ]
INFO: [ app_begin ] --END-- [ RunTime:0.000000s ]
NOTIC: [8] Undefined index: city E:\wamp\wamp\www\badouwang\home\Lib\Action\CommonAction.class.php 第 27 行.
NOTIC: [8] Use of undefined constant __INFO__ - assumed '__INFO__' E:\wamp\wamp\www\badouwang\home\Lib\Action\CommonAction.class.php 第 29 行.
NOTIC: [8] Undefined offset: 2 E:\wamp\wamp\www\badouwang\home\Lib\Action\CommonAction.class.php 第 30 行.
SQL: SHOW COLUMNS FROM `bd_memberfields` [ RunTime:0.015625s ]
SQL: SELECT `user_pic`,`lab`,`rname` FROM `bd_memberfields` WHERE uid='11' LIMIT 1   [ RunTime:0.046875s ]
SQL: SHOW COLUMNS FROM `bd_city` [ RunTime:0.015625s ]
SQL: select city.id,city.name,pro.name pname from bd_city city left join bd_province pro on city.provincei_d=pro.id where city.isopen=1 [ RunTime:0.000000s ]
NOTIC: [8] Undefined index: 北京 E:\wamp\wamp\www\badouwang\core\Extend\Library\Com\ArrayHelper.class.php 第 11 行.
NOTIC: [8] Undefined index: 上海 E:\wamp\wamp\www\badouwang\core\Extend\Library\Com\ArrayHelper.class.php 第 11 行.
NOTIC: [8] Undefined index: 广东 E:\wamp\wamp\www\badouwang\core\Extend\Library\Com\ArrayHelper.class.php 第 11 行.
SQL: SHOW COLUMNS FROM `bd_user` [ RunTime:0.031250s ]
SQL: SELECT `type` FROM `bd_user` WHERE uid='11' LIMIT 1   [ RunTime:0.000000s ]
SQL: SHOW COLUMNS FROM `bd_message` [ RunTime:0.015625s ]
SQL: SELECT COUNT(*) AS tp_count FROM `bd_message` WHERE to_uid=11 and is_read=0 and type=1 LIMIT 1   [ RunTime:0.015625s ]
SQL: SELECT COUNT(*) AS tp_count FROM `bd_message` WHERE to_uid=11 and is_read=0 and type=3 LIMIT 1   [ RunTime:0.000000s ]
SQL: SELECT COUNT(*) AS tp_count FROM `bd_message` WHERE to_uid=11 and is_read=0 and type=2 LIMIT 1   [ RunTime:0.000000s ]
SQL: SELECT COUNT(*) AS tp_count FROM `bd_message` WHERE to_uid=11 and is_read=0 and type=4 LIMIT 1   [ RunTime:0.015625s ]
NOTIC: [8] Undefined variable: sCount E:\wamp\wamp\www\badouwang\home\Lib\Action\CommonAction.class.php 第 118 行.
SQL: SELECT a.uid,a.real_name,a.id_front,m.visitednumber,c.name cname,d.name dname FROM bd_authentication a JOIN bd_memberfields m ON a.uid=m.uid JOIN bd_classfiy c ON a.cid=c.id JOIN bd_classfiy d ON a.grade=d.id WHERE a.type=1 ORDER BY m.visitednumber DESC LIMIT 4 [ RunTime:0.000000s ]
SQL: SELECT COUNT(*) AS tp_count FROM `bd_user` LIMIT 1   [ RunTime:0.015625s ]
SQL: SHOW COLUMNS FROM `bd_organ_spred` [ RunTime:0.031250s ]
SQL: select spred.id,spred.price,spred.d_price,course.cname aname,course.timg,spred.number from bd_organ_spred spred left join  bd_proxyermanage course on spred.cid=course.id where d_price>0 and d_price<spred.price and spred.type=2 limit 0,5 [ RunTime:0.000000s ]
SQL: SELECT q.id,q.content,q.lnumber FROM bd_question q  order by q.lnumber desc LIMIT 10  [ RunTime:0.015625s ]
SQL: SHOW COLUMNS FROM `bd_classfiy` [ RunTime:0.000000s ]
SQL: SELECT `id` FROM `bd_classfiy` WHERE name='焦点新闻' LIMIT 1   [ RunTime:0.000000s ]
SQL: SHOW COLUMNS FROM `bd_article` [ RunTime:0.015625s ]
SQL: SELECT * FROM `bd_article` WHERE gid=165 LIMIT 11   [ RunTime:0.078125s ]
SQL: SHOW COLUMNS FROM `bd_authentication` [ RunTime:0.031250s ]
SQL: SELECT `uid`,`real_name`,`lincence`,`address` FROM `bd_authentication` WHERE type=3 LIMIT 3   [ RunTime:0.015625s ]
SQL: SELECT COUNT(*) AS tp_count FROM `bd_authentication` WHERE uid=30 and type=4 LIMIT 1   [ RunTime:0.015625s ]
SQL: SHOW COLUMNS FROM `bd_jjbm` [ RunTime:0.015625s ]
SQL: SELECT COUNT(*) AS tp_count FROM `bd_jjbm` WHERE tuid=30 LIMIT 1   [ RunTime:0.015625s ]
SQL: SELECT COUNT(*) AS tp_count FROM `bd_authentication` WHERE uid=34 and type=4 LIMIT 1   [ RunTime:0.015625s ]
SQL: SELECT COUNT(*) AS tp_count FROM `bd_jjbm` WHERE tuid=34 LIMIT 1   [ RunTime:0.000000s ]
SQL: SELECT COUNT(*) AS tp_count FROM `bd_authentication` WHERE uid=39 and type=4 LIMIT 1   [ RunTime:0.015625s ]
SQL: SELECT COUNT(*) AS tp_count FROM `bd_jjbm` WHERE tuid=39 LIMIT 1   [ RunTime:0.015625s ]
SQL: SELECT `id`,`lrf`,`rft`,`lev` FROM `bd_classfiy` WHERE name='培训分类' LIMIT 1   [ RunTime:0.015625s ]
SQL: select name,id from bd_classfiy where lrf>'154' and rft<'179]'  and ishot=1 [ RunTime:0.031250s ]
SQL: SELECT * FROM `bd_organ_spred` WHERE ic_comment=1  [ RunTime:0.031250s ]
SQL: SELECT * FROM `bd_memberfields` LIMIT 5   [ RunTime:0.000000s ]
NOTIC: [2] Missing argument 4 for ClassfiyHelper::getClassesByName(), called in E:\wamp\wamp\www\badouwang\home\Lib\Action\Index\IndexAction.class.php on line 46 and defined E:\wamp\wamp\www\badouwang\core\Extend\Library\Com\ClassfiyHelper.class.php 第 59 行.
SQL: SELECT `id`,`lrf`,`rft`,`lev` FROM `bd_classfiy` WHERE name='在线考试' LIMIT 1   [ RunTime:0.015625s ]
NOTIC: [8] Undefined variable: fields E:\wamp\wamp\www\badouwang\core\Extend\Library\Com\ClassfiyHelper.class.php 第 69 行.
SQL: select id,name,cimg,ctextbrand from bd_classfiy where lrf>'104' and rft<'153]' and lev-2=1 [ RunTime:0.000000s ]
SQL: SELECT `lrf`,`rft` FROM `bd_classfiy` WHERE id=71 LIMIT 1   [ RunTime:0.015625s ]
SQL: SELECT `id` FROM `bd_classfiy` WHERE lrf>105 and rft<112  [ RunTime:0.000000s ]
SQL: SHOW COLUMNS FROM `bd_ex_paper` [ RunTime:0.015625s ]
SQL: SELECT * FROM `bd_ex_paper` WHERE sid in (72,73,74) LIMIT 10   [ RunTime:0.015625s ]
INFO: [ view_template ] --START--
INFO: Run LocationTemplate Behavior [ RunTime:-0.875000s ]
INFO: [ view_template ] --END-- [ RunTime:0.000000s ]
INFO: [ view_parse ] --START--
NOTIC: [8] Undefined variable: cityid E:\wamp\wamp\www\badouwang\home\Runtime\Cache\Index\b0cfccd32a8aecbbf5895237c16bc75a.php 第 19 行.
NOTIC: [8] Undefined variable: cityid E:\wamp\wamp\www\badouwang\home\Runtime\Cache\Index\b0cfccd32a8aecbbf5895237c16bc75a.php 第 19 行.
NOTIC: [8] Undefined variable: cityid E:\wamp\wamp\www\badouwang\home\Runtime\Cache\Index\b0cfccd32a8aecbbf5895237c16bc75a.php 第 19 行.
NOTIC: [8] Undefined variable: cityid E:\wamp\wamp\www\badouwang\home\Runtime\Cache\Index\b0cfccd32a8aecbbf5895237c16bc75a.php 第 19 行.
NOTIC: [8] Undefined variable: dCount E:\wamp\wamp\www\badouwang\home\Runtime\Cache\Index\b0cfccd32a8aecbbf5895237c16bc75a.php 第 46 行.
INFO: Run ParseTemplate Behavior [ RunTime:-0.875000s ]
INFO: [ view_parse ] --END-- [ RunTime:0.093750s ]
INFO: [ view_filter ] --START--
INFO: Run ContentReplace Behavior [ RunTime:-0.968750s ]
INFO: Run TokenBuild Behavior [ RunTime:-0.968750s ]
INFO: Run WriteHtmlCache Behavior [ RunTime:-0.968750s ]
INFO: Run ShowRuntime Behavior [ RunTime:-0.968750s ]
INFO: [ view_filter ] --END-- [ RunTime:0.000000s ]
INFO: [ view_end ] --START--
INFO: Run ShowPageTrace Behavior [ RunTime:-0.968750s ]
INFO: [ view_end ] --END-- [ RunTime:0.000000s ]

[ 2015-08-13T09:18:04+08:00 ] 127.0.0.1 /badouwang/
INFO: [ app_begin ] --START--
INFO: Run ReadHtmlCache Behavior [ RunTime:0.000000s ]
INFO: [ app_begin ] --END-- [ RunTime:0.000000s ]
NOTIC: [8] Undefined index: city E:\wamp\wamp\www\badouwang\home\Lib\Action\CommonAction.class.php 第 27 行.
NOTIC: [8] Use of undefined constant __INFO__ - assumed '__INFO__' E:\wamp\wamp\www\badouwang\home\Lib\Action\CommonAction.class.php 第 29 行.
NOTIC: [8] Undefined offset: 2 E:\wamp\wamp\www\badouwang\home\Lib\Action\CommonAction.class.php 第 30 行.
SQL: SHOW COLUMNS FROM `bd_memberfields` [ RunTime:0.015625s ]
SQL: SELECT `user_pic`,`lab`,`rname` FROM `bd_memberfields` WHERE uid='11' LIMIT 1   [ RunTime:0.000000s ]
SQL: SHOW COLUMNS FROM `bd_city` [ RunTime:0.015625s ]
SQL: select city.id,city.name,pro.name pname from bd_city city left join bd_province pro on city.provincei_d=pro.id where city.isopen=1 [ RunTime:0.015625s ]
NOTIC: [8] Undefined index: 北京 E:\wamp\wamp\www\badouwang\core\Extend\Library\Com\ArrayHelper.class.php 第 11 行.
NOTIC: [8] Undefined index: 上海 E:\wamp\wamp\www\badouwang\core\Extend\Library\Com\ArrayHelper.class.php 第 11 行.
NOTIC: [8] Undefined index: 广东 E:\wamp\wamp\www\badouwang\core\Extend\Library\Com\ArrayHelper.class.php 第 11 行.
SQL: SHOW COLUMNS FROM `bd_user` [ RunTime:0.015625s ]
SQL: SELECT `type` FROM `bd_user` WHERE uid='11' LIMIT 1   [ RunTime:0.015625s ]
SQL: SHOW COLUMNS FROM `bd_message` [ RunTime:0.015625s ]
SQL: SELECT COUNT(*) AS tp_count FROM `bd_message` WHERE to_uid=11 and is_read=0 and type=1 LIMIT 1   [ RunTime:0.000000s ]
SQL: SELECT COUNT(*) AS tp_count FROM `bd_message` WHERE to_uid=11 and is_read=0 and type=3 LIMIT 1   [ RunTime:0.015625s ]
SQL: SELECT COUNT(*) AS tp_count FROM `bd_message` WHERE to_uid=11 and is_read=0 and type=2 LIMIT 1   [ RunTime:0.015625s ]
SQL: SELECT COUNT(*) AS tp_count FROM `bd_message` WHERE to_uid=11 and is_read=0 and type=4 LIMIT 1   [ RunTime:0.015625s ]
NOTIC: [8] Undefined variable: sCount E:\wamp\wamp\www\badouwang\home\Lib\Action\CommonAction.class.php 第 118 行.
SQL: SELECT a.uid,a.real_name,a.id_front,m.visitednumber,c.name cname,d.name dname FROM bd_authentication a JOIN bd_memberfields m ON a.uid=m.uid JOIN bd_classfiy c ON a.cid=c.id JOIN bd_classfiy d ON a.grade=d.id WHERE a.type=1 ORDER BY m.visitednumber DESC LIMIT 4 [ RunTime:0.000000s ]
SQL: SELECT COUNT(*) AS tp_count FROM `bd_user` LIMIT 1   [ RunTime:0.031250s ]
SQL: SHOW COLUMNS FROM `bd_organ_spred` [ RunTime:0.015625s ]
SQL: select spred.id,spred.price,spred.d_price,course.cname aname,course.timg,spred.number from bd_organ_spred spred left join  bd_proxyermanage course on spred.cid=course.id where d_price>0 and d_price<spred.price and spred.type=2 limit 0,5 [ RunTime:0.000000s ]
SQL: SELECT q.id,q.content,q.lnumber FROM bd_question q  order by q.lnumber desc LIMIT 10  [ RunTime:0.015625s ]
SQL: SHOW COLUMNS FROM `bd_classfiy` [ RunTime:0.015625s ]
SQL: SELECT `id` FROM `bd_classfiy` WHERE name='焦点新闻' LIMIT 1   [ RunTime:0.000000s ]
SQL: SHOW COLUMNS FROM `bd_article` [ RunTime:0.015625s ]
SQL: SELECT * FROM `bd_article` WHERE gid=165 LIMIT 11   [ RunTime:0.031250s ]
SQL: SHOW COLUMNS FROM `bd_authentication` [ RunTime:0.031250s ]
SQL: SELECT `uid`,`real_name`,`lincence`,`address` FROM `bd_authentication` WHERE type=3 LIMIT 3   [ RunTime:0.015625s ]
SQL: SELECT COUNT(*) AS tp_count FROM `bd_authentication` WHERE uid=30 and type=4 LIMIT 1   [ RunTime:0.000000s ]
SQL: SHOW COLUMNS FROM `bd_jjbm` [ RunTime:0.015625s ]
SQL: SELECT COUNT(*) AS tp_count FROM `bd_jjbm` WHERE tuid=30 LIMIT 1   [ RunTime:0.015625s ]
SQL: SELECT COUNT(*) AS tp_count FROM `bd_authentication` WHERE uid=34 and type=4 LIMIT 1   [ RunTime:0.000000s ]
SQL: SELECT COUNT(*) AS tp_count FROM `bd_jjbm` WHERE tuid=34 LIMIT 1   [ RunTime:0.000000s ]
SQL: SELECT COUNT(*) AS tp_count FROM `bd_authentication` WHERE uid=39 and type=4 LIMIT 1   [ RunTime:0.015625s ]
SQL: SELECT COUNT(*) AS tp_count FROM `bd_jjbm` WHERE tuid=39 LIMIT 1   [ RunTime:0.000000s ]
SQL: SELECT `id`,`lrf`,`rft`,`lev` FROM `bd_classfiy` WHERE name='培训分类' LIMIT 1   [ RunTime:0.000000s ]
SQL: select name,id from bd_classfiy where lrf>'154' and rft<'179]'  and ishot=1 [ RunTime:0.015625s ]
SQL: SELECT * FROM `bd_organ_spred` WHERE ic_comment=1  [ RunTime:0.000000s ]
SQL: SELECT * FROM `bd_memberfields` LIMIT 5   [ RunTime:0.015625s ]
NOTIC: [2] Missing argument 4 for ClassfiyHelper::getClassesByName(), called in E:\wamp\wamp\www\badouwang\home\Lib\Action\Index\IndexAction.class.php on line 46 and defined E:\wamp\wamp\www\badouwang\core\Extend\Library\Com\ClassfiyHelper.class.php 第 59 行.
SQL: SELECT `id`,`lrf`,`rft`,`lev` FROM `bd_classfiy` WHERE name='在线考试' LIMIT 1   [ RunTime:0.000000s ]
NOTIC: [8] Undefined variable: fields E:\wamp\wamp\www\badouwang\core\Extend\Library\Com\ClassfiyHelper.class.php 第 69 行.
SQL: select id,name,cimg,ctextbrand from bd_classfiy where lrf>'104' and rft<'153]' and lev-2=1 [ RunTime:0.015625s ]
SQL: SELECT `lrf`,`rft` FROM `bd_classfiy` WHERE id=71 LIMIT 1   [ RunTime:0.015625s ]
SQL: SELECT `id` FROM `bd_classfiy` WHERE lrf>105 and rft<112  [ RunTime:0.000000s ]
SQL: SHOW COLUMNS FROM `bd_ex_paper` [ RunTime:0.062500s ]
SQL: SELECT * FROM `bd_ex_paper` WHERE sid in (72,73,74) LIMIT 10   [ RunTime:0.015625s ]
INFO: [ view_template ] --START--
INFO: Run LocationTemplate Behavior [ RunTime:-0.703125s ]
INFO: [ view_template ] --END-- [ RunTime:0.000000s ]
INFO: [ view_parse ] --START--
NOTIC: [8] Undefined variable: cityid E:\wamp\wamp\www\badouwang\home\Runtime\Cache\Index\b0cfccd32a8aecbbf5895237c16bc75a.php 第 19 行.
NOTIC: [8] Undefined variable: cityid E:\wamp\wamp\www\badouwang\home\Runtime\Cache\Index\b0cfccd32a8aecbbf5895237c16bc75a.php 第 19 行.
NOTIC: [8] Undefined variable: cityid E:\wamp\wamp\www\badouwang\home\Runtime\Cache\Index\b0cfccd32a8aecbbf5895237c16bc75a.php 第 19 行.
NOTIC: [8] Undefined variable: cityid E:\wamp\wamp\www\badouwang\home\Runtime\Cache\Index\b0cfccd32a8aecbbf5895237c16bc75a.php 第 19 行.
NOTIC: [8] Undefined variable: dCount E:\wamp\wamp\www\badouwang\home\Runtime\Cache\Index\b0cfccd32a8aecbbf5895237c16bc75a.php 第 46 行.
INFO: Run ParseTemplate Behavior [ RunTime:-0.703125s ]
INFO: [ view_parse ] --END-- [ RunTime:0.046875s ]
INFO: [ view_filter ] --START--
INFO: Run ContentReplace Behavior [ RunTime:-0.750000s ]
INFO: Run TokenBuild Behavior [ RunTime:-0.765625s ]
INFO: Run WriteHtmlCache Behavior [ RunTime:-0.765625s ]
INFO: Run ShowRuntime Behavior [ RunTime:-0.765625s ]
INFO: [ view_filter ] --END-- [ RunTime:0.015625s ]
INFO: [ view_end ] --START--
INFO: Run ShowPageTrace Behavior [ RunTime:-0.765625s ]
INFO: [ view_end ] --END-- [ RunTime:0.000000s ]

[ 2015-08-13T09:32:13+08:00 ] 127.0.0.1 /badouwang/index.php/User/User/login
INFO: [ route_check ] --START--
INFO: Run CheckRoute Behavior [ RunTime:0.000000s ]
INFO: [ route_check ] --END-- [ RunTime:0.000000s ]
INFO: [ app_begin ] --START--
INFO: Run ReadHtmlCache Behavior [ RunTime:0.000000s ]
INFO: [ app_begin ] --END-- [ RunTime:0.000000s ]
SQL: SHOW COLUMNS FROM `bd_user` [ RunTime:0.000000s ]
NOTIC: [8] Undefined index: city E:\wamp\wamp\www\badouwang\home\Lib\Action\CommonAction.class.php 第 27 行.
SQL: SHOW COLUMNS FROM `bd_memberfields` [ RunTime:0.015625s ]
SQL: SELECT `user_pic`,`lab`,`rname` FROM `bd_memberfields` WHERE uid='11' LIMIT 1   [ RunTime:0.015625s ]
SQL: SHOW COLUMNS FROM `bd_city` [ RunTime:0.015625s ]
SQL: select city.id,city.name,pro.name pname from bd_city city left join bd_province pro on city.provincei_d=pro.id where city.isopen=1 [ RunTime:0.000000s ]
NOTIC: [8] Undefined index: 北京 E:\wamp\wamp\www\badouwang\core\Extend\Library\Com\ArrayHelper.class.php 第 11 行.
NOTIC: [8] Undefined index: 上海 E:\wamp\wamp\www\badouwang\core\Extend\Library\Com\ArrayHelper.class.php 第 11 行.
NOTIC: [8] Undefined index: 广东 E:\wamp\wamp\www\badouwang\core\Extend\Library\Com\ArrayHelper.class.php 第 11 行.
SQL: SHOW COLUMNS FROM `bd_user` [ RunTime:0.015625s ]
SQL: SELECT `type` FROM `bd_user` WHERE uid='11' LIMIT 1   [ RunTime:0.000000s ]
SQL: SHOW COLUMNS FROM `bd_message` [ RunTime:0.015625s ]
SQL: SELECT COUNT(*) AS tp_count FROM `bd_message` WHERE to_uid=11 and is_read=0 and type=1 LIMIT 1   [ RunTime:0.000000s ]
SQL: SELECT COUNT(*) AS tp_count FROM `bd_message` WHERE to_uid=11 and is_read=0 and type=3 LIMIT 1   [ RunTime:0.015625s ]
SQL: SELECT COUNT(*) AS tp_count FROM `bd_message` WHERE to_uid=11 and is_read=0 and type=2 LIMIT 1   [ RunTime:0.000000s ]
SQL: SELECT COUNT(*) AS tp_count FROM `bd_message` WHERE to_uid=11 and is_read=0 and type=4 LIMIT 1   [ RunTime:0.000000s ]
NOTIC: [8] Undefined variable: sCount E:\wamp\wamp\www\badouwang\home\Lib\Action\CommonAction.class.php 第 118 行.
NOTIC: [8] Undefined index: HTTP_REFERER E:\wamp\wamp\www\badouwang\home\Lib\Action\User\UserAction.class.php 第 41 行.
INFO: [ view_template ] --START--
INFO: Run LocationTemplate Behavior [ RunTime:-0.406250s ]
INFO: [ view_template ] --END-- [ RunTime:0.000000s ]
INFO: [ view_parse ] --START--
INFO: Run ParseTemplate Behavior [ RunTime:-0.406250s ]
INFO: [ view_parse ] --END-- [ RunTime:0.015625s ]
INFO: [ view_filter ] --START--
INFO: Run ContentReplace Behavior [ RunTime:-0.421875s ]
INFO: Run TokenBuild Behavior [ RunTime:-0.421875s ]
INFO: Run WriteHtmlCache Behavior [ RunTime:-0.421875s ]
INFO: Run ShowRuntime Behavior [ RunTime:-0.421875s ]
INFO: [ view_filter ] --END-- [ RunTime:0.000000s ]
INFO: [ view_end ] --START--
INFO: Run ShowPageTrace Behavior [ RunTime:-0.421875s ]
INFO: [ view_end ] --END-- [ RunTime:0.000000s ]

[ 2015-08-13T09:32:22+08:00 ] 127.0.0.1 /badouwang/index.php/Ajax/AjaxUser/vpass
INFO: [ route_check ] --START--
INFO: Run CheckRoute Behavior [ RunTime:0.015625s ]
INFO: [ route_check ] --END-- [ RunTime:0.015625s ]
INFO: [ app_begin ] --START--
INFO: Run ReadHtmlCache Behavior [ RunTime:0.000000s ]
INFO: [ app_begin ] --END-- [ RunTime:0.000000s ]
NOTIC: [8] Undefined index: city E:\wamp\wamp\www\badouwang\home\Lib\Action\CommonAction.class.php 第 27 行.
SQL: SHOW COLUMNS FROM `bd_memberfields` [ RunTime:0.015625s ]
SQL: SELECT `user_pic`,`lab`,`rname` FROM `bd_memberfields` WHERE uid='11' LIMIT 1   [ RunTime:0.015625s ]
SQL: SHOW COLUMNS FROM `bd_city` [ RunTime:0.015625s ]
SQL: select city.id,city.name,pro.name pname from bd_city city left join bd_province pro on city.provincei_d=pro.id where city.isopen=1 [ RunTime:0.000000s ]
NOTIC: [8] Undefined index: 北京 E:\wamp\wamp\www\badouwang\core\Extend\Library\Com\ArrayHelper.class.php 第 11 行.
NOTIC: [8] Undefined index: 上海 E:\wamp\wamp\www\badouwang\core\Extend\Library\Com\ArrayHelper.class.php 第 11 行.
NOTIC: [8] Undefined index: 广东 E:\wamp\wamp\www\badouwang\core\Extend\Library\Com\ArrayHelper.class.php 第 11 行.
SQL: SHOW COLUMNS FROM `bd_user` [ RunTime:0.015625s ]
SQL: SELECT `type` FROM `bd_user` WHERE uid='11' LIMIT 1   [ RunTime:0.000000s ]
SQL: SHOW COLUMNS FROM `bd_message` [ RunTime:0.015625s ]
SQL: SELECT COUNT(*) AS tp_count FROM `bd_message` WHERE to_uid=11 and is_read=0 and type=1 LIMIT 1   [ RunTime:0.015625s ]
SQL: SELECT COUNT(*) AS tp_count FROM `bd_message` WHERE to_uid=11 and is_read=0 and type=3 LIMIT 1   [ RunTime:0.000000s ]
SQL: SELECT COUNT(*) AS tp_count FROM `bd_message` WHERE to_uid=11 and is_read=0 and type=2 LIMIT 1   [ RunTime:0.000000s ]
SQL: SELECT COUNT(*) AS tp_count FROM `bd_message` WHERE to_uid=11 and is_read=0 and type=4 LIMIT 1   [ RunTime:0.015625s ]
NOTIC: [8] Undefined variable: sCount E:\wamp\wamp\www\badouwang\home\Lib\Action\CommonAction.class.php 第 118 行.
NOTIC: [2] md5() expects parameter 1 to be string, array given E:\wamp\wamp\www\badouwang\core\Extend\Library\Com\PasswordHelper.class.php 第 66 行.
NOTIC: [8] Undefined variable: char E:\wamp\wamp\www\badouwang\core\Extend\Library\Com\PasswordHelper.class.php 第 77 行.
NOTIC: [8] Undefined variable: str E:\wamp\wamp\www\badouwang\core\Extend\Library\Com\PasswordHelper.class.php 第 88 行.
SQL: SELECT * FROM `bd_user` WHERE uname='qiyunfanbo@126.com' LIMIT 1   [ RunTime:0.000000s ]
SQL: SELECT * FROM `bd_user` WHERE uname='qiyunfanbo@126.com' and password='13d986e951294e328b607007337f17e6' LIMIT 1   [ RunTime:0.031250s ]
SQL: UPDATE `bd_user` SET `err_login`=0 WHERE uname='qiyunfanbo@126.com' [ RunTime:0.015625s ]

[ 2015-08-13T09:32:23+08:00 ] 127.0.0.1 /badouwang/index.php/Ajax/AjaxUser/vpass
INFO: [ route_check ] --START--
INFO: Run CheckRoute Behavior [ RunTime:0.000000s ]
INFO: [ route_check ] --END-- [ RunTime:0.000000s ]
INFO: [ app_begin ] --START--
INFO: Run ReadHtmlCache Behavior [ RunTime:0.000000s ]
INFO: [ app_begin ] --END-- [ RunTime:0.000000s ]
NOTIC: [8] Undefined index: city E:\wamp\wamp\www\badouwang\home\Lib\Action\CommonAction.class.php 第 27 行.
SQL: SHOW COLUMNS FROM `bd_memberfields` [ RunTime:0.015625s ]
SQL: SELECT `user_pic`,`lab`,`rname` FROM `bd_memberfields` WHERE uid='11' LIMIT 1   [ RunTime:0.000000s ]
SQL: SHOW COLUMNS FROM `bd_city` [ RunTime:0.015625s ]
SQL: select city.id,city.name,pro.name pname from bd_city city left join bd_province pro on city.provincei_d=pro.id where city.isopen=1 [ RunTime:0.015625s ]
NOTIC: [8] Undefined index: 北京 E:\wamp\wamp\www\badouwang\core\Extend\Library\Com\ArrayHelper.class.php 第 11 行.
NOTIC: [8] Undefined index: 上海 E:\wamp\wamp\www\badouwang\core\Extend\Library\Com\ArrayHelper.class.php 第 11 行.
NOTIC: [8] Undefined index: 广东 E:\wamp\wamp\www\badouwang\core\Extend\Library\Com\ArrayHelper.class.php 第 11 行.
SQL: SHOW COLUMNS FROM `bd_user` [ RunTime:0.015625s ]
SQL: SELECT `type` FROM `bd_user` WHERE uid='11' LIMIT 1   [ RunTime:0.000000s ]
SQL: SHOW COLUMNS FROM `bd_message` [ RunTime:0.015625s ]
SQL: SELECT COUNT(*) AS tp_count FROM `bd_message` WHERE to_uid=11 and is_read=0 and type=1 LIMIT 1   [ RunTime:0.000000s ]
SQL: SELECT COUNT(*) AS tp_count FROM `bd_message` WHERE to_uid=11 and is_read=0 and type=3 LIMIT 1   [ RunTime:0.031250s ]
SQL: SELECT COUNT(*) AS tp_count FROM `bd_message` WHERE to_uid=11 and is_read=0 and type=2 LIMIT 1   [ RunTime:0.000000s ]
SQL: SELECT COUNT(*) AS tp_count FROM `bd_message` WHERE to_uid=11 and is_read=0 and type=4 LIMIT 1   [ RunTime:0.015625s ]
NOTIC: [8] Undefined variable: sCount E:\wamp\wamp\www\badouwang\home\Lib\Action\CommonAction.class.php 第 118 行.
NOTIC: [2] md5() expects parameter 1 to be string, array given E:\wamp\wamp\www\badouwang\core\Extend\Library\Com\PasswordHelper.class.php 第 66 行.
NOTIC: [8] Undefined variable: char E:\wamp\wamp\www\badouwang\core\Extend\Library\Com\PasswordHelper.class.php 第 77 行.
NOTIC: [8] Undefined variable: str E:\wamp\wamp\www\badouwang\core\Extend\Library\Com\PasswordHelper.class.php 第 88 行.
SQL: SELECT * FROM `bd_user` WHERE uname='qiyunfanbo@126.com' LIMIT 1   [ RunTime:0.000000s ]
SQL: SELECT * FROM `bd_user` WHERE uname='qiyunfanbo@126.com' and password='13d986e951294e328b607007337f17e6' LIMIT 1   [ RunTime:0.000000s ]
SQL: UPDATE `bd_user` SET `err_login`=0 WHERE uname='qiyunfanbo@126.com' [ RunTime:0.015625s ]

[ 2015-08-13T09:32:23+08:00 ] 127.0.0.1 /badouwang/index.php/User/User/doLogin
INFO: [ route_check ] --START--
INFO: Run CheckRoute Behavior [ RunTime:0.000000s ]
INFO: [ route_check ] --END-- [ RunTime:0.000000s ]
INFO: [ app_begin ] --START--
INFO: Run ReadHtmlCache Behavior [ RunTime:0.000000s ]
INFO: [ app_begin ] --END-- [ RunTime:0.015625s ]
SQL: SHOW COLUMNS FROM `bd_user` [ RunTime:0.015625s ]
NOTIC: [8] Undefined index: city E:\wamp\wamp\www\badouwang\home\Lib\Action\CommonAction.class.php 第 27 行.
SQL: SHOW COLUMNS FROM `bd_memberfields` [ RunTime:0.031250s ]
SQL: SELECT `user_pic`,`lab`,`rname` FROM `bd_memberfields` WHERE uid='11' LIMIT 1   [ RunTime:0.000000s ]
SQL: SHOW COLUMNS FROM `bd_city` [ RunTime:0.015625s ]
SQL: select city.id,city.name,pro.name pname from bd_city city left join bd_province pro on city.provincei_d=pro.id where city.isopen=1 [ RunTime:0.046875s ]
NOTIC: [8] Undefined index: 北京 E:\wamp\wamp\www\badouwang\core\Extend\Library\Com\ArrayHelper.class.php 第 11 行.
NOTIC: [8] Undefined index: 上海 E:\wamp\wamp\www\badouwang\core\Extend\Library\Com\ArrayHelper.class.php 第 11 行.
NOTIC: [8] Undefined index: 广东 E:\wamp\wamp\www\badouwang\core\Extend\Library\Com\ArrayHelper.class.php 第 11 行.
SQL: SHOW COLUMNS FROM `bd_user` [ RunTime:0.015625s ]
SQL: SELECT `type` FROM `bd_user` WHERE uid='11' LIMIT 1   [ RunTime:0.015625s ]
SQL: SHOW COLUMNS FROM `bd_message` [ RunTime:0.015625s ]
SQL: SELECT COUNT(*) AS tp_count FROM `bd_message` WHERE to_uid=11 and is_read=0 and type=1 LIMIT 1   [ RunTime:0.000000s ]
SQL: SELECT COUNT(*) AS tp_count FROM `bd_message` WHERE to_uid=11 and is_read=0 and type=3 LIMIT 1   [ RunTime:0.031250s ]
SQL: SELECT COUNT(*) AS tp_count FROM `bd_message` WHERE to_uid=11 and is_read=0 and type=2 LIMIT 1   [ RunTime:0.015625s ]
SQL: SELECT COUNT(*) AS tp_count FROM `bd_message` WHERE to_uid=11 and is_read=0 and type=4 LIMIT 1   [ RunTime:0.000000s ]
NOTIC: [8] Undefined variable: sCount E:\wamp\wamp\www\badouwang\home\Lib\Action\CommonAction.class.php 第 118 行.
NOTIC: [2] md5() expects parameter 1 to be string, array given E:\wamp\wamp\www\badouwang\core\Extend\Library\Com\PasswordHelper.class.php 第 66 行.
NOTIC: [8] Undefined variable: char E:\wamp\wamp\www\badouwang\core\Extend\Library\Com\PasswordHelper.class.php 第 77 行.
NOTIC: [8] Undefined variable: str E:\wamp\wamp\www\badouwang\core\Extend\Library\Com\PasswordHelper.class.php 第 88 行.
SQL: SELECT * FROM `bd_user` WHERE uname='qiyunfanbo@126.com' and password='13d986e951294e328b607007337f17e6' LIMIT 1   [ RunTime:0.000000s ]
SQL: SELECT `rname` FROM `bd_memberfields` WHERE uid='11' LIMIT 1   [ RunTime:0.015625s ]
NOTIC: [8] Undefined variable: msg E:\wamp\wamp\www\badouwang\home\Lib\Action\User\UserAction.class.php 第 71 行.
INFO: [ view_template ] --START--
INFO: Run LocationTemplate Behavior [ RunTime:-0.406250s ]
INFO: [ view_template ] --END-- [ RunTime:0.000000s ]
INFO: [ view_parse ] --START--
INFO: Run ParseTemplate Behavior [ RunTime:-0.406250s ]
INFO: [ view_parse ] --END-- [ RunTime:0.015625s ]
INFO: [ view_filter ] --START--
INFO: Run ContentReplace Behavior [ RunTime:-0.421875s ]
INFO: Run TokenBuild Behavior [ RunTime:-0.421875s ]
INFO: Run WriteHtmlCache Behavior [ RunTime:-0.421875s ]
INFO: Run ShowRuntime Behavior [ RunTime:-0.421875s ]
INFO: [ view_filter ] --END-- [ RunTime:0.000000s ]
INFO: [ view_end ] --START--
INFO: Run ShowPageTrace Behavior [ RunTime:-0.421875s ]
INFO: [ view_end ] --END-- [ RunTime:0.000000s ]

[ 2015-08-13T09:32:25+08:00 ] 127.0.0.1 /badouwang/index.php/User/User/login
INFO: [ route_check ] --START--
INFO: Run CheckRoute Behavior [ RunTime:0.000000s ]
INFO: [ route_check ] --END-- [ RunTime:0.000000s ]
INFO: [ app_begin ] --START--
INFO: Run ReadHtmlCache Behavior [ RunTime:0.000000s ]
INFO: [ app_begin ] --END-- [ RunTime:0.000000s ]
SQL: SHOW COLUMNS FROM `bd_user` [ RunTime:0.015625s ]
NOTIC: [8] Undefined index: city E:\wamp\wamp\www\badouwang\home\Lib\Action\CommonAction.class.php 第 27 行.
SQL: SHOW COLUMNS FROM `bd_memberfields` [ RunTime:0.015625s ]
SQL: SELECT `user_pic`,`lab`,`rname` FROM `bd_memberfields` WHERE uid='11' LIMIT 1   [ RunTime:0.015625s ]
SQL: SHOW COLUMNS FROM `bd_city` [ RunTime:0.015625s ]
SQL: select city.id,city.name,pro.name pname from bd_city city left join bd_province pro on city.provincei_d=pro.id where city.isopen=1 [ RunTime:0.000000s ]
NOTIC: [8] Undefined index: 北京 E:\wamp\wamp\www\badouwang\core\Extend\Library\Com\ArrayHelper.class.php 第 11 行.
NOTIC: [8] Undefined index: 上海 E:\wamp\wamp\www\badouwang\core\Extend\Library\Com\ArrayHelper.class.php 第 11 行.
NOTIC: [8] Undefined index: 广东 E:\wamp\wamp\www\badouwang\core\Extend\Library\Com\ArrayHelper.class.php 第 11 行.
SQL: SHOW COLUMNS FROM `bd_user` [ RunTime:0.015625s ]
SQL: SELECT `type` FROM `bd_user` WHERE uid='11' LIMIT 1   [ RunTime:0.015625s ]
SQL: SHOW COLUMNS FROM `bd_message` [ RunTime:0.015625s ]
SQL: SELECT COUNT(*) AS tp_count FROM `bd_message` WHERE to_uid=11 and is_read=0 and type=1 LIMIT 1   [ RunTime:0.015625s ]
SQL: SELECT COUNT(*) AS tp_count FROM `bd_message` WHERE to_uid=11 and is_read=0 and type=3 LIMIT 1   [ RunTime:0.046875s ]
SQL: SELECT COUNT(*) AS tp_count FROM `bd_message` WHERE to_uid=11 and is_read=0 and type=2 LIMIT 1   [ RunTime:0.000000s ]
SQL: SELECT COUNT(*) AS tp_count FROM `bd_message` WHERE to_uid=11 and is_read=0 and type=4 LIMIT 1   [ RunTime:0.015625s ]
NOTIC: [8] Undefined variable: sCount E:\wamp\wamp\www\badouwang\home\Lib\Action\CommonAction.class.php 第 118 行.
INFO: [ view_template ] --START--
INFO: Run LocationTemplate Behavior [ RunTime:-0.343750s ]
INFO: [ view_template ] --END-- [ RunTime:0.000000s ]
INFO: [ view_parse ] --START--
INFO: Run ParseTemplate Behavior [ RunTime:-0.343750s ]
INFO: [ view_parse ] --END-- [ RunTime:0.015625s ]
INFO: [ view_filter ] --START--
INFO: Run ContentReplace Behavior [ RunTime:-0.359375s ]
INFO: Run TokenBuild Behavior [ RunTime:-0.359375s ]
INFO: Run WriteHtmlCache Behavior [ RunTime:-0.359375s ]
INFO: Run ShowRuntime Behavior [ RunTime:-0.359375s ]
INFO: [ view_filter ] --END-- [ RunTime:0.000000s ]
INFO: [ view_end ] --START--
INFO: Run ShowPageTrace Behavior [ RunTime:-0.359375s ]
INFO: [ view_end ] --END-- [ RunTime:0.000000s ]

[ 2015-08-13T09:32:51+08:00 ] 127.0.0.1 /badouwang/index.php/Ajax/AjaxUser/vpass
INFO: [ route_check ] --START--
INFO: Run CheckRoute Behavior [ RunTime:0.000000s ]
INFO: [ route_check ] --END-- [ RunTime:0.000000s ]
INFO: [ app_begin ] --START--
INFO: Run ReadHtmlCache Behavior [ RunTime:0.000000s ]
INFO: [ app_begin ] --END-- [ RunTime:0.000000s ]
NOTIC: [8] Undefined index: city E:\wamp\wamp\www\badouwang\home\Lib\Action\CommonAction.class.php 第 27 行.
SQL: SHOW COLUMNS FROM `bd_memberfields` [ RunTime:0.015625s ]
SQL: SELECT `user_pic`,`lab`,`rname` FROM `bd_memberfields` WHERE uid='11' LIMIT 1   [ RunTime:0.015625s ]
SQL: SHOW COLUMNS FROM `bd_city` [ RunTime:0.015625s ]
SQL: select city.id,city.name,pro.name pname from bd_city city left join bd_province pro on city.provincei_d=pro.id where city.isopen=1 [ RunTime:0.000000s ]
NOTIC: [8] Undefined index: 北京 E:\wamp\wamp\www\badouwang\core\Extend\Library\Com\ArrayHelper.class.php 第 11 行.
NOTIC: [8] Undefined index: 上海 E:\wamp\wamp\www\badouwang\core\Extend\Library\Com\ArrayHelper.class.php 第 11 行.
NOTIC: [8] Undefined index: 广东 E:\wamp\wamp\www\badouwang\core\Extend\Library\Com\ArrayHelper.class.php 第 11 行.
SQL: SHOW COLUMNS FROM `bd_user` [ RunTime:0.031250s ]
SQL: SELECT `type` FROM `bd_user` WHERE uid='11' LIMIT 1   [ RunTime:0.000000s ]
SQL: SHOW COLUMNS FROM `bd_message` [ RunTime:0.031250s ]
SQL: SELECT COUNT(*) AS tp_count FROM `bd_message` WHERE to_uid=11 and is_read=0 and type=1 LIMIT 1   [ RunTime:0.000000s ]
SQL: SELECT COUNT(*) AS tp_count FROM `bd_message` WHERE to_uid=11 and is_read=0 and type=3 LIMIT 1   [ RunTime:0.000000s ]
SQL: SELECT COUNT(*) AS tp_count FROM `bd_message` WHERE to_uid=11 and is_read=0 and type=2 LIMIT 1   [ RunTime:0.015625s ]
SQL: SELECT COUNT(*) AS tp_count FROM `bd_message` WHERE to_uid=11 and is_read=0 and type=4 LIMIT 1   [ RunTime:0.000000s ]
NOTIC: [8] Undefined variable: sCount E:\wamp\wamp\www\badouwang\home\Lib\Action\CommonAction.class.php 第 118 行.
NOTIC: [2] md5() expects parameter 1 to be string, array given E:\wamp\wamp\www\badouwang\core\Extend\Library\Com\PasswordHelper.class.php 第 66 行.
NOTIC: [8] Undefined variable: char E:\wamp\wamp\www\badouwang\core\Extend\Library\Com\PasswordHelper.class.php 第 77 行.
NOTIC: [8] Undefined variable: str E:\wamp\wamp\www\badouwang\core\Extend\Library\Com\PasswordHelper.class.php 第 88 行.
SQL: SELECT * FROM `bd_user` WHERE uname='qiyunfanbo@126.com' LIMIT 1   [ RunTime:0.015625s ]
SQL: SELECT * FROM `bd_user` WHERE uname='qiyunfanbo@126.com' and password='13d986e951294e328b607007337f17e6' LIMIT 1   [ RunTime:0.000000s ]
SQL: UPDATE `bd_user` SET `err_login`=0 WHERE uname='qiyunfanbo@126.com' [ RunTime:0.000000s ]

[ 2015-08-13T09:32:52+08:00 ] 127.0.0.1 /badouwang/index.php/User/User/doLogin
INFO: [ route_check ] --START--
INFO: Run CheckRoute Behavior [ RunTime:0.000000s ]
INFO: [ route_check ] --END-- [ RunTime:0.000000s ]
INFO: [ app_begin ] --START--
INFO: Run ReadHtmlCache Behavior [ RunTime:0.000000s ]
INFO: [ app_begin ] --END-- [ RunTime:0.000000s ]
SQL: SHOW COLUMNS FROM `bd_user` [ RunTime:0.015625s ]
NOTIC: [8] Undefined index: city E:\wamp\wamp\www\badouwang\home\Lib\Action\CommonAction.class.php 第 27 行.
SQL: SHOW COLUMNS FROM `bd_memberfields` [ RunTime:0.015625s ]
SQL: SELECT `user_pic`,`lab`,`rname` FROM `bd_memberfields` WHERE uid='11' LIMIT 1   [ RunTime:0.015625s ]
SQL: SHOW COLUMNS FROM `bd_city` [ RunTime:0.015625s ]
SQL: select city.id,city.name,pro.name pname from bd_city city left join bd_province pro on city.provincei_d=pro.id where city.isopen=1 [ RunTime:0.015625s ]
NOTIC: [8] Undefined index: 北京 E:\wamp\wamp\www\badouwang\core\Extend\Library\Com\ArrayHelper.class.php 第 11 行.
NOTIC: [8] Undefined index: 上海 E:\wamp\wamp\www\badouwang\core\Extend\Library\Com\ArrayHelper.class.php 第 11 行.
NOTIC: [8] Undefined index: 广东 E:\wamp\wamp\www\badouwang\core\Extend\Library\Com\ArrayHelper.class.php 第 11 行.
SQL: SHOW COLUMNS FROM `bd_user` [ RunTime:0.015625s ]
SQL: SELECT `type` FROM `bd_user` WHERE uid='11' LIMIT 1   [ RunTime:0.000000s ]
SQL: SHOW COLUMNS FROM `bd_message` [ RunTime:0.015625s ]
SQL: SELECT COUNT(*) AS tp_count FROM `bd_message` WHERE to_uid=11 and is_read=0 and type=1 LIMIT 1   [ RunTime:0.015625s ]
SQL: SELECT COUNT(*) AS tp_count FROM `bd_message` WHERE to_uid=11 and is_read=0 and type=3 LIMIT 1   [ RunTime:0.000000s ]
SQL: SELECT COUNT(*) AS tp_count FROM `bd_message` WHERE to_uid=11 and is_read=0 and type=2 LIMIT 1   [ RunTime:0.000000s ]
SQL: SELECT COUNT(*) AS tp_count FROM `bd_message` WHERE to_uid=11 and is_read=0 and type=4 LIMIT 1   [ RunTime:0.000000s ]
NOTIC: [8] Undefined variable: sCount E:\wamp\wamp\www\badouwang\home\Lib\Action\CommonAction.class.php 第 118 行.
NOTIC: [2] md5() expects parameter 1 to be string, array given E:\wamp\wamp\www\badouwang\core\Extend\Library\Com\PasswordHelper.class.php 第 66 行.
NOTIC: [8] Undefined variable: char E:\wamp\wamp\www\badouwang\core\Extend\Library\Com\PasswordHelper.class.php 第 77 行.
NOTIC: [8] Undefined variable: str E:\wamp\wamp\www\badouwang\core\Extend\Library\Com\PasswordHelper.class.php 第 88 行.
SQL: SELECT * FROM `bd_user` WHERE uname='qiyunfanbo@126.com' and password='13d986e951294e328b607007337f17e6' LIMIT 1   [ RunTime:0.000000s ]
SQL: SELECT `rname` FROM `bd_memberfields` WHERE uid='11' LIMIT 1   [ RunTime:0.000000s ]
NOTIC: [8] Undefined variable: msg E:\wamp\wamp\www\badouwang\home\Lib\Action\User\UserAction.class.php 第 71 行.
INFO: [ view_template ] --START--
INFO: Run LocationTemplate Behavior [ RunTime:-0.281250s ]
INFO: [ view_template ] --END-- [ RunTime:0.015625s ]
INFO: [ view_parse ] --START--
INFO: Run ParseTemplate Behavior [ RunTime:-0.296875s ]
INFO: [ view_parse ] --END-- [ RunTime:0.000000s ]
INFO: [ view_filter ] --START--
INFO: Run ContentReplace Behavior [ RunTime:-0.296875s ]
INFO: Run TokenBuild Behavior [ RunTime:-0.296875s ]
INFO: Run WriteHtmlCache Behavior [ RunTime:-0.296875s ]
INFO: Run ShowRuntime Behavior [ RunTime:-0.296875s ]
INFO: [ view_filter ] --END-- [ RunTime:0.000000s ]
INFO: [ view_end ] --START--
INFO: Run ShowPageTrace Behavior [ RunTime:-0.296875s ]
INFO: [ view_end ] --END-- [ RunTime:0.000000s ]

[ 2015-08-13T09:32:54+08:00 ] 127.0.0.1 /badouwang/index.php
INFO: [ app_begin ] --START--
INFO: Run ReadHtmlCache Behavior [ RunTime:0.000000s ]
INFO: [ app_begin ] --END-- [ RunTime:0.000000s ]
NOTIC: [8] Undefined index: city E:\wamp\wamp\www\badouwang\home\Lib\Action\CommonAction.class.php 第 27 行.
NOTIC: [8] Use of undefined constant __INFO__ - assumed '__INFO__' E:\wamp\wamp\www\badouwang\home\Lib\Action\CommonAction.class.php 第 29 行.
NOTIC: [8] Undefined offset: 2 E:\wamp\wamp\www\badouwang\home\Lib\Action\CommonAction.class.php 第 30 行.
SQL: SHOW COLUMNS FROM `bd_memberfields` [ RunTime:0.093750s ]
SQL: SELECT `user_pic`,`lab`,`rname` FROM `bd_memberfields` WHERE uid='11' LIMIT 1   [ RunTime:0.031250s ]
SQL: SHOW COLUMNS FROM `bd_city` [ RunTime:0.046875s ]
SQL: select city.id,city.name,pro.name pname from bd_city city left join bd_province pro on city.provincei_d=pro.id where city.isopen=1 [ RunTime:0.015625s ]
NOTIC: [8] Undefined index: 北京 E:\wamp\wamp\www\badouwang\core\Extend\Library\Com\ArrayHelper.class.php 第 11 行.
NOTIC: [8] Undefined index: 上海 E:\wamp\wamp\www\badouwang\core\Extend\Library\Com\ArrayHelper.class.php 第 11 行.
NOTIC: [8] Undefined index: 广东 E:\wamp\wamp\www\badouwang\core\Extend\Library\Com\ArrayHelper.class.php 第 11 行.
SQL: SHOW COLUMNS FROM `bd_user` [ RunTime:0.015625s ]
SQL: SELECT `type` FROM `bd_user` WHERE uid='11' LIMIT 1   [ RunTime:0.468750s ]
SQL: SHOW COLUMNS FROM `bd_message` [ RunTime:0.015625s ]
SQL: SELECT COUNT(*) AS tp_count FROM `bd_message` WHERE to_uid=11 and is_read=0 and type=1 LIMIT 1   [ RunTime:0.000000s ]
SQL: SELECT COUNT(*) AS tp_count FROM `bd_message` WHERE to_uid=11 and is_read=0 and type=3 LIMIT 1   [ RunTime:0.015625s ]
SQL: SELECT COUNT(*) AS tp_count FROM `bd_message` WHERE to_uid=11 and is_read=0 and type=2 LIMIT 1   [ RunTime:0.000000s ]
SQL: SELECT COUNT(*) AS tp_count FROM `bd_message` WHERE to_uid=11 and is_read=0 and type=4 LIMIT 1   [ RunTime:0.015625s ]
NOTIC: [8] Undefined variable: sCount E:\wamp\wamp\www\badouwang\home\Lib\Action\CommonAction.class.php 第 118 行.
SQL: SELECT a.uid,a.real_name,a.id_front,m.visitednumber,c.name cname,d.name dname FROM bd_authentication a JOIN bd_memberfields m ON a.uid=m.uid JOIN bd_classfiy c ON a.cid=c.id JOIN bd_classfiy d ON a.grade=d.id WHERE a.type=1 ORDER BY m.visitednumber DESC LIMIT 4 [ RunTime:0.000000s ]
SQL: SELECT COUNT(*) AS tp_count FROM `bd_user` LIMIT 1   [ RunTime:0.015625s ]
SQL: SHOW COLUMNS FROM `bd_organ_spred` [ RunTime:0.015625s ]
SQL: select spred.id,spred.price,spred.d_price,course.cname aname,course.timg,spred.number from bd_organ_spred spred left join  bd_proxyermanage course on spred.cid=course.id where d_price>0 and d_price<spred.price and spred.type=2 limit 0,5 [ RunTime:0.000000s ]
SQL: SELECT q.id,q.content,q.lnumber FROM bd_question q  order by q.lnumber desc LIMIT 10  [ RunTime:0.015625s ]
SQL: SHOW COLUMNS FROM `bd_classfiy` [ RunTime:0.000000s ]
SQL: SELECT `id` FROM `bd_classfiy` WHERE name='焦点新闻' LIMIT 1   [ RunTime:0.000000s ]
SQL: SHOW COLUMNS FROM `bd_article` [ RunTime:0.015625s ]
SQL: SELECT * FROM `bd_article` WHERE gid=165 LIMIT 11   [ RunTime:0.062500s ]
SQL: SHOW COLUMNS FROM `bd_authentication` [ RunTime:0.031250s ]
SQL: SELECT `uid`,`real_name`,`lincence`,`address` FROM `bd_authentication` WHERE type=3 LIMIT 3   [ RunTime:0.000000s ]
SQL: SELECT COUNT(*) AS tp_count FROM `bd_authentication` WHERE uid=30 and type=4 LIMIT 1   [ RunTime:0.000000s ]
SQL: SHOW COLUMNS FROM `bd_jjbm` [ RunTime:0.015625s ]
SQL: SELECT COUNT(*) AS tp_count FROM `bd_jjbm` WHERE tuid=30 LIMIT 1   [ RunTime:0.000000s ]
SQL: SELECT COUNT(*) AS tp_count FROM `bd_authentication` WHERE uid=34 and type=4 LIMIT 1   [ RunTime:0.015625s ]
SQL: SELECT COUNT(*) AS tp_count FROM `bd_jjbm` WHERE tuid=34 LIMIT 1   [ RunTime:0.000000s ]
SQL: SELECT COUNT(*) AS tp_count FROM `bd_authentication` WHERE uid=39 and type=4 LIMIT 1   [ RunTime:0.000000s ]
SQL: SELECT COUNT(*) AS tp_count FROM `bd_jjbm` WHERE tuid=39 LIMIT 1   [ RunTime:0.000000s ]
SQL: SELECT `id`,`lrf`,`rft`,`lev` FROM `bd_classfiy` WHERE name='培训分类' LIMIT 1   [ RunTime:0.000000s ]
SQL: select name,id from bd_classfiy where lrf>'154' and rft<'179]'  and ishot=1 [ RunTime:0.015625s ]
SQL: SELECT * FROM `bd_organ_spred` WHERE ic_comment=1  [ RunTime:0.000000s ]
SQL: SELECT * FROM `bd_memberfields` LIMIT 5   [ RunTime:0.000000s ]
NOTIC: [2] Missing argument 4 for ClassfiyHelper::getClassesByName(), called in E:\wamp\wamp\www\badouwang\home\Lib\Action\Index\IndexAction.class.php on line 46 and defined E:\wamp\wamp\www\badouwang\core\Extend\Library\Com\ClassfiyHelper.class.php 第 59 行.
SQL: SELECT `id`,`lrf`,`rft`,`lev` FROM `bd_classfiy` WHERE name='在线考试' LIMIT 1   [ RunTime:0.000000s ]
NOTIC: [8] Undefined variable: fields E:\wamp\wamp\www\badouwang\core\Extend\Library\Com\ClassfiyHelper.class.php 第 69 行.
SQL: select id,name,cimg,ctextbrand from bd_classfiy where lrf>'104' and rft<'153]' and lev-2=1 [ RunTime:0.000000s ]
SQL: SELECT `lrf`,`rft` FROM `bd_classfiy` WHERE id=71 LIMIT 1   [ RunTime:0.015625s ]
SQL: SELECT `id` FROM `bd_classfiy` WHERE lrf>105 and rft<112  [ RunTime:0.000000s ]
SQL: SHOW COLUMNS FROM `bd_ex_paper` [ RunTime:0.015625s ]
SQL: SELECT * FROM `bd_ex_paper` WHERE sid in (72,73,74) LIMIT 10   [ RunTime:0.015625s ]
INFO: [ view_template ] --START--
INFO: Run LocationTemplate Behavior [ RunTime:-1.234375s ]
INFO: [ view_template ] --END-- [ RunTime:0.000000s ]
INFO: [ view_parse ] --START--
NOTIC: [8] Undefined variable: cityid E:\wamp\wamp\www\badouwang\home\Runtime\Cache\Index\b0cfccd32a8aecbbf5895237c16bc75a.php 第 19 行.
NOTIC: [8] Undefined variable: cityid E:\wamp\wamp\www\badouwang\home\Runtime\Cache\Index\b0cfccd32a8aecbbf5895237c16bc75a.php 第 19 行.
NOTIC: [8] Undefined variable: cityid E:\wamp\wamp\www\badouwang\home\Runtime\Cache\Index\b0cfccd32a8aecbbf5895237c16bc75a.php 第 19 行.
NOTIC: [8] Undefined variable: cityid E:\wamp\wamp\www\badouwang\home\Runtime\Cache\Index\b0cfccd32a8aecbbf5895237c16bc75a.php 第 19 行.
NOTIC: [8] Undefined variable: dCount E:\wamp\wamp\www\badouwang\home\Runtime\Cache\Index\b0cfccd32a8aecbbf5895237c16bc75a.php 第 46 行.
INFO: Run ParseTemplate Behavior [ RunTime:-1.234375s ]
INFO: [ view_parse ] --END-- [ RunTime:0.046875s ]
INFO: [ view_filter ] --START--
INFO: Run ContentReplace Behavior [ RunTime:-1.281250s ]
INFO: Run TokenBuild Behavior [ RunTime:-1.281250s ]
INFO: Run WriteHtmlCache Behavior [ RunTime:-1.281250s ]
INFO: Run ShowRuntime Behavior [ RunTime:-1.281250s ]
INFO: [ view_filter ] --END-- [ RunTime:0.000000s ]
INFO: [ view_end ] --START--
INFO: Run ShowPageTrace Behavior [ RunTime:-1.281250s ]
INFO: [ view_end ] --END-- [ RunTime:0.000000s ]

[ 2015-08-13T09:32:55+08:00 ] 127.0.0.1 /badouwang/
INFO: [ app_begin ] --START--
INFO: Run ReadHtmlCache Behavior [ RunTime:0.000000s ]
INFO: [ app_begin ] --END-- [ RunTime:0.000000s ]
NOTIC: [8] Undefined index: city E:\wamp\wamp\www\badouwang\home\Lib\Action\CommonAction.class.php 第 27 行.
NOTIC: [8] Use of undefined constant __INFO__ - assumed '__INFO__' E:\wamp\wamp\www\badouwang\home\Lib\Action\CommonAction.class.php 第 29 行.
NOTIC: [8] Undefined offset: 2 E:\wamp\wamp\www\badouwang\home\Lib\Action\CommonAction.class.php 第 30 行.
SQL: SHOW COLUMNS FROM `bd_memberfields` [ RunTime:0.046875s ]
SQL: SELECT `user_pic`,`lab`,`rname` FROM `bd_memberfields` WHERE uid='11' LIMIT 1   [ RunTime:0.015625s ]
SQL: SHOW COLUMNS FROM `bd_city` [ RunTime:0.015625s ]
SQL: select city.id,city.name,pro.name pname from bd_city city left join bd_province pro on city.provincei_d=pro.id where city.isopen=1 [ RunTime:0.015625s ]
NOTIC: [8] Undefined index: 北京 E:\wamp\wamp\www\badouwang\core\Extend\Library\Com\ArrayHelper.class.php 第 11 行.
NOTIC: [8] Undefined index: 上海 E:\wamp\wamp\www\badouwang\core\Extend\Library\Com\ArrayHelper.class.php 第 11 行.
NOTIC: [8] Undefined index: 广东 E:\wamp\wamp\www\badouwang\core\Extend\Library\Com\ArrayHelper.class.php 第 11 行.
SQL: SHOW COLUMNS FROM `bd_user` [ RunTime:0.015625s ]
SQL: SELECT `type` FROM `bd_user` WHERE uid='11' LIMIT 1   [ RunTime:0.000000s ]
SQL: SHOW COLUMNS FROM `bd_message` [ RunTime:0.015625s ]
SQL: SELECT COUNT(*) AS tp_count FROM `bd_message` WHERE to_uid=11 and is_read=0 and type=1 LIMIT 1   [ RunTime:0.000000s ]
SQL: SELECT COUNT(*) AS tp_count FROM `bd_message` WHERE to_uid=11 and is_read=0 and type=3 LIMIT 1   [ RunTime:0.015625s ]
SQL: SELECT COUNT(*) AS tp_count FROM `bd_message` WHERE to_uid=11 and is_read=0 and type=2 LIMIT 1   [ RunTime:0.000000s ]
SQL: SELECT COUNT(*) AS tp_count FROM `bd_message` WHERE to_uid=11 and is_read=0 and type=4 LIMIT 1   [ RunTime:0.015625s ]
NOTIC: [8] Undefined variable: sCount E:\wamp\wamp\www\badouwang\home\Lib\Action\CommonAction.class.php 第 118 行.
SQL: SELECT a.uid,a.real_name,a.id_front,m.visitednumber,c.name cname,d.name dname FROM bd_authentication a JOIN bd_memberfields m ON a.uid=m.uid JOIN bd_classfiy c ON a.cid=c.id JOIN bd_classfiy d ON a.grade=d.id WHERE a.type=1 ORDER BY m.visitednumber DESC LIMIT 4 [ RunTime:0.000000s ]
SQL: SELECT COUNT(*) AS tp_count FROM `bd_user` LIMIT 1   [ RunTime:0.015625s ]
SQL: SHOW COLUMNS FROM `bd_organ_spred` [ RunTime:0.031250s ]
SQL: select spred.id,spred.price,spred.d_price,course.cname aname,course.timg,spred.number from bd_organ_spred spred left join  bd_proxyermanage course on spred.cid=course.id where d_price>0 and d_price<spred.price and spred.type=2 limit 0,5 [ RunTime:0.015625s ]
SQL: SELECT q.id,q.content,q.lnumber FROM bd_question q  order by q.lnumber desc LIMIT 10  [ RunTime:0.000000s ]
SQL: SHOW COLUMNS FROM `bd_classfiy` [ RunTime:0.015625s ]
SQL: SELECT `id` FROM `bd_classfiy` WHERE name='焦点新闻' LIMIT 1   [ RunTime:0.015625s ]
SQL: SHOW COLUMNS FROM `bd_article` [ RunTime:0.046875s ]
SQL: SELECT * FROM `bd_article` WHERE gid=165 LIMIT 11   [ RunTime:0.031250s ]
SQL: SHOW COLUMNS FROM `bd_authentication` [ RunTime:0.031250s ]
SQL: SELECT `uid`,`real_name`,`lincence`,`address` FROM `bd_authentication` WHERE type=3 LIMIT 3   [ RunTime:0.015625s ]
SQL: SELECT COUNT(*) AS tp_count FROM `bd_authentication` WHERE uid=30 and type=4 LIMIT 1   [ RunTime:0.000000s ]
SQL: SHOW COLUMNS FROM `bd_jjbm` [ RunTime:0.031250s ]
SQL: SELECT COUNT(*) AS tp_count FROM `bd_jjbm` WHERE tuid=30 LIMIT 1   [ RunTime:0.000000s ]
SQL: SELECT COUNT(*) AS tp_count FROM `bd_authentication` WHERE uid=34 and type=4 LIMIT 1   [ RunTime:0.000000s ]
SQL: SELECT COUNT(*) AS tp_count FROM `bd_jjbm` WHERE tuid=34 LIMIT 1   [ RunTime:0.015625s ]
SQL: SELECT COUNT(*) AS tp_count FROM `bd_authentication` WHERE uid=39 and type=4 LIMIT 1   [ RunTime:0.000000s ]
SQL: SELECT COUNT(*) AS tp_count FROM `bd_jjbm` WHERE tuid=39 LIMIT 1   [ RunTime:0.015625s ]
SQL: SELECT `id`,`lrf`,`rft`,`lev` FROM `bd_classfiy` WHERE name='培训分类' LIMIT 1   [ RunTime:0.000000s ]
SQL: select name,id from bd_classfiy where lrf>'154' and rft<'179]'  and ishot=1 [ RunTime:0.000000s ]
SQL: SELECT * FROM `bd_organ_spred` WHERE ic_comment=1  [ RunTime:0.015625s ]
SQL: SELECT * FROM `bd_memberfields` LIMIT 5   [ RunTime:0.015625s ]
NOTIC: [2] Missing argument 4 for ClassfiyHelper::getClassesByName(), called in E:\wamp\wamp\www\badouwang\home\Lib\Action\Index\IndexAction.class.php on line 46 and defined E:\wamp\wamp\www\badouwang\core\Extend\Library\Com\ClassfiyHelper.class.php 第 59 行.
SQL: SELECT `id`,`lrf`,`rft`,`lev` FROM `bd_classfiy` WHERE name='在线考试' LIMIT 1   [ RunTime:0.000000s ]
NOTIC: [8] Undefined variable: fields E:\wamp\wamp\www\badouwang\core\Extend\Library\Com\ClassfiyHelper.class.php 第 69 行.
SQL: select id,name,cimg,ctextbrand from bd_classfiy where lrf>'104' and rft<'153]' and lev-2=1 [ RunTime:0.015625s ]
SQL: SELECT `lrf`,`rft` FROM `bd_classfiy` WHERE id=71 LIMIT 1   [ RunTime:0.015625s ]
SQL: SELECT `id` FROM `bd_classfiy` WHERE lrf>105 and rft<112  [ RunTime:0.000000s ]
SQL: SHOW COLUMNS FROM `bd_ex_paper` [ RunTime:0.015625s ]
SQL: SELECT * FROM `bd_ex_paper` WHERE sid in (72,73,74) LIMIT 10   [ RunTime:0.015625s ]
INFO: [ view_template ] --START--
INFO: Run LocationTemplate Behavior [ RunTime:-0.671875s ]
INFO: [ view_template ] --END-- [ RunTime:0.000000s ]
INFO: [ view_parse ] --START--
NOTIC: [8] Undefined variable: cityid E:\wamp\wamp\www\badouwang\home\Runtime\Cache\Index\b0cfccd32a8aecbbf5895237c16bc75a.php 第 19 行.
NOTIC: [8] Undefined variable: cityid E:\wamp\wamp\www\badouwang\home\Runtime\Cache\Index\b0cfccd32a8aecbbf5895237c16bc75a.php 第 19 行.
NOTIC: [8] Undefined variable: cityid E:\wamp\wamp\www\badouwang\home\Runtime\Cache\Index\b0cfccd32a8aecbbf5895237c16bc75a.php 第 19 行.
NOTIC: [8] Undefined variable: cityid E:\wamp\wamp\www\badouwang\home\Runtime\Cache\Index\b0cfccd32a8aecbbf5895237c16bc75a.php 第 19 行.
NOTIC: [8] Undefined variable: dCount E:\wamp\wamp\www\badouwang\home\Runtime\Cache\Index\b0cfccd32a8aecbbf5895237c16bc75a.php 第 46 行.
INFO: Run ParseTemplate Behavior [ RunTime:-0.671875s ]
INFO: [ view_parse ] --END-- [ RunTime:0.046875s ]
INFO: [ view_filter ] --START--
INFO: Run ContentReplace Behavior [ RunTime:-0.718750s ]
INFO: Run TokenBuild Behavior [ RunTime:-0.734375s ]
INFO: Run WriteHtmlCache Behavior [ RunTime:-0.734375s ]
INFO: Run ShowRuntime Behavior [ RunTime:-0.734375s ]
INFO: [ view_filter ] --END-- [ RunTime:0.015625s ]
INFO: [ view_end ] --START--
INFO: Run ShowPageTrace Behavior [ RunTime:-0.734375s ]
INFO: [ view_end ] --END-- [ RunTime:0.000000s ]

[ 2015-08-13T14:35:43+08:00 ] ERR: (ThinkException) ӷһʱûȷ𸴻ӵûзӦӳʧܡ

[ 2015-08-13T14:41:38+08:00 ] ERR: (ThinkException) ӷһʱûȷ𸴻ӵûзӦӳʧܡ

[ 2015-08-13T14:41:59+08:00 ] ERR: (ThinkException) ӷһʱûȷ𸴻ӵûзӦӳʧܡ

