[ 2015-08-20T09:14:24+08:00 ] 127.0.0.1 /badouwang/
INFO: [ app_begin ] --START--
INFO: Run ReadHtmlCache Behavior [ RunTime:0.015625s ]
INFO: [ app_begin ] --END-- [ RunTime:0.031250s ]
NOTIC: [8] Undefined index: city E:\wamp\wamp\www\badouwang\home\Lib\Action\CommonAction.class.php 第 29 行.
NOTIC: [8] Use of undefined constant __INFO__ - assumed '__INFO__' E:\wamp\wamp\www\badouwang\home\Lib\Action\CommonAction.class.php 第 31 行.
NOTIC: [8] Undefined offset: 2 E:\wamp\wamp\www\badouwang\home\Lib\Action\CommonAction.class.php 第 32 行.
SQL: SHOW COLUMNS FROM `bd_city` [ RunTime:0.031250s ]
SQL: select city.id,city.name,pro.name pname from bd_city city left join bd_province pro on city.provincei_d=pro.id where city.isopen=1 [ RunTime:0.000000s ]
NOTIC: [8] Undefined index: 北京 E:\wamp\wamp\www\badouwang\core\Extend\Library\Com\ArrayHelper.class.php 第 11 行.
NOTIC: [8] Undefined index: 上海 E:\wamp\wamp\www\badouwang\core\Extend\Library\Com\ArrayHelper.class.php 第 11 行.
NOTIC: [8] Undefined index: 广东 E:\wamp\wamp\www\badouwang\core\Extend\Library\Com\ArrayHelper.class.php 第 11 行.
SQL: SHOW COLUMNS FROM `bd_memberfields` [ RunTime:0.031250s ]
SQL: SELECT `address` FROM `bd_memberfields` WHERE uid='' LIMIT 1   [ RunTime:0.031250s ]
SQL: SHOW COLUMNS FROM `bd_city` [ RunTime:0.015625s ]
NOTIC: [8] Undefined offset: 1 E:\wamp\wamp\www\badouwang\home\Lib\Action\CommonAction.class.php 第 130 行.
SQL: SELECT `id`,`isopen` FROM `bd_city` WHERE name='' and isopen=1 LIMIT 1   [ RunTime:0.015625s ]
SQL: SELECT `id`,`isopen` FROM `bd_city` WHERE name='深圳市' and isopen=1 LIMIT 1   [ RunTime:0.000000s ]
SQL: SELECT a.uid,a.real_name,a.id_front,m.visitednumber,c.name cname,d.name dname FROM bd_authentication a JOIN bd_memberfields m ON a.uid=m.uid JOIN bd_classfiy c ON a.cid=c.id JOIN bd_classfiy d ON a.grade=d.id WHERE a.type=1 ORDER BY m.visitednumber DESC LIMIT 4 [ RunTime:0.000000s ]
SQL: SHOW COLUMNS FROM `bd_user` [ RunTime:0.015625s ]
SQL: SELECT COUNT(*) AS tp_count FROM `bd_user` LIMIT 1   [ RunTime:0.015625s ]
SQL: SHOW COLUMNS FROM `bd_organ_spred` [ RunTime:0.046875s ]
SQL: select spred.id,spred.price,spred.d_price,course.cname aname,course.timg,spred.number from bd_organ_spred spred left join  bd_proxyermanage course on spred.cid=course.id where d_price>0 and d_price<spred.price and spred.type=2 limit 0,5 [ RunTime:0.000000s ]
SQL: SELECT q.id,q.content,q.lnumber FROM bd_question q  order by q.lnumber desc LIMIT 10  [ RunTime:0.015625s ]
SQL: SHOW COLUMNS FROM `bd_classfiy` [ RunTime:0.062500s ]
SQL: SELECT `id` FROM `bd_classfiy` WHERE name='焦点新闻' LIMIT 1   [ RunTime:0.015625s ]
SQL: SHOW COLUMNS FROM `bd_article` [ RunTime:0.015625s ]
SQL: SELECT * FROM `bd_article` WHERE gid=165 LIMIT 11   [ RunTime:0.062500s ]
SQL: SHOW COLUMNS FROM `bd_authentication` [ RunTime:0.046875s ]
SQL: SELECT `uid`,`real_name`,`lincence`,`address` FROM `bd_authentication` WHERE type=3 LIMIT 3   [ RunTime:0.000000s ]
SQL: SELECT COUNT(*) AS tp_count FROM `bd_authentication` WHERE uid=30 and type=4 LIMIT 1   [ RunTime:0.015625s ]
SQL: SHOW COLUMNS FROM `bd_jjbm` [ RunTime:0.015625s ]
SQL: SELECT COUNT(*) AS tp_count FROM `bd_jjbm` WHERE tuid=30 LIMIT 1   [ RunTime:0.000000s ]
SQL: SELECT COUNT(*) AS tp_count FROM `bd_authentication` WHERE uid=34 and type=4 LIMIT 1   [ RunTime:0.000000s ]
SQL: SELECT COUNT(*) AS tp_count FROM `bd_jjbm` WHERE tuid=34 LIMIT 1   [ RunTime:0.015625s ]
SQL: SELECT COUNT(*) AS tp_count FROM `bd_authentication` WHERE uid=39 and type=4 LIMIT 1   [ RunTime:0.000000s ]
SQL: SELECT COUNT(*) AS tp_count FROM `bd_jjbm` WHERE tuid=39 LIMIT 1   [ RunTime:0.015625s ]
SQL: SELECT `id`,`lrf`,`rft`,`lev` FROM `bd_classfiy` WHERE name='培训分类' LIMIT 1   [ RunTime:0.000000s ]
SQL: select name,id from bd_classfiy where lrf>'154' and rft<'179]'  and ishot=1 [ RunTime:0.015625s ]
SQL: SELECT * FROM `bd_organ_spred` WHERE ic_comment=1  [ RunTime:0.000000s ]
SQL: SELECT * FROM `bd_memberfields` LIMIT 5   [ RunTime:0.015625s ]
NOTIC: [2] Missing argument 4 for ClassfiyHelper::getClassesByName(), called in E:\wamp\wamp\www\badouwang\home\Lib\Action\Index\IndexAction.class.php on line 48 and defined E:\wamp\wamp\www\badouwang\core\Extend\Library\Com\ClassfiyHelper.class.php 第 59 行.
SQL: SELECT `id`,`lrf`,`rft`,`lev` FROM `bd_classfiy` WHERE name='在线考试' LIMIT 1   [ RunTime:0.015625s ]
NOTIC: [8] Undefined variable: fields E:\wamp\wamp\www\badouwang\core\Extend\Library\Com\ClassfiyHelper.class.php 第 69 行.
SQL: select id,name,cimg,ctextbrand from bd_classfiy where lrf>'104' and rft<'153]' and lev-2=1 [ RunTime:0.000000s ]
SQL: SELECT `lrf`,`rft` FROM `bd_classfiy` WHERE id=71 LIMIT 1   [ RunTime:0.000000s ]
SQL: SELECT `id` FROM `bd_classfiy` WHERE lrf>105 and rft<112  [ RunTime:0.015625s ]
SQL: SHOW COLUMNS FROM `bd_ex_paper` [ RunTime:0.015625s ]
SQL: SELECT * FROM `bd_ex_paper` WHERE sid in (72,73,74) LIMIT 10   [ RunTime:0.000000s ]
INFO: [ view_template ] --START--
INFO: Run LocationTemplate Behavior [ RunTime:-1.062500s ]
INFO: [ view_template ] --END-- [ RunTime:0.000000s ]
INFO: [ view_parse ] --START--
NOTIC: [8] Undefined index: uname E:\wamp\wamp\www\badouwang\home\Runtime\Cache\Index\b0cfccd32a8aecbbf5895237c16bc75a.php 第 33 行.
NOTIC: [8] Undefined index: uname E:\wamp\wamp\www\badouwang\home\Runtime\Cache\Index\b0cfccd32a8aecbbf5895237c16bc75a.php 第 43 行.
INFO: Run ParseTemplate Behavior [ RunTime:-1.062500s ]
INFO: [ view_parse ] --END-- [ RunTime:0.093750s ]
INFO: [ view_filter ] --START--
INFO: Run ContentReplace Behavior [ RunTime:-1.156250s ]
INFO: Run TokenBuild Behavior [ RunTime:-1.156250s ]
INFO: Run WriteHtmlCache Behavior [ RunTime:-1.156250s ]
INFO: Run ShowRuntime Behavior [ RunTime:-1.156250s ]
INFO: [ view_filter ] --END-- [ RunTime:0.015625s ]
INFO: [ view_end ] --START--
INFO: Run ShowPageTrace Behavior [ RunTime:-1.171875s ]
INFO: [ view_end ] --END-- [ RunTime:0.000000s ]

[ 2015-08-20T09:14:25+08:00 ] 127.0.0.1 /badouwang/
INFO: [ app_begin ] --START--
INFO: Run ReadHtmlCache Behavior [ RunTime:0.015625s ]
INFO: [ app_begin ] --END-- [ RunTime:0.015625s ]
NOTIC: [8] Undefined index: city E:\wamp\wamp\www\badouwang\home\Lib\Action\CommonAction.class.php 第 29 行.
NOTIC: [8] Use of undefined constant __INFO__ - assumed '__INFO__' E:\wamp\wamp\www\badouwang\home\Lib\Action\CommonAction.class.php 第 31 行.
NOTIC: [8] Undefined offset: 2 E:\wamp\wamp\www\badouwang\home\Lib\Action\CommonAction.class.php 第 32 行.
SQL: SHOW COLUMNS FROM `bd_city` [ RunTime:0.015625s ]
SQL: select city.id,city.name,pro.name pname from bd_city city left join bd_province pro on city.provincei_d=pro.id where city.isopen=1 [ RunTime:0.015625s ]
NOTIC: [8] Undefined index: 北京 E:\wamp\wamp\www\badouwang\core\Extend\Library\Com\ArrayHelper.class.php 第 11 行.
NOTIC: [8] Undefined index: 上海 E:\wamp\wamp\www\badouwang\core\Extend\Library\Com\ArrayHelper.class.php 第 11 行.
NOTIC: [8] Undefined index: 广东 E:\wamp\wamp\www\badouwang\core\Extend\Library\Com\ArrayHelper.class.php 第 11 行.
SQL: SELECT a.uid,a.real_name,a.id_front,m.visitednumber,c.name cname,d.name dname FROM bd_authentication a JOIN bd_memberfields m ON a.uid=m.uid JOIN bd_classfiy c ON a.cid=c.id JOIN bd_classfiy d ON a.grade=d.id WHERE a.type=1 ORDER BY m.visitednumber DESC LIMIT 4 [ RunTime:0.000000s ]
SQL: SHOW COLUMNS FROM `bd_user` [ RunTime:0.046875s ]
SQL: SELECT COUNT(*) AS tp_count FROM `bd_user` LIMIT 1   [ RunTime:0.000000s ]
SQL: SHOW COLUMNS FROM `bd_organ_spred` [ RunTime:0.015625s ]
SQL: select spred.id,spred.price,spred.d_price,course.cname aname,course.timg,spred.number from bd_organ_spred spred left join  bd_proxyermanage course on spred.cid=course.id where d_price>0 and d_price<spred.price and spred.type=2 limit 0,5 [ RunTime:0.015625s ]
SQL: SELECT q.id,q.content,q.lnumber FROM bd_question q  order by q.lnumber desc LIMIT 10  [ RunTime:0.000000s ]
SQL: SHOW COLUMNS FROM `bd_classfiy` [ RunTime:0.015625s ]
SQL: SELECT `id` FROM `bd_classfiy` WHERE name='焦点新闻' LIMIT 1   [ RunTime:0.000000s ]
SQL: SHOW COLUMNS FROM `bd_article` [ RunTime:0.062500s ]
SQL: SELECT * FROM `bd_article` WHERE gid=165 LIMIT 11   [ RunTime:0.046875s ]
SQL: SHOW COLUMNS FROM `bd_authentication` [ RunTime:0.031250s ]
SQL: SELECT `uid`,`real_name`,`lincence`,`address` FROM `bd_authentication` WHERE type=3 LIMIT 3   [ RunTime:0.000000s ]
SQL: SELECT COUNT(*) AS tp_count FROM `bd_authentication` WHERE uid=30 and type=4 LIMIT 1   [ RunTime:0.015625s ]
SQL: SHOW COLUMNS FROM `bd_jjbm` [ RunTime:0.015625s ]
SQL: SELECT COUNT(*) AS tp_count FROM `bd_jjbm` WHERE tuid=30 LIMIT 1   [ RunTime:0.000000s ]
SQL: SELECT COUNT(*) AS tp_count FROM `bd_authentication` WHERE uid=34 and type=4 LIMIT 1   [ RunTime:0.015625s ]
SQL: SELECT COUNT(*) AS tp_count FROM `bd_jjbm` WHERE tuid=34 LIMIT 1   [ RunTime:0.000000s ]
SQL: SELECT COUNT(*) AS tp_count FROM `bd_authentication` WHERE uid=39 and type=4 LIMIT 1   [ RunTime:0.015625s ]
SQL: SELECT COUNT(*) AS tp_count FROM `bd_jjbm` WHERE tuid=39 LIMIT 1   [ RunTime:0.000000s ]
SQL: SELECT `id`,`lrf`,`rft`,`lev` FROM `bd_classfiy` WHERE name='培训分类' LIMIT 1   [ RunTime:0.015625s ]
SQL: select name,id from bd_classfiy where lrf>'154' and rft<'179]'  and ishot=1 [ RunTime:0.000000s ]
SQL: SELECT * FROM `bd_organ_spred` WHERE ic_comment=1  [ RunTime:0.000000s ]
SQL: SHOW COLUMNS FROM `bd_memberfields` [ RunTime:0.046875s ]
SQL: SELECT * FROM `bd_memberfields` LIMIT 5   [ RunTime:0.015625s ]
NOTIC: [2] Missing argument 4 for ClassfiyHelper::getClassesByName(), called in E:\wamp\wamp\www\badouwang\home\Lib\Action\Index\IndexAction.class.php on line 48 and defined E:\wamp\wamp\www\badouwang\core\Extend\Library\Com\ClassfiyHelper.class.php 第 59 行.
SQL: SELECT `id`,`lrf`,`rft`,`lev` FROM `bd_classfiy` WHERE name='在线考试' LIMIT 1   [ RunTime:0.000000s ]
NOTIC: [8] Undefined variable: fields E:\wamp\wamp\www\badouwang\core\Extend\Library\Com\ClassfiyHelper.class.php 第 69 行.
SQL: select id,name,cimg,ctextbrand from bd_classfiy where lrf>'104' and rft<'153]' and lev-2=1 [ RunTime:0.015625s ]
SQL: SELECT `lrf`,`rft` FROM `bd_classfiy` WHERE id=71 LIMIT 1   [ RunTime:0.000000s ]
SQL: SELECT `id` FROM `bd_classfiy` WHERE lrf>105 and rft<112  [ RunTime:0.000000s ]
SQL: SHOW COLUMNS FROM `bd_ex_paper` [ RunTime:0.015625s ]
SQL: SELECT * FROM `bd_ex_paper` WHERE sid in (72,73,74) LIMIT 10   [ RunTime:0.000000s ]
INFO: [ view_template ] --START--
INFO: Run LocationTemplate Behavior [ RunTime:-0.640625s ]
INFO: [ view_template ] --END-- [ RunTime:0.015625s ]
INFO: [ view_parse ] --START--
NOTIC: [8] Undefined variable: cityid E:\wamp\wamp\www\badouwang\home\Runtime\Cache\Index\b0cfccd32a8aecbbf5895237c16bc75a.php 第 19 行.
NOTIC: [8] Undefined variable: cityid E:\wamp\wamp\www\badouwang\home\Runtime\Cache\Index\b0cfccd32a8aecbbf5895237c16bc75a.php 第 19 行.
NOTIC: [8] Undefined variable: cityid E:\wamp\wamp\www\badouwang\home\Runtime\Cache\Index\b0cfccd32a8aecbbf5895237c16bc75a.php 第 19 行.
NOTIC: [8] Undefined variable: cityid E:\wamp\wamp\www\badouwang\home\Runtime\Cache\Index\b0cfccd32a8aecbbf5895237c16bc75a.php 第 19 行.
NOTIC: [8] Undefined index: uname E:\wamp\wamp\www\badouwang\home\Runtime\Cache\Index\b0cfccd32a8aecbbf5895237c16bc75a.php 第 33 行.
NOTIC: [8] Undefined index: uname E:\wamp\wamp\www\badouwang\home\Runtime\Cache\Index\b0cfccd32a8aecbbf5895237c16bc75a.php 第 43 行.
INFO: Run ParseTemplate Behavior [ RunTime:-0.656250s ]
INFO: [ view_parse ] --END-- [ RunTime:0.046875s ]
INFO: [ view_filter ] --START--
INFO: Run ContentReplace Behavior [ RunTime:-0.703125s ]
INFO: Run TokenBuild Behavior [ RunTime:-0.703125s ]
INFO: Run WriteHtmlCache Behavior [ RunTime:-0.703125s ]
INFO: Run ShowRuntime Behavior [ RunTime:-0.703125s ]
INFO: [ view_filter ] --END-- [ RunTime:0.000000s ]
INFO: [ view_end ] --START--
INFO: Run ShowPageTrace Behavior [ RunTime:-0.703125s ]
INFO: [ view_end ] --END-- [ RunTime:0.000000s ]

[ 2015-08-20T09:14:41+08:00 ] 127.0.0.1 /badouwang/index.php/Ajax/AjaxIndex/getExam
INFO: [ route_check ] --START--
INFO: Run CheckRoute Behavior [ RunTime:0.015625s ]
INFO: [ route_check ] --END-- [ RunTime:0.015625s ]
INFO: [ app_begin ] --START--
INFO: Run ReadHtmlCache Behavior [ RunTime:0.000000s ]
INFO: [ app_begin ] --END-- [ RunTime:0.000000s ]
NOTIC: [8] Undefined index: city E:\wamp\wamp\www\badouwang\home\Lib\Action\CommonAction.class.php 第 29 行.
SQL: SHOW COLUMNS FROM `bd_city` [ RunTime:0.031250s ]
SQL: select city.id,city.name,pro.name pname from bd_city city left join bd_province pro on city.provincei_d=pro.id where city.isopen=1 [ RunTime:0.015625s ]
NOTIC: [8] Undefined index: 北京 E:\wamp\wamp\www\badouwang\core\Extend\Library\Com\ArrayHelper.class.php 第 11 行.
NOTIC: [8] Undefined index: 上海 E:\wamp\wamp\www\badouwang\core\Extend\Library\Com\ArrayHelper.class.php 第 11 行.
NOTIC: [8] Undefined index: 广东 E:\wamp\wamp\www\badouwang\core\Extend\Library\Com\ArrayHelper.class.php 第 11 行.
SQL: SHOW COLUMNS FROM `bd_classfiy` [ RunTime:0.031250s ]
SQL: SELECT `lrf`,`rft` FROM `bd_classfiy` WHERE id=75 LIMIT 1   [ RunTime:0.046875s ]
SQL: SELECT `id` FROM `bd_classfiy` WHERE lrf>113 and rft<116  [ RunTime:0.031250s ]
SQL: SHOW COLUMNS FROM `bd_ex_paper` [ RunTime:0.015625s ]
SQL: SELECT * FROM `bd_ex_paper` WHERE sid in (83) LIMIT 10   [ RunTime:0.031250s ]

[ 2015-08-20T09:14:42+08:00 ] 127.0.0.1 /badouwang/index.php/Ajax/AjaxIndex/getExam
INFO: [ route_check ] --START--
INFO: Run CheckRoute Behavior [ RunTime:0.000000s ]
INFO: [ route_check ] --END-- [ RunTime:0.000000s ]
INFO: [ app_begin ] --START--
INFO: Run ReadHtmlCache Behavior [ RunTime:0.000000s ]
INFO: [ app_begin ] --END-- [ RunTime:0.000000s ]
NOTIC: [8] Undefined index: city E:\wamp\wamp\www\badouwang\home\Lib\Action\CommonAction.class.php 第 29 行.
SQL: SHOW COLUMNS FROM `bd_city` [ RunTime:0.031250s ]
SQL: select city.id,city.name,pro.name pname from bd_city city left join bd_province pro on city.provincei_d=pro.id where city.isopen=1 [ RunTime:0.046875s ]
NOTIC: [8] Undefined index: 北京 E:\wamp\wamp\www\badouwang\core\Extend\Library\Com\ArrayHelper.class.php 第 11 行.
NOTIC: [8] Undefined index: 上海 E:\wamp\wamp\www\badouwang\core\Extend\Library\Com\ArrayHelper.class.php 第 11 行.
NOTIC: [8] Undefined index: 广东 E:\wamp\wamp\www\badouwang\core\Extend\Library\Com\ArrayHelper.class.php 第 11 行.
SQL: SHOW COLUMNS FROM `bd_classfiy` [ RunTime:0.031250s ]
SQL: SELECT `lrf`,`rft` FROM `bd_classfiy` WHERE id=71 LIMIT 1   [ RunTime:0.000000s ]
SQL: SELECT `id` FROM `bd_classfiy` WHERE lrf>105 and rft<112  [ RunTime:0.015625s ]
SQL: SHOW COLUMNS FROM `bd_ex_paper` [ RunTime:0.015625s ]
SQL: SELECT * FROM `bd_ex_paper` WHERE sid in (72,73,74) LIMIT 10   [ RunTime:0.000000s ]

[ 2015-08-20T09:14:43+08:00 ] 127.0.0.1 /badouwang/index.php/Ajax/AjaxIndex/getExam
INFO: [ route_check ] --START--
INFO: Run CheckRoute Behavior [ RunTime:0.000000s ]
INFO: [ route_check ] --END-- [ RunTime:0.000000s ]
INFO: [ app_begin ] --START--
INFO: Run ReadHtmlCache Behavior [ RunTime:0.000000s ]
INFO: [ app_begin ] --END-- [ RunTime:0.000000s ]
NOTIC: [8] Undefined index: city E:\wamp\wamp\www\badouwang\home\Lib\Action\CommonAction.class.php 第 29 行.
SQL: SHOW COLUMNS FROM `bd_city` [ RunTime:0.015625s ]
SQL: select city.id,city.name,pro.name pname from bd_city city left join bd_province pro on city.provincei_d=pro.id where city.isopen=1 [ RunTime:0.000000s ]
NOTIC: [8] Undefined index: 北京 E:\wamp\wamp\www\badouwang\core\Extend\Library\Com\ArrayHelper.class.php 第 11 行.
NOTIC: [8] Undefined index: 上海 E:\wamp\wamp\www\badouwang\core\Extend\Library\Com\ArrayHelper.class.php 第 11 行.
NOTIC: [8] Undefined index: 广东 E:\wamp\wamp\www\badouwang\core\Extend\Library\Com\ArrayHelper.class.php 第 11 行.
SQL: SHOW COLUMNS FROM `bd_classfiy` [ RunTime:0.031250s ]
SQL: SELECT `lrf`,`rft` FROM `bd_classfiy` WHERE id=75 LIMIT 1   [ RunTime:0.000000s ]
SQL: SELECT `id` FROM `bd_classfiy` WHERE lrf>113 and rft<116  [ RunTime:0.000000s ]
SQL: SHOW COLUMNS FROM `bd_ex_paper` [ RunTime:0.015625s ]
SQL: SELECT * FROM `bd_ex_paper` WHERE sid in (83) LIMIT 10   [ RunTime:0.015625s ]

[ 2015-08-20T09:14:44+08:00 ] 127.0.0.1 /badouwang/index.php/Ajax/AjaxIndex/getExam
INFO: [ route_check ] --START--
INFO: Run CheckRoute Behavior [ RunTime:0.000000s ]
INFO: [ route_check ] --END-- [ RunTime:0.000000s ]
INFO: [ app_begin ] --START--
INFO: Run ReadHtmlCache Behavior [ RunTime:0.000000s ]
INFO: [ app_begin ] --END-- [ RunTime:0.000000s ]
NOTIC: [8] Undefined index: city E:\wamp\wamp\www\badouwang\home\Lib\Action\CommonAction.class.php 第 29 行.
SQL: SHOW COLUMNS FROM `bd_city` [ RunTime:0.015625s ]
SQL: select city.id,city.name,pro.name pname from bd_city city left join bd_province pro on city.provincei_d=pro.id where city.isopen=1 [ RunTime:0.000000s ]
NOTIC: [8] Undefined index: 北京 E:\wamp\wamp\www\badouwang\core\Extend\Library\Com\ArrayHelper.class.php 第 11 行.
NOTIC: [8] Undefined index: 上海 E:\wamp\wamp\www\badouwang\core\Extend\Library\Com\ArrayHelper.class.php 第 11 行.
NOTIC: [8] Undefined index: 广东 E:\wamp\wamp\www\badouwang\core\Extend\Library\Com\ArrayHelper.class.php 第 11 行.
SQL: SHOW COLUMNS FROM `bd_classfiy` [ RunTime:0.015625s ]
SQL: SELECT `lrf`,`rft` FROM `bd_classfiy` WHERE id=76 LIMIT 1   [ RunTime:0.000000s ]
SQL: SELECT `id` FROM `bd_classfiy` WHERE lrf>117 and rft<134  [ RunTime:0.015625s ]
SQL: SHOW COLUMNS FROM `bd_ex_paper` [ RunTime:0.015625s ]
SQL: SELECT * FROM `bd_ex_paper` WHERE sid in (84,85,89,90,91,92,93,94) LIMIT 10   [ RunTime:0.031250s ]

[ 2015-08-20T09:14:45+08:00 ] 127.0.0.1 /badouwang/index.php/Ajax/AjaxIndex/getExam
INFO: [ route_check ] --START--
INFO: Run CheckRoute Behavior [ RunTime:0.000000s ]
INFO: [ route_check ] --END-- [ RunTime:0.000000s ]
INFO: [ app_begin ] --START--
INFO: Run ReadHtmlCache Behavior [ RunTime:0.000000s ]
INFO: [ app_begin ] --END-- [ RunTime:0.000000s ]
NOTIC: [8] Undefined index: city E:\wamp\wamp\www\badouwang\home\Lib\Action\CommonAction.class.php 第 29 行.
SQL: SHOW COLUMNS FROM `bd_city` [ RunTime:0.015625s ]
SQL: select city.id,city.name,pro.name pname from bd_city city left join bd_province pro on city.provincei_d=pro.id where city.isopen=1 [ RunTime:0.015625s ]
NOTIC: [8] Undefined index: 北京 E:\wamp\wamp\www\badouwang\core\Extend\Library\Com\ArrayHelper.class.php 第 11 行.
NOTIC: [8] Undefined index: 上海 E:\wamp\wamp\www\badouwang\core\Extend\Library\Com\ArrayHelper.class.php 第 11 行.
NOTIC: [8] Undefined index: 广东 E:\wamp\wamp\www\badouwang\core\Extend\Library\Com\ArrayHelper.class.php 第 11 行.
SQL: SHOW COLUMNS FROM `bd_classfiy` [ RunTime:0.031250s ]
SQL: SELECT `lrf`,`rft` FROM `bd_classfiy` WHERE id=77 LIMIT 1   [ RunTime:0.000000s ]
SQL: SELECT `id` FROM `bd_classfiy` WHERE lrf>135 and rft<138  [ RunTime:0.015625s ]
SQL: SHOW COLUMNS FROM `bd_ex_paper` [ RunTime:0.015625s ]
SQL: SELECT * FROM `bd_ex_paper` WHERE sid in (86) LIMIT 10   [ RunTime:0.000000s ]

[ 2015-08-20T09:14:45+08:00 ] 127.0.0.1 /badouwang/index.php/Ajax/AjaxIndex/getExam
INFO: [ route_check ] --START--
INFO: Run CheckRoute Behavior [ RunTime:0.000000s ]
INFO: [ route_check ] --END-- [ RunTime:0.000000s ]
INFO: [ app_begin ] --START--
INFO: Run ReadHtmlCache Behavior [ RunTime:0.000000s ]
INFO: [ app_begin ] --END-- [ RunTime:0.000000s ]
NOTIC: [8] Undefined index: city E:\wamp\wamp\www\badouwang\home\Lib\Action\CommonAction.class.php 第 29 行.
SQL: SHOW COLUMNS FROM `bd_city` [ RunTime:0.015625s ]
SQL: select city.id,city.name,pro.name pname from bd_city city left join bd_province pro on city.provincei_d=pro.id where city.isopen=1 [ RunTime:0.046875s ]
NOTIC: [8] Undefined index: 北京 E:\wamp\wamp\www\badouwang\core\Extend\Library\Com\ArrayHelper.class.php 第 11 行.
NOTIC: [8] Undefined index: 上海 E:\wamp\wamp\www\badouwang\core\Extend\Library\Com\ArrayHelper.class.php 第 11 行.
NOTIC: [8] Undefined index: 广东 E:\wamp\wamp\www\badouwang\core\Extend\Library\Com\ArrayHelper.class.php 第 11 行.
SQL: SHOW COLUMNS FROM `bd_classfiy` [ RunTime:0.062500s ]
SQL: SELECT `lrf`,`rft` FROM `bd_classfiy` WHERE id=78 LIMIT 1   [ RunTime:0.000000s ]
SQL: SELECT `id` FROM `bd_classfiy` WHERE lrf>139 and rft<144  [ RunTime:0.015625s ]
SQL: SHOW COLUMNS FROM `bd_ex_paper` [ RunTime:0.031250s ]
SQL: SELECT * FROM `bd_ex_paper` WHERE sid in (87,88) LIMIT 10   [ RunTime:0.000000s ]

[ 2015-08-20T09:14:46+08:00 ] 127.0.0.1 /badouwang/index.php/Ajax/AjaxIndex/getExam
INFO: [ route_check ] --START--
INFO: Run CheckRoute Behavior [ RunTime:0.000000s ]
INFO: [ route_check ] --END-- [ RunTime:0.000000s ]
INFO: [ app_begin ] --START--
INFO: Run ReadHtmlCache Behavior [ RunTime:0.000000s ]
INFO: [ app_begin ] --END-- [ RunTime:0.000000s ]
NOTIC: [8] Undefined index: city E:\wamp\wamp\www\badouwang\home\Lib\Action\CommonAction.class.php 第 29 行.
SQL: SHOW COLUMNS FROM `bd_city` [ RunTime:0.031250s ]
SQL: select city.id,city.name,pro.name pname from bd_city city left join bd_province pro on city.provincei_d=pro.id where city.isopen=1 [ RunTime:0.000000s ]
NOTIC: [8] Undefined index: 北京 E:\wamp\wamp\www\badouwang\core\Extend\Library\Com\ArrayHelper.class.php 第 11 行.
NOTIC: [8] Undefined index: 上海 E:\wamp\wamp\www\badouwang\core\Extend\Library\Com\ArrayHelper.class.php 第 11 行.
NOTIC: [8] Undefined index: 广东 E:\wamp\wamp\www\badouwang\core\Extend\Library\Com\ArrayHelper.class.php 第 11 行.
SQL: SHOW COLUMNS FROM `bd_classfiy` [ RunTime:0.031250s ]
SQL: SELECT `lrf`,`rft` FROM `bd_classfiy` WHERE id=79 LIMIT 1   [ RunTime:0.000000s ]
SQL: SELECT `id` FROM `bd_classfiy` WHERE lrf>145 and rft<146  [ RunTime:0.015625s ]
NOTIC: [2] Invalid argument supplied for foreach() E:\wamp\wamp\www\badouwang\home\Lib\Action\Ajax\AjaxIndexAction.class.php 第 36 行.

[ 2015-08-20T09:14:46+08:00 ] 127.0.0.1 /badouwang/index.php/Ajax/AjaxIndex/getExam
INFO: [ route_check ] --START--
INFO: Run CheckRoute Behavior [ RunTime:0.000000s ]
INFO: [ route_check ] --END-- [ RunTime:0.000000s ]
INFO: [ app_begin ] --START--
INFO: Run ReadHtmlCache Behavior [ RunTime:0.000000s ]
INFO: [ app_begin ] --END-- [ RunTime:0.000000s ]
NOTIC: [8] Undefined index: city E:\wamp\wamp\www\badouwang\home\Lib\Action\CommonAction.class.php 第 29 行.
SQL: SHOW COLUMNS FROM `bd_city` [ RunTime:0.015625s ]
SQL: select city.id,city.name,pro.name pname from bd_city city left join bd_province pro on city.provincei_d=pro.id where city.isopen=1 [ RunTime:0.000000s ]
NOTIC: [8] Undefined index: 北京 E:\wamp\wamp\www\badouwang\core\Extend\Library\Com\ArrayHelper.class.php 第 11 行.
NOTIC: [8] Undefined index: 上海 E:\wamp\wamp\www\badouwang\core\Extend\Library\Com\ArrayHelper.class.php 第 11 行.
NOTIC: [8] Undefined index: 广东 E:\wamp\wamp\www\badouwang\core\Extend\Library\Com\ArrayHelper.class.php 第 11 行.
SQL: SHOW COLUMNS FROM `bd_classfiy` [ RunTime:0.015625s ]
SQL: SELECT `lrf`,`rft` FROM `bd_classfiy` WHERE id=80 LIMIT 1   [ RunTime:0.015625s ]
SQL: SELECT `id` FROM `bd_classfiy` WHERE lrf>147 and rft<148  [ RunTime:0.015625s ]
NOTIC: [2] Invalid argument supplied for foreach() E:\wamp\wamp\www\badouwang\home\Lib\Action\Ajax\AjaxIndexAction.class.php 第 36 行.

[ 2015-08-20T09:14:47+08:00 ] 127.0.0.1 /badouwang/index.php/Ajax/AjaxIndex/getExam
INFO: [ route_check ] --START--
INFO: Run CheckRoute Behavior [ RunTime:0.000000s ]
INFO: [ route_check ] --END-- [ RunTime:0.000000s ]
INFO: [ app_begin ] --START--
INFO: Run ReadHtmlCache Behavior [ RunTime:0.000000s ]
INFO: [ app_begin ] --END-- [ RunTime:0.015625s ]
NOTIC: [8] Undefined index: city E:\wamp\wamp\www\badouwang\home\Lib\Action\CommonAction.class.php 第 29 行.
SQL: SHOW COLUMNS FROM `bd_city` [ RunTime:0.015625s ]
SQL: select city.id,city.name,pro.name pname from bd_city city left join bd_province pro on city.provincei_d=pro.id where city.isopen=1 [ RunTime:0.015625s ]
NOTIC: [8] Undefined index: 北京 E:\wamp\wamp\www\badouwang\core\Extend\Library\Com\ArrayHelper.class.php 第 11 行.
NOTIC: [8] Undefined index: 上海 E:\wamp\wamp\www\badouwang\core\Extend\Library\Com\ArrayHelper.class.php 第 11 行.
NOTIC: [8] Undefined index: 广东 E:\wamp\wamp\www\badouwang\core\Extend\Library\Com\ArrayHelper.class.php 第 11 行.
SQL: SHOW COLUMNS FROM `bd_classfiy` [ RunTime:0.015625s ]
SQL: SELECT `lrf`,`rft` FROM `bd_classfiy` WHERE id=79 LIMIT 1   [ RunTime:0.000000s ]
SQL: SELECT `id` FROM `bd_classfiy` WHERE lrf>145 and rft<146  [ RunTime:0.015625s ]
NOTIC: [2] Invalid argument supplied for foreach() E:\wamp\wamp\www\badouwang\home\Lib\Action\Ajax\AjaxIndexAction.class.php 第 36 行.

[ 2015-08-20T09:14:47+08:00 ] 127.0.0.1 /badouwang/index.php/Ajax/AjaxIndex/getExam
INFO: [ route_check ] --START--
INFO: Run CheckRoute Behavior [ RunTime:0.000000s ]
INFO: [ route_check ] --END-- [ RunTime:0.000000s ]
INFO: [ app_begin ] --START--
INFO: Run ReadHtmlCache Behavior [ RunTime:0.000000s ]
INFO: [ app_begin ] --END-- [ RunTime:0.000000s ]
NOTIC: [8] Undefined index: city E:\wamp\wamp\www\badouwang\home\Lib\Action\CommonAction.class.php 第 29 行.
SQL: SHOW COLUMNS FROM `bd_city` [ RunTime:0.031250s ]
SQL: select city.id,city.name,pro.name pname from bd_city city left join bd_province pro on city.provincei_d=pro.id where city.isopen=1 [ RunTime:0.046875s ]
NOTIC: [8] Undefined index: 北京 E:\wamp\wamp\www\badouwang\core\Extend\Library\Com\ArrayHelper.class.php 第 11 行.
NOTIC: [8] Undefined index: 上海 E:\wamp\wamp\www\badouwang\core\Extend\Library\Com\ArrayHelper.class.php 第 11 行.
NOTIC: [8] Undefined index: 广东 E:\wamp\wamp\www\badouwang\core\Extend\Library\Com\ArrayHelper.class.php 第 11 行.
SQL: SHOW COLUMNS FROM `bd_classfiy` [ RunTime:0.031250s ]
SQL: SELECT `lrf`,`rft` FROM `bd_classfiy` WHERE id=78 LIMIT 1   [ RunTime:0.000000s ]
SQL: SELECT `id` FROM `bd_classfiy` WHERE lrf>139 and rft<144  [ RunTime:0.000000s ]
SQL: SHOW COLUMNS FROM `bd_ex_paper` [ RunTime:0.031250s ]
SQL: SELECT * FROM `bd_ex_paper` WHERE sid in (87,88) LIMIT 10   [ RunTime:0.000000s ]

[ 2015-08-20T09:14:47+08:00 ] 127.0.0.1 /badouwang/index.php/Ajax/AjaxIndex/getExam
INFO: [ route_check ] --START--
INFO: Run CheckRoute Behavior [ RunTime:0.000000s ]
INFO: [ route_check ] --END-- [ RunTime:0.000000s ]
INFO: [ app_begin ] --START--
INFO: Run ReadHtmlCache Behavior [ RunTime:0.000000s ]
INFO: [ app_begin ] --END-- [ RunTime:0.000000s ]
NOTIC: [8] Undefined index: city E:\wamp\wamp\www\badouwang\home\Lib\Action\CommonAction.class.php 第 29 行.
SQL: SHOW COLUMNS FROM `bd_city` [ RunTime:0.046875s ]
SQL: select city.id,city.name,pro.name pname from bd_city city left join bd_province pro on city.provincei_d=pro.id where city.isopen=1 [ RunTime:0.000000s ]
NOTIC: [8] Undefined index: 北京 E:\wamp\wamp\www\badouwang\core\Extend\Library\Com\ArrayHelper.class.php 第 11 行.
NOTIC: [8] Undefined index: 上海 E:\wamp\wamp\www\badouwang\core\Extend\Library\Com\ArrayHelper.class.php 第 11 行.
NOTIC: [8] Undefined index: 广东 E:\wamp\wamp\www\badouwang\core\Extend\Library\Com\ArrayHelper.class.php 第 11 行.
SQL: SHOW COLUMNS FROM `bd_classfiy` [ RunTime:0.015625s ]
SQL: SELECT `lrf`,`rft` FROM `bd_classfiy` WHERE id=76 LIMIT 1   [ RunTime:0.015625s ]
SQL: SELECT `id` FROM `bd_classfiy` WHERE lrf>117 and rft<134  [ RunTime:0.046875s ]
SQL: SHOW COLUMNS FROM `bd_ex_paper` [ RunTime:0.015625s ]
SQL: SELECT * FROM `bd_ex_paper` WHERE sid in (84,85,89,90,91,92,93,94) LIMIT 10   [ RunTime:0.000000s ]

[ 2015-08-20T10:54:30+08:00 ] 127.0.0.1 /badouwang/index.php/Index/Index/helpcenter
INFO: [ route_check ] --START--
INFO: Run CheckRoute Behavior [ RunTime:0.015625s ]
INFO: [ route_check ] --END-- [ RunTime:0.015625s ]
INFO: [ app_begin ] --START--
INFO: Run ReadHtmlCache Behavior [ RunTime:0.000000s ]
INFO: [ app_begin ] --END-- [ RunTime:0.000000s ]
NOTIC: [8] Undefined index: city E:\wamp\wamp\www\badouwang\home\Lib\Action\CommonAction.class.php 第 29 行.
SQL: SHOW COLUMNS FROM `bd_city` [ RunTime:0.031250s ]
SQL: select city.id,city.name,pro.name pname from bd_city city left join bd_province pro on city.provincei_d=pro.id where city.isopen=1 [ RunTime:0.000000s ]
NOTIC: [8] Undefined index: 北京 E:\wamp\wamp\www\badouwang\core\Extend\Library\Com\ArrayHelper.class.php 第 11 行.
NOTIC: [8] Undefined index: 上海 E:\wamp\wamp\www\badouwang\core\Extend\Library\Com\ArrayHelper.class.php 第 11 行.
NOTIC: [8] Undefined index: 广东 E:\wamp\wamp\www\badouwang\core\Extend\Library\Com\ArrayHelper.class.php 第 11 行.
SQL: SHOW COLUMNS FROM `bd_classfiy` [ RunTime:0.031250s ]
NOTIC: [2] Missing argument 4 for ClassfiyHelper::getClassesByName(), called in E:\wamp\wamp\www\badouwang\home\Lib\Action\Index\IndexAction.class.php on line 88 and defined E:\wamp\wamp\www\badouwang\core\Extend\Library\Com\ClassfiyHelper.class.php 第 59 行.
SQL: SELECT `id`,`lrf`,`rft`,`lev` FROM `bd_classfiy` WHERE name='帮助中心' LIMIT 1   [ RunTime:0.000000s ]
NOTIC: [8] Undefined variable: fields E:\wamp\wamp\www\badouwang\core\Extend\Library\Com\ClassfiyHelper.class.php 第 69 行.
SQL: select id,name,cimg,ctextbrand from bd_classfiy where lrf>'9' and rft<'28]' and lev-3=1 [ RunTime:0.000000s ]
SQL: SHOW COLUMNS FROM `bd_article` [ RunTime:0.015625s ]
SQL: SELECT `id`,`title`,`gid` FROM `bd_article` WHERE gid=155  [ RunTime:0.015625s ]
SQL: SELECT `id`,`title`,`gid` FROM `bd_article` WHERE gid=156  [ RunTime:0.000000s ]
SQL: SELECT `id`,`title`,`gid` FROM `bd_article` WHERE gid=157  [ RunTime:0.000000s ]
SQL: SELECT `id`,`title`,`gid` FROM `bd_article` WHERE gid=158  [ RunTime:0.015625s ]
SQL: SELECT `id`,`title`,`gid` FROM `bd_article` WHERE gid=159  [ RunTime:0.000000s ]
SQL: SELECT `id`,`title`,`gid` FROM `bd_article` WHERE gid=160  [ RunTime:0.000000s ]
SQL: SELECT `id`,`title`,`gid` FROM `bd_article` WHERE gid=161  [ RunTime:0.015625s ]
SQL: SELECT `id`,`title`,`gid` FROM `bd_article` WHERE gid=162  [ RunTime:0.000000s ]
SQL: SELECT `id`,`title`,`gid` FROM `bd_article` WHERE gid=163  [ RunTime:0.000000s ]
NOTIC: [8] Undefined index: aid E:\wamp\wamp\www\badouwang\home\Lib\Action\CommonAction.class.php 第 199 行.
NOTIC: [8] Undefined variable: content E:\wamp\wamp\www\badouwang\home\Lib\Action\Index\IndexAction.class.php 第 107 行.
INFO: [ view_template ] --START--
INFO: Run LocationTemplate Behavior [ RunTime:-3.484375s ]
INFO: [ view_template ] --END-- [ RunTime:0.000000s ]
INFO: [ view_parse ] --START--
INFO: Run ParseTemplate Behavior [ RunTime:-3.484375s ]
INFO: [ view_parse ] --END-- [ RunTime:0.046875s ]
INFO: [ view_filter ] --START--
INFO: Run ContentReplace Behavior [ RunTime:-3.531250s ]
INFO: Run TokenBuild Behavior [ RunTime:-3.531250s ]
INFO: Run WriteHtmlCache Behavior [ RunTime:-3.531250s ]
INFO: Run ShowRuntime Behavior [ RunTime:-3.531250s ]
INFO: [ view_filter ] --END-- [ RunTime:0.000000s ]
INFO: [ view_end ] --START--
INFO: Run ShowPageTrace Behavior [ RunTime:-3.531250s ]
INFO: [ view_end ] --END-- [ RunTime:0.000000s ]

[ 2015-08-20T10:54:35+08:00 ] 127.0.0.1 /badouwang/index.php/Index/Index/about
INFO: [ route_check ] --START--
INFO: Run CheckRoute Behavior [ RunTime:0.000000s ]
INFO: [ route_check ] --END-- [ RunTime:0.000000s ]
INFO: [ app_begin ] --START--
INFO: Run ReadHtmlCache Behavior [ RunTime:0.000000s ]
INFO: [ app_begin ] --END-- [ RunTime:0.000000s ]
NOTIC: [8] Undefined index: city E:\wamp\wamp\www\badouwang\home\Lib\Action\CommonAction.class.php 第 29 行.
SQL: SHOW COLUMNS FROM `bd_city` [ RunTime:0.031250s ]
SQL: select city.id,city.name,pro.name pname from bd_city city left join bd_province pro on city.provincei_d=pro.id where city.isopen=1 [ RunTime:0.000000s ]
NOTIC: [8] Undefined index: 北京 E:\wamp\wamp\www\badouwang\core\Extend\Library\Com\ArrayHelper.class.php 第 11 行.
NOTIC: [8] Undefined index: 上海 E:\wamp\wamp\www\badouwang\core\Extend\Library\Com\ArrayHelper.class.php 第 11 行.
NOTIC: [8] Undefined index: 广东 E:\wamp\wamp\www\badouwang\core\Extend\Library\Com\ArrayHelper.class.php 第 11 行.
INFO: [ view_template ] --START--
INFO: Run LocationTemplate Behavior [ RunTime:-0.234375s ]
INFO: [ view_template ] --END-- [ RunTime:0.000000s ]
INFO: [ view_parse ] --START--
INFO: Run ParseTemplate Behavior [ RunTime:-0.234375s ]
INFO: [ view_parse ] --END-- [ RunTime:0.062500s ]
INFO: [ view_filter ] --START--
INFO: Run ContentReplace Behavior [ RunTime:-0.296875s ]
INFO: Run TokenBuild Behavior [ RunTime:-0.296875s ]
INFO: Run WriteHtmlCache Behavior [ RunTime:-0.296875s ]
INFO: Run ShowRuntime Behavior [ RunTime:-0.296875s ]
INFO: [ view_filter ] --END-- [ RunTime:0.000000s ]
INFO: [ view_end ] --START--
INFO: Run ShowPageTrace Behavior [ RunTime:-0.296875s ]
INFO: [ view_end ] --END-- [ RunTime:0.000000s ]

[ 2015-08-20T10:54:44+08:00 ] 127.0.0.1 /badouwang/index.php/Index/Index/tuser
INFO: [ route_check ] --START--
INFO: Run CheckRoute Behavior [ RunTime:0.000000s ]
INFO: [ route_check ] --END-- [ RunTime:0.000000s ]
INFO: [ app_begin ] --START--
INFO: Run ReadHtmlCache Behavior [ RunTime:0.000000s ]
INFO: [ app_begin ] --END-- [ RunTime:0.000000s ]
NOTIC: [8] Undefined index: city E:\wamp\wamp\www\badouwang\home\Lib\Action\CommonAction.class.php 第 29 行.
SQL: SHOW COLUMNS FROM `bd_city` [ RunTime:0.015625s ]
SQL: select city.id,city.name,pro.name pname from bd_city city left join bd_province pro on city.provincei_d=pro.id where city.isopen=1 [ RunTime:0.000000s ]
NOTIC: [8] Undefined index: 北京 E:\wamp\wamp\www\badouwang\core\Extend\Library\Com\ArrayHelper.class.php 第 11 行.
NOTIC: [8] Undefined index: 上海 E:\wamp\wamp\www\badouwang\core\Extend\Library\Com\ArrayHelper.class.php 第 11 行.
NOTIC: [8] Undefined index: 广东 E:\wamp\wamp\www\badouwang\core\Extend\Library\Com\ArrayHelper.class.php 第 11 行.
INFO: [ view_template ] --START--
INFO: Run LocationTemplate Behavior [ RunTime:-0.187500s ]
INFO: [ view_template ] --END-- [ RunTime:0.000000s ]
INFO: [ view_parse ] --START--
INFO: Run ParseTemplate Behavior [ RunTime:-0.187500s ]
INFO: [ view_parse ] --END-- [ RunTime:0.046875s ]
INFO: [ view_filter ] --START--
INFO: Run ContentReplace Behavior [ RunTime:-0.234375s ]
INFO: Run TokenBuild Behavior [ RunTime:-0.234375s ]
INFO: Run WriteHtmlCache Behavior [ RunTime:-0.234375s ]
INFO: Run ShowRuntime Behavior [ RunTime:-0.234375s ]
INFO: [ view_filter ] --END-- [ RunTime:0.000000s ]
INFO: [ view_end ] --START--
INFO: Run ShowPageTrace Behavior [ RunTime:-0.234375s ]
INFO: [ view_end ] --END-- [ RunTime:0.000000s ]

[ 2015-08-20T10:54:49+08:00 ] 127.0.0.1 /badouwang/index.php/Index/Index/renc
INFO: [ route_check ] --START--
INFO: Run CheckRoute Behavior [ RunTime:0.000000s ]
INFO: [ route_check ] --END-- [ RunTime:0.000000s ]
INFO: [ app_begin ] --START--
INFO: Run ReadHtmlCache Behavior [ RunTime:0.000000s ]
INFO: [ app_begin ] --END-- [ RunTime:0.000000s ]
NOTIC: [8] Undefined index: city E:\wamp\wamp\www\badouwang\home\Lib\Action\CommonAction.class.php 第 29 行.
SQL: SHOW COLUMNS FROM `bd_city` [ RunTime:0.031250s ]
SQL: select city.id,city.name,pro.name pname from bd_city city left join bd_province pro on city.provincei_d=pro.id where city.isopen=1 [ RunTime:0.000000s ]
NOTIC: [8] Undefined index: 北京 E:\wamp\wamp\www\badouwang\core\Extend\Library\Com\ArrayHelper.class.php 第 11 行.
NOTIC: [8] Undefined index: 上海 E:\wamp\wamp\www\badouwang\core\Extend\Library\Com\ArrayHelper.class.php 第 11 行.
NOTIC: [8] Undefined index: 广东 E:\wamp\wamp\www\badouwang\core\Extend\Library\Com\ArrayHelper.class.php 第 11 行.
SQL: SHOW COLUMNS FROM `bd_config` [ RunTime:0.062500s ]
SQL: SELECT `c_value` FROM `bd_config` WHERE c_name='用户配置' and c_key='u_zhao' LIMIT 1   [ RunTime:0.046875s ]
NOTIC: [8] Undefined offset: 1 E:\wamp\wamp\www\badouwang\home\Lib\Action\Index\IndexAction.class.php 第 77 行.
NOTIC: [8] Undefined offset: 2 E:\wamp\wamp\www\badouwang\home\Lib\Action\Index\IndexAction.class.php 第 78 行.
INFO: [ view_template ] --START--
INFO: Run LocationTemplate Behavior [ RunTime:-0.421875s ]
INFO: [ view_template ] --END-- [ RunTime:0.000000s ]
INFO: [ view_parse ] --START--
INFO: Run ParseTemplate Behavior [ RunTime:-0.421875s ]
INFO: [ view_parse ] --END-- [ RunTime:0.031250s ]
INFO: [ view_filter ] --START--
INFO: Run ContentReplace Behavior [ RunTime:-0.453125s ]
INFO: Run TokenBuild Behavior [ RunTime:-0.453125s ]
INFO: Run WriteHtmlCache Behavior [ RunTime:-0.453125s ]
INFO: Run ShowRuntime Behavior [ RunTime:-0.453125s ]
INFO: [ view_filter ] --END-- [ RunTime:0.000000s ]
INFO: [ view_end ] --START--
INFO: Run ShowPageTrace Behavior [ RunTime:-0.453125s ]
INFO: [ view_end ] --END-- [ RunTime:0.000000s ]

[ 2015-08-20T10:54:54+08:00 ] 127.0.0.1 /badouwang/index.php/Index/Index/busition
INFO: [ route_check ] --START--
INFO: Run CheckRoute Behavior [ RunTime:0.000000s ]
INFO: [ route_check ] --END-- [ RunTime:0.000000s ]
INFO: [ app_begin ] --START--
INFO: Run ReadHtmlCache Behavior [ RunTime:0.000000s ]
INFO: [ app_begin ] --END-- [ RunTime:0.000000s ]
NOTIC: [8] Undefined index: city E:\wamp\wamp\www\badouwang\home\Lib\Action\CommonAction.class.php 第 29 行.
SQL: SHOW COLUMNS FROM `bd_city` [ RunTime:0.015625s ]
SQL: select city.id,city.name,pro.name pname from bd_city city left join bd_province pro on city.provincei_d=pro.id where city.isopen=1 [ RunTime:0.015625s ]
NOTIC: [8] Undefined index: 北京 E:\wamp\wamp\www\badouwang\core\Extend\Library\Com\ArrayHelper.class.php 第 11 行.
NOTIC: [8] Undefined index: 上海 E:\wamp\wamp\www\badouwang\core\Extend\Library\Com\ArrayHelper.class.php 第 11 行.
NOTIC: [8] Undefined index: 广东 E:\wamp\wamp\www\badouwang\core\Extend\Library\Com\ArrayHelper.class.php 第 11 行.
INFO: [ view_template ] --START--
INFO: Run LocationTemplate Behavior [ RunTime:-0.187500s ]
INFO: [ view_template ] --END-- [ RunTime:0.000000s ]
INFO: [ view_parse ] --START--
INFO: Run ParseTemplate Behavior [ RunTime:-0.187500s ]
INFO: [ view_parse ] --END-- [ RunTime:0.031250s ]
INFO: [ view_filter ] --START--
INFO: Run ContentReplace Behavior [ RunTime:-0.218750s ]
INFO: Run TokenBuild Behavior [ RunTime:-0.218750s ]
INFO: Run WriteHtmlCache Behavior [ RunTime:-0.218750s ]
INFO: Run ShowRuntime Behavior [ RunTime:-0.218750s ]
INFO: [ view_filter ] --END-- [ RunTime:0.000000s ]
INFO: [ view_end ] --START--
INFO: Run ShowPageTrace Behavior [ RunTime:-0.218750s ]
INFO: [ view_end ] --END-- [ RunTime:0.000000s ]

[ 2015-08-20T10:54:59+08:00 ] 127.0.0.1 /badouwang/index.php/Index/Index/cmer
INFO: [ route_check ] --START--
INFO: Run CheckRoute Behavior [ RunTime:0.000000s ]
INFO: [ route_check ] --END-- [ RunTime:0.015625s ]
INFO: [ app_begin ] --START--
INFO: Run ReadHtmlCache Behavior [ RunTime:0.000000s ]
INFO: [ app_begin ] --END-- [ RunTime:0.000000s ]
NOTIC: [8] Undefined index: city E:\wamp\wamp\www\badouwang\home\Lib\Action\CommonAction.class.php 第 29 行.
SQL: SHOW COLUMNS FROM `bd_city` [ RunTime:0.031250s ]
SQL: select city.id,city.name,pro.name pname from bd_city city left join bd_province pro on city.provincei_d=pro.id where city.isopen=1 [ RunTime:0.015625s ]
NOTIC: [8] Undefined index: 北京 E:\wamp\wamp\www\badouwang\core\Extend\Library\Com\ArrayHelper.class.php 第 11 行.
NOTIC: [8] Undefined index: 上海 E:\wamp\wamp\www\badouwang\core\Extend\Library\Com\ArrayHelper.class.php 第 11 行.
NOTIC: [8] Undefined index: 广东 E:\wamp\wamp\www\badouwang\core\Extend\Library\Com\ArrayHelper.class.php 第 11 行.
INFO: [ view_template ] --START--
INFO: Run LocationTemplate Behavior [ RunTime:-0.187500s ]
INFO: [ view_template ] --END-- [ RunTime:0.000000s ]
INFO: [ view_parse ] --START--
INFO: Run ParseTemplate Behavior [ RunTime:-0.187500s ]
INFO: [ view_parse ] --END-- [ RunTime:0.046875s ]
INFO: [ view_filter ] --START--
INFO: Run ContentReplace Behavior [ RunTime:-0.234375s ]
INFO: Run TokenBuild Behavior [ RunTime:-0.234375s ]
INFO: Run WriteHtmlCache Behavior [ RunTime:-0.234375s ]
INFO: Run ShowRuntime Behavior [ RunTime:-0.234375s ]
INFO: [ view_filter ] --END-- [ RunTime:0.000000s ]
INFO: [ view_end ] --START--
INFO: Run ShowPageTrace Behavior [ RunTime:-0.234375s ]
INFO: [ view_end ] --END-- [ RunTime:0.015625s ]

[ 2015-08-20T10:55:07+08:00 ] 127.0.0.1 /badouwang/index.php/Index/Index/helpcenter
INFO: [ route_check ] --START--
INFO: Run CheckRoute Behavior [ RunTime:0.000000s ]
INFO: [ route_check ] --END-- [ RunTime:0.000000s ]
INFO: [ app_begin ] --START--
INFO: Run ReadHtmlCache Behavior [ RunTime:0.000000s ]
INFO: [ app_begin ] --END-- [ RunTime:0.000000s ]
NOTIC: [8] Undefined index: city E:\wamp\wamp\www\badouwang\home\Lib\Action\CommonAction.class.php 第 29 行.
SQL: SHOW COLUMNS FROM `bd_city` [ RunTime:0.015625s ]
SQL: select city.id,city.name,pro.name pname from bd_city city left join bd_province pro on city.provincei_d=pro.id where city.isopen=1 [ RunTime:0.015625s ]
NOTIC: [8] Undefined index: 北京 E:\wamp\wamp\www\badouwang\core\Extend\Library\Com\ArrayHelper.class.php 第 11 行.
NOTIC: [8] Undefined index: 上海 E:\wamp\wamp\www\badouwang\core\Extend\Library\Com\ArrayHelper.class.php 第 11 行.
NOTIC: [8] Undefined index: 广东 E:\wamp\wamp\www\badouwang\core\Extend\Library\Com\ArrayHelper.class.php 第 11 行.
SQL: SHOW COLUMNS FROM `bd_classfiy` [ RunTime:0.031250s ]
NOTIC: [2] Missing argument 4 for ClassfiyHelper::getClassesByName(), called in E:\wamp\wamp\www\badouwang\home\Lib\Action\Index\IndexAction.class.php on line 88 and defined E:\wamp\wamp\www\badouwang\core\Extend\Library\Com\ClassfiyHelper.class.php 第 59 行.
SQL: SELECT `id`,`lrf`,`rft`,`lev` FROM `bd_classfiy` WHERE name='帮助中心' LIMIT 1   [ RunTime:0.015625s ]
NOTIC: [8] Undefined variable: fields E:\wamp\wamp\www\badouwang\core\Extend\Library\Com\ClassfiyHelper.class.php 第 69 行.
SQL: select id,name,cimg,ctextbrand from bd_classfiy where lrf>'9' and rft<'28]' and lev-3=1 [ RunTime:0.015625s ]
SQL: SHOW COLUMNS FROM `bd_article` [ RunTime:0.015625s ]
SQL: SELECT `id`,`title`,`gid` FROM `bd_article` WHERE gid=155  [ RunTime:0.000000s ]
SQL: SELECT `id`,`title`,`gid` FROM `bd_article` WHERE gid=156  [ RunTime:0.015625s ]
SQL: SELECT `id`,`title`,`gid` FROM `bd_article` WHERE gid=157  [ RunTime:0.015625s ]
SQL: SELECT `id`,`title`,`gid` FROM `bd_article` WHERE gid=158  [ RunTime:0.000000s ]
SQL: SELECT `id`,`title`,`gid` FROM `bd_article` WHERE gid=159  [ RunTime:0.000000s ]
SQL: SELECT `id`,`title`,`gid` FROM `bd_article` WHERE gid=160  [ RunTime:0.000000s ]
SQL: SELECT `id`,`title`,`gid` FROM `bd_article` WHERE gid=161  [ RunTime:0.000000s ]
SQL: SELECT `id`,`title`,`gid` FROM `bd_article` WHERE gid=162  [ RunTime:0.015625s ]
SQL: SELECT `id`,`title`,`gid` FROM `bd_article` WHERE gid=163  [ RunTime:0.000000s ]
NOTIC: [8] Undefined index: aid E:\wamp\wamp\www\badouwang\home\Lib\Action\CommonAction.class.php 第 199 行.
NOTIC: [8] Undefined variable: content E:\wamp\wamp\www\badouwang\home\Lib\Action\Index\IndexAction.class.php 第 107 行.
INFO: [ view_template ] --START--
INFO: Run LocationTemplate Behavior [ RunTime:-0.328125s ]
INFO: [ view_template ] --END-- [ RunTime:0.000000s ]
INFO: [ view_parse ] --START--
INFO: Run ParseTemplate Behavior [ RunTime:-0.328125s ]
INFO: [ view_parse ] --END-- [ RunTime:0.015625s ]
INFO: [ view_filter ] --START--
INFO: Run ContentReplace Behavior [ RunTime:-0.343750s ]
INFO: Run TokenBuild Behavior [ RunTime:-0.343750s ]
INFO: Run WriteHtmlCache Behavior [ RunTime:-0.343750s ]
INFO: Run ShowRuntime Behavior [ RunTime:-0.343750s ]
INFO: [ view_filter ] --END-- [ RunTime:0.000000s ]
INFO: [ view_end ] --START--
INFO: Run ShowPageTrace Behavior [ RunTime:-0.343750s ]
INFO: [ view_end ] --END-- [ RunTime:0.000000s ]

[ 2015-08-20T10:55:26+08:00 ] 127.0.0.1 /badouwang/index.php/Index/Index/helpcenter
INFO: [ route_check ] --START--
INFO: Run CheckRoute Behavior [ RunTime:0.000000s ]
INFO: [ route_check ] --END-- [ RunTime:0.000000s ]
INFO: [ app_begin ] --START--
INFO: Run ReadHtmlCache Behavior [ RunTime:0.000000s ]
INFO: [ app_begin ] --END-- [ RunTime:0.000000s ]
NOTIC: [8] Undefined index: city E:\wamp\wamp\www\badouwang\home\Lib\Action\CommonAction.class.php 第 29 行.
SQL: SHOW COLUMNS FROM `bd_city` [ RunTime:0.015625s ]
SQL: select city.id,city.name,pro.name pname from bd_city city left join bd_province pro on city.provincei_d=pro.id where city.isopen=1 [ RunTime:0.015625s ]
NOTIC: [8] Undefined index: 北京 E:\wamp\wamp\www\badouwang\core\Extend\Library\Com\ArrayHelper.class.php 第 11 行.
NOTIC: [8] Undefined index: 上海 E:\wamp\wamp\www\badouwang\core\Extend\Library\Com\ArrayHelper.class.php 第 11 行.
NOTIC: [8] Undefined index: 广东 E:\wamp\wamp\www\badouwang\core\Extend\Library\Com\ArrayHelper.class.php 第 11 行.
SQL: SHOW COLUMNS FROM `bd_memberfields` [ RunTime:0.031250s ]
SQL: SELECT `address` FROM `bd_memberfields` WHERE uid='' LIMIT 1   [ RunTime:0.000000s ]
SQL: SHOW COLUMNS FROM `bd_city` [ RunTime:0.015625s ]
NOTIC: [8] Undefined offset: 1 E:\wamp\wamp\www\badouwang\home\Lib\Action\CommonAction.class.php 第 130 行.
SQL: SELECT `id`,`isopen` FROM `bd_city` WHERE name='' and isopen=1 LIMIT 1   [ RunTime:0.015625s ]
SQL: SELECT `id`,`isopen` FROM `bd_city` WHERE name='深圳市' and isopen=1 LIMIT 1   [ RunTime:0.000000s ]
SQL: SHOW COLUMNS FROM `bd_classfiy` [ RunTime:0.031250s ]
NOTIC: [2] Missing argument 4 for ClassfiyHelper::getClassesByName(), called in E:\wamp\wamp\www\badouwang\home\Lib\Action\Index\IndexAction.class.php on line 88 and defined E:\wamp\wamp\www\badouwang\core\Extend\Library\Com\ClassfiyHelper.class.php 第 59 行.
SQL: SELECT `id`,`lrf`,`rft`,`lev` FROM `bd_classfiy` WHERE name='帮助中心' LIMIT 1   [ RunTime:0.015625s ]
NOTIC: [8] Undefined variable: fields E:\wamp\wamp\www\badouwang\core\Extend\Library\Com\ClassfiyHelper.class.php 第 69 行.
SQL: select id,name,cimg,ctextbrand from bd_classfiy where lrf>'9' and rft<'28]' and lev-3=1 [ RunTime:0.015625s ]
SQL: SHOW COLUMNS FROM `bd_article` [ RunTime:0.015625s ]
SQL: SELECT `id`,`title`,`gid` FROM `bd_article` WHERE gid=155  [ RunTime:0.000000s ]
SQL: SELECT `id`,`title`,`gid` FROM `bd_article` WHERE gid=156  [ RunTime:0.000000s ]
SQL: SELECT `id`,`title`,`gid` FROM `bd_article` WHERE gid=157  [ RunTime:0.000000s ]
SQL: SELECT `id`,`title`,`gid` FROM `bd_article` WHERE gid=158  [ RunTime:0.000000s ]
SQL: SELECT `id`,`title`,`gid` FROM `bd_article` WHERE gid=159  [ RunTime:0.000000s ]
SQL: SELECT `id`,`title`,`gid` FROM `bd_article` WHERE gid=160  [ RunTime:0.015625s ]
SQL: SELECT `id`,`title`,`gid` FROM `bd_article` WHERE gid=161  [ RunTime:0.000000s ]
SQL: SELECT `id`,`title`,`gid` FROM `bd_article` WHERE gid=162  [ RunTime:0.000000s ]
SQL: SELECT `id`,`title`,`gid` FROM `bd_article` WHERE gid=163  [ RunTime:0.015625s ]
NOTIC: [8] Undefined index: aid E:\wamp\wamp\www\badouwang\home\Lib\Action\CommonAction.class.php 第 199 行.
NOTIC: [8] Undefined variable: content E:\wamp\wamp\www\badouwang\home\Lib\Action\Index\IndexAction.class.php 第 107 行.
INFO: [ view_template ] --START--
INFO: Run LocationTemplate Behavior [ RunTime:-0.390625s ]
INFO: [ view_template ] --END-- [ RunTime:0.000000s ]
INFO: [ view_parse ] --START--
INFO: Run ParseTemplate Behavior [ RunTime:-0.390625s ]
INFO: [ view_parse ] --END-- [ RunTime:0.000000s ]
INFO: [ view_filter ] --START--
INFO: Run ContentReplace Behavior [ RunTime:-0.390625s ]
INFO: Run TokenBuild Behavior [ RunTime:-0.406250s ]
INFO: Run WriteHtmlCache Behavior [ RunTime:-0.406250s ]
INFO: Run ShowRuntime Behavior [ RunTime:-0.406250s ]
INFO: [ view_filter ] --END-- [ RunTime:0.015625s ]
INFO: [ view_end ] --START--
INFO: Run ShowPageTrace Behavior [ RunTime:-0.406250s ]
INFO: [ view_end ] --END-- [ RunTime:0.000000s ]

[ 2015-08-20T10:55:36+08:00 ] 127.0.0.1 /badouwang/index.php/Index/Index/about
INFO: [ route_check ] --START--
INFO: Run CheckRoute Behavior [ RunTime:0.000000s ]
INFO: [ route_check ] --END-- [ RunTime:0.000000s ]
INFO: [ app_begin ] --START--
INFO: Run ReadHtmlCache Behavior [ RunTime:0.000000s ]
INFO: [ app_begin ] --END-- [ RunTime:0.000000s ]
NOTIC: [8] Undefined index: city E:\wamp\wamp\www\badouwang\home\Lib\Action\CommonAction.class.php 第 29 行.
SQL: SHOW COLUMNS FROM `bd_city` [ RunTime:0.015625s ]
SQL: select city.id,city.name,pro.name pname from bd_city city left join bd_province pro on city.provincei_d=pro.id where city.isopen=1 [ RunTime:0.015625s ]
NOTIC: [8] Undefined index: 北京 E:\wamp\wamp\www\badouwang\core\Extend\Library\Com\ArrayHelper.class.php 第 11 行.
NOTIC: [8] Undefined index: 上海 E:\wamp\wamp\www\badouwang\core\Extend\Library\Com\ArrayHelper.class.php 第 11 行.
NOTIC: [8] Undefined index: 广东 E:\wamp\wamp\www\badouwang\core\Extend\Library\Com\ArrayHelper.class.php 第 11 行.
INFO: [ view_template ] --START--
INFO: Run LocationTemplate Behavior [ RunTime:-0.218750s ]
INFO: [ view_template ] --END-- [ RunTime:0.000000s ]
INFO: [ view_parse ] --START--
INFO: Run ParseTemplate Behavior [ RunTime:-0.218750s ]
INFO: [ view_parse ] --END-- [ RunTime:0.015625s ]
INFO: [ view_filter ] --START--
INFO: Run ContentReplace Behavior [ RunTime:-0.234375s ]
INFO: Run TokenBuild Behavior [ RunTime:-0.234375s ]
INFO: Run WriteHtmlCache Behavior [ RunTime:-0.234375s ]
INFO: Run ShowRuntime Behavior [ RunTime:-0.234375s ]
INFO: [ view_filter ] --END-- [ RunTime:0.000000s ]
INFO: [ view_end ] --START--
INFO: Run ShowPageTrace Behavior [ RunTime:-0.234375s ]
INFO: [ view_end ] --END-- [ RunTime:0.000000s ]

[ 2015-08-20T10:55:44+08:00 ] 127.0.0.1 /badouwang/index.php/Index/Index/about
INFO: [ route_check ] --START--
INFO: Run CheckRoute Behavior [ RunTime:0.000000s ]
INFO: [ route_check ] --END-- [ RunTime:0.000000s ]
INFO: [ app_begin ] --START--
INFO: Run ReadHtmlCache Behavior [ RunTime:0.000000s ]
INFO: [ app_begin ] --END-- [ RunTime:0.000000s ]
NOTIC: [8] Undefined index: city E:\wamp\wamp\www\badouwang\home\Lib\Action\CommonAction.class.php 第 29 行.
SQL: SHOW COLUMNS FROM `bd_city` [ RunTime:0.031250s ]
SQL: select city.id,city.name,pro.name pname from bd_city city left join bd_province pro on city.provincei_d=pro.id where city.isopen=1 [ RunTime:0.015625s ]
NOTIC: [8] Undefined index: 北京 E:\wamp\wamp\www\badouwang\core\Extend\Library\Com\ArrayHelper.class.php 第 11 行.
NOTIC: [8] Undefined index: 上海 E:\wamp\wamp\www\badouwang\core\Extend\Library\Com\ArrayHelper.class.php 第 11 行.
NOTIC: [8] Undefined index: 广东 E:\wamp\wamp\www\badouwang\core\Extend\Library\Com\ArrayHelper.class.php 第 11 行.
INFO: [ view_template ] --START--
INFO: Run LocationTemplate Behavior [ RunTime:-0.250000s ]
INFO: [ view_template ] --END-- [ RunTime:0.000000s ]
INFO: [ view_parse ] --START--
INFO: Run ParseTemplate Behavior [ RunTime:-0.250000s ]
INFO: [ view_parse ] --END-- [ RunTime:0.015625s ]
INFO: [ view_filter ] --START--
INFO: Run ContentReplace Behavior [ RunTime:-0.265625s ]
INFO: Run TokenBuild Behavior [ RunTime:-0.265625s ]
INFO: Run WriteHtmlCache Behavior [ RunTime:-0.265625s ]
INFO: Run ShowRuntime Behavior [ RunTime:-0.265625s ]
INFO: [ view_filter ] --END-- [ RunTime:0.000000s ]
INFO: [ view_end ] --START--
INFO: Run ShowPageTrace Behavior [ RunTime:-0.265625s ]
INFO: [ view_end ] --END-- [ RunTime:0.000000s ]

[ 2015-08-20T10:56:03+08:00 ] 127.0.0.1 /badouwang/index.php/Index/Index/about
INFO: [ route_check ] --START--
INFO: Run CheckRoute Behavior [ RunTime:0.000000s ]
INFO: [ route_check ] --END-- [ RunTime:0.000000s ]
INFO: [ app_begin ] --START--
INFO: Run ReadHtmlCache Behavior [ RunTime:0.000000s ]
INFO: [ app_begin ] --END-- [ RunTime:0.000000s ]
NOTIC: [8] Undefined index: city E:\wamp\wamp\www\badouwang\home\Lib\Action\CommonAction.class.php 第 29 行.
SQL: SHOW COLUMNS FROM `bd_city` [ RunTime:0.015625s ]
SQL: select city.id,city.name,pro.name pname from bd_city city left join bd_province pro on city.provincei_d=pro.id where city.isopen=1 [ RunTime:0.000000s ]
NOTIC: [8] Undefined index: 北京 E:\wamp\wamp\www\badouwang\core\Extend\Library\Com\ArrayHelper.class.php 第 11 行.
NOTIC: [8] Undefined index: 上海 E:\wamp\wamp\www\badouwang\core\Extend\Library\Com\ArrayHelper.class.php 第 11 行.
NOTIC: [8] Undefined index: 广东 E:\wamp\wamp\www\badouwang\core\Extend\Library\Com\ArrayHelper.class.php 第 11 行.
INFO: [ view_template ] --START--
INFO: Run LocationTemplate Behavior [ RunTime:-0.187500s ]
INFO: [ view_template ] --END-- [ RunTime:0.000000s ]
INFO: [ view_parse ] --START--
INFO: Run ParseTemplate Behavior [ RunTime:-0.187500s ]
INFO: [ view_parse ] --END-- [ RunTime:0.000000s ]
INFO: [ view_filter ] --START--
INFO: Run ContentReplace Behavior [ RunTime:-0.187500s ]
INFO: Run TokenBuild Behavior [ RunTime:-0.203125s ]
INFO: Run WriteHtmlCache Behavior [ RunTime:-0.203125s ]
INFO: Run ShowRuntime Behavior [ RunTime:-0.203125s ]
INFO: [ view_filter ] --END-- [ RunTime:0.015625s ]
INFO: [ view_end ] --START--
INFO: Run ShowPageTrace Behavior [ RunTime:-0.203125s ]
INFO: [ view_end ] --END-- [ RunTime:0.000000s ]

[ 2015-08-20T10:56:11+08:00 ] 127.0.0.1 /badouwang/index.php/Index/Index/tuser
INFO: [ route_check ] --START--
INFO: Run CheckRoute Behavior [ RunTime:0.000000s ]
INFO: [ route_check ] --END-- [ RunTime:0.000000s ]
INFO: [ app_begin ] --START--
INFO: Run ReadHtmlCache Behavior [ RunTime:0.000000s ]
INFO: [ app_begin ] --END-- [ RunTime:0.000000s ]
NOTIC: [8] Undefined index: city E:\wamp\wamp\www\badouwang\home\Lib\Action\CommonAction.class.php 第 29 行.
SQL: SHOW COLUMNS FROM `bd_city` [ RunTime:0.031250s ]
SQL: select city.id,city.name,pro.name pname from bd_city city left join bd_province pro on city.provincei_d=pro.id where city.isopen=1 [ RunTime:0.000000s ]
NOTIC: [8] Undefined index: 北京 E:\wamp\wamp\www\badouwang\core\Extend\Library\Com\ArrayHelper.class.php 第 11 行.
NOTIC: [8] Undefined index: 上海 E:\wamp\wamp\www\badouwang\core\Extend\Library\Com\ArrayHelper.class.php 第 11 行.
NOTIC: [8] Undefined index: 广东 E:\wamp\wamp\www\badouwang\core\Extend\Library\Com\ArrayHelper.class.php 第 11 行.
INFO: [ view_template ] --START--
INFO: Run LocationTemplate Behavior [ RunTime:-0.203125s ]
INFO: [ view_template ] --END-- [ RunTime:0.000000s ]
INFO: [ view_parse ] --START--
INFO: Run ParseTemplate Behavior [ RunTime:-0.203125s ]
INFO: [ view_parse ] --END-- [ RunTime:0.015625s ]
INFO: [ view_filter ] --START--
INFO: Run ContentReplace Behavior [ RunTime:-0.218750s ]
INFO: Run TokenBuild Behavior [ RunTime:-0.218750s ]
INFO: Run WriteHtmlCache Behavior [ RunTime:-0.218750s ]
INFO: Run ShowRuntime Behavior [ RunTime:-0.218750s ]
INFO: [ view_filter ] --END-- [ RunTime:0.000000s ]
INFO: [ view_end ] --START--
INFO: Run ShowPageTrace Behavior [ RunTime:-0.218750s ]
INFO: [ view_end ] --END-- [ RunTime:0.000000s ]

[ 2015-08-20T10:56:14+08:00 ] 127.0.0.1 /badouwang/index.php/Index/Index/renc
INFO: [ route_check ] --START--
INFO: Run CheckRoute Behavior [ RunTime:0.015625s ]
INFO: [ route_check ] --END-- [ RunTime:0.015625s ]
INFO: [ app_begin ] --START--
INFO: Run ReadHtmlCache Behavior [ RunTime:0.000000s ]
INFO: [ app_begin ] --END-- [ RunTime:0.000000s ]
NOTIC: [8] Undefined index: city E:\wamp\wamp\www\badouwang\home\Lib\Action\CommonAction.class.php 第 29 行.
SQL: SHOW COLUMNS FROM `bd_city` [ RunTime:0.015625s ]
SQL: select city.id,city.name,pro.name pname from bd_city city left join bd_province pro on city.provincei_d=pro.id where city.isopen=1 [ RunTime:0.000000s ]
NOTIC: [8] Undefined index: 北京 E:\wamp\wamp\www\badouwang\core\Extend\Library\Com\ArrayHelper.class.php 第 11 行.
NOTIC: [8] Undefined index: 上海 E:\wamp\wamp\www\badouwang\core\Extend\Library\Com\ArrayHelper.class.php 第 11 行.
NOTIC: [8] Undefined index: 广东 E:\wamp\wamp\www\badouwang\core\Extend\Library\Com\ArrayHelper.class.php 第 11 行.
SQL: SHOW COLUMNS FROM `bd_config` [ RunTime:0.015625s ]
SQL: SELECT `c_value` FROM `bd_config` WHERE c_name='用户配置' and c_key='u_zhao' LIMIT 1   [ RunTime:0.000000s ]
NOTIC: [8] Undefined offset: 1 E:\wamp\wamp\www\badouwang\home\Lib\Action\Index\IndexAction.class.php 第 77 行.
NOTIC: [8] Undefined offset: 2 E:\wamp\wamp\www\badouwang\home\Lib\Action\Index\IndexAction.class.php 第 78 行.
INFO: [ view_template ] --START--
INFO: Run LocationTemplate Behavior [ RunTime:-0.156250s ]
INFO: [ view_template ] --END-- [ RunTime:0.015625s ]
INFO: [ view_parse ] --START--
INFO: Run ParseTemplate Behavior [ RunTime:-0.171875s ]
INFO: [ view_parse ] --END-- [ RunTime:0.000000s ]
INFO: [ view_filter ] --START--
INFO: Run ContentReplace Behavior [ RunTime:-0.171875s ]
INFO: Run TokenBuild Behavior [ RunTime:-0.187500s ]
INFO: Run WriteHtmlCache Behavior [ RunTime:-0.187500s ]
INFO: Run ShowRuntime Behavior [ RunTime:-0.187500s ]
INFO: [ view_filter ] --END-- [ RunTime:0.015625s ]
INFO: [ view_end ] --START--
INFO: Run ShowPageTrace Behavior [ RunTime:-0.187500s ]
INFO: [ view_end ] --END-- [ RunTime:0.000000s ]

[ 2015-08-20T10:56:17+08:00 ] 127.0.0.1 /badouwang/index.php/Index/Index/busition
INFO: [ route_check ] --START--
INFO: Run CheckRoute Behavior [ RunTime:0.000000s ]
INFO: [ route_check ] --END-- [ RunTime:0.000000s ]
INFO: [ app_begin ] --START--
INFO: Run ReadHtmlCache Behavior [ RunTime:0.000000s ]
INFO: [ app_begin ] --END-- [ RunTime:0.000000s ]
NOTIC: [8] Undefined index: city E:\wamp\wamp\www\badouwang\home\Lib\Action\CommonAction.class.php 第 29 行.
SQL: SHOW COLUMNS FROM `bd_city` [ RunTime:0.031250s ]
SQL: select city.id,city.name,pro.name pname from bd_city city left join bd_province pro on city.provincei_d=pro.id where city.isopen=1 [ RunTime:0.000000s ]
NOTIC: [8] Undefined index: 北京 E:\wamp\wamp\www\badouwang\core\Extend\Library\Com\ArrayHelper.class.php 第 11 行.
NOTIC: [8] Undefined index: 上海 E:\wamp\wamp\www\badouwang\core\Extend\Library\Com\ArrayHelper.class.php 第 11 行.
NOTIC: [8] Undefined index: 广东 E:\wamp\wamp\www\badouwang\core\Extend\Library\Com\ArrayHelper.class.php 第 11 行.
INFO: [ view_template ] --START--
INFO: Run LocationTemplate Behavior [ RunTime:-0.203125s ]
INFO: [ view_template ] --END-- [ RunTime:0.000000s ]
INFO: [ view_parse ] --START--
INFO: Run ParseTemplate Behavior [ RunTime:-0.203125s ]
INFO: [ view_parse ] --END-- [ RunTime:0.015625s ]
INFO: [ view_filter ] --START--
INFO: Run ContentReplace Behavior [ RunTime:-0.218750s ]
INFO: Run TokenBuild Behavior [ RunTime:-0.218750s ]
INFO: Run WriteHtmlCache Behavior [ RunTime:-0.218750s ]
INFO: Run ShowRuntime Behavior [ RunTime:-0.218750s ]
INFO: [ view_filter ] --END-- [ RunTime:0.000000s ]
INFO: [ view_end ] --START--
INFO: Run ShowPageTrace Behavior [ RunTime:-0.218750s ]
INFO: [ view_end ] --END-- [ RunTime:0.000000s ]

[ 2015-08-20T10:56:27+08:00 ] 127.0.0.1 /badouwang/index.php/Index/Index/cmer
INFO: [ route_check ] --START--
INFO: Run CheckRoute Behavior [ RunTime:0.000000s ]
INFO: [ route_check ] --END-- [ RunTime:0.000000s ]
INFO: [ app_begin ] --START--
INFO: Run ReadHtmlCache Behavior [ RunTime:0.000000s ]
INFO: [ app_begin ] --END-- [ RunTime:0.000000s ]
NOTIC: [8] Undefined index: city E:\wamp\wamp\www\badouwang\home\Lib\Action\CommonAction.class.php 第 29 行.
SQL: SHOW COLUMNS FROM `bd_city` [ RunTime:0.015625s ]
SQL: select city.id,city.name,pro.name pname from bd_city city left join bd_province pro on city.provincei_d=pro.id where city.isopen=1 [ RunTime:0.031250s ]
NOTIC: [8] Undefined index: 北京 E:\wamp\wamp\www\badouwang\core\Extend\Library\Com\ArrayHelper.class.php 第 11 行.
NOTIC: [8] Undefined index: 上海 E:\wamp\wamp\www\badouwang\core\Extend\Library\Com\ArrayHelper.class.php 第 11 行.
NOTIC: [8] Undefined index: 广东 E:\wamp\wamp\www\badouwang\core\Extend\Library\Com\ArrayHelper.class.php 第 11 行.
INFO: [ view_template ] --START--
INFO: Run LocationTemplate Behavior [ RunTime:-0.203125s ]
INFO: [ view_template ] --END-- [ RunTime:0.000000s ]
INFO: [ view_parse ] --START--
INFO: Run ParseTemplate Behavior [ RunTime:-0.203125s ]
INFO: [ view_parse ] --END-- [ RunTime:0.015625s ]
INFO: [ view_filter ] --START--
INFO: Run ContentReplace Behavior [ RunTime:-0.218750s ]
INFO: Run TokenBuild Behavior [ RunTime:-0.218750s ]
INFO: Run WriteHtmlCache Behavior [ RunTime:-0.218750s ]
INFO: Run ShowRuntime Behavior [ RunTime:-0.218750s ]
INFO: [ view_filter ] --END-- [ RunTime:0.000000s ]
INFO: [ view_end ] --START--
INFO: Run ShowPageTrace Behavior [ RunTime:-0.218750s ]
INFO: [ view_end ] --END-- [ RunTime:0.000000s ]

[ 2015-08-20T10:56:51+08:00 ] 127.0.0.1 /badouwang/index.php/Index/Index/helpcenter
INFO: [ route_check ] --START--
INFO: Run CheckRoute Behavior [ RunTime:0.000000s ]
INFO: [ route_check ] --END-- [ RunTime:0.000000s ]
INFO: [ app_begin ] --START--
INFO: Run ReadHtmlCache Behavior [ RunTime:-0.015625s ]
INFO: [ app_begin ] --END-- [ RunTime:0.000000s ]
NOTIC: [8] Undefined index: city E:\wamp\wamp\www\badouwang\home\Lib\Action\CommonAction.class.php 第 29 行.
SQL: SHOW COLUMNS FROM `bd_city` [ RunTime:0.015625s ]
SQL: select city.id,city.name,pro.name pname from bd_city city left join bd_province pro on city.provincei_d=pro.id where city.isopen=1 [ RunTime:0.000000s ]
NOTIC: [8] Undefined index: 北京 E:\wamp\wamp\www\badouwang\core\Extend\Library\Com\ArrayHelper.class.php 第 11 行.
NOTIC: [8] Undefined index: 上海 E:\wamp\wamp\www\badouwang\core\Extend\Library\Com\ArrayHelper.class.php 第 11 行.
NOTIC: [8] Undefined index: 广东 E:\wamp\wamp\www\badouwang\core\Extend\Library\Com\ArrayHelper.class.php 第 11 行.
SQL: SHOW COLUMNS FROM `bd_classfiy` [ RunTime:0.031250s ]
NOTIC: [2] Missing argument 4 for ClassfiyHelper::getClassesByName(), called in E:\wamp\wamp\www\badouwang\home\Lib\Action\Index\IndexAction.class.php on line 88 and defined E:\wamp\wamp\www\badouwang\core\Extend\Library\Com\ClassfiyHelper.class.php 第 59 行.
SQL: SELECT `id`,`lrf`,`rft`,`lev` FROM `bd_classfiy` WHERE name='帮助中心' LIMIT 1   [ RunTime:0.000000s ]
NOTIC: [8] Undefined variable: fields E:\wamp\wamp\www\badouwang\core\Extend\Library\Com\ClassfiyHelper.class.php 第 69 行.
SQL: select id,name,cimg,ctextbrand from bd_classfiy where lrf>'9' and rft<'28]' and lev-3=1 [ RunTime:0.015625s ]
SQL: SHOW COLUMNS FROM `bd_article` [ RunTime:0.015625s ]
SQL: SELECT `id`,`title`,`gid` FROM `bd_article` WHERE gid=155  [ RunTime:0.015625s ]
SQL: SELECT `id`,`title`,`gid` FROM `bd_article` WHERE gid=156  [ RunTime:0.015625s ]
SQL: SELECT `id`,`title`,`gid` FROM `bd_article` WHERE gid=157  [ RunTime:0.015625s ]
SQL: SELECT `id`,`title`,`gid` FROM `bd_article` WHERE gid=158  [ RunTime:0.000000s ]
SQL: SELECT `id`,`title`,`gid` FROM `bd_article` WHERE gid=159  [ RunTime:0.000000s ]
SQL: SELECT `id`,`title`,`gid` FROM `bd_article` WHERE gid=160  [ RunTime:0.015625s ]
SQL: SELECT `id`,`title`,`gid` FROM `bd_article` WHERE gid=161  [ RunTime:0.000000s ]
SQL: SELECT `id`,`title`,`gid` FROM `bd_article` WHERE gid=162  [ RunTime:0.000000s ]
SQL: SELECT `id`,`title`,`gid` FROM `bd_article` WHERE gid=163  [ RunTime:0.015625s ]
NOTIC: [8] Undefined index: aid E:\wamp\wamp\www\badouwang\home\Lib\Action\CommonAction.class.php 第 199 行.
NOTIC: [8] Undefined variable: content E:\wamp\wamp\www\badouwang\home\Lib\Action\Index\IndexAction.class.php 第 107 行.
INFO: [ view_template ] --START--
INFO: Run LocationTemplate Behavior [ RunTime:-0.312500s ]
INFO: [ view_template ] --END-- [ RunTime:0.000000s ]
INFO: [ view_parse ] --START--
INFO: Run ParseTemplate Behavior [ RunTime:-0.312500s ]
INFO: [ view_parse ] --END-- [ RunTime:0.015625s ]
INFO: [ view_filter ] --START--
INFO: Run ContentReplace Behavior [ RunTime:-0.328125s ]
INFO: Run TokenBuild Behavior [ RunTime:-0.328125s ]
INFO: Run WriteHtmlCache Behavior [ RunTime:-0.328125s ]
INFO: Run ShowRuntime Behavior [ RunTime:-0.328125s ]
INFO: [ view_filter ] --END-- [ RunTime:0.000000s ]
INFO: [ view_end ] --START--
INFO: Run ShowPageTrace Behavior [ RunTime:-0.328125s ]
INFO: [ view_end ] --END-- [ RunTime:0.000000s ]

[ 2015-08-20T10:57:41+08:00 ] 127.0.0.1 /badouwang/index.php/User/User/login
INFO: [ route_check ] --START--
INFO: Run CheckRoute Behavior [ RunTime:0.000000s ]
INFO: [ route_check ] --END-- [ RunTime:0.000000s ]
INFO: [ app_begin ] --START--
INFO: Run ReadHtmlCache Behavior [ RunTime:0.000000s ]
INFO: [ app_begin ] --END-- [ RunTime:0.000000s ]
SQL: SHOW COLUMNS FROM `bd_user` [ RunTime:0.031250s ]
NOTIC: [8] Undefined index: city E:\wamp\wamp\www\badouwang\home\Lib\Action\CommonAction.class.php 第 29 行.
SQL: SHOW COLUMNS FROM `bd_city` [ RunTime:0.031250s ]
SQL: select city.id,city.name,pro.name pname from bd_city city left join bd_province pro on city.provincei_d=pro.id where city.isopen=1 [ RunTime:0.015625s ]
NOTIC: [8] Undefined index: 北京 E:\wamp\wamp\www\badouwang\core\Extend\Library\Com\ArrayHelper.class.php 第 11 行.
NOTIC: [8] Undefined index: 上海 E:\wamp\wamp\www\badouwang\core\Extend\Library\Com\ArrayHelper.class.php 第 11 行.
NOTIC: [8] Undefined index: 广东 E:\wamp\wamp\www\badouwang\core\Extend\Library\Com\ArrayHelper.class.php 第 11 行.
NOTIC: [8] Undefined index: HTTP_REFERER E:\wamp\wamp\www\badouwang\home\Lib\Action\User\UserAction.class.php 第 41 行.
INFO: [ view_template ] --START--
INFO: Run LocationTemplate Behavior [ RunTime:-0.328125s ]
INFO: [ view_template ] --END-- [ RunTime:0.015625s ]
INFO: [ view_parse ] --START--
INFO: Run ParseTemplate Behavior [ RunTime:-0.343750s ]
INFO: [ view_parse ] --END-- [ RunTime:0.031250s ]
INFO: [ view_filter ] --START--
INFO: Run ContentReplace Behavior [ RunTime:-0.375000s ]
INFO: Run TokenBuild Behavior [ RunTime:-0.375000s ]
INFO: Run WriteHtmlCache Behavior [ RunTime:-0.375000s ]
INFO: Run ShowRuntime Behavior [ RunTime:-0.375000s ]
INFO: [ view_filter ] --END-- [ RunTime:0.000000s ]
INFO: [ view_end ] --START--
INFO: Run ShowPageTrace Behavior [ RunTime:-0.375000s ]
INFO: [ view_end ] --END-- [ RunTime:0.000000s ]

