[ 2015-08-01T08:57:54+08:00 ] 127.0.0.1 /badouwang/index.php/User/User/login
INFO: [ route_check ] --START--
INFO: Run CheckRoute Behavior [ RunTime:0.015625s ]
INFO: [ route_check ] --END-- [ RunTime:0.015625s ]
INFO: [ app_begin ] --START--
INFO: Run ReadHtmlCache Behavior [ RunTime:-0.609375s ]
INFO: [ app_begin ] --END-- [ RunTime:0.000000s ]
SQL: SHOW COLUMNS FROM `bd_user` [ RunTime:0.015625s ]
NOTIC: [8] Undefined index: city E:\wamp\wamp\www\badouwang\home\Lib\Action\CommonAction.class.php 第 27 行.
SQL: SHOW COLUMNS FROM `bd_city` [ RunTime:2.125000s ]
SQL: select city.id,city.name,pro.name pname from bd_city city left join bd_province pro on city.provincei_d=pro.id where city.isopen=1 [ RunTime:0.015625s ]
NOTIC: [8] Undefined index: 北京 E:\wamp\wamp\www\badouwang\core\Extend\Library\Com\ArrayHelper.class.php 第 11 行.
NOTIC: [8] Undefined index: 上海 E:\wamp\wamp\www\badouwang\core\Extend\Library\Com\ArrayHelper.class.php 第 11 行.
NOTIC: [8] Undefined index: 广东 E:\wamp\wamp\www\badouwang\core\Extend\Library\Com\ArrayHelper.class.php 第 11 行.
SQL: SHOW COLUMNS FROM `bd_memberfields` [ RunTime:0.015625s ]
SQL: SELECT `address` FROM `bd_memberfields` WHERE uid='' LIMIT 1   [ RunTime:0.000000s ]
SQL: SHOW COLUMNS FROM `bd_city` [ RunTime:0.015625s ]
NOTIC: [8] Undefined offset: 1 E:\wamp\wamp\www\badouwang\home\Lib\Action\CommonAction.class.php 第 115 行.
SQL: SELECT `id`,`isopen` FROM `bd_city` WHERE name='' and isopen=1 LIMIT 1   [ RunTime:0.015625s ]
SQL: SELECT `id`,`isopen` FROM `bd_city` WHERE name='深圳市' and isopen=1 LIMIT 1   [ RunTime:0.000000s ]
NOTIC: [8] Undefined index: HTTP_REFERER E:\wamp\wamp\www\badouwang\home\Lib\Action\User\UserAction.class.php 第 41 行.
INFO: [ view_template ] --START--
INFO: Run LocationTemplate Behavior [ RunTime:-3.406250s ]
INFO: [ view_template ] --END-- [ RunTime:0.078125s ]
INFO: [ view_parse ] --START--
INFO: Run ParseTemplate Behavior [ RunTime:-3.484375s ]
INFO: [ view_parse ] --END-- [ RunTime:0.109375s ]
INFO: [ view_filter ] --START--
INFO: Run ContentReplace Behavior [ RunTime:-3.593750s ]
INFO: Run TokenBuild Behavior [ RunTime:-3.593750s ]
INFO: Run WriteHtmlCache Behavior [ RunTime:-3.593750s ]
INFO: Run ShowRuntime Behavior [ RunTime:-3.609375s ]
INFO: [ view_filter ] --END-- [ RunTime:0.015625s ]
INFO: [ view_end ] --START--
INFO: Run ShowPageTrace Behavior [ RunTime:-3.609375s ]
INFO: [ view_end ] --END-- [ RunTime:0.000000s ]

[ 2015-08-01T08:58:03+08:00 ] 127.0.0.1 /badouwang/index.php/Ajax/AjaxUser/vpass
INFO: [ route_check ] --START--
INFO: Run CheckRoute Behavior [ RunTime:0.000000s ]
INFO: [ route_check ] --END-- [ RunTime:0.000000s ]
INFO: [ app_begin ] --START--
INFO: Run ReadHtmlCache Behavior [ RunTime:0.000000s ]
INFO: [ app_begin ] --END-- [ RunTime:0.000000s ]
NOTIC: [8] Undefined index: city E:\wamp\wamp\www\badouwang\home\Lib\Action\CommonAction.class.php 第 27 行.
SQL: SHOW COLUMNS FROM `bd_city` [ RunTime:0.156250s ]
SQL: select city.id,city.name,pro.name pname from bd_city city left join bd_province pro on city.provincei_d=pro.id where city.isopen=1 [ RunTime:0.593750s ]
NOTIC: [8] Undefined index: 北京 E:\wamp\wamp\www\badouwang\core\Extend\Library\Com\ArrayHelper.class.php 第 11 行.
NOTIC: [8] Undefined index: 上海 E:\wamp\wamp\www\badouwang\core\Extend\Library\Com\ArrayHelper.class.php 第 11 行.
NOTIC: [8] Undefined index: 广东 E:\wamp\wamp\www\badouwang\core\Extend\Library\Com\ArrayHelper.class.php 第 11 行.
SQL: SHOW COLUMNS FROM `bd_user` [ RunTime:0.812500s ]
NOTIC: [2] md5() expects parameter 1 to be string, array given E:\wamp\wamp\www\badouwang\core\Extend\Library\Com\PasswordHelper.class.php 第 66 行.
NOTIC: [8] Undefined variable: char E:\wamp\wamp\www\badouwang\core\Extend\Library\Com\PasswordHelper.class.php 第 77 行.
NOTIC: [8] Undefined variable: str E:\wamp\wamp\www\badouwang\core\Extend\Library\Com\PasswordHelper.class.php 第 88 行.
SQL: SELECT * FROM `bd_user` WHERE uname='qiyunfanbo@126.com' LIMIT 1   [ RunTime:0.015625s ]
SQL: UPDATE `bd_user` SET `err_login`=0 WHERE uname='qiyunfanbo@126.com' [ RunTime:0.000000s ]
SQL: SELECT * FROM `bd_user` WHERE uname='qiyunfanbo@126.com' and password='13d986e951294e328b607007337f17e6' LIMIT 1   [ RunTime:0.000000s ]

[ 2015-08-01T08:58:17+08:00 ] 127.0.0.1 /badouwang/index.php/User/User/doLogin
INFO: [ route_check ] --START--
INFO: Run CheckRoute Behavior [ RunTime:0.000000s ]
INFO: [ route_check ] --END-- [ RunTime:0.000000s ]
INFO: [ app_begin ] --START--
INFO: Run ReadHtmlCache Behavior [ RunTime:-0.015625s ]
INFO: [ app_begin ] --END-- [ RunTime:0.000000s ]
SQL: SHOW COLUMNS FROM `bd_user` [ RunTime:0.078125s ]
NOTIC: [8] Undefined index: city E:\wamp\wamp\www\badouwang\home\Lib\Action\CommonAction.class.php 第 27 行.
SQL: SHOW COLUMNS FROM `bd_city` [ RunTime:0.234375s ]
SQL: select city.id,city.name,pro.name pname from bd_city city left join bd_province pro on city.provincei_d=pro.id where city.isopen=1 [ RunTime:0.546875s ]
NOTIC: [8] Undefined index: 北京 E:\wamp\wamp\www\badouwang\core\Extend\Library\Com\ArrayHelper.class.php 第 11 行.
NOTIC: [8] Undefined index: 上海 E:\wamp\wamp\www\badouwang\core\Extend\Library\Com\ArrayHelper.class.php 第 11 行.
NOTIC: [8] Undefined index: 广东 E:\wamp\wamp\www\badouwang\core\Extend\Library\Com\ArrayHelper.class.php 第 11 行.
NOTIC: [2] md5() expects parameter 1 to be string, array given E:\wamp\wamp\www\badouwang\core\Extend\Library\Com\PasswordHelper.class.php 第 66 行.
NOTIC: [8] Undefined variable: char E:\wamp\wamp\www\badouwang\core\Extend\Library\Com\PasswordHelper.class.php 第 77 行.
NOTIC: [8] Undefined variable: str E:\wamp\wamp\www\badouwang\core\Extend\Library\Com\PasswordHelper.class.php 第 88 行.
SQL: SHOW COLUMNS FROM `bd_user` [ RunTime:0.546875s ]
SQL: SELECT * FROM `bd_user` WHERE uname='qiyunfanbo@126.com' and password='13d986e951294e328b607007337f17e6' LIMIT 1   [ RunTime:2.484375s ]
SQL: SHOW COLUMNS FROM `bd_memberfields` [ RunTime:1.218750s ]
SQL: SELECT `rname` FROM `bd_memberfields` WHERE uid='11' LIMIT 1   [ RunTime:1.296875s ]
SQL: SHOW COLUMNS FROM `bd_config` [ RunTime:0.421875s ]
SQL: SELECT `c_value`,`c_info` FROM `bd_config` WHERE c_name='经验' and c_key='login' LIMIT 1   [ RunTime:0.937500s ]
SQL: UPDATE `bd_memberfields` SET `u_credit`=u_credit+10 WHERE uid=11 [ RunTime:1.296875s ]
SQL: SHOW COLUMNS FROM `bd_credit_log` [ RunTime:1.062500s ]
SQL: INSERT INTO `bd_credit_log` (`uid`,`type`,`name`,`val`,`ctime`) VALUES (11,'经验','每日登录赠送积分',10,1438390694) [ RunTime:1.109375s ]
SQL: UPDATE `bd_user` SET `err_time`=1438390696 WHERE uid=11 [ RunTime:1.046875s ]
INFO: [ view_template ] --START--
INFO: Run LocationTemplate Behavior [ RunTime:-14.062500s ]
INFO: [ view_template ] --END-- [ RunTime:0.015625s ]
INFO: [ view_parse ] --START--
INFO: Run ParseTemplate Behavior [ RunTime:-14.078125s ]
INFO: [ view_parse ] --END-- [ RunTime:0.046875s ]
INFO: [ view_filter ] --START--
INFO: Run ContentReplace Behavior [ RunTime:-14.125000s ]
INFO: Run TokenBuild Behavior [ RunTime:-14.125000s ]
INFO: Run WriteHtmlCache Behavior [ RunTime:-14.125000s ]
INFO: Run ShowRuntime Behavior [ RunTime:-14.125000s ]
INFO: [ view_filter ] --END-- [ RunTime:0.000000s ]
INFO: [ view_end ] --START--
INFO: Run ShowPageTrace Behavior [ RunTime:-14.125000s ]
INFO: [ view_end ] --END-- [ RunTime:0.000000s ]

[ 2015-08-01T08:58:41+08:00 ] 127.0.0.1 /badouwang/index.php/User/User/doLogin
INFO: [ route_check ] --START--
INFO: Run CheckRoute Behavior [ RunTime:0.000000s ]
INFO: [ route_check ] --END-- [ RunTime:0.000000s ]
INFO: [ app_begin ] --START--
INFO: Run ReadHtmlCache Behavior [ RunTime:-0.015625s ]
INFO: [ app_begin ] --END-- [ RunTime:0.000000s ]
SQL: SHOW COLUMNS FROM `bd_user` [ RunTime:0.406250s ]
NOTIC: [8] Undefined index: city E:\wamp\wamp\www\badouwang\home\Lib\Action\CommonAction.class.php 第 27 行.
SQL: SHOW COLUMNS FROM `bd_city` [ RunTime:0.312500s ]
SQL: select city.id,city.name,pro.name pname from bd_city city left join bd_province pro on city.provincei_d=pro.id where city.isopen=1 [ RunTime:0.312500s ]
NOTIC: [8] Undefined index: 北京 E:\wamp\wamp\www\badouwang\core\Extend\Library\Com\ArrayHelper.class.php 第 11 行.
NOTIC: [8] Undefined index: 上海 E:\wamp\wamp\www\badouwang\core\Extend\Library\Com\ArrayHelper.class.php 第 11 行.
NOTIC: [8] Undefined index: 广东 E:\wamp\wamp\www\badouwang\core\Extend\Library\Com\ArrayHelper.class.php 第 11 行.
SQL: SHOW COLUMNS FROM `bd_user` [ RunTime:0.984375s ]
SQL: SELECT `type` FROM `bd_user` WHERE uid='11' LIMIT 1   [ RunTime:0.890625s ]
SQL: SHOW COLUMNS FROM `bd_message` [ RunTime:1.015625s ]
SQL: SELECT COUNT(*) AS tp_count FROM `bd_message` WHERE to_uid=11 and is_read=0 and type=1 LIMIT 1   [ RunTime:1.734375s ]
SQL: SELECT COUNT(*) AS tp_count FROM `bd_message` WHERE to_uid=11 and is_read=0 and type=3 LIMIT 1   [ RunTime:3.968750s ]
SQL: SELECT COUNT(*) AS tp_count FROM `bd_message` WHERE to_uid=11 and is_read=0 and type=2 LIMIT 1   [ RunTime:1.312500s ]
SQL: SELECT COUNT(*) AS tp_count FROM `bd_message` WHERE to_uid=11 and is_read=0 and type=4 LIMIT 1   [ RunTime:1.234375s ]
NOTIC: [8] Undefined variable: sCount E:\wamp\wamp\www\badouwang\home\Lib\Action\CommonAction.class.php 第 105 行.
NOTIC: [2] md5() expects parameter 1 to be string, array given E:\wamp\wamp\www\badouwang\core\Extend\Library\Com\PasswordHelper.class.php 第 66 行.
NOTIC: [8] Undefined variable: char E:\wamp\wamp\www\badouwang\core\Extend\Library\Com\PasswordHelper.class.php 第 77 行.
NOTIC: [8] Undefined variable: str E:\wamp\wamp\www\badouwang\core\Extend\Library\Com\PasswordHelper.class.php 第 88 行.
SQL: SELECT * FROM `bd_user` WHERE uname='qiyunfanbo@126.com' and password='13d986e951294e328b607007337f17e6' LIMIT 1   [ RunTime:1.093750s ]
SQL: SHOW COLUMNS FROM `bd_memberfields` [ RunTime:1.968750s ]
SQL: SELECT `rname` FROM `bd_memberfields` WHERE uid='11' LIMIT 1   [ RunTime:1.531250s ]
NOTIC: [8] Undefined variable: msg E:\wamp\wamp\www\badouwang\home\Lib\Action\User\UserAction.class.php 第 71 行.
INFO: [ view_template ] --START--
INFO: Run LocationTemplate Behavior [ RunTime:-24.375000s ]
INFO: [ view_template ] --END-- [ RunTime:0.000000s ]
INFO: [ view_parse ] --START--
INFO: Run ParseTemplate Behavior [ RunTime:-24.375000s ]
INFO: [ view_parse ] --END-- [ RunTime:0.000000s ]
INFO: [ view_filter ] --START--
INFO: Run ContentReplace Behavior [ RunTime:-24.375000s ]
INFO: Run TokenBuild Behavior [ RunTime:-24.390625s ]
INFO: Run WriteHtmlCache Behavior [ RunTime:-24.390625s ]
INFO: Run ShowRuntime Behavior [ RunTime:-24.390625s ]
INFO: [ view_filter ] --END-- [ RunTime:0.015625s ]
INFO: [ view_end ] --START--
INFO: Run ShowPageTrace Behavior [ RunTime:-24.390625s ]
INFO: [ view_end ] --END-- [ RunTime:0.000000s ]

[ 2015-08-01T08:59:25+08:00 ] 127.0.0.1 /badouwang/index.php/User/User/doLogin
INFO: [ route_check ] --START--
INFO: Run CheckRoute Behavior [ RunTime:0.000000s ]
INFO: [ route_check ] --END-- [ RunTime:0.000000s ]
INFO: [ app_begin ] --START--
INFO: Run ReadHtmlCache Behavior [ RunTime:0.000000s ]
INFO: [ app_begin ] --END-- [ RunTime:0.000000s ]
SQL: SHOW COLUMNS FROM `bd_user` [ RunTime:1.437500s ]
NOTIC: [8] Undefined index: city E:\wamp\wamp\www\badouwang\home\Lib\Action\CommonAction.class.php 第 27 行.
SQL: SHOW COLUMNS FROM `bd_city` [ RunTime:1.734375s ]
SQL: select city.id,city.name,pro.name pname from bd_city city left join bd_province pro on city.provincei_d=pro.id where city.isopen=1 [ RunTime:1.531250s ]
NOTIC: [8] Undefined index: 北京 E:\wamp\wamp\www\badouwang\core\Extend\Library\Com\ArrayHelper.class.php 第 11 行.
NOTIC: [8] Undefined index: 上海 E:\wamp\wamp\www\badouwang\core\Extend\Library\Com\ArrayHelper.class.php 第 11 行.
NOTIC: [8] Undefined index: 广东 E:\wamp\wamp\www\badouwang\core\Extend\Library\Com\ArrayHelper.class.php 第 11 行.
SQL: SHOW COLUMNS FROM `bd_user` [ RunTime:0.781250s ]
SQL: SELECT `type` FROM `bd_user` WHERE uid='11' LIMIT 1   [ RunTime:1.093750s ]
SQL: SHOW COLUMNS FROM `bd_message` [ RunTime:0.546875s ]
SQL: SELECT COUNT(*) AS tp_count FROM `bd_message` WHERE to_uid=11 and is_read=0 and type=1 LIMIT 1   [ RunTime:0.078125s ]
SQL: SELECT COUNT(*) AS tp_count FROM `bd_message` WHERE to_uid=11 and is_read=0 and type=3 LIMIT 1   [ RunTime:0.062500s ]
SQL: SELECT COUNT(*) AS tp_count FROM `bd_message` WHERE to_uid=11 and is_read=0 and type=2 LIMIT 1   [ RunTime:0.093750s ]
SQL: SELECT COUNT(*) AS tp_count FROM `bd_message` WHERE to_uid=11 and is_read=0 and type=4 LIMIT 1   [ RunTime:0.140625s ]
NOTIC: [8] Undefined variable: sCount E:\wamp\wamp\www\badouwang\home\Lib\Action\CommonAction.class.php 第 105 行.
NOTIC: [2] md5() expects parameter 1 to be string, array given E:\wamp\wamp\www\badouwang\core\Extend\Library\Com\PasswordHelper.class.php 第 66 行.
NOTIC: [8] Undefined variable: char E:\wamp\wamp\www\badouwang\core\Extend\Library\Com\PasswordHelper.class.php 第 77 行.
NOTIC: [8] Undefined variable: str E:\wamp\wamp\www\badouwang\core\Extend\Library\Com\PasswordHelper.class.php 第 88 行.
SQL: SELECT * FROM `bd_user` WHERE uname='qiyunfanbo@126.com' and password='13d986e951294e328b607007337f17e6' LIMIT 1   [ RunTime:0.046875s ]
SQL: SHOW COLUMNS FROM `bd_memberfields` [ RunTime:0.750000s ]
SQL: SELECT `rname` FROM `bd_memberfields` WHERE uid='11' LIMIT 1   [ RunTime:0.109375s ]
NOTIC: [8] Undefined variable: msg E:\wamp\wamp\www\badouwang\home\Lib\Action\User\UserAction.class.php 第 71 行.
INFO: [ view_template ] --START--
INFO: Run LocationTemplate Behavior [ RunTime:-21.781250s ]
INFO: [ view_template ] --END-- [ RunTime:0.000000s ]
INFO: [ view_parse ] --START--
INFO: Run ParseTemplate Behavior [ RunTime:-21.781250s ]
INFO: [ view_parse ] --END-- [ RunTime:0.015625s ]
INFO: [ view_filter ] --START--
INFO: Run ContentReplace Behavior [ RunTime:-21.796875s ]
INFO: Run TokenBuild Behavior [ RunTime:-21.796875s ]
INFO: Run WriteHtmlCache Behavior [ RunTime:-21.796875s ]
INFO: Run ShowRuntime Behavior [ RunTime:-21.796875s ]
INFO: [ view_filter ] --END-- [ RunTime:0.000000s ]
INFO: [ view_end ] --START--
INFO: Run ShowPageTrace Behavior [ RunTime:-21.796875s ]
INFO: [ view_end ] --END-- [ RunTime:0.000000s ]

[ 2015-08-01T09:43:08+08:00 ] 127.0.0.1 /badouwang/index.php
INFO: [ app_begin ] --START--
INFO: Run ReadHtmlCache Behavior [ RunTime:0.000000s ]
INFO: [ app_begin ] --END-- [ RunTime:0.000000s ]
NOTIC: [8] Undefined index: city E:\wamp\wamp\www\badouwang\home\Lib\Action\CommonAction.class.php 第 27 行.
NOTIC: [8] Use of undefined constant __INFO__ - assumed '__INFO__' E:\wamp\wamp\www\badouwang\home\Lib\Action\CommonAction.class.php 第 29 行.
NOTIC: [8] Undefined offset: 2 E:\wamp\wamp\www\badouwang\home\Lib\Action\CommonAction.class.php 第 30 行.
SQL: SHOW COLUMNS FROM `bd_city` [ RunTime:0.015625s ]
SQL: select city.id,city.name,pro.name pname from bd_city city left join bd_province pro on city.provincei_d=pro.id where city.isopen=1 [ RunTime:0.015625s ]
NOTIC: [8] Undefined index: 北京 E:\wamp\wamp\www\badouwang\core\Extend\Library\Com\ArrayHelper.class.php 第 11 行.
NOTIC: [8] Undefined index: 上海 E:\wamp\wamp\www\badouwang\core\Extend\Library\Com\ArrayHelper.class.php 第 11 行.
NOTIC: [8] Undefined index: 广东 E:\wamp\wamp\www\badouwang\core\Extend\Library\Com\ArrayHelper.class.php 第 11 行.
SQL: SHOW COLUMNS FROM `bd_memberfields` [ RunTime:0.000000s ]
SQL: SELECT `address` FROM `bd_memberfields` WHERE uid='' LIMIT 1   [ RunTime:0.015625s ]
SQL: SHOW COLUMNS FROM `bd_city` [ RunTime:0.015625s ]
NOTIC: [8] Undefined offset: 1 E:\wamp\wamp\www\badouwang\home\Lib\Action\CommonAction.class.php 第 115 行.
SQL: SELECT `id`,`isopen` FROM `bd_city` WHERE name='' and isopen=1 LIMIT 1   [ RunTime:0.000000s ]
SQL: SELECT `id`,`isopen` FROM `bd_city` WHERE name='深圳市' and isopen=1 LIMIT 1   [ RunTime:0.000000s ]
SQL: SELECT a.uid,a.real_name,a.id_front,m.visitednumber,c.name cname,d.name dname FROM bd_authentication a JOIN bd_memberfields m ON a.uid=m.uid JOIN bd_classfiy c ON a.cid=c.id JOIN bd_classfiy d ON a.grade=d.id WHERE a.type=1 ORDER BY m.visitednumber DESC LIMIT 4 [ RunTime:0.015625s ]
SQL: SHOW COLUMNS FROM `bd_user` [ RunTime:0.015625s ]
SQL: SELECT COUNT(*) AS tp_count FROM `bd_user` LIMIT 1   [ RunTime:0.000000s ]
SQL: SHOW COLUMNS FROM `bd_organ_spred` [ RunTime:0.015625s ]
SQL: select spred.id,spred.price,spred.d_price,course.cname aname,course.timg,spred.number from bd_organ_spred spred left join  bd_proxyermanage course on spred.cid=course.id where d_price>0 and d_price<spred.price and spred.type=2 limit 0,5 [ RunTime:0.015625s ]
SQL: SELECT q.id,q.content,q.lnumber FROM bd_question q  order by q.lnumber desc LIMIT 10  [ RunTime:0.000000s ]
SQL: SHOW COLUMNS FROM `bd_classfiy` [ RunTime:0.015625s ]
SQL: SELECT `id` FROM `bd_classfiy` WHERE name='焦点新闻' LIMIT 1   [ RunTime:0.000000s ]
SQL: SHOW COLUMNS FROM `bd_article` [ RunTime:0.031250s ]
SQL: SELECT * FROM `bd_article` WHERE gid=165 LIMIT 11   [ RunTime:0.015625s ]
SQL: SHOW COLUMNS FROM `bd_authentication` [ RunTime:0.031250s ]
SQL: SELECT `uid`,`real_name`,`lincence`,`address` FROM `bd_authentication` WHERE type=3 LIMIT 3   [ RunTime:0.000000s ]
SQL: SELECT COUNT(*) AS tp_count FROM `bd_authentication` WHERE uid=30 and type=4 LIMIT 1   [ RunTime:0.015625s ]
SQL: SHOW COLUMNS FROM `bd_jjbm` [ RunTime:0.000000s ]
SQL: SELECT COUNT(*) AS tp_count FROM `bd_jjbm` WHERE tuid=30 LIMIT 1   [ RunTime:0.015625s ]
SQL: SELECT COUNT(*) AS tp_count FROM `bd_authentication` WHERE uid=34 and type=4 LIMIT 1   [ RunTime:0.000000s ]
SQL: SELECT COUNT(*) AS tp_count FROM `bd_jjbm` WHERE tuid=34 LIMIT 1   [ RunTime:0.015625s ]
SQL: SELECT COUNT(*) AS tp_count FROM `bd_authentication` WHERE uid=39 and type=4 LIMIT 1   [ RunTime:0.000000s ]
SQL: SELECT COUNT(*) AS tp_count FROM `bd_jjbm` WHERE tuid=39 LIMIT 1   [ RunTime:0.015625s ]
SQL: SELECT `id`,`lrf`,`rft`,`lev` FROM `bd_classfiy` WHERE name='培训分类' LIMIT 1   [ RunTime:0.000000s ]
SQL: select name,id from bd_classfiy where lrf>'154' and rft<'179]'  and ishot=1 [ RunTime:0.000000s ]
SQL: SELECT * FROM `bd_organ_spred` WHERE ic_comment=1  [ RunTime:0.015625s ]
SQL: SELECT * FROM `bd_memberfields` LIMIT 5   [ RunTime:0.000000s ]
NOTIC: [2] Missing argument 4 for ClassfiyHelper::getClassesByName(), called in E:\wamp\wamp\www\badouwang\home\Lib\Action\Index\IndexAction.class.php on line 48 and defined E:\wamp\wamp\www\badouwang\core\Extend\Library\Com\ClassfiyHelper.class.php 第 59 行.
SQL: SELECT `id`,`lrf`,`rft`,`lev` FROM `bd_classfiy` WHERE name='在线考试' LIMIT 1   [ RunTime:0.000000s ]
NOTIC: [8] Undefined variable: fields E:\wamp\wamp\www\badouwang\core\Extend\Library\Com\ClassfiyHelper.class.php 第 69 行.
SQL: select id,name,cimg,ctextbrand from bd_classfiy where lrf>'104' and rft<'153]' and lev-2=1 [ RunTime:0.000000s ]
SQL: SELECT `lrf`,`rft` FROM `bd_classfiy` WHERE id=71 LIMIT 1   [ RunTime:0.000000s ]
SQL: SELECT `id` FROM `bd_classfiy` WHERE lrf>105 and rft<112  [ RunTime:0.000000s ]
SQL: SHOW COLUMNS FROM `bd_ex_paper` [ RunTime:0.015625s ]
SQL: SELECT * FROM `bd_ex_paper` WHERE sid in (72,73,74) LIMIT 10   [ RunTime:0.000000s ]
INFO: [ view_template ] --START--
INFO: Run LocationTemplate Behavior [ RunTime:-3.609375s ]
INFO: [ view_template ] --END-- [ RunTime:0.000000s ]
INFO: [ view_parse ] --START--
NOTIC: [8] Undefined index: uname E:\wamp\wamp\www\badouwang\home\Runtime\Cache\Index\b0cfccd32a8aecbbf5895237c16bc75a.php 第 33 行.
NOTIC: [8] Undefined index: uname E:\wamp\wamp\www\badouwang\home\Runtime\Cache\Index\b0cfccd32a8aecbbf5895237c16bc75a.php 第 43 行.
INFO: Run ParseTemplate Behavior [ RunTime:-3.609375s ]
INFO: [ view_parse ] --END-- [ RunTime:0.093750s ]
INFO: [ view_filter ] --START--
INFO: Run ContentReplace Behavior [ RunTime:-3.703125s ]
INFO: Run TokenBuild Behavior [ RunTime:-3.703125s ]
INFO: Run WriteHtmlCache Behavior [ RunTime:-3.718750s ]
INFO: Run ShowRuntime Behavior [ RunTime:-3.718750s ]
INFO: [ view_filter ] --END-- [ RunTime:0.015625s ]
INFO: [ view_end ] --START--
INFO: Run ShowPageTrace Behavior [ RunTime:-3.718750s ]
INFO: [ view_end ] --END-- [ RunTime:0.000000s ]

[ 2015-08-01T09:43:09+08:00 ] 127.0.0.1 /badouwang/
INFO: [ app_begin ] --START--
INFO: Run ReadHtmlCache Behavior [ RunTime:0.000000s ]
INFO: [ app_begin ] --END-- [ RunTime:0.000000s ]
NOTIC: [8] Undefined index: city E:\wamp\wamp\www\badouwang\home\Lib\Action\CommonAction.class.php 第 27 行.
NOTIC: [8] Use of undefined constant __INFO__ - assumed '__INFO__' E:\wamp\wamp\www\badouwang\home\Lib\Action\CommonAction.class.php 第 29 行.
NOTIC: [8] Undefined offset: 2 E:\wamp\wamp\www\badouwang\home\Lib\Action\CommonAction.class.php 第 30 行.
SQL: SHOW COLUMNS FROM `bd_city` [ RunTime:0.015625s ]
SQL: select city.id,city.name,pro.name pname from bd_city city left join bd_province pro on city.provincei_d=pro.id where city.isopen=1 [ RunTime:0.000000s ]
NOTIC: [8] Undefined index: 北京 E:\wamp\wamp\www\badouwang\core\Extend\Library\Com\ArrayHelper.class.php 第 11 行.
NOTIC: [8] Undefined index: 上海 E:\wamp\wamp\www\badouwang\core\Extend\Library\Com\ArrayHelper.class.php 第 11 行.
NOTIC: [8] Undefined index: 广东 E:\wamp\wamp\www\badouwang\core\Extend\Library\Com\ArrayHelper.class.php 第 11 行.
SQL: SELECT a.uid,a.real_name,a.id_front,m.visitednumber,c.name cname,d.name dname FROM bd_authentication a JOIN bd_memberfields m ON a.uid=m.uid JOIN bd_classfiy c ON a.cid=c.id JOIN bd_classfiy d ON a.grade=d.id WHERE a.type=1 ORDER BY m.visitednumber DESC LIMIT 4 [ RunTime:0.000000s ]
SQL: SHOW COLUMNS FROM `bd_user` [ RunTime:0.031250s ]
SQL: SELECT COUNT(*) AS tp_count FROM `bd_user` LIMIT 1   [ RunTime:0.000000s ]
SQL: SHOW COLUMNS FROM `bd_organ_spred` [ RunTime:0.015625s ]
SQL: select spred.id,spred.price,spred.d_price,course.cname aname,course.timg,spred.number from bd_organ_spred spred left join  bd_proxyermanage course on spred.cid=course.id where d_price>0 and d_price<spred.price and spred.type=2 limit 0,5 [ RunTime:0.015625s ]
SQL: SELECT q.id,q.content,q.lnumber FROM bd_question q  order by q.lnumber desc LIMIT 10  [ RunTime:0.000000s ]
SQL: SHOW COLUMNS FROM `bd_classfiy` [ RunTime:0.015625s ]
SQL: SELECT `id` FROM `bd_classfiy` WHERE name='焦点新闻' LIMIT 1   [ RunTime:0.000000s ]
SQL: SHOW COLUMNS FROM `bd_article` [ RunTime:0.015625s ]
SQL: SELECT * FROM `bd_article` WHERE gid=165 LIMIT 11   [ RunTime:0.015625s ]
SQL: SHOW COLUMNS FROM `bd_authentication` [ RunTime:0.031250s ]
SQL: SELECT `uid`,`real_name`,`lincence`,`address` FROM `bd_authentication` WHERE type=3 LIMIT 3   [ RunTime:0.046875s ]
SQL: SELECT COUNT(*) AS tp_count FROM `bd_authentication` WHERE uid=30 and type=4 LIMIT 1   [ RunTime:0.000000s ]
SQL: SHOW COLUMNS FROM `bd_jjbm` [ RunTime:0.031250s ]
SQL: SELECT COUNT(*) AS tp_count FROM `bd_jjbm` WHERE tuid=30 LIMIT 1   [ RunTime:0.000000s ]
SQL: SELECT COUNT(*) AS tp_count FROM `bd_authentication` WHERE uid=34 and type=4 LIMIT 1   [ RunTime:0.000000s ]
SQL: SELECT COUNT(*) AS tp_count FROM `bd_jjbm` WHERE tuid=34 LIMIT 1   [ RunTime:0.015625s ]
SQL: SELECT COUNT(*) AS tp_count FROM `bd_authentication` WHERE uid=39 and type=4 LIMIT 1   [ RunTime:0.015625s ]
SQL: SELECT COUNT(*) AS tp_count FROM `bd_jjbm` WHERE tuid=39 LIMIT 1   [ RunTime:0.000000s ]
SQL: SELECT `id`,`lrf`,`rft`,`lev` FROM `bd_classfiy` WHERE name='培训分类' LIMIT 1   [ RunTime:0.015625s ]
SQL: select name,id from bd_classfiy where lrf>'154' and rft<'179]'  and ishot=1 [ RunTime:0.000000s ]
SQL: SELECT * FROM `bd_organ_spred` WHERE ic_comment=1  [ RunTime:0.015625s ]
SQL: SHOW COLUMNS FROM `bd_memberfields` [ RunTime:0.015625s ]
SQL: SELECT * FROM `bd_memberfields` LIMIT 5   [ RunTime:0.000000s ]
NOTIC: [2] Missing argument 4 for ClassfiyHelper::getClassesByName(), called in E:\wamp\wamp\www\badouwang\home\Lib\Action\Index\IndexAction.class.php on line 48 and defined E:\wamp\wamp\www\badouwang\core\Extend\Library\Com\ClassfiyHelper.class.php 第 59 行.
SQL: SELECT `id`,`lrf`,`rft`,`lev` FROM `bd_classfiy` WHERE name='在线考试' LIMIT 1   [ RunTime:0.000000s ]
NOTIC: [8] Undefined variable: fields E:\wamp\wamp\www\badouwang\core\Extend\Library\Com\ClassfiyHelper.class.php 第 69 行.
SQL: select id,name,cimg,ctextbrand from bd_classfiy where lrf>'104' and rft<'153]' and lev-2=1 [ RunTime:0.000000s ]
SQL: SELECT `lrf`,`rft` FROM `bd_classfiy` WHERE id=71 LIMIT 1   [ RunTime:0.000000s ]
SQL: SELECT `id` FROM `bd_classfiy` WHERE lrf>105 and rft<112  [ RunTime:0.015625s ]
SQL: SHOW COLUMNS FROM `bd_ex_paper` [ RunTime:0.015625s ]
SQL: SELECT * FROM `bd_ex_paper` WHERE sid in (72,73,74) LIMIT 10   [ RunTime:0.000000s ]
INFO: [ view_template ] --START--
INFO: Run LocationTemplate Behavior [ RunTime:-0.484375s ]
INFO: [ view_template ] --END-- [ RunTime:0.000000s ]
INFO: [ view_parse ] --START--
NOTIC: [8] Undefined variable: cityid E:\wamp\wamp\www\badouwang\home\Runtime\Cache\Index\b0cfccd32a8aecbbf5895237c16bc75a.php 第 19 行.
NOTIC: [8] Undefined variable: cityid E:\wamp\wamp\www\badouwang\home\Runtime\Cache\Index\b0cfccd32a8aecbbf5895237c16bc75a.php 第 19 行.
NOTIC: [8] Undefined variable: cityid E:\wamp\wamp\www\badouwang\home\Runtime\Cache\Index\b0cfccd32a8aecbbf5895237c16bc75a.php 第 19 行.
NOTIC: [8] Undefined variable: cityid E:\wamp\wamp\www\badouwang\home\Runtime\Cache\Index\b0cfccd32a8aecbbf5895237c16bc75a.php 第 19 行.
NOTIC: [8] Undefined index: uname E:\wamp\wamp\www\badouwang\home\Runtime\Cache\Index\b0cfccd32a8aecbbf5895237c16bc75a.php 第 33 行.
NOTIC: [8] Undefined index: uname E:\wamp\wamp\www\badouwang\home\Runtime\Cache\Index\b0cfccd32a8aecbbf5895237c16bc75a.php 第 43 行.
INFO: Run ParseTemplate Behavior [ RunTime:-0.484375s ]
INFO: [ view_parse ] --END-- [ RunTime:0.046875s ]
INFO: [ view_filter ] --START--
INFO: Run ContentReplace Behavior [ RunTime:-0.531250s ]
INFO: Run TokenBuild Behavior [ RunTime:-0.546875s ]
INFO: Run WriteHtmlCache Behavior [ RunTime:-0.546875s ]
INFO: Run ShowRuntime Behavior [ RunTime:-0.546875s ]
INFO: [ view_filter ] --END-- [ RunTime:0.015625s ]
INFO: [ view_end ] --START--
INFO: Run ShowPageTrace Behavior [ RunTime:-0.546875s ]
INFO: [ view_end ] --END-- [ RunTime:0.000000s ]

[ 2015-08-01T10:59:54+08:00 ] 127.0.0.1 /badouwang/index.php/Teach/Teach/index
INFO: [ route_check ] --START--
INFO: Run CheckRoute Behavior [ RunTime:0.000000s ]
INFO: [ route_check ] --END-- [ RunTime:0.000000s ]
INFO: [ app_begin ] --START--
INFO: Run ReadHtmlCache Behavior [ RunTime:0.000000s ]
INFO: [ app_begin ] --END-- [ RunTime:0.015625s ]
NOTIC: [8] Undefined index: city E:\wamp\wamp\www\badouwang\home\Lib\Action\CommonAction.class.php 第 27 行.
SQL: SHOW COLUMNS FROM `bd_city` [ RunTime:0.015625s ]
SQL: select city.id,city.name,pro.name pname from bd_city city left join bd_province pro on city.provincei_d=pro.id where city.isopen=1 [ RunTime:0.015625s ]
NOTIC: [8] Undefined index: 北京 E:\wamp\wamp\www\badouwang\core\Extend\Library\Com\ArrayHelper.class.php 第 11 行.
NOTIC: [8] Undefined index: 上海 E:\wamp\wamp\www\badouwang\core\Extend\Library\Com\ArrayHelper.class.php 第 11 行.
NOTIC: [8] Undefined index: 广东 E:\wamp\wamp\www\badouwang\core\Extend\Library\Com\ArrayHelper.class.php 第 11 行.
SQL: SHOW COLUMNS FROM `bd_classfiy` [ RunTime:0.015625s ]
SQL: SELECT * FROM `bd_classfiy` WHERE name = '小学'  [ RunTime:0.000000s ]
SQL: SELECT t.title,t.id,t.uid,t.c_img,t.price,t.content,a.real_name,a.school,a.self_info,a.address,c.name FROM bd_teach t JOIN bd_authentication a ON t.teacher_id=a.id JOIN bd_classfiy c ON c.id=t.fid WHERE t.gid in(103,117,120,123,147) and t.type=1 ORDER BY atime DESC LIMIT 12 [ RunTime:0.046875s ]
SQL: SELECT * FROM `bd_classfiy` WHERE name = '初中'  [ RunTime:0.015625s ]
SQL: SELECT t.title,t.id,t.uid,t.c_img,t.price,t.content,a.real_name,a.school,a.self_info,a.address,c.name FROM bd_teach t JOIN bd_authentication a ON t.teacher_id=a.id JOIN bd_classfiy c ON c.id=t.fid WHERE t.gid in(104,118,121,124,126,128,131,145,148) and t.type=1 ORDER BY atime DESC LIMIT 12 [ RunTime:0.015625s ]
SQL: SELECT * FROM `bd_classfiy` WHERE name = '高中'  [ RunTime:0.015625s ]
SQL: SELECT t.title,t.id,t.uid,t.c_img,t.price,t.content,a.real_name,a.school,a.self_info,a.address,c.name FROM bd_teach t JOIN bd_authentication a ON t.teacher_id=a.id JOIN bd_classfiy c ON c.id=t.fid WHERE t.gid in(105,119,122,125,127,129,130,132,146,149) and t.type=1 ORDER BY atime DESC LIMIT 12 [ RunTime:0.046875s ]
SQL: SELECT * FROM `bd_classfiy` WHERE name = '文艺'  [ RunTime:0.000000s ]
SQL: SELECT t.title,t.id,t.uid,t.c_img,t.price,t.content,a.real_name,a.school,a.self_info,a.address,c.name FROM bd_teach t JOIN bd_authentication a ON t.teacher_id=a.id JOIN bd_classfiy c ON c.id=t.fid WHERE t.fid in(144) and t.type=1 ORDER BY atime DESC LIMIT 12 [ RunTime:0.000000s ]
SQL: SHOW COLUMNS FROM `bd_authentication` [ RunTime:0.046875s ]
SQL: SELECT COUNT(*) AS tp_count FROM `bd_authentication` WHERE city=200 and type=4 LIMIT 1   [ RunTime:0.000000s ]
SQL: SELECT `id` FROM `bd_classfiy` WHERE name = '英语' LIMIT 1   [ RunTime:0.015625s ]
SQL: SELECT a.uid,a.real_name,a.id_front,a.t_prof,a.info,a.address,b.name bname,c.name cname,k.price2,k.id FROM bd_authentication a JOIN bd_teacher_km k ON a.uid=k.uid JOIN bd_classfiy b ON k.fid=b.id JOIN bd_classfiy c ON k.gid=c.id WHERE a.type=5 AND k.fid=110 LIMIT 4 [ RunTime:0.000000s ]
SQL: SELECT h.*,m.user_pic,m.rname FROM bd_teacher_hunt h LEFT JOIN bd_memberfields m ON h.uid=m.uid ORDER BY ctime DESC LIMIT 4 [ RunTime:0.015625s ]
SQL: SHOW COLUMNS FROM `bd_notice` [ RunTime:0.015625s ]
SQL: SELECT * FROM `bd_notice` WHERE type='1' and cid='200' LIMIT 1,6   [ RunTime:0.000000s ]
SQL: SHOW COLUMNS FROM `bd_friendlink` [ RunTime:0.015625s ]
SQL: SELECT * FROM `bd_friendlink` WHERE type=2 ORDER BY posttime desc LIMIT 4   [ RunTime:0.000000s ]
NOTIC: [8] Undefined variable: res E:\wamp\wamp\www\badouwang\home\Lib\Action\Teach\TeachAction.class.php 第 51 行.
INFO: [ view_template ] --START--
INFO: Run LocationTemplate Behavior [ RunTime:-0.531250s ]
INFO: [ view_template ] --END-- [ RunTime:0.000000s ]
INFO: [ view_parse ] --START--
NOTIC: [8] Undefined variable: cityid E:\wamp\wamp\www\badouwang\home\Runtime\Cache\Teach\d3f857edb7da8af2f3efc118fef52929.php 第 19 行.
NOTIC: [8] Undefined variable: cityid E:\wamp\wamp\www\badouwang\home\Runtime\Cache\Teach\d3f857edb7da8af2f3efc118fef52929.php 第 19 行.
NOTIC: [8] Undefined variable: cityid E:\wamp\wamp\www\badouwang\home\Runtime\Cache\Teach\d3f857edb7da8af2f3efc118fef52929.php 第 19 行.
NOTIC: [8] Undefined variable: cityid E:\wamp\wamp\www\badouwang\home\Runtime\Cache\Teach\d3f857edb7da8af2f3efc118fef52929.php 第 19 行.
NOTIC: [8] Undefined index: uname E:\wamp\wamp\www\badouwang\home\Runtime\Cache\Teach\d3f857edb7da8af2f3efc118fef52929.php 第 33 行.
NOTIC: [8] Undefined index: uname E:\wamp\wamp\www\badouwang\home\Runtime\Cache\Teach\d3f857edb7da8af2f3efc118fef52929.php 第 43 行.
NOTIC: [8] Undefined index: txtmore E:\wamp\wamp\www\badouwang\home\Runtime\Cache\Teach\d3f857edb7da8af2f3efc118fef52929.php 第 519 行.
NOTIC: [8] Undefined index: txtmore E:\wamp\wamp\www\badouwang\home\Runtime\Cache\Teach\d3f857edb7da8af2f3efc118fef52929.php 第 519 行.
NOTIC: [8] Undefined index: txtmore E:\wamp\wamp\www\badouwang\home\Runtime\Cache\Teach\d3f857edb7da8af2f3efc118fef52929.php 第 519 行.
INFO: Run ParseTemplate Behavior [ RunTime:-0.531250s ]
INFO: [ view_parse ] --END-- [ RunTime:0.078125s ]
INFO: [ view_filter ] --START--
INFO: Run ContentReplace Behavior [ RunTime:-0.609375s ]
INFO: Run TokenBuild Behavior [ RunTime:-0.609375s ]
INFO: Run WriteHtmlCache Behavior [ RunTime:-0.609375s ]
INFO: Run ShowRuntime Behavior [ RunTime:-0.609375s ]
INFO: [ view_filter ] --END-- [ RunTime:0.000000s ]
INFO: [ view_end ] --START--
INFO: Run ShowPageTrace Behavior [ RunTime:-0.609375s ]
INFO: [ view_end ] --END-- [ RunTime:0.000000s ]

