[ 2015-06-29T10:50:32+08:00 ] 127.0.0.1 /badouwang/api.php
INFO: [ app_begin ] --START--
INFO: Run ReadHtmlCache Behavior [ RunTime:0.014133s ]
INFO: [ app_begin ] --END-- [ RunTime:0.014329s ]
INFO: [ view_parse ] --START--
INFO: Run ParseTemplate Behavior [ RunTime:-0.009317s ]
INFO: [ view_parse ] --END-- [ RunTime:0.071404s ]
INFO: [ view_filter ] --START--
INFO: Run ContentReplace Behavior [ RunTime:-0.080880s ]
INFO: Run TokenBuild Behavior [ RunTime:-0.084466s ]
INFO: Run WriteHtmlCache Behavior [ RunTime:-0.095524s ]
INFO: Run ShowRuntime Behavior [ RunTime:-0.100998s ]
INFO: [ view_filter ] --END-- [ RunTime:0.024082s ]
INFO: [ view_end ] --START--
INFO: Run ShowPageTrace Behavior [ RunTime:-0.105072s ]
INFO: [ view_end ] --END-- [ RunTime:0.002856s ]

[ 2015-06-29T10:51:07+08:00 ] 127.0.0.1 /badouwang/api.php
INFO: [ app_begin ] --START--
INFO: Run ReadHtmlCache Behavior [ RunTime:0.003684s ]
INFO: [ app_begin ] --END-- [ RunTime:0.003858s ]
INFO: [ view_parse ] --START--
INFO: Run ParseTemplate Behavior [ RunTime:-0.007681s ]
INFO: [ view_parse ] --END-- [ RunTime:0.028128s ]
INFO: [ view_filter ] --START--
INFO: Run ContentReplace Behavior [ RunTime:-0.035839s ]
INFO: Run TokenBuild Behavior [ RunTime:-0.038272s ]
INFO: Run WriteHtmlCache Behavior [ RunTime:-0.043690s ]
INFO: Run ShowRuntime Behavior [ RunTime:-0.045871s ]
INFO: [ view_filter ] --END-- [ RunTime:0.012489s ]
INFO: [ view_end ] --START--
INFO: Run ShowPageTrace Behavior [ RunTime:-0.048518s ]
INFO: [ view_end ] --END-- [ RunTime:0.004268s ]

[ 2015-06-29T10:53:07+08:00 ] ERR: (ThinkException) 无法加载模块:Index
[ 2015-06-29T11:31:32+08:00 ] ERR: (ThinkException) 无法加载模块:api
[ 2015-06-29T11:31:42+08:00 ] 127.0.0.1 /badouwang/api.php/User/Index/index
INFO: [ route_check ] --START--
INFO: Run CheckRoute Behavior [ RunTime:0.006850s ]
INFO: [ route_check ] --END-- [ RunTime:0.007094s ]
INFO: [ app_begin ] --START--
INFO: Run ReadHtmlCache Behavior [ RunTime:-0.004680s ]
INFO: [ app_begin ] --END-- [ RunTime:0.004271s ]
INFO: [ view_parse ] --START--
INFO: Run ParseTemplate Behavior [ RunTime:-0.019310s ]
INFO: [ view_parse ] --END-- [ RunTime:0.040000s ]
INFO: [ view_filter ] --START--
INFO: Run ContentReplace Behavior [ RunTime:-0.059368s ]
INFO: Run TokenBuild Behavior [ RunTime:-0.062271s ]
INFO: Run WriteHtmlCache Behavior [ RunTime:-0.065420s ]
INFO: Run ShowRuntime Behavior [ RunTime:-0.068288s ]
INFO: [ view_filter ] --END-- [ RunTime:0.015023s ]
INFO: [ view_end ] --START--
INFO: Run ShowPageTrace Behavior [ RunTime:-0.074537s ]
INFO: [ view_end ] --END-- [ RunTime:0.003669s ]

[ 2015-06-29T11:33:30+08:00 ] ERR: (ThinkException) 无法加载模块:Index
[ 2015-06-29T11:33:47+08:00 ] ERR: (ThinkException) 无法加载模块:Index
[ 2015-06-29T11:33:54+08:00 ] 127.0.0.1 /badouwang/api.php/User/User/regist
INFO: [ route_check ] --START--
INFO: Run CheckRoute Behavior [ RunTime:0.003289s ]
INFO: [ route_check ] --END-- [ RunTime:0.003600s ]
INFO: [ app_begin ] --START--
INFO: Run ReadHtmlCache Behavior [ RunTime:-0.002166s ]
INFO: [ app_begin ] --END-- [ RunTime:0.002170s ]

